<?xml version="1.0"?>
<testrun>
<section id="searchengine">
<l>1|Google|Google Search|false|null|data:image/x-icon;base64,R0lGODlhEAAQAPfLAAATVikwdA8SnxUfgAsWpAAilholjxw4jBc7kwAlvQQ2sRMsoBUqqhMzuhY/vxw4tSgmiyM1mSUztiQ6sTE3sQ4qyxMxxRoyxiAuxR1CtBxJsBxasSJuuTFguBte0Rlf2xVc9h9W9xVjzxVr0gdj6BRh4R1o5yBcyiZbyydT1i9b2Ddb1iFY6CJg2Vpor1dzvEJu20Z0yi23QDy1REi2OUy0O1WzOVC4PU+tVUe5Sk2xQU2zRUO4UE21Ula2SmKEqWWF2HyPx2+a6X6e6Xqk1m+s78sUDs4UGdEQB9YfDdwaANEfHd0YEscjAM4mAM0qANIoD9IkGdslGswuItYgL4aP0ImP2YGZ36Opzaq2wq/S+rzX/7/e8MrS1MLO/sTb48rT8snX/83c89PZ+crq+cH1/9Dl/9Ln/93r/9fy/+Hf7P/42eDm/O7u/+T29uX2/eT2/+f4/+f5/+j/9u//8+3/9u7/9ur5/+j//+n//+v//u3//+7//e7//+////b66/T/6vX/6/f/7f/07fj/4fv/4Pj/5v/45v7/4/r+7/3/6fDw+Pfx//D/9/X/8fT/8/f/8ff/8/D///H///L8/fL///P///X7//b6/ff/+/T///b9//f///v19//w9v/09P/29v/x+f/y///z///1+v/1///2///3//j79P/58/z/8/z99/z/9v7/9P7/9vn7//v6//j9//n9//j///n///v//vv////4+v/5+//6+P/4///6/P/6/v/6///7///9+P/8+v/9+v7/+Pz////8/f/9/f79///8///9//7//////////wAAAAAAAAAAAAAAAAAAAAAAAAAAAAAAAAAAAAAAAAAAAAAAAAAAAAAAAAAAAAAAAAAAAAAAAAAAAAAAAAAAAAAAAAAAAAAAAAAAAAAAAAAAAAAAAAAAAAAAAAAAAAAAAAAAAAAAAAAAAAAAAAAAAAAAAAAAAAAAAAAAAAAAAAAAAAAAAAAAAAAAAAAAAAAAAAAAAAAAAAAAAAAAACH5BAEAAMsALAAAAAAQABAAAAj/AEn4oIFjBw8bOnrMuJGjhowZM1T8UdYJUZ5ZcNRYWjSrVK5QU0DMmtUnzRAXEy4o6FCEy6NDTkQIq1MmRgM0eZTlCXMgQJtRSE4gmgUkwh1EiZTNUiamy6NUUExcuoJgDCdDjQg9KgVL2SNFT1hwEvKglLBWuixZ+jSrlSBdRlL04bBBkTBdpZTpIqWsFaBcTEr0QaEhl6dWlswKW6poDRUPlmAUQKWMkTJLc76QMQNGUZMWgIgkCFJnlq5WXigwkFClVZQQyuRgELAlk7JBymCZGYAF0ZEPrQixgUDAihxVdPpoAZAFUZIRfThxgvPCwAILDipk+OFG2ZIVoxApERtPfvwlvZ+kQFzPvv0MJQEBADs=</l>
<l>1|Google|http://www.google.com/search?q=foo&amp;ie=utf-8&amp;oe=utf-8&amp;aq=t&amp;rls=org.mozilla:he:official&amp;client=firefox-a</l>
<l>1|Google|http://www.google.com/firefox</l>
<l>1|Google|http://suggestqueries.google.com/complete/search?output=firefox&amp;client=firefox&amp;hl=he&amp;q=foo</l>
<l>2|Yahoo|Yahoo Search|false|null|data:image/x-icon;base64,R0lGODlhEAAQAJECAP8AAAAAAP///wAAACH5BAEAAAIALAAAAAAQABAAAAIplI+py+0NogQuyBDEnEd2kHkfFWUamEzmpZSfmaIHPHrRguUm/fT+UwAAOw==</l>
<l>2|Yahoo|http://search.yahoo.com/search?p=foo&amp;ei=UTF-8&amp;fr=moz2</l>
<l>2|Yahoo|http://search.yahoo.com/</l>
<l>2|Yahoo|http://ff.search.yahoo.com/gossip?output=fxjson&amp;command=foo</l>
<l>3|ויקיפדיה (עברית)‏|ויקיפדיה (עברית)‏|false|null|data:image/gif;base64,R0lGODlhEAAQAPQAAAQCBBkYGSgoKDw6PEhHSFdYV2lqaXp7eoSDhJiYmKmoqbm6ucjHyNjZ2Ono6fz9/MzMzAAAAAAAAAAAAAAAAAAAAAAAAAAAAAAAAAAAAAAAAAAAAAAAAAAAAAAAAAAAACH5BAEAABAALAAAAAAQABAAAAV24COOZGmeaDouBbE8CnE0z1E0jVE8iPA+BEHDgUg8HAZjI2BwPBIBBcMgQo4KAcajEUQoRIsvOIAQJQC7I+InIhBojQFB1DiUEIBv3Pc0lgQFDgoGA1QITncDBwp1AgllJgoCAl8Lk1onbjQPBgIpC5hbbConIQA7</l>
<l>3|ויקיפדיה (עברית)‏|http://he.wikipedia.org/w/index.php?title=%D7%9E%D7%99%D7%95%D7%97%D7%93:%D7%97%D7%99%D7%A4%D7%95%D7%A9&amp;search=foo</l>
<l>3|ויקיפדיה (עברית)‏|http://he.wikipedia.org</l>
<l>3|ויקיפדיה (עברית)‏|http://he.wikipedia.org/w/api.php?action=opensearch&amp;search=foo</l>
<l>4|מילון מורפיקס||false|null|data:image/png;base64,iVBORw0KGgoAAAANSUhEUgAAABAAAAAQCAYAAAAf8/9hAAAABmJLR0QA/wD/AP+gvaeTAAAACXBIWXMAAAsTAAALEwEAmpwYAAAAB3RJTUUH1gkdCRktdt52QwAAACR0RVh0Q29tbWVudABUb21lciBDb2hlbgp0b21lcmNAZ21haWwuY29tUau7swAAAxxJREFUOMttk91rm2UYxq/7eZ/3fZO8SZqlcflct2at/YjokDJBPNAyHW4Hgw31wP9BkP0Bngw2QWHsxFOPdjJPhG1MEaqIddOWDbqxOmrStE3atGk+lrxJ3o/neTxYtlXxhpv74Oa64Oa+foQDpZQCAALAAPDhJADiQCsieqGh/4g5gCCAmO85cdFvhZVUJM0RO2AGGsTQJFAPgP/chA6IdQBxr7MzIde+m9Vqi+OsUxwl4ULo0dZecK4kXvvsYTqbfaJpWuO5CQeAXrerBa1QzKuvnmD3L79n7P55grqVDKRrASAO6qfZcmV/69bY2utfBkLH37jfdBpNAJKqb09TMZM2kl9cyR+tfnNB37pzBv3GEQCaAgQ9O8sA4ChQ8fF+9IdL5vTNTlquCiUG2sUwo+ZGVTemvUzSXniX7NqbAPi+jcqDCisZnLXCpjIARAkIjZiOXyw1d5YIVWn6fQYACsCxSFUjuxYFoA181H4pmUsL1uc//n7k65/7RvoJABtAiGvInrS8XGptKjxWn2EcAJ6mQiogGgTpAkC372GjTIWVs+c/fliYmR11/thN4dFXefiuxYBgBH7o7NxpY/7UB8QBQHZcLJRT0zFnaqrbE/H1QWyCItnruUzW1Q2DfCsBMAOAKxXg+hKOyTX/cDKp+A1KKxUPQ7fzj47K1pzrdNHCYeTe+vSiETAPOY1iRt+7Ow7hWgAcV2Bvs2PVzEjcJkaSz9+4Tp7jUDqTIfb420uB7dtzuqoaJq721E/XFEknRp1yGsLVQahtNdVff4vJ4ju5XDcSjChemJkBAO5sL0eM+vejrL2SgvQPvUypYlBKAthp2Hhwd8u6xyfPrR8fHx+AoPgwksrr7Qv96UYPwm0PGWAApFQYeAL17bZa/W3Turee+GT59Pz79WQyKRhj4MMvuvKVk5srzfyi2N3dAxAeGvgKsEvt4HZZ5Ivs1Y/Wz5z6sD5bKDicc3WQBVJSBsqVamxp8ddou93ShzsJYo5hjdj5Y2OdyYmJQSKREJqmqf+jkQAw3/eZEPIlrgTFGJOapiki+hfKAPAPFp9sbyN2GzAAAAAASUVORK5CYII=</l>
<l>4|מילון מורפיקס|http://milon.morfix.co.il/default.aspx?q=foo</l>
<l>4|מילון מורפיקס|http://milon.morfix.co.il/</l>
<l>4|מילון מורפיקס|none</l>
</section>
<section id="preferences">
<l>app.update.channel|beta</l>
<l>browser.contentHandlers.types.0.title|Bloglines</l>
<l>browser.contentHandlers.types.0.type|application/vnd.mozilla.maybe.feed</l>
<l>browser.contentHandlers.types.0.uri|http://www.bloglines.com/login?r=/sub/%s</l>
<l>browser.contentHandlers.types.1.title|My Yahoo</l>
<l>browser.contentHandlers.types.1.type|application/vnd.mozilla.maybe.feed</l>
<l>browser.contentHandlers.types.1.uri|http://add.my.yahoo.com/rss?url=%s</l>
<l>browser.contentHandlers.types.2.title|Google</l>
<l>browser.contentHandlers.types.2.type|application/vnd.mozilla.maybe.feed</l>
<l>browser.contentHandlers.types.2.uri|http://fusion.google.com/add?feedurl=%s</l>
<l>browser.contentHandlers.types.3.title|chrome://browser-region/locale/region.properties</l>
<l>browser.contentHandlers.types.3.type|application/vnd.mozilla.maybe.feed</l>
<l>browser.contentHandlers.types.3.uri|chrome://browser-region/locale/region.properties</l>
<l>browser.contentHandlers.types.4.title|chrome://browser-region/locale/region.properties</l>
<l>browser.contentHandlers.types.4.type|application/vnd.mozilla.maybe.feed</l>
<l>browser.contentHandlers.types.4.uri|chrome://browser-region/locale/region.properties</l>
<l>browser.contentHandlers.types.5.title|chrome://browser-region/locale/region.properties</l>
<l>browser.contentHandlers.types.5.type|application/vnd.mozilla.maybe.feed</l>
<l>browser.contentHandlers.types.5.uri|chrome://browser-region/locale/region.properties</l>
<l>browser.startup.homepage|http://he.start2.mozilla.com/firefox?client=firefox-a&amp;rls=org.mozilla:he:official</l>
<l>browser.startup.page|null</l>
<l>general.startup.browser|true</l>
<l>startup.homepage_override_url|http://%LOCALE%.www.mozilla.com/%LOCALE%/%APP%/%VERSION%/whatsnew/</l>
<l>startup.homepage_welcome_url|http://%LOCALE%.www.mozilla.com/%LOCALE%/%APP%/%VERSION%/firstrun/</l>
</section>
<section id="extensions">
</section>
</testrun>
