<?xml version="1.0"?>
<testrun>
<section id="searchengine">
<l>1|Google|Google Search|false|null|data:image/x-icon;base64,R0lGODlhEAAQAPfLAAATVikwdA8SnxUfgAsWpAAilholjxw4jBc7kwAlvQQ2sRMsoBUqqhMzuhY/vxw4tSgmiyM1mSUztiQ6sTE3sQ4qyxMxxRoyxiAuxR1CtBxJsBxasSJuuTFguBte0Rlf2xVc9h9W9xVjzxVr0gdj6BRh4R1o5yBcyiZbyydT1i9b2Ddb1iFY6CJg2Vpor1dzvEJu20Z0yi23QDy1REi2OUy0O1WzOVC4PU+tVUe5Sk2xQU2zRUO4UE21Ula2SmKEqWWF2HyPx2+a6X6e6Xqk1m+s78sUDs4UGdEQB9YfDdwaANEfHd0YEscjAM4mAM0qANIoD9IkGdslGswuItYgL4aP0ImP2YGZ36Opzaq2wq/S+rzX/7/e8MrS1MLO/sTb48rT8snX/83c89PZ+crq+cH1/9Dl/9Ln/93r/9fy/+Hf7P/42eDm/O7u/+T29uX2/eT2/+f4/+f5/+j/9u//8+3/9u7/9ur5/+j//+n//+v//u3//+7//e7//+////b66/T/6vX/6/f/7f/07fj/4fv/4Pj/5v/45v7/4/r+7/3/6fDw+Pfx//D/9/X/8fT/8/f/8ff/8/D///H///L8/fL///P///X7//b6/ff/+/T///b9//f///v19//w9v/09P/29v/x+f/y///z///1+v/1///2///3//j79P/58/z/8/z99/z/9v7/9P7/9vn7//v6//j9//n9//j///n///v//vv////4+v/5+//6+P/4///6/P/6/v/6///7///9+P/8+v/9+v7/+Pz////8/f/9/f79///8///9//7//////////wAAAAAAAAAAAAAAAAAAAAAAAAAAAAAAAAAAAAAAAAAAAAAAAAAAAAAAAAAAAAAAAAAAAAAAAAAAAAAAAAAAAAAAAAAAAAAAAAAAAAAAAAAAAAAAAAAAAAAAAAAAAAAAAAAAAAAAAAAAAAAAAAAAAAAAAAAAAAAAAAAAAAAAAAAAAAAAAAAAAAAAAAAAAAAAAAAAAAAAAAAAAAAAACH5BAEAAMsALAAAAAAQABAAAAj/AEn4oIFjBw8bOnrMuJGjhowZM1T8UdYJUZ5ZcNRYWjSrVK5QU0DMmtUnzRAXEy4o6FCEy6NDTkQIq1MmRgM0eZTlCXMgQJtRSE4gmgUkwh1EiZTNUiamy6NUUExcuoJgDCdDjQg9KgVL2SNFT1hwEvKglLBWuixZ+jSrlSBdRlL04bBBkTBdpZTpIqWsFaBcTEr0QaEhl6dWlswKW6poDRUPlmAUQKWMkTJLc76QMQNGUZMWgIgkCFJnlq5WXigwkFClVZQQyuRgELAlk7JBymCZGYAF0ZEPrQixgUDAihxVdPpoAZAFUZIRfThxgvPCwAILDipk+OFG2ZIVoxApERtPfvwlvZ+kQFzPvv0MJQEBADs=</l>
<l>1|Google|http://www.google.com/search?q=foo&amp;ie=utf-8&amp;oe=utf-8&amp;aq=t&amp;rls=org.mozilla:ca:official&amp;client=firefox-a</l>
<l>1|Google|http://www.google.com/firefox</l>
<l>1|Google|http://suggestqueries.google.com/complete/search?output=firefox&amp;client=firefox&amp;hl=ca&amp;q=foo</l>
<l>2|Yahoo|Cerca de Yahoo|false|null|data:image/x-icon;base64,R0lGODlhEAAQAJECAP8AAAAAAP///wAAACH5BAEAAAIALAAAAAAQABAAAAIplI+py+0NogQuyBDEnEd2kHkfFWUamEzmpZSfmaIHPHrRguUm/fT+UwAAOw==</l>
<l>2|Yahoo|http://ct.search.yahoo.com/search?p=foo&amp;ei=UTF-8&amp;fr=moz2</l>
<l>2|Yahoo|http://ct.search.yahoo.com/</l>
<l>2|Yahoo|http://ff.search.yahoo.com/gossip?output=fxjson&amp;command=foo</l>
<l>3|DIEC2|Diccionari de l'Institut d'Estudis Catalans|false|null|data:image/png;base64,iVBORw0KGgoAAAANSUhEUgAAABAAAAAQCAMAAAFfKj%2FFAAAACXBIWXMAAAsTAAALEwEAmpwYAAAKTWlDQ1BQaG90b3Nob3AgSUNDIHByb2ZpbGUAAHjanVN3WJP3Fj7f92UPVkLY8LGXbIEAIiOsCMgQWaIQkgBhhBASQMWFiApWFBURnEhVxILVCkidiOKgKLhnQYqIWotVXDjuH9yntX167%2B3t%2B9f7vOec5%2FzOec8PgBESJpHmomoAOVKFPDrYH49PSMTJvYACFUjgBCAQ5svCZwXFAADwA3l4fnSwP%2FwBr28AAgBw1S4kEsfh%2F4O6UCZXACCRAOAiEucLAZBSAMguVMgUAMgYALBTs2QKAJQAAGx5fEIiAKoNAOz0ST4FANipk9wXANiiHKkIAI0BAJkoRyQCQLsAYFWBUiwCwMIAoKxAIi4EwK4BgFm2MkcCgL0FAHaOWJAPQGAAgJlCLMwAIDgCAEMeE80DIEwDoDDSv%2BCpX3CFuEgBAMDLlc2XS9IzFLiV0Bp38vDg4iHiwmyxQmEXKRBmCeQinJebIxNI5wNMzgwAABr50cH%2BOD%2BQ5%2Bbk4eZm52zv9MWi%2FmvwbyI%2BIfHf%2FryMAgQAEE7P79pf5eXWA3DHAbB1v2upWwDaVgBo3%2FldM9sJoFoK0Hr5i3k4%2FEAenqFQyDwdHAoLC%2B0lYqG9MOOLPv8z4W%2Fgi372%2FEAe%2Ftt68ABxmkCZrcCjg%2F1xYW52rlKO58sEQjFu9%2Bcj%2FseFf%2F2OKdHiNLFcLBWK8ViJuFAiTcd5uVKRRCHJleIS6X8y8R%2BW%2FQmTdw0ArIZPwE62B7XLbMB%2B7gECiw5Y0nYAQH7zLYwaC5EAEGc0Mnn3AACTv%2FmPQCsBAM2XpOMAALzoGFyolBdMxggAAESggSqwQQcMwRSswA6cwR28wBcCYQZEQAwkwDwQQgbkgBwKoRiWQRlUwDrYBLWwAxqgEZrhELTBMTgN5%2BASXIHrcBcGYBiewhi8hgkEQcgIE2EhOogRYo7YIs4IF5mOBCJhSDSSgKQg6YgUUSLFyHKkAqlCapFdSCPyLXIUOY1cQPqQ28ggMor8irxHMZSBslED1AJ1QLmoHxqKxqBz0XQ0D12AlqJr0Rq0Hj2AtqKn0UvodXQAfYqOY4DRMQ5mjNlhXIyHRWCJWBomxxZj5Vg1Vo81Yx1YN3YVG8CeYe8IJAKLgBPsCF6EEMJsgpCQR1hMWEOoJewjtBK6CFcJg4Qxwicik6hPtCV6EvnEeGI6sZBYRqwm7iEeIZ4lXicOE1%2BTSCQOyZLkTgohJZAySQtJa0jbSC2kU6Q%2B0hBpnEwm65Btyd7kCLKArCCXkbeQD5BPkvvJw%2BS3FDrFiOJMCaIkUqSUEko1ZT%2FlBKWfMkKZoKpRzame1AiqiDqfWkltoHZQL1OHqRM0dZolzZsWQ8ukLaPV0JppZ2n3aC%2FpdLoJ3YMeRZfQl9Jr6Afp5%2BmD9HcMDYYNg8dIYigZaxl7GacYtxkvmUymBdOXmchUMNcyG5lnmA%2BYb1VYKvYqfBWRyhKVOpVWlX6V56pUVXNVP9V5qgtUq1UPq15WfaZGVbNQ46kJ1Bar1akdVbupNq7OUndSj1DPUV%2Bjvl%2F9gvpjDbKGhUaghkijVGO3xhmNIRbGMmXxWELWclYD6yxrmE1iW7L57Ex2Bfsbdi97TFNDc6pmrGaRZp3mcc0BDsax4PA52ZxKziHODc57LQMtPy2x1mqtZq1%2BrTfaetq%2B2mLtcu0W7eva73VwnUCdLJ31Om0693UJuja6UbqFutt1z%2Bo%2B02PreekJ9cr1Dund0Uf1bfSj9Rfq79bv0R83MDQINpAZbDE4Y%2FDMkGPoa5hpuNHwhOGoEctoupHEaKPRSaMnuCbuh2fjNXgXPmasbxxirDTeZdxrPGFiaTLbpMSkxeS%2BKc2Ua5pmutG003TMzMgs3KzYrMnsjjnVnGueYb7ZvNv8jYWlRZzFSos2i8eW2pZ8ywWWTZb3rJhWPlZ5VvVW16xJ1lzrLOtt1ldsUBtXmwybOpvLtqitm63Edptt3xTiFI8p0in1U27aMez87ArsmuwG7Tn2YfYl9m32zx3MHBId1jt0O3xydHXMdmxwvOuk4TTDqcSpw%2BlXZxtnoXOd8zUXpkuQyxKXdpcXU22niqdun3rLleUa7rrStdP1o5u7m9yt2W3U3cw9xX2r%2B00umxvJXcM970H08PdY4nHM452nm6fC85DnL152Xlle%2B70eT7OcJp7WMG3I28Rb4L3Le2A6Pj1l%2Bs7pAz7GPgKfep%2BHvqa%2BIt89viN%2B1n6Zfgf8nvs7%2Bsv9j%2Fi%2F4XnyFvFOBWABwQHlAb2BGoGzA2sDHwSZBKUHNQWNBbsGLww%2BFUIMCQ1ZH3KTb8AX8hv5YzPcZyya0RXKCJ0VWhv6MMwmTB7WEY6GzwjfEH5vpvlM6cy2CIjgR2yIuB9pGZkX%2BX0UKSoyqi7qUbRTdHF09yzWrORZ%2B2e9jvGPqYy5O9tqtnJ2Z6xqbFJsY%2BybuIC4qriBeIf4RfGXEnQTJAntieTE2MQ9ieNzAudsmjOc5JpUlnRjruXcorkX5unOy553PFk1WZB8OIWYEpeyP%2BWDIEJQLxhP5aduTR0T8oSbhU9FvqKNolGxt7hKPJLmnVaV9jjdO31D%2BmiGT0Z1xjMJT1IreZEZkrkj801WRNberM%2FZcdktOZSclJyjUg1plrQr1zC3KLdPZisrkw3keeZtyhuTh8r35CP5c%2FPbFWyFTNGjtFKuUA4WTC%2BoK3hbGFt4uEi9SFrUM99m%2Fur5IwuCFny9kLBQuLCz2Lh4WfHgIr9FuxYji1MXdy4xXVK6ZHhp8NJ9y2jLspb9UOJYUlXyannc8o5Sg9KlpUMrglc0lamUycturvRauWMVYZVkVe9ql9VbVn8qF5VfrHCsqK74sEa45uJXTl%2FVfPV5bdra3kq3yu3rSOuk626s91m%2Fr0q9akHV0IbwDa0b8Y3lG19tSt50oXpq9Y7NtM3KzQM1YTXtW8y2rNvyoTaj9nqdf13LVv2tq7e%2B2Sba1r%2Fdd3vzDoMdFTve75TsvLUreFdrvUV99W7S7oLdjxpiG7q%2F5n7duEd3T8Wej3ulewf2Re%2FranRvbNyvv7%2ByCW1SNo0eSDpw5ZuAb9qb7Zp3tXBaKg7CQeXBJ9%2BmfHvjUOihzsPcw83fmX%2B39QjrSHkr0jq%2Fdawto22gPaG97%2BiMo50dXh1Hvrf%2Ffu8x42N1xzWPV56gnSg98fnkgpPjp2Snnp1OPz3Umdx590z8mWtdUV29Z0PPnj8XdO5Mt1%2F3yfPe549d8Lxw9CL3Ytslt0utPa49R35w%2FeFIr1tv62X3y%2B1XPK509E3rO9Hv03%2F6asDVc9f41y5dn3m978bsG7duJt0cuCW69fh29u0XdwruTNxdeo94r%2Fy%2B2v3qB%2FoP6n%2B0%2FrFlwG3g%2BGDAYM%2FDWQ%2FvDgmHnv6U%2F9OH4dJHzEfVI0YjjY%2BdHx8bDRq98mTOk%2BGnsqcTz8p%2BVv9563Or59%2F94vtLz1j82PAL%2BYvPv655qfNy76uprzrHI8cfvM55PfGm%2FK3O233vuO%2B638e9H5ko%2FED%2BUPPR%2BmPHp9BP9z7nfP78L%2FeE8%2Fsl0p8zAAAABGdBTUEAALGOfPtRkwAAACBjSFJNAAB6JQAAgIMAAPn%2FAACA6QAAdTAAAOpgAAA6mAAAF2%2BSX8VGAAADAFBMVEX%2F%2F%2F%2F%2F%2F8z%2F%2F5n%2F%2F2b%2F%2FzP%2F%2FwD%2FzP%2F%2FzMz%2FzJn%2FzGb%2FzDP%2FzAD%2Fmf%2F%2Fmcz%2FmZn%2FmWb%2FmTP%2FmQD%2FZv%2F%2FZsz%2FZpn%2FZmb%2FZjP%2FZgD%2FM%2F%2F%2FM8z%2FM5n%2FM2b%2FMzP%2FMwD%2FAP%2F%2FAMz%2FAJn%2FAGb%2FADP%2FAADM%2F%2F%2FM%2F8zM%2F5nM%2F2bM%2FzPM%2FwDMzP%2FMzMzMzJnMzGbMzDPMzADMmf%2FMmczMmZnMmWbMmTPMmQDMZv%2FMZszMZpnMZmbMZjPMZgDMM%2F%2FMM8zMM5nMM2bMMzPMMwDMAP%2FMAMzMAJnMAGbMADPMAACZ%2F%2F%2BZ%2F8yZ%2F5mZ%2F2aZ%2FzOZ%2FwCZzP%2BZzMyZzJmZzGaZzDOZzACZmf%2BZmcyZmZmZmWaZmTOZmQCZZv%2BZZsyZZpmZZmaZZjOZZgCZM%2F%2BZM8yZM5mZM2aZMzOZMwCZAP%2BZAMyZAJmZAGaZADOZAABm%2F%2F9m%2F8xm%2F5lm%2F2Zm%2FzNm%2FwBmzP9mzMxmzJlmzGZmzDNmzABmmf9mmcxmmZlmmWZmmTNmmQBmZv9mZsxmZplmZmZmZjNmZgBmM%2F9mM8xmM5lmM2ZmMzNmMwBmAP9mAMxmAJlmAGZmADNmAAAz%2F%2F8z%2F8wz%2F5kz%2F2Yz%2FzMz%2FwAzzP8zzMwzzJkzzGYzzDMzzAAzmf8zmcwzmZkzmWYzmTMzmQAzZv8zZswzZpkzZmYzZjMzZgAzM%2F8zM8wzM5kzM2YzMzMzMwAzAP8zAMwzAJkzAGYzADMzAAAA%2F%2F8A%2F8wA%2F5kA%2F2YA%2FzMA%2FwAAzP8AzMwAzJkAzGYAzDMAzAAAmf8AmcwAmZkAmWYAmTMAmQAAZv8AZswAZpkAZmYAZjMAZgAAM%2F8AM8wAM5kAM2YAMzMAMwAAAP8AAMwAAJkAAGYAADMAAAD6Fxj8FRb7FBX5EhT8BQf7BQf5Bwj9Cgv8DBD7DQ%2F5DxH6EhX9ExT6ExX8FBb18ez84N3%2B6%2Br5Cgn4Dgz7Dw%2F2Ew%2F5EhH5ExH2FRH3FRL9ExP5FBT9FhX8FRX6FRX4FxX8Fhb7Fxb2Gxj5HRr2HRn3HRv%2F%2F%2F8AAAD5ITrYAAAA%2F3RSTlP%2F%2F%2F%2F%2F%2F%2F%2F%2F%2F%2F%2F%2F%2F%2F%2F%2F%2F%2F%2F%2F%2F%2F%2F%2F%2F%2F%2F%2F%2F%2F%2F%2F%2F%2F%2F%2F%2F%2F%2F%2F%2F%2F%2F%2F%2F%2F%2F%2F%2F%2F%2F%2F%2F%2F%2F%2F%2F%2F%2F%2F%2F%2F%2F%2F%2F%2F%2F%2F%2F%2F%2F%2F%2F%2F%2F%2F%2F%2F%2F%2F%2F%2F%2F%2F%2F%2F%2F%2F%2F%2F%2F%2F%2F%2F%2F%2F%2F%2F%2F%2F%2F%2F%2F%2F%2F%2F%2F%2F%2F%2F%2F%2F%2F%2F%2F%2F%2F%2F%2F%2F%2F%2F%2F%2F%2F%2F%2F%2F%2F%2F%2F%2F%2F%2F%2F%2F%2F%2F%2F%2F%2F%2F%2F%2F%2F%2F%2F%2F%2F%2F%2F%2F%2F%2F%2F%2F%2F%2F%2F%2F%2F%2F%2F%2F%2F%2F%2F%2F%2F%2F%2F%2F%2F%2F%2F%2F%2F%2F%2F%2F%2F%2F%2F%2F%2F%2F%2F%2F%2F%2F%2F%2F%2F%2F%2F%2F%2F%2F%2F%2F%2F%2F%2F%2F%2F%2F%2F%2F%2F%2F%2F%2F%2F%2F%2F%2F%2F%2F%2F%2F%2F%2F%2F%2F%2F%2F%2F%2F%2F%2F%2F%2F%2F%2F%2F%2F%2F%2F%2F%2F%2F%2F%2F%2F%2F%2F%2F%2F%2F%2F%2F%2F%2F%2F%2F%2F%2F%2F%2F%2F%2F%2F%2F%2F%2F%2F%2F%2F%2F%2F%2F%2F%2F%2F%2F%2F%2F%2F%2F%2F%2F%2F%2F%2F%2F%2F%2F%2F%2F%2F%2F%2F%2F%2F%2F%2F%2F%2F%2F%2F%2F%2F%2F%2F%2F%2F%2F%2F%2F%2F%2F%2F%2F%2F%2F%2F%2F%2F%2F%2F%2F%2F%2F%2F%2F%2F%2F%2F%2F%2F%2F%2F%2F%2F%2F%2F%2FwBm%2FIpZAAAA7ElEQVR42mL4d4PhHwMAAAD%2F%2F2K4cYOFSRAAAAD%2F%2F2L494zhLRPDV4a%2FAAAAAP%2F%2FYrzBwMDAwPDrGQMTw98vDEwM3xkZAAAAAP%2F%2FYvzHdIuL9SOrIhMDw39R8f%2B8DAz%2FGH78ZvjxnoHhHwMEAFiWQx0AQSgAgOeT5IjMSOb%2Fv8Zut7ARwcL124%2BQW%2BRWJbdcfMLSlyFMx3RJknoaQvd22P35qZBjFQBBKArDvxe3ahIi8P3fKZwFJZzjhmAN3qXDNxx%2Bhr0KFDgF6ErXoytbAg%2BUx1zLDFFNcDNkMW0HAeJtwjtDXk3z4Ebit28Ab35LCW4dGm8AAAAASUVORK5CYII%3D</l>
<l>3|DIEC2|http://dlc.iec.cat/results.asp?txtEntrada=foo&amp;OperEntrada=0</l>
<l>3|DIEC2|http://dlc.iec.cat</l>
<l>3|DIEC2|none</l>
<l>4|Huubs|Cercador de notícies en català|false|null|data:image/png;base64,iVBORw0KGgoAAAANSUhEUgAAABAAAAAQCAYAAAAf8%2F9hAAAAAXNSR0IArs4c6QAAAAZiS0dEAP8A%2FwD%2FoL2nkwAAAAlwSFlzAAALEwAACxMBAJqcGAAAAAd0SU1FB9cLBAAfIM1pDicAAADySURBVDhPxZMxagJBGIW%2FXZREFAkhKQSJBxArF5ILBLyATZo0pk4n2Ak5haWeQBuvoEUCwSptUljHRhYVnsUfs5vZtQhb%2BMHPzLx%2FeMw8ZjxJIgO%2BK%2FyXHABfb%2FD5asrdI%2BTPbT4bwi6Eegsua7ANYT60Xi2AmyZIksZ96Qmr1VK%2FPF%2BY9j6x9WoZ7Rv3JUmZr5DZwDKIM%2BpYBvddt5NK0mAxtTF4%2BKsfIWlQKIPnQ%2B7M7aSSNHj5gHLFVY%2BSNIhTuob1Nwza4Kfnna4eCNo27jawCa0c7ATVBtz%2BhJYvRt1WD0pX0SuNU20A4Ekn%2FkyZDfbIJ1qovJZ7igAAAABJRU5ErkJggg%3D%3D</l>
<l>4|Huubs|http://huubs.imente.com/search?query=foo&amp;lang=ca&amp;offset=0</l>
<l>4|Huubs|http://huubs.imente.com</l>
<l>4|Huubs|none</l>
<l>5|Llibres.cat|Llibreria virtual|false|null|data:image/png;base64,iVBORw0KGgoAAAANSUhEUgAAABAAAAAQCAMAAAAoLQ9TAAAAK3RFWHRDcmVhdGlvbiBUaW1lAGRsLiA0IGp1bCAyMDA1IDE2OjIyOjA2ICswMTAwcK52BgAAAAd0SU1FB9UHBA4aDXdnxxcAAAAJcEhZcwAACxIAAAsSAdLdfvwAAAAEZ0FNQQAAsY8L%2FGEFAAAAdVBMVEX%2F%2F%2F%2FPz%2BLf3%2Bviz9jo3%2BVvb6gAAGYDA2m1tdXPb3nMAADCAAbir7hCQo%2FCAAnCP08%2FP4zMP0zMAAO%2FAAzCAAzbn6jYn6%2Fln6jFAAbFDxnyz9W8DxnIT1kcHHlMTJlJSZVJSZLMP0nYf4nb2%2Bv47%2FLVf4zYj5zdLTmDAAAAXElEQVR42r3PNxKEQAxEUeEENN4v3u%2F9j8iAimAugKrrBy8T0U5qT47zT%2BrGaV4kK7ApYOZU0gODBs2v7TSoiGoN8qLMNADwKUSSGEgUOOx6Eh9BeL9rmG8sm%2BgCdKcIeHSfWVkAAAAASUVORK5CYII%3D</l>
<l>5|Llibres.cat|http://www.grec.net/llivirt/vendcl.pgm?CERTEX=foo&amp;T1A2=1</l>
<l>5|Llibres.cat|http://www.grec.net/llivirt/vda0.pgm</l>
<l>5|Llibres.cat|none</l>
<l>6|Viquipèdia (Català)|L'enciclopèdia lliure|false|null|data:image/png;base64,iVBORw0KGgoAAAANSUhEUgAAABAAAAAQCAMAAAAoLQ9TAAAAB3RJTUUH1QcEDg4lbHy4uAAAAAlwSFlzAAALEgAACxIB0t1%2B%2FAAAAARnQU1BAACxjwv8YQUAAAAwUExURfz9%2FLm6ucjHyNjZ2EhHSGlqaSgoKKmoqYSDhDw6PHp7epiYmFdYV%2Bno6QQCBBkYGd16BFcAAAB6SURBVHjalY9JEsMwCAQHs0pI1v9%2Fa%2BQ4qRxyCcehuhmA%2F4eGEFw6ow9mHUAYAWI8IzE1AV46kcsPRQUbGusAi4UX77dlBZBn0TPo9oowuEnR%2FXUoTq%2Bg3JnPaRvTtSliPkG07twt413OzRxkdnzqbi3UvvrvHdPP3y6XfQLtEF%2Fk3gAAAABJRU5ErkJggg%3D%3D</l>
<l>6|Viquipèdia (Català)|http://ca.wikipedia.org/wiki/Especial:Cerca?search=foo&amp;sourceid=mozilla-search</l>
<l>6|Viquipèdia (Català)|http://ca.wikipedia.org/wiki/Especial:Cerca</l>
<l>6|Viquipèdia (Català)|http://ca.wikipedia.org/w/api.php?action=opensearch&amp;search=foo</l>
</section>
<section id="preferences">
<l>app.update.channel|beta</l>
<l>browser.contentHandlers.types.0.title|Netvibes</l>
<l>browser.contentHandlers.types.0.type|application/vnd.mozilla.maybe.feed</l>
<l>browser.contentHandlers.types.0.uri|http://www.netvibes.com/subscribe.php?url=%s</l>
<l>browser.contentHandlers.types.1.title|Bloglines</l>
<l>browser.contentHandlers.types.1.type|application/vnd.mozilla.maybe.feed</l>
<l>browser.contentHandlers.types.1.uri|http://www.bloglines.com/login?r=/sub/%s</l>
<l>browser.contentHandlers.types.2.title|My Yahoo</l>
<l>browser.contentHandlers.types.2.type|application/vnd.mozilla.maybe.feed</l>
<l>browser.contentHandlers.types.2.uri|http://add.my.yahoo.com/rss?url=%s</l>
<l>browser.contentHandlers.types.3.title|Google</l>
<l>browser.contentHandlers.types.3.type|application/vnd.mozilla.maybe.feed</l>
<l>browser.contentHandlers.types.3.uri|http://fusion.google.com/add?feedurl=%s</l>
<l>browser.contentHandlers.types.4.title|chrome://browser-region/locale/region.properties</l>
<l>browser.contentHandlers.types.4.type|application/vnd.mozilla.maybe.feed</l>
<l>browser.contentHandlers.types.4.uri|chrome://browser-region/locale/region.properties</l>
<l>browser.contentHandlers.types.5.title|chrome://browser-region/locale/region.properties</l>
<l>browser.contentHandlers.types.5.type|application/vnd.mozilla.maybe.feed</l>
<l>browser.contentHandlers.types.5.uri|chrome://browser-region/locale/region.properties</l>
<l>browser.startup.homepage|http://ca.start2.mozilla.com/firefox?client=firefox-a&amp;rls=org.mozilla:ca:official</l>
<l>browser.startup.page|null</l>
<l>general.startup.browser|true</l>
<l>startup.homepage_override_url|http://%LOCALE%.www.mozilla.com/%LOCALE%/%APP%/%VERSION%/whatsnew/</l>
<l>startup.homepage_welcome_url|http://%LOCALE%.www.mozilla.com/%LOCALE%/%APP%/%VERSION%/firstrun/</l>
</section>
<section id="extensions">
</section>
</testrun>
