<?xml version="1.0"?>
<testrun>
<section id="searchengine">
<l>1|Google|Google Search|false|null|data:image/x-icon;base64,R0lGODlhEAAQAPfLAAATVikwdA8SnxUfgAsWpAAilholjxw4jBc7kwAlvQQ2sRMsoBUqqhMzuhY/vxw4tSgmiyM1mSUztiQ6sTE3sQ4qyxMxxRoyxiAuxR1CtBxJsBxasSJuuTFguBte0Rlf2xVc9h9W9xVjzxVr0gdj6BRh4R1o5yBcyiZbyydT1i9b2Ddb1iFY6CJg2Vpor1dzvEJu20Z0yi23QDy1REi2OUy0O1WzOVC4PU+tVUe5Sk2xQU2zRUO4UE21Ula2SmKEqWWF2HyPx2+a6X6e6Xqk1m+s78sUDs4UGdEQB9YfDdwaANEfHd0YEscjAM4mAM0qANIoD9IkGdslGswuItYgL4aP0ImP2YGZ36Opzaq2wq/S+rzX/7/e8MrS1MLO/sTb48rT8snX/83c89PZ+crq+cH1/9Dl/9Ln/93r/9fy/+Hf7P/42eDm/O7u/+T29uX2/eT2/+f4/+f5/+j/9u//8+3/9u7/9ur5/+j//+n//+v//u3//+7//e7//+////b66/T/6vX/6/f/7f/07fj/4fv/4Pj/5v/45v7/4/r+7/3/6fDw+Pfx//D/9/X/8fT/8/f/8ff/8/D///H///L8/fL///P///X7//b6/ff/+/T///b9//f///v19//w9v/09P/29v/x+f/y///z///1+v/1///2///3//j79P/58/z/8/z99/z/9v7/9P7/9vn7//v6//j9//n9//j///n///v//vv////4+v/5+//6+P/4///6/P/6/v/6///7///9+P/8+v/9+v7/+Pz////8/f/9/f79///8///9//7//////////wAAAAAAAAAAAAAAAAAAAAAAAAAAAAAAAAAAAAAAAAAAAAAAAAAAAAAAAAAAAAAAAAAAAAAAAAAAAAAAAAAAAAAAAAAAAAAAAAAAAAAAAAAAAAAAAAAAAAAAAAAAAAAAAAAAAAAAAAAAAAAAAAAAAAAAAAAAAAAAAAAAAAAAAAAAAAAAAAAAAAAAAAAAAAAAAAAAAAAAAAAAAAAAACH5BAEAAMsALAAAAAAQABAAAAj/AEn4oIFjBw8bOnrMuJGjhowZM1T8UdYJUZ5ZcNRYWjSrVK5QU0DMmtUnzRAXEy4o6FCEy6NDTkQIq1MmRgM0eZTlCXMgQJtRSE4gmgUkwh1EiZTNUiamy6NUUExcuoJgDCdDjQg9KgVL2SNFT1hwEvKglLBWuixZ+jSrlSBdRlL04bBBkTBdpZTpIqWsFaBcTEr0QaEhl6dWlswKW6poDRUPlmAUQKWMkTJLc76QMQNGUZMWgIgkCFJnlq5WXigwkFClVZQQyuRgELAlk7JBymCZGYAF0ZEPrQixgUDAihxVdPpoAZAFUZIRfThxgvPCwAILDipk+OFG2ZIVoxApERtPfvwlvZ+kQFzPvv0MJQEBADs=</l>
<l>1|Google|http://www.google.com/search?q=foo&amp;ie=utf-8&amp;oe=utf-8&amp;aq=t&amp;rls=org.mozilla:fr:official&amp;client=firefox-a</l>
<l>1|Google|http://www.google.com/firefox</l>
<l>1|Google|http://suggestqueries.google.com/complete/search?output=firefox&amp;client=firefox&amp;hl=fr&amp;q=foo</l>
<l>2|Yahoo|Recherche Yahoo|false|null|data:image/x-icon;base64,R0lGODlhEAAQAJECAP8AAAAAAP///wAAACH5BAEAAAIALAAAAAAQABAAAAIplI+py+0NogQuyBDEnEd2kHkfFWUamEzmpZSfmaIHPHrRguUm/fT+UwAAOw==</l>
<l>2|Yahoo|http://fr.search.yahoo.com/search?p=foo&amp;ei=UTF-8&amp;fr=moz2</l>
<l>2|Yahoo|http://fr.search.yahoo.com/</l>
<l>2|Yahoo|none</l>
<l>3|Amazon.fr|Recherche Amazon.fr|false|null|data:image/x-icon;base64,iVBORw0KGgoAAAANSUhEUgAAABAAAAAQCAYAAAAf8/9hAAAABmJLR0QA/wD/AP+gvaeTAAAACXBIWXMAAAsQAAALEAGtI711AAAAB3RJTUUH0wESEi0MqTATXwAAAjVJREFUeJyFUlGLElEU/mbVHd2aaaRgWGyJgmXRINiXfJCeRgaiLEiKgYXoRQrqRejNH7D1uNBDPvbWtGxvS64IG2IIQQhxScpYMpt1l1qdptVVZ+z2oM6qu9KBC4dzv/Od73z3AmPROmjeVlWVKopCRVGkHMdRURSpoig0lUrRcfxI6LoelWV5GwCddOLx+PEklmVej0QiI80Oh4OyLHuE5Fgl/aJ9gsEgzefzm4SQzVgs9n8VqqqO7EwIsUGEkEscx9kEsizbd85BEo3eenzzRkRstTsfAVwRBOH+EP/DSb4x4wVN0wq5XE7MZDKz5XIZlUoFtVoNu7u7NkaWZaTTaWZEQV8qDYfDKBaLkwZOVkAI8UuS9GkwiWVZNBr7sLZeo1V6hb/GFrxGwW6s84twzYbgGBRM0/yZzWZtQCKRQGhuD80PT0DbdUzxF9DmA2jzAbiNIjztHUzvvT+UIoqi7TLHcVTX9QeWZVLLMikh5Nzwf2h9USlNgtIk6NSAoNlsYjgXBOG50+liAGCe3/72ayOGP28f9fZ2ewEAv89GYRMEAgGboNvtYjBtf0PB9BsZJz8/Q7dR7d3Xeia75+/0XsGyTEqNrzC/p9HVSzCr7w4N+7GGOr+IE6GnOH3+KgCgo2XhAeCak+DU16PUWL0Mr1EYfdO+027/PZxaWIKJmY4kSaX1lysXnat+HARXMOM5wzA0iSP/etDILixhp9aGz+djAEDTtLt8aflFt1GFcG2NAYB/rN8dqx12fbIAAAAASUVORK5CYII=</l>
<l>3|Amazon.fr|http://www.amazon.fr/exec/obidos/external-search/?field-keywords=foo&amp;mode=blended&amp;tag=firefox-fr-21&amp;sourceid=Mozilla-search</l>
<l>3|Amazon.fr|http://www.amazon.fr/</l>
<l>3|Amazon.fr|none</l>
<l>4|eBay France|eBay - Enchères en ligne|false|null|data:image/x-icon;base64,R0lGODlhEAAQAMQAAAAAAMz/zMwAADMAzOfn1sxmAP///5kAZpnM////AACZM/777zPMAP+ZAP8AAP9mmf/MzMwAZjNmAADMM/+ZM/9mM//MMwAAAAAAAAAAAAAAAAAAAAAAAAAAAAAAAAAAACH5BAQUAP8ALAAAAAAQABAAAAVPoCGOZGmeaKqiQDkMYqAoBqMELpxUlVTfBohjeHjBLJLZZCF0GASOAWJQSFAUE1FTwIUNKoYKTQslGCLSb6MBFD2G3Zdo0k4tVvi8fl8KAQA7</l>
<l>4|eBay France|http://search.ebay.fr/search/search.dll?query=foo&amp;MfcISAPICommand=GetResult&amp;ht=1&amp;ebaytag1=ebayreg&amp;srchdesc=n&amp;maxRecordsReturned=300&amp;maxRecordsPerPage=50&amp;SortProperty=MetaEndSort</l>
<l>4|eBay France|http://search.ebay.fr/</l>
<l>4|eBay France|none</l>
<l>5|MediaDICO|Les Dictionnaires Mediadico|false|null|data:image/x-icon;base64,R0lGODlhEAAQAJEAAM44UP///8kkPzoohSH5BAAAAAAALAAAAAAQABAAAAJEnG8gy2IBj1qBvTumqAuHxHDO8JEgZZmqJj6R0bTIsQD2jdvdDG9QSnptQgIAxjRsGFVIUe34SQ6XJaSPswyWGozsrAAAOw==</l>
<l>5|MediaDICO|http://www.dictionnaire-mediadico.com/dictionnaires.asp?mot=foo&amp;Action=definition&amp;alea=2005</l>
<l>5|MediaDICO|http://www.dictionnaire-mediadico.com/dictionnaires.asp</l>
<l>5|MediaDICO|none</l>
<l>6|Wikipedia (FR)|Wikipedia, l'encyclopédie libre|false|null|data:image/x-icon;base64,iVBORw0KGgoAAAANSUhEUgAAABAAAAAQCAQAAAC1+jfqAAAAAmJLR0QA/4ePzL8AAAGwSURBVCjPPZE/aBNhAEfffd/F06sWCRxJI4oUgmhFhyKmIooUqpMKgg4lgqMoCA5uLq7FTbCjliJEEKxbUeygQ7GGIrbYoNYYQ2KTXEzvX7xc7s6h6m98720/CQANGqc/mPReiOPaVLQ7O5FcaG8ZAbA4UHny+Ca9WtqfNlaXSiOlxZXbD77xdzXdeX7X49B44tbo6PJs/Caejx/F9+JrhbwOKoj7wYVMn+vu4eLe2WGbLhoRBmuXWy1uKHZWfgpkhhxZzmEwSIlNtuPwkmaoHhBMelLikCPPUZIM8J4+Kj4jGLI6KRJjBQLgJCU8NpFMsA+LAIlFJSe6qSuEgM5BdiIoAxoCnV8E6CkReDpdTIbQUHFI0meaGXwiBLtctb76eewUNhuskSbLVyxOILDo0KK8IrQ5A4lDB5sGv/FIAn3aWDRR55RXguXUEQedABOFH0hM5vlJhqXi+DE5E6ffla8OJXTeUsNFIaLNNnp8cd3zxQ0FoHBWPg0H60QE7KBKhzIfO71L5mtQtv54OBxO+Rd94WNTpRZWnjl32t/hfwCQ35M4Y+53aK6vLzj1f/QPTcmxMRosOLkAAAAASUVORK5CYII=</l>
<l>6|Wikipedia (FR)|http://fr.wikipedia.org/w/wiki.phtml?search=foo&amp;sourceid=Mozilla-search</l>
<l>6|Wikipedia (FR)|http://fr.wikipedia.org/</l>
<l>6|Wikipedia (FR)|none</l>
</section>
<section id="preferences">
<l>app.update.channel|beta</l>
<l>browser.contentHandlers.types.0.title|Netvibes</l>
<l>browser.contentHandlers.types.0.type|application/vnd.mozilla.maybe.feed</l>
<l>browser.contentHandlers.types.0.uri|http://www.netvibes.com/subscribe.php?url=%s</l>
<l>browser.contentHandlers.types.1.title|My Yahoo</l>
<l>browser.contentHandlers.types.1.type|application/vnd.mozilla.maybe.feed</l>
<l>browser.contentHandlers.types.1.uri|http://add.my.yahoo.com/rss?url=%s</l>
<l>browser.contentHandlers.types.2.title|Google</l>
<l>browser.contentHandlers.types.2.type|application/vnd.mozilla.maybe.feed</l>
<l>browser.contentHandlers.types.2.uri|http://fusion.google.com/add?feedurl=%s</l>
<l>browser.contentHandlers.types.3.title|chrome://browser-region/locale/region.properties</l>
<l>browser.contentHandlers.types.3.type|application/vnd.mozilla.maybe.feed</l>
<l>browser.contentHandlers.types.3.uri|chrome://browser-region/locale/region.properties</l>
<l>browser.contentHandlers.types.4.title|chrome://browser-region/locale/region.properties</l>
<l>browser.contentHandlers.types.4.type|application/vnd.mozilla.maybe.feed</l>
<l>browser.contentHandlers.types.4.uri|chrome://browser-region/locale/region.properties</l>
<l>browser.contentHandlers.types.5.title|chrome://browser-region/locale/region.properties</l>
<l>browser.contentHandlers.types.5.type|application/vnd.mozilla.maybe.feed</l>
<l>browser.contentHandlers.types.5.uri|chrome://browser-region/locale/region.properties</l>
<l>browser.startup.homepage|http://fr.start2.mozilla.com/firefox?client=firefox-a&amp;rls=org.mozilla:fr:official</l>
<l>browser.startup.page|null</l>
<l>general.startup.browser|true</l>
<l>startup.homepage_override_url|http://%LOCALE%.www.mozilla.com/%LOCALE%/%APP%/%VERSION%/whatsnew/</l>
<l>startup.homepage_welcome_url|http://%LOCALE%.www.mozilla.com/%LOCALE%/%APP%/%VERSION%/firstrun/</l>
</section>
<section id="extensions">
</section>
</testrun>
