<?xml version="1.0"?>
<testrun>
<section id="searchengine">
<l>1|Google|Google Search|false|null|data:image/x-icon;base64,R0lGODlhEAAQAPfLAAATVikwdA8SnxUfgAsWpAAilholjxw4jBc7kwAlvQQ2sRMsoBUqqhMzuhY/vxw4tSgmiyM1mSUztiQ6sTE3sQ4qyxMxxRoyxiAuxR1CtBxJsBxasSJuuTFguBte0Rlf2xVc9h9W9xVjzxVr0gdj6BRh4R1o5yBcyiZbyydT1i9b2Ddb1iFY6CJg2Vpor1dzvEJu20Z0yi23QDy1REi2OUy0O1WzOVC4PU+tVUe5Sk2xQU2zRUO4UE21Ula2SmKEqWWF2HyPx2+a6X6e6Xqk1m+s78sUDs4UGdEQB9YfDdwaANEfHd0YEscjAM4mAM0qANIoD9IkGdslGswuItYgL4aP0ImP2YGZ36Opzaq2wq/S+rzX/7/e8MrS1MLO/sTb48rT8snX/83c89PZ+crq+cH1/9Dl/9Ln/93r/9fy/+Hf7P/42eDm/O7u/+T29uX2/eT2/+f4/+f5/+j/9u//8+3/9u7/9ur5/+j//+n//+v//u3//+7//e7//+////b66/T/6vX/6/f/7f/07fj/4fv/4Pj/5v/45v7/4/r+7/3/6fDw+Pfx//D/9/X/8fT/8/f/8ff/8/D///H///L8/fL///P///X7//b6/ff/+/T///b9//f///v19//w9v/09P/29v/x+f/y///z///1+v/1///2///3//j79P/58/z/8/z99/z/9v7/9P7/9vn7//v6//j9//n9//j///n///v//vv////4+v/5+//6+P/4///6/P/6/v/6///7///9+P/8+v/9+v7/+Pz////8/f/9/f79///8///9//7//////////wAAAAAAAAAAAAAAAAAAAAAAAAAAAAAAAAAAAAAAAAAAAAAAAAAAAAAAAAAAAAAAAAAAAAAAAAAAAAAAAAAAAAAAAAAAAAAAAAAAAAAAAAAAAAAAAAAAAAAAAAAAAAAAAAAAAAAAAAAAAAAAAAAAAAAAAAAAAAAAAAAAAAAAAAAAAAAAAAAAAAAAAAAAAAAAAAAAAAAAAAAAAAAAACH5BAEAAMsALAAAAAAQABAAAAj/AEn4oIFjBw8bOnrMuJGjhowZM1T8UdYJUZ5ZcNRYWjSrVK5QU0DMmtUnzRAXEy4o6FCEy6NDTkQIq1MmRgM0eZTlCXMgQJtRSE4gmgUkwh1EiZTNUiamy6NUUExcuoJgDCdDjQg9KgVL2SNFT1hwEvKglLBWuixZ+jSrlSBdRlL04bBBkTBdpZTpIqWsFaBcTEr0QaEhl6dWlswKW6poDRUPlmAUQKWMkTJLc76QMQNGUZMWgIgkCFJnlq5WXigwkFClVZQQyuRgELAlk7JBymCZGYAF0ZEPrQixgUDAihxVdPpoAZAFUZIRfThxgvPCwAILDipk+OFG2ZIVoxApERtPfvwlvZ+kQFzPvv0MJQEBADs=</l>
<l>1|Google|http://www.google.com/search?q=foo&amp;ie=utf-8&amp;oe=utf-8&amp;aq=t&amp;rls=org.mozilla:it:official&amp;client=firefox-a</l>
<l>1|Google|http://www.google.com/firefox</l>
<l>1|Google|http://suggestqueries.google.com/complete/search?output=firefox&amp;client=firefox&amp;hl=it&amp;q=foo</l>
<l>2|Yahoo|Yahoo Search|false|null|data:image/x-icon;base64,R0lGODlhEAAQAJECAP8AAAAAAP///wAAACH5BAEAAAIALAAAAAAQABAAAAIplI+py+0NogQuyBDEnEd2kHkfFWUamEzmpZSfmaIHPHrRguUm/fT+UwAAOw==</l>
<l>2|Yahoo|http://it.search.yahoo.com/search?p=foo&amp;ei=UTF-8&amp;fr=moz2</l>
<l>2|Yahoo|http://it.search.yahoo.com/</l>
<l>2|Yahoo|none</l>
<l>3|Creative Commons|Find photos, movies, music, and text to rip, sample, mash, and share.|false|null|data:image/x-icon;base64,iVBORw0KGgoAAAANSUhEUgAAABAAAAAQCAMAAAAoLQ9TAAAABGdBTUEAANbY1E9YMgAAABl0RVh0U29mdHdhcmUAQWRvYmUgSW1hZ2VSZWFkeXHJZTwAAAA2UExURf///wAAAD8/P+/v7y8vL19fX9/f37+/vw8PD8/Pz09PT5+fn4+Pj6+vr29vbx8fH39/f////3TGU44AAAASdFJOU///////////////////////AOK/vxIAAACWSURBVHjaNI8LEsQgCEMJIvi3vf9lN3bbN6MD0USUm3QFaVNYc7kBuvLZ0xG8oLkQV1iiYBjyktFE+tk+FCEGl3oFT0aSQBaoVDAmAyWkmOCitVfHTvV4BEsWxqyleE+PYLQAi5b9WJShPnh7MnQytDP1IxmfvZXq22dkTkpZ4/TT/qPfiX/dqoXJz+dItE0tx6l/AgwA0e4FeJjn5bsAAAAASUVORK5CYII=</l>
<l>3|Creative Commons|http://search.creativecommons.org/?q=foo&amp;sourceid=Mozilla-search</l>
<l>3|Creative Commons|http://search.creativecommons.org/</l>
<l>3|Creative Commons|none</l>
<l>4|De Mauro|Dizionario della lingua italiana De Mauro Paravia|false|null|data:image/png;base64,iVBORw0KGgoAAAANSUhEUgAAABAAAAAQCAYAAAAf8/9hAAAABHNCSVQICAgIfAhkiAAAAohJREFUOI2lkjtoU2EYhp+cnOaq0WDFSJUITUSlhppaqtYuBRVBlA4OOggO4qCDl8mh6CJO4iLiUNBFUbGDgpda6rVXtfUCsa2tt7Yx0aSlzUlObqf5HKKthTr5Lv/P+/Nevo/fFBER/gNqpvkhJf2fSY3HAXBsqUbduxOA7JNuLG1dRFd5WLhnOwuWLpnh1Y4+onYVJa8lSTeepud6MwPaJFOnzjG1+yDJ2DjTpYvJXLlB9NAxoqOjqL9TLW1d/Gg8QeebXogkdflAuVw7fFIiIhLufidDlMrT/UclIiJj+45LCLe0XbstMRGJiMj3hiPSynLpGvwoiujpYnXFDIBSE8Batw1ncwuxsTB5hGkKEBrCAEil0UODxSqZLMq8m6lejzX7k9jzbkacJZhRKLx4TQowWtv58jFEzuqEQmHWoFAozOgV96Ii9y1M3mFl0uPD9naAbCJB8sFT4g4nLosV42+DvyE2a9EoqQOQr6/BrSVJPO7gx9AwbK6cDZu5KLNepkyWPBl0VUFiE1gPNGBZ5EZvukVnPIKntobpXA5VVf/R4Oc4NhyIZyn5hAbLSnEEK1Bb7mMOrsPr9wFgGMb8BmrPe0awsziwlpKEjsm1AGVLEJehUb5rB067A2s2Q1bTUBSHfY5YGfxK+mU7fVVrWFkZIKfrmOw2StatJoqbskDF3LDY2YsoTLDi7gumvJdJXr3JM7+H+qYLqG1d2Hp7Sd15RG5DkHHvCpa7XMSb72Ejjvb8FeZ99dvP9G+thpUeRj4NE66rpOrSecr9Pr72D5IqLyOqabhqN2L4vXhW+xj6NIxeu4mkxYIpIiIqFH/ZH6TS4LTPnvO9/RkBwEil59vlXNE/uF+2NR/CriCtaQAAAABJRU5ErkJggg==</l>
<l>4|De Mauro|http://www.demauroparavia.it/@foo</l>
<l>4|De Mauro|http://www.demauroparavia.it/</l>
<l>4|De Mauro|none</l>
<l>5|eBay|eBay - Aste on-line|false|null|data:image/x-icon;base64,R0lGODlhEAAQAMQAAAAAAMz/zMwAADMAzOfn1sxmAP///5kAZpnM////AACZM/777zPMAP+ZAP8AAP9mmf/MzMwAZjNmAADMM/+ZM/9mM//MMwAAAAAAAAAAAAAAAAAAAAAAAAAAAAAAAAAAACH5BAQUAP8ALAAAAAAQABAAAAVPoCGOZGmeaKqiQDkMYqAoBqMELpxUlVTfBohjeHjBLJLZZCF0GASOAWJQSFAUE1FTwIUNKoYKTQslGCLSb6MBFD2G3Zdo0k4tVvi8fl8KAQA7</l>
<l>5|eBay|http://search.ebay.it/search/search.dll?query=foo&amp;MfcISAPICommand=GetResult&amp;ht=1&amp;ebaytag1=ebayreg&amp;srchdesc=n&amp;maxRecordsReturned=300&amp;maxRecordsPerPage=50&amp;SortProperty=MetaEndSort</l>
<l>5|eBay|http://search.ebay.com/</l>
<l>5|eBay|none</l>
<l>6|Wikipedia (Italiano)|Wikipedia, l'enciclopedia libera|false|null|data:image/x-icon;base64,AAABAAEAEBAQAAEABAAoAQAAFgAAACgAAAAQAAAAIAAAAAEABAAAAAAAAAAAAAAAAAAAAAAAEAAAAAAAAAAEAgQAhIOEAMjHyABIR0gA6ejpAGlqaQCpqKkAKCgoAPz9/AAZGBkAmJiYANjZ2ABXWFcAent6ALm6uQA8OjwAiIiIiIiIiIiIiI4oiL6IiIiIgzuIV4iIiIhndo53KIiIiB/WvXoYiIiIfEZfWBSIiIEGi/foqoiIgzuL84i9iIjpGIoMiEHoiMkos3FojmiLlUipYliEWIF+iDe0GoRa7D6GPbjcu1yIiIiIiIiIiIiIiIiIiIiIiIiIiIiIiIgAAAAAAAAAAAAAAAAAAAAAAAAAAAAAAAAAAAAAAAAAAAAAAAAAAAAAAAAAAAAAAAAAAAAAAAAAAAAAAAAAAAAA</l>
<l>6|Wikipedia (Italiano)|http://it.wikipedia.org/wiki/Speciale:Ricerca?search=foo&amp;sourceid=Mozilla-search</l>
<l>6|Wikipedia (Italiano)|http://it.wikipedia.org/wiki/Speciale:Ricerca</l>
<l>6|Wikipedia (Italiano)|http://it.wikipedia.org/w/api.php?action=opensearch&amp;search=foo</l>
</section>
<section id="preferences">
<l>app.update.channel|beta</l>
<l>browser.contentHandlers.types.0.title|Bloglines</l>
<l>browser.contentHandlers.types.0.type|application/vnd.mozilla.maybe.feed</l>
<l>browser.contentHandlers.types.0.uri|http://www.bloglines.com/login?r=/sub/%s</l>
<l>browser.contentHandlers.types.1.title|Google</l>
<l>browser.contentHandlers.types.1.type|application/vnd.mozilla.maybe.feed</l>
<l>browser.contentHandlers.types.1.uri|http://fusion.google.com/add?feedurl=%s</l>
<l>browser.contentHandlers.types.2.title|Netvibes</l>
<l>browser.contentHandlers.types.2.type|application/vnd.mozilla.maybe.feed</l>
<l>browser.contentHandlers.types.2.uri|http://www.netvibes.com/subscribe.php?url=%s</l>
<l>browser.contentHandlers.types.3.title|chrome://browser-region/locale/region.properties</l>
<l>browser.contentHandlers.types.3.type|application/vnd.mozilla.maybe.feed</l>
<l>browser.contentHandlers.types.3.uri|chrome://browser-region/locale/region.properties</l>
<l>browser.contentHandlers.types.4.title|chrome://browser-region/locale/region.properties</l>
<l>browser.contentHandlers.types.4.type|application/vnd.mozilla.maybe.feed</l>
<l>browser.contentHandlers.types.4.uri|chrome://browser-region/locale/region.properties</l>
<l>browser.contentHandlers.types.5.title|chrome://browser-region/locale/region.properties</l>
<l>browser.contentHandlers.types.5.type|application/vnd.mozilla.maybe.feed</l>
<l>browser.contentHandlers.types.5.uri|chrome://browser-region/locale/region.properties</l>
<l>browser.startup.homepage|http://it.start2.mozilla.com/firefox?client=firefox-a&amp;rls=org.mozilla:it:official</l>
<l>browser.startup.page|null</l>
<l>general.startup.browser|true</l>
<l>startup.homepage_override_url|http://%LOCALE%.www.mozilla.com/%LOCALE%/%APP%/%VERSION%/whatsnew/</l>
<l>startup.homepage_welcome_url|http://%LOCALE%.www.mozilla.com/%LOCALE%/%APP%/%VERSION%/firstrun/</l>
</section>
<section id="extensions">
</section>
</testrun>
