<?xml version="1.0"?>
<testrun>
<section id="searchengine">
<l>1|Google|Google Search|false|null|data:image/x-icon;base64,R0lGODlhEAAQAPfLAAATVikwdA8SnxUfgAsWpAAilholjxw4jBc7kwAlvQQ2sRMsoBUqqhMzuhY/vxw4tSgmiyM1mSUztiQ6sTE3sQ4qyxMxxRoyxiAuxR1CtBxJsBxasSJuuTFguBte0Rlf2xVc9h9W9xVjzxVr0gdj6BRh4R1o5yBcyiZbyydT1i9b2Ddb1iFY6CJg2Vpor1dzvEJu20Z0yi23QDy1REi2OUy0O1WzOVC4PU+tVUe5Sk2xQU2zRUO4UE21Ula2SmKEqWWF2HyPx2+a6X6e6Xqk1m+s78sUDs4UGdEQB9YfDdwaANEfHd0YEscjAM4mAM0qANIoD9IkGdslGswuItYgL4aP0ImP2YGZ36Opzaq2wq/S+rzX/7/e8MrS1MLO/sTb48rT8snX/83c89PZ+crq+cH1/9Dl/9Ln/93r/9fy/+Hf7P/42eDm/O7u/+T29uX2/eT2/+f4/+f5/+j/9u//8+3/9u7/9ur5/+j//+n//+v//u3//+7//e7//+////b66/T/6vX/6/f/7f/07fj/4fv/4Pj/5v/45v7/4/r+7/3/6fDw+Pfx//D/9/X/8fT/8/f/8ff/8/D///H///L8/fL///P///X7//b6/ff/+/T///b9//f///v19//w9v/09P/29v/x+f/y///z///1+v/1///2///3//j79P/58/z/8/z99/z/9v7/9P7/9vn7//v6//j9//n9//j///n///v//vv////4+v/5+//6+P/4///6/P/6/v/6///7///9+P/8+v/9+v7/+Pz////8/f/9/f79///8///9//7//////////wAAAAAAAAAAAAAAAAAAAAAAAAAAAAAAAAAAAAAAAAAAAAAAAAAAAAAAAAAAAAAAAAAAAAAAAAAAAAAAAAAAAAAAAAAAAAAAAAAAAAAAAAAAAAAAAAAAAAAAAAAAAAAAAAAAAAAAAAAAAAAAAAAAAAAAAAAAAAAAAAAAAAAAAAAAAAAAAAAAAAAAAAAAAAAAAAAAAAAAAAAAAAAAACH5BAEAAMsALAAAAAAQABAAAAj/AEn4oIFjBw8bOnrMuJGjhowZM1T8UdYJUZ5ZcNRYWjSrVK5QU0DMmtUnzRAXEy4o6FCEy6NDTkQIq1MmRgM0eZTlCXMgQJtRSE4gmgUkwh1EiZTNUiamy6NUUExcuoJgDCdDjQg9KgVL2SNFT1hwEvKglLBWuixZ+jSrlSBdRlL04bBBkTBdpZTpIqWsFaBcTEr0QaEhl6dWlswKW6poDRUPlmAUQKWMkTJLc76QMQNGUZMWgIgkCFJnlq5WXigwkFClVZQQyuRgELAlk7JBymCZGYAF0ZEPrQixgUDAihxVdPpoAZAFUZIRfThxgvPCwAILDipk+OFG2ZIVoxApERtPfvwlvZ+kQFzPvv0MJQEBADs=</l>
<l>1|Google|http://www.google.com/search?q=foo&amp;ie=utf-8&amp;oe=utf-8&amp;aq=t&amp;rls=org.mozilla:es-AR:official&amp;client=firefox-a</l>
<l>1|Google|http://www.google.com/firefox</l>
<l>1|Google|http://suggestqueries.google.com/complete/search?output=firefox&amp;client=firefox&amp;hl=es-AR&amp;q=foo</l>
<l>2|Yahoo Argentina|Buscar en Yahoo Argentina|false|null|data:image/x-icon;base64,R0lGODlhEAAQAJECAP8AAAAAAP///wAAACH5BAEAAAIALAAAAAAQABAAAAIplI+py+0NogQuyBDEnEd2kHkfFWUamEzmpZSfmaIHPHrRguUm/fT+UwAAOw==</l>
<l>2|Yahoo Argentina|http://ar.search.yahoo.com/search/ar?p=foo&amp;ei=UTF-8&amp;fr=moz2</l>
<l>2|Yahoo Argentina|http://ar.search.yahoo.com/</l>
<l>2|Yahoo Argentina|http://ff.search.yahoo.com/gossip?output=fxjson&amp;command=foo</l>
<l>3|Amazon.com|Amazon.com Search|false|null|data:image/x-icon;base64,iVBORw0KGgoAAAANSUhEUgAAABAAAAAQCAYAAAAf8/9hAAAABmJLR0QA/wD/AP+gvaeTAAAACXBIWXMAAAsQAAALEAGtI711AAAAB3RJTUUH0wESEi0MqTATXwAAAjVJREFUeJyFUlGLElEU/mbVHd2aaaRgWGyJgmXRINiXfJCeRgaiLEiKgYXoRQrqRejNH7D1uNBDPvbWtGxvS64IG2IIQQhxScpYMpt1l1qdptVVZ+z2oM6qu9KBC4dzv/Od73z3AmPROmjeVlWVKopCRVGkHMdRURSpoig0lUrRcfxI6LoelWV5GwCddOLx+PEklmVej0QiI80Oh4OyLHuE5Fgl/aJ9gsEgzefzm4SQzVgs9n8VqqqO7EwIsUGEkEscx9kEsizbd85BEo3eenzzRkRstTsfAVwRBOH+EP/DSb4x4wVN0wq5XE7MZDKz5XIZlUoFtVoNu7u7NkaWZaTTaWZEQV8qDYfDKBaLkwZOVkAI8UuS9GkwiWVZNBr7sLZeo1V6hb/GFrxGwW6s84twzYbgGBRM0/yZzWZtQCKRQGhuD80PT0DbdUzxF9DmA2jzAbiNIjztHUzvvT+UIoqi7TLHcVTX9QeWZVLLMikh5Nzwf2h9USlNgtIk6NSAoNlsYjgXBOG50+liAGCe3/72ayOGP28f9fZ2ewEAv89GYRMEAgGboNvtYjBtf0PB9BsZJz8/Q7dR7d3Xeia75+/0XsGyTEqNrzC/p9HVSzCr7w4N+7GGOr+IE6GnOH3+KgCgo2XhAeCak+DU16PUWL0Mr1EYfdO+027/PZxaWIKJmY4kSaX1lysXnat+HARXMOM5wzA0iSP/etDILixhp9aGz+djAEDTtLt8aflFt1GFcG2NAYB/rN8dqx12fbIAAAAASUVORK5CYII=</l>
<l>3|Amazon.com|http://www.amazon.com/exec/obidos/external-search/?field-keywords=foo&amp;mode=blended&amp;tag=mozilla-20&amp;sourceid=Mozilla-search</l>
<l>3|Amazon.com|http://www.amazon.com/</l>
<l>3|Amazon.com|none</l>
<l>4|Creative Commons|Find photos, movies, music, and text to rip, sample, mash, and share.|false|null|data:image/x-icon;base64,iVBORw0KGgoAAAANSUhEUgAAABAAAAAQCAMAAAAoLQ9TAAAABGdBTUEAANbY1E9YMgAAABl0RVh0U29mdHdhcmUAQWRvYmUgSW1hZ2VSZWFkeXHJZTwAAAA2UExURf///wAAAD8/P+/v7y8vL19fX9/f37+/vw8PD8/Pz09PT5+fn4+Pj6+vr29vbx8fH39/f////3TGU44AAAASdFJOU///////////////////////AOK/vxIAAACWSURBVHjaNI8LEsQgCEMJIvi3vf9lN3bbN6MD0USUm3QFaVNYc7kBuvLZ0xG8oLkQV1iiYBjyktFE+tk+FCEGl3oFT0aSQBaoVDAmAyWkmOCitVfHTvV4BEsWxqyleE+PYLQAi5b9WJShPnh7MnQytDP1IxmfvZXq22dkTkpZ4/TT/qPfiX/dqoXJz+dItE0tx6l/AgwA0e4FeJjn5bsAAAAASUVORK5CYII=</l>
<l>4|Creative Commons|http://search.creativecommons.org/?q=foo&amp;sourceid=Mozilla-search</l>
<l>4|Creative Commons|http://search.creativecommons.org/</l>
<l>4|Creative Commons|none</l>
<l>5|Diccionario RAE|Real Academia Espa√±ola. Diccionario Usual.|false|null|data:image/x-icon,%00%00%01%00%01%00%10%10%00%00%00%00%00%00h%05%00%00%16%00%00%00(%00%00%00%10%00%00%00%20%00%00%00%01%00%08%00%00%00%00%00%40%01%00%00%00%00%00%00%00%00%00%00%00%00%00%00%00%00%00%00%00%00%00%00%00%00%80%00%00%80%00%00%00%80%80%00%80%00%00%00%80%00%80%00%80%80%00%00%C0%C0%C0%00%C0%DC%C0%00%F0%CA%A6%00%04%04%04%00%08%08%08%00%0C%0C%0C%00%11%11%11%00%16%16%16%00%1C%1C%1C%00%22%22%22%00)))%00UUU%00MMM%00BBB%00999%00%80%7C%FF%00PP%FF%00%93%00%D6%00%FF%EC%CC%00%C6%D6%EF%00%D6%E7%E7%00%90%A9%AD%00%00%003%00%00%00f%00%00%00%99%00%00%00%CC%00%003%00%00%0033%00%003f%00%003%99%00%003%CC%00%003%FF%00%00f%00%00%00f3%00%00ff%00%00f%99%00%00f%CC%00%00f%FF%00%00%99%00%00%00%993%00%00%99f%00%00%99%99%00%00%99%CC%00%00%99%FF%00%00%CC%00%00%00%CC3%00%00%CCf%00%00%CC%99%00%00%CC%CC%00%00%CC%FF%00%00%FFf%00%00%FF%99%00%00%FF%CC%003%00%00%003%003%003%00f%003%00%99%003%00%CC%003%00%FF%0033%00%00333%0033f%0033%99%0033%CC%0033%FF%003f%00%003f3%003ff%003f%99%003f%CC%003f%FF%003%99%00%003%993%003%99f%003%99%99%003%99%CC%003%99%FF%003%CC%00%003%CC3%003%CCf%003%CC%99%003%CC%CC%003%CC%FF%003%FF3%003%FFf%003%FF%99%003%FF%CC%003%FF%FF%00f%00%00%00f%003%00f%00f%00f%00%99%00f%00%CC%00f%00%FF%00f3%00%00f33%00f3f%00f3%99%00f3%CC%00f3%FF%00ff%00%00ff3%00fff%00ff%99%00ff%CC%00f%99%00%00f%993%00f%99f%00f%99%99%00f%99%CC%00f%99%FF%00f%CC%00%00f%CC3%00f%CC%99%00f%CC%CC%00f%CC%FF%00f%FF%00%00f%FF3%00f%FF%99%00f%FF%CC%00%CC%00%FF%00%FF%00%CC%00%99%99%00%00%993%99%00%99%00%99%00%99%00%CC%00%99%00%00%00%9933%00%99%00f%00%993%CC%00%99%00%FF%00%99f%00%00%99f3%00%993f%00%99f%99%00%99f%CC%00%993%FF%00%99%993%00%99%99f%00%99%99%99%00%99%99%CC%00%99%99%FF%00%99%CC%00%00%99%CC3%00f%CCf%00%99%CC%99%00%99%CC%CC%00%99%CC%FF%00%99%FF%00%00%99%FF3%00%99%CCf%00%99%FF%99%00%99%FF%CC%00%99%FF%FF%00%CC%00%00%00%99%003%00%CC%00f%00%CC%00%99%00%CC%00%CC%00%993%00%00%CC33%00%CC3f%00%CC3%99%00%CC3%CC%00%CC3%FF%00%CCf%00%00%CCf3%00%99ff%00%CCf%99%00%CCf%CC%00%99f%FF%00%CC%99%00%00%CC%993%00%CC%99f%00%CC%99%99%00%CC%99%CC%00%CC%99%FF%00%CC%CC%00%00%CC%CC3%00%CC%CCf%00%CC%CC%99%00%CC%CC%CC%00%CC%CC%FF%00%CC%FF%00%00%CC%FF3%00%99%FFf%00%CC%FF%99%00%CC%FF%CC%00%CC%FF%FF%00%CC%003%00%FF%00f%00%FF%00%99%00%CC3%00%00%FF33%00%FF3f%00%FF3%99%00%FF3%CC%00%FF3%FF%00%FFf%00%00%FFf3%00%CCff%00%FFf%99%00%FFf%CC%00%CCf%FF%00%FF%99%00%00%FF%993%00%FF%99f%00%FF%99%99%00%FF%99%CC%00%FF%99%FF%00%FF%CC%00%00%FF%CC3%00%FF%CCf%00%FF%CC%99%00%FF%CC%CC%00%FF%CC%FF%00%FF%FF3%00%CC%FFf%00%FF%FF%99%00%FF%FF%CC%00ff%FF%00f%FFf%00f%FF%FF%00%FFff%00%FFf%FF%00%FF%FFf%00!%00%A5%00___%00www%00%86%86%86%00%96%96%96%00%CB%CB%CB%00%B2%B2%B2%00%D7%D7%D7%00%DD%DD%DD%00%E3%E3%E3%00%EA%EA%EA%00%F1%F1%F1%00%F8%F8%F8%00%F0%FB%FF%00%A4%A0%A0%00%80%80%80%00%00%00%FF%00%00%FF%00%00%00%FF%FF%00%FF%00%00%00%FF%00%FF%00%FF%FF%00%00%FF%FF%FF%00%0A%0A%0A%0A%0A******%0A%0A%0A%0A%0A%0A%0A%0A**%2C2882%2C**%0A%0A%0A%0A%0A*2888888882*%0A%0A%0A*282282282882*%0A%0A*88%2C%268%2C%268%2C%2688*%0A*%2C88%2C%268%2C%268%2C%2688%2C**288%2C%268%2C%268%2C%26882**888%2C%268%2C%268%2C%26888**8%2C%26%2C%268%2C%268%2C%2C%26%2C8**82%2C%2C%268%2C%268%2C%2C%2C28**%2C888888888888%2C*%0A*88%2C%268%2C%268%2C%2688*%0A%0A*28%2C%2C8%2C%2C8%2C%2C82*%0A%0A%0A*2888888882*%0A%0A%0A%0A%0A**%2C2882%2C**%0A%0A%0A%0A%0A%0A%0A%0A******%0A%0A%0A%0A%0A%F8%1F%00%00%E0%07%00%00%C0%03%00%00%80%01%00%00%80%01%00%00%00%00%00%00%00%00%00%00%00%00%00%00%00%00%00%00%00%00%00%00%00%00%00%00%80%01%00%00%80%01%00%00%C0%03%00%00%E0%07%00%00%F8%1F%00%00</l>
<l>5|Diccionario RAE|http://buscon.rae.es/draeI/SrvltGUIBusUsual?TIPO_HTML=2&amp;TIPO_BUS=3&amp;LEMA=foo</l>
<l>5|Diccionario RAE|http://buscon.rae.es/draeI/html/cabecera.htm</l>
<l>5|Diccionario RAE|none</l>
<l>6|MercadoLibre Argentina|MercadoLibre Argentina|false|null|data:image/x-icon;base64,AAABAAEAEBAAAAEACABoBQAAFgAAACgAAAAQAAAAIAAAAAEACAAAAAAAQAEAAAAAAAAAAAAAAAEAAAAAAAD+/f0A+/j4APr29QD59fQA+vb2AP38+wDv4d8Az6egALx/dQCrX1IAmUU3AJM8LwCROSsAlz4wAKNRQwC2c2cAxpaNAOXOygDgxL8AqlxPAJAqGAB+MyYAUnByACupuAAYx9gAFMrdABjI2QAmssEARoGHAHFFPQCMJxQAnUU1AMuclACVNyYAkDstAEiAhgAN1esAAej+AAPj+wAfvtMAWpqmADuvvgAgttAABeH3AC2mtACARjwAlzcmAK5oXQA2nKkAAeb9AAzU7wBlk6AAxKmlANy+ugDgxcEAv5qUAGCEjwATzOQAD9LkAI5eWABgWlgAAef9ABbN5gCHlZkA48vHANq5swDkzcoA/fv7AOjV0gDbu7YAlIWEABLM5wAnr78ANZ+rAA/R6QBHkZ4Ao42KAOTLyAD37+4A/v7+AP///wDn0c4A69rXAMuflwCXgn8AP6GtAA7S6gAE4voAqaWmANG2swD38O8A9u/uAM2imwDz6+kA9u7tANjAvACrvsMA/fz8APv39gDs29gAz6miAPv39wDLxMMAbbO6AFOpswCypKIA5tHOANTBvwCen58Afp2gAJaiogDYxMAA+vf2ANy8tgDx5uQAqFdJADChsgAN1+oAKbLCACywvQAUy98AAub9AAXh9gBTcnYAv4N5AOjT0ADXs60AxY+HAMeVjACvkIsAca62AECstwAsscEAH7/QACqxwABAqLIAa6GoAJ+TkAC8hn0AwIh/AMiVjQDp1tMA06ylAMWRiAC+g3kAt3txALV1agC2dmsAt3pwAL2BdwDKm5MA/Pv6APr19QD38fAA+fTzAPz5+QAAAAAAAAAAAAAAAAAAAAAAAAAAAAAAAAAAAAAAAAAAAAAAAAAAAAAAAAAAAAAAAAAAAAAAAAAAAAAAAAAAAAAAAAAAAAAAAAAAAAAAAAAAAAAAAAAAAAAAAAAAAAAAAAAAAAAAAAAAAAAAAAAAAAAAAAAAAAAAAAAAAAAAAAAAAAAAAAAAAAAAAAAAAAAAAAAAAAAAAAAAAAAAAAAAAAAAAAAAAAAAAAAAAAAAAAAAAAAAAAAAAAAAAAAAAAAAAAAAAAAAAAAAAAAAAAAAAAAAAAAAAAAAAAAAAAAAAAAAAAAAAAAAAAAAAAAAAAAAAAAAAAAAAAAAAAAAAAAAAAAAAAAAAAAAAAAAAAAAAAAAAAAAAAAAAAAAAAAAAAAAAAAAAAAAAAAAAAAAAAAAAAAAAAAAAAAAAAAAAAAAAAAAAAAAAAAAAAAAAAAAAAAAAAAAAAAAAAAAAAAAAAAAAAAAAAAAAAAAAAAAAAAAAAAAAAAAAAAAAAAAAAAAAAAAAAAAAAAAAAAAAAAAAAD///8A/v7+/v7+/v7+/v7+/v7+/v7+/v7+/v7+/v7+/v7+/v7+/v7+/v7+/v7+/v7+/v7+/v7+/nKOfwgPfCBj/v7+/v7+XB4eHEhIKhscHh5//v7+cx4WJSUlboIqJSUcHhT+kx88JTI4cVFOfjgmJTAOCS8gFilZY11QUBFxYCosjC4PUV1QUFBQUGMRUFBQm10OfXxQAGAYaGZgYClnjVAINv5EIAgdJSUlJSUlHB98QP7+/v5jjn8HNzdcf4xj/v7+/v7+/v7+/v7+/v7+/v7+/v7+/v7+/v7+/v7+/v7+/v7+/v7+/v7+/v7+/v7+/v7+/v7+/v7+/v7+/v7+/v7+/v//AAD//wAA//8AAPAPAADAAwAAgAEAAAAAAAAAAAAAAAAAAAAAAACAAQAA4AcAAP//AAD//wAA//8AAP//AAA=</l>
<l>6|MercadoLibre Argentina|http://www.mercadolibre.com.ar/jm/search?as_word=foo&amp;as_pr_categ_id=&amp;as_search_both=N</l>
<l>6|MercadoLibre Argentina|http://www.mercadolibre.com.ar/</l>
<l>6|MercadoLibre Argentina|none</l>
</section>
<section id="preferences">
<l>app.update.channel|beta</l>
<l>browser.contentHandlers.types.0.title|Bloglines</l>
<l>browser.contentHandlers.types.0.type|application/vnd.mozilla.maybe.feed</l>
<l>browser.contentHandlers.types.0.uri|http://www.bloglines.com/login?r=/sub/%s</l>
<l>browser.contentHandlers.types.1.title|My Yahoo</l>
<l>browser.contentHandlers.types.1.type|application/vnd.mozilla.maybe.feed</l>
<l>browser.contentHandlers.types.1.uri|http://add.my.yahoo.com/rss?url=%s</l>
<l>browser.contentHandlers.types.2.title|Google</l>
<l>browser.contentHandlers.types.2.type|application/vnd.mozilla.maybe.feed</l>
<l>browser.contentHandlers.types.2.uri|http://fusion.google.com/add?feedurl=%s</l>
<l>browser.contentHandlers.types.3.title|chrome://browser-region/locale/region.properties</l>
<l>browser.contentHandlers.types.3.type|application/vnd.mozilla.maybe.feed</l>
<l>browser.contentHandlers.types.3.uri|chrome://browser-region/locale/region.properties</l>
<l>browser.contentHandlers.types.4.title|chrome://browser-region/locale/region.properties</l>
<l>browser.contentHandlers.types.4.type|application/vnd.mozilla.maybe.feed</l>
<l>browser.contentHandlers.types.4.uri|chrome://browser-region/locale/region.properties</l>
<l>browser.contentHandlers.types.5.title|chrome://browser-region/locale/region.properties</l>
<l>browser.contentHandlers.types.5.type|application/vnd.mozilla.maybe.feed</l>
<l>browser.contentHandlers.types.5.uri|chrome://browser-region/locale/region.properties</l>
<l>browser.startup.homepage|http://es-AR.start2.mozilla.com/firefox?client=firefox-a&amp;rls=org.mozilla:es-AR:official</l>
<l>browser.startup.page|null</l>
<l>general.startup.browser|true</l>
<l>startup.homepage_override_url|http://%LOCALE%.www.mozilla.com/%LOCALE%/%APP%/%VERSION%/whatsnew/</l>
<l>startup.homepage_welcome_url|http://%LOCALE%.www.mozilla.com/%LOCALE%/%APP%/%VERSION%/firstrun/</l>
</section>
<section id="extensions">
</section>
</testrun>
