<?xml version="1.0"?>
<testrun>
<section id="searchengine">
<l>1|Google|Google Search|false|null|data:image/x-icon;base64,R0lGODlhEAAQAPfLAAATVikwdA8SnxUfgAsWpAAilholjxw4jBc7kwAlvQQ2sRMsoBUqqhMzuhY/vxw4tSgmiyM1mSUztiQ6sTE3sQ4qyxMxxRoyxiAuxR1CtBxJsBxasSJuuTFguBte0Rlf2xVc9h9W9xVjzxVr0gdj6BRh4R1o5yBcyiZbyydT1i9b2Ddb1iFY6CJg2Vpor1dzvEJu20Z0yi23QDy1REi2OUy0O1WzOVC4PU+tVUe5Sk2xQU2zRUO4UE21Ula2SmKEqWWF2HyPx2+a6X6e6Xqk1m+s78sUDs4UGdEQB9YfDdwaANEfHd0YEscjAM4mAM0qANIoD9IkGdslGswuItYgL4aP0ImP2YGZ36Opzaq2wq/S+rzX/7/e8MrS1MLO/sTb48rT8snX/83c89PZ+crq+cH1/9Dl/9Ln/93r/9fy/+Hf7P/42eDm/O7u/+T29uX2/eT2/+f4/+f5/+j/9u//8+3/9u7/9ur5/+j//+n//+v//u3//+7//e7//+////b66/T/6vX/6/f/7f/07fj/4fv/4Pj/5v/45v7/4/r+7/3/6fDw+Pfx//D/9/X/8fT/8/f/8ff/8/D///H///L8/fL///P///X7//b6/ff/+/T///b9//f///v19//w9v/09P/29v/x+f/y///z///1+v/1///2///3//j79P/58/z/8/z99/z/9v7/9P7/9vn7//v6//j9//n9//j///n///v//vv////4+v/5+//6+P/4///6/P/6/v/6///7///9+P/8+v/9+v7/+Pz////8/f/9/f79///8///9//7//////////wAAAAAAAAAAAAAAAAAAAAAAAAAAAAAAAAAAAAAAAAAAAAAAAAAAAAAAAAAAAAAAAAAAAAAAAAAAAAAAAAAAAAAAAAAAAAAAAAAAAAAAAAAAAAAAAAAAAAAAAAAAAAAAAAAAAAAAAAAAAAAAAAAAAAAAAAAAAAAAAAAAAAAAAAAAAAAAAAAAAAAAAAAAAAAAAAAAAAAAAAAAAAAAACH5BAEAAMsALAAAAAAQABAAAAj/AEn4oIFjBw8bOnrMuJGjhowZM1T8UdYJUZ5ZcNRYWjSrVK5QU0DMmtUnzRAXEy4o6FCEy6NDTkQIq1MmRgM0eZTlCXMgQJtRSE4gmgUkwh1EiZTNUiamy6NUUExcuoJgDCdDjQg9KgVL2SNFT1hwEvKglLBWuixZ+jSrlSBdRlL04bBBkTBdpZTpIqWsFaBcTEr0QaEhl6dWlswKW6poDRUPlmAUQKWMkTJLc76QMQNGUZMWgIgkCFJnlq5WXigwkFClVZQQyuRgELAlk7JBymCZGYAF0ZEPrQixgUDAihxVdPpoAZAFUZIRfThxgvPCwAILDipk+OFG2ZIVoxApERtPfvwlvZ+kQFzPvv0MJQEBADs=</l>
<l>1|Google|http://www.google.com/search?q=foo&amp;ie=utf-8&amp;oe=utf-8&amp;aq=t&amp;rls=org.mozilla:sk:official&amp;client=firefox-a</l>
<l>1|Google|http://www.google.com/firefox</l>
<l>1|Google|http://suggestqueries.google.com/complete/search?output=firefox&amp;client=firefox&amp;hl=sk&amp;q=foo</l>
<l>2|Azet|Azet - portal, kde je vzdy najviac ludi|false|null|data:image/png;base64,iVBORw0KGgoAAAANSUhEUgAAABAAAAAQCAYAAAAf8/9hAAACeUlEQVQ4jY2SX0hTYRjGn7PvbOcMU7e1tkNtK5fzTxtNm9kqhKIMzZqlkRcKJnhjVJchKEGaIOXlugiyqKAgoozd9QcnmFIS5cFqFZK4LByymdvc3M52unE2h1k/ePkuvvf53vf53hdYH2o5AACnq0qaDVrW+A/NCipHt9pV1aUeAEDXmOFIOiGOd1A8gA2pJDpDlAOdZRe+T7gVW6T6fLukOkJYojeitNyAMhBgU7aoTtdJVskPt11BU98gTvQOzM/Ex78OhR8CAJGAiCKSAHBnFHcBzK/9AKJLkFBAoa0WRlvN4M14T3Da/y4awsLUL0wPT2L42jM41/PNoKLxMjpdAuq6n2bc0Uj70BQUAHYvaquPouXMFHi+H5f6wGjUIKEIFhf9bElrO9EU2JIqY1EiGvRTs/ybJc+jGwh4JwCAyoPZ2kz1dNlFhwMAIvB6m7BjdxjhBUWd081oi8sjn1/cj/147yYKQ1HWzpPnxEQsGnBdrBZ8nhH6Gz7wD8TeqwpotUpwXBhzc2HQMZqz2iVKXWGYf+IMvXKeX/GRozGw2w+ckm0uPSj4PCPpdggA2fKZ6ZkCIIVcpVPVXx/Ttr0U5daG9lRSisRypBCg1FuyCiobaZXJSnK4PMSDATpXZ0qvmjHGP8i27qvXNNzmmfzKxvjMsCvo7mnxP75QE/s5PpQ5mjWRW463AqAWx251RL88v7dSkRCp+D8diMmEAIoCwxXbAUgBELlpfx3NWSvSl+GvHSyM9nfSqm1m1lx7luj3HKPi0ZDg936KzX58zehshyiplAHW2KzVZKtlxrIjhM3dGJ/zvBV8njEAWTRnKRECPi+WfJO/AdoP0gBbc7GoAAAAAElFTkSuQmCC</l>
<l>2|Azet|http://www.azet.sk/katalog/vyhladavanie/?sq=foo&amp;kde=internet</l>
<l>2|Azet|http://www.azet.sk</l>
<l>2|Azet|none</l>
<l>3|Atlas|Internetovy portal - Atlas.sk|false|null|data:image/x-icon;base64,iVBORw0KGgoAAAANSUhEUgAAABAAAAAQCAIAAACQkWg2AAAABGdBTUEAAK/INwWK6QAAABl0RVh0U29mdHdhcmUAQWRvYmUgSW1hZ2VSZWFkeXHJZTwAAALESURBVHjaYvz//z8DMvj7nuHXY4YfLxiA4hziDJzyDIyCyPIAAcSCYP55w/Bi7deHW188e/H5B/tfRg5mVnZuAWEJVXteWR8GVjGIKoAAYoTa8P3mz0tVj27f+8rrIazmxSkgx8TM+v/fr6/vH768vZ+L7aOKZTI7vw5QIUAAAW3+///7ve8H3W+sCHh+59zf/+jgz5//j64fO7e16fPrG0AuQAAxAI35e7n4xVr3L68f/8cNnt27fOXQit+/vgMEEOP/z5d+HMn+r97Eqehw/9Wf5Ue+/vrDyMLCxMLIyMTMKMzDbKPBqi7FBHTMz+/f2Dg4AAKIheH9JUYuTTYZK6DQ07d/Zu36+O0HIzs7MzMTEysrMycH26Zzv0t9OW3Umdk5uYBqAAKI5e+394y8mkysbECOhjRLTzTX9x9/mZiY/v//t+/0g1MvJO+/5t989pe5CicrM8jPAAHExMDE85+ZCxJkInwsqrJ8Pxk43nxl+vybjY2V9d+fn3/+Mjx88+/nb2h0AQQQCxOPIsvvuxDOhpPfGtd8fvWJgY0V6KL/zMyKzBwM//7++/2PCR67AAHExCigwcDMzvDn8/ffDGtOfHvwhoH970c7yftxhi9Nuc/+/vjk9z/mv38Z4dELEEAsDJxijJL2DEws//8w/GdgYmX+//c/44GTDw7/+/Lr509maTEmBsa///4zwKwACCBg0mD8zyPz689v5v8/HDUZTt399+OPMLO8x39GBjZGRqDCn7///vqDSEEAAcQCTBk/vn9/9+79t29fjcV/ZZp9P3Pv7/effxkY/nNyccnJyvAL8EkJMLGxQF0FEEDA+GFgZWVhYWUFJoGvX75JsT4zFXzz7t2nX7//crNwG4rquTiYcnKywm0ACCBGePL+8/fvn99/fv768+Pn71+//gDjAehadnY2QX4eNjZmuAaAAAMA9HBNfsA2E5MAAAAASUVORK5CYII=</l>
<l>3|Atlas|http://www.atlas.sk/search.php?phrase=foo&amp;sourceid=firefox</l>
<l>3|Atlas|http://www.atlas.sk/</l>
<l>3|Atlas|none</l>
<l>4|Dunaj|Dunaj.sk - zelena vasim nakupom|false|null|data:image/png;base64,iVBORw0KGgoAAAANSUhEUgAAABAAAAAQCAYAAAAf8/9hAAACOUlEQVQ4jb2ST0iTcRzGn/e3952b29vLfJtuvrp0zaEzjXA2qCHV0MBTlJ4iCIqKDp28dOpS0C0i+nOIOnQKolAqEKJ/BhmWEuuQdggbvmtm5u/9ve/e7XXv1sUshMAKeu6f5/v9wAP8Y7i/BYONkb3Hjx09zP8BIwCwAZQB+Jy14XPqItXWTSeSqZPb4okBAPymeN9EonfwCYDqdSt09w2+MIu27OLL0wLPO1+O3jkAwPydgmPlXQBAMBhsy9FiFzNMlySK0VL29Q4AJgCQXyASCkdTkdbWvpWC1dSHYwOU5V0cR8CMPBGVzquBQKj9xyWEQuFkQyxxWawiWYMydfuu3iFFUTYbRVMzGdP9Ld03i9ay0OAT7oNmznyYGjur6/QTgAofjcVSy1J0mC99PsKWlnJN8dRIak9SfjT68MZXVb3klmWlQtWL9H36Xq5AP651JaruPBX0VaffTozf1qrqLhzc3y+ndsZhFO36aFvHvsAGWdEWMk8lSawFIK0t4MKdySsFQTpkZafizU0tPZYYujbQv5uIXg+oxlCyy3A4CB4/uHv6+aux62AsD6/XA13/AgCcLMuKsqVn+Jtpd4R9lfOMLs5Q3Qps9PubRY/XkZ3PaQW2NFkw6azPF2wXBCJMv5seyecXVODnlMXI1sRQ2V13wuN2GrbJJt1Obs7hICWqGW6bIzWSKLpg0tE3489uAdBXFdYo1TQ2R+KhpkiXYZVqCEjFsvK5+bnZ9LyaGQew/un+t3wHzZ7XlmdRXP0AAAAASUVORK5CYII=</l>
<l>4|Dunaj|http://www.dunaj.sk/default.asp?bShowGoodsList=True&amp;bShowSearchForm=True&amp;sSearchBasic=foo&amp;nDepartmentID=10000&amp;sourceid=firefox</l>
<l>4|Dunaj|http://www.dunaj.sk/</l>
<l>4|Dunaj|none</l>
<l>5|eBay|eBay - Online actions|false|null|data:image/x-icon;base64,R0lGODlhEAAQAMQAAAAAAMz/zMwAADMAzOfn1sxmAP///5kAZpnM////AACZM/777zPMAP+ZAP8AAP9mmf/MzMwAZjNmAADMM/+ZM/9mM//MMwAAAAAAAAAAAAAAAAAAAAAAAAAAAAAAAAAAACH5BAQUAP8ALAAAAAAQABAAAAVPoCGOZGmeaKqiQDkMYqAoBqMELpxUlVTfBohjeHjBLJLZZCF0GASOAWJQSFAUE1FTwIUNKoYKTQslGCLSb6MBFD2G3Zdo0k4tVvi8fl8KAQA7</l>
<l>5|eBay|http://search.ebay.com/search/search.dll?query=foo&amp;MfcISAPICommand=GetResult&amp;ht=1&amp;ebaytag1=ebayreg&amp;srchdesc=n&amp;maxRecordsReturned=300&amp;maxRecordsPerPage=50&amp;SortProperty=MetaEndSort</l>
<l>5|eBay|http://search.ebay.com/</l>
<l>5|eBay|none</l>
<l>6|Wikipédia (Slovenčina)|Wikipédia, slobodná a otvorená encyklopédia|false|null|data:image/x-icon;base64,iVBORw0KGgoAAAANSUhEUgAAABAAAAAQBAMAAADt3eJSAAAAMFBMVEUDAwMYGBgoKCg7OztHR0dYWFhqamp7e3uDg4OYmJioqKi6urrHx8fZ2dno6Oj9/f34pRgPAAAAc0lEQVQI12P4DwUMmIyt3r/c75feTWX4of3f6V7nv0yGv2LvJ67J/5fP8D/w/BWN9b/XM/zf2P+T9f+L/Qz/v/j+Nfl/Haj9B9dfo/0zQeaovkrO7wMxmquua/aDGIu0fiudBzG++P5PAtv1+/z/20iWAgCSoWURjfnvaQAAAABJRU5ErkJggg==</l>
<l>6|Wikipédia (Slovenčina)|http://sk.wikipedia.org/wiki/%C5%A0peci%C3%A1lne:Search?search=foo&amp;sourceid=Mozilla-search</l>
<l>6|Wikipédia (Slovenčina)|http://sk.wikipedia.org/wiki/%C5%A0peci%C3%A1lne:Search</l>
<l>6|Wikipédia (Slovenčina)|http://sk.wikipedia.org/w/api.php?action=opensearch&amp;search=foo</l>
<l>7|Zoznam|Zoznam slovenskeho internetu|false|null|data:image/png;base64,iVBORw0KGgoAAAANSUhEUgAAABAAAAAQCAYAAAAf8/9hAAAApUlEQVQ4jWNggIJ/DAz//zEw/D+tKv3/dqT3fwYiASNMMy4FZ1WlGRg4OBgEdDQYVJdvZcRpEswFhPBmTu7/p1Wl4RYyohtCrNMZGBgYmBgYGHE7CYsL0TVjuIBUzUQZgE8zQQMIacZrADGacRpArGasBpCiGcMAUjWjGECOZqg67ABXUl5ta/x/d2o0aoo9bKqNO+3rGv+/7Gr8/3BmNknJnGgAAJxPXsbphIDfAAAAAElFTkSuQmCC</l>
<l>7|Zoznam|http://www.zoznam.sk/hladaj.fcgi?co=odkazy&amp;s=foo</l>
<l>7|Zoznam|http://www.zoznam.sk/</l>
<l>7|Zoznam|none</l>
</section>
<section id="preferences">
<l>app.update.channel|beta</l>
<l>browser.contentHandlers.types.0.title|Bloglines</l>
<l>browser.contentHandlers.types.0.type|application/vnd.mozilla.maybe.feed</l>
<l>browser.contentHandlers.types.0.uri|http://www.bloglines.com/login?r=/sub/%s</l>
<l>browser.contentHandlers.types.1.title|Netvibes</l>
<l>browser.contentHandlers.types.1.type|application/vnd.mozilla.maybe.feed</l>
<l>browser.contentHandlers.types.1.uri|http://www.netvibes.com/subscribe.php?url=%s</l>
<l>browser.contentHandlers.types.2.title|Google Reader</l>
<l>browser.contentHandlers.types.2.type|application/vnd.mozilla.maybe.feed</l>
<l>browser.contentHandlers.types.2.uri|http://fusion.google.com/add?feedurl=%s</l>
<l>browser.contentHandlers.types.3.title|My Yahoo</l>
<l>browser.contentHandlers.types.3.type|application/vnd.mozilla.maybe.feed</l>
<l>browser.contentHandlers.types.3.uri|http://add.my.yahoo.com/rss?url=%s</l>
<l>browser.contentHandlers.types.4.title|chrome://browser-region/locale/region.properties</l>
<l>browser.contentHandlers.types.4.type|application/vnd.mozilla.maybe.feed</l>
<l>browser.contentHandlers.types.4.uri|chrome://browser-region/locale/region.properties</l>
<l>browser.contentHandlers.types.5.title|chrome://browser-region/locale/region.properties</l>
<l>browser.contentHandlers.types.5.type|application/vnd.mozilla.maybe.feed</l>
<l>browser.contentHandlers.types.5.uri|chrome://browser-region/locale/region.properties</l>
<l>browser.startup.homepage|http://sk.start2.mozilla.com/firefox?client=firefox-a&amp;rls=org.mozilla:sk:official</l>
<l>browser.startup.page|null</l>
<l>general.startup.browser|true</l>
<l>startup.homepage_override_url|http://%LOCALE%.www.mozilla.com/%LOCALE%/%APP%/%VERSION%/whatsnew/</l>
<l>startup.homepage_welcome_url|http://%LOCALE%.www.mozilla.com/%LOCALE%/%APP%/%VERSION%/firstrun/</l>
</section>
<section id="extensions">
</section>
</testrun>
