<?xml version="1.0"?>
<testrun>
<section id="searchengine">
<l>1|Google|Google Search|false|null|data:image/x-icon;base64,R0lGODlhEAAQAPfLAAATVikwdA8SnxUfgAsWpAAilholjxw4jBc7kwAlvQQ2sRMsoBUqqhMzuhY/vxw4tSgmiyM1mSUztiQ6sTE3sQ4qyxMxxRoyxiAuxR1CtBxJsBxasSJuuTFguBte0Rlf2xVc9h9W9xVjzxVr0gdj6BRh4R1o5yBcyiZbyydT1i9b2Ddb1iFY6CJg2Vpor1dzvEJu20Z0yi23QDy1REi2OUy0O1WzOVC4PU+tVUe5Sk2xQU2zRUO4UE21Ula2SmKEqWWF2HyPx2+a6X6e6Xqk1m+s78sUDs4UGdEQB9YfDdwaANEfHd0YEscjAM4mAM0qANIoD9IkGdslGswuItYgL4aP0ImP2YGZ36Opzaq2wq/S+rzX/7/e8MrS1MLO/sTb48rT8snX/83c89PZ+crq+cH1/9Dl/9Ln/93r/9fy/+Hf7P/42eDm/O7u/+T29uX2/eT2/+f4/+f5/+j/9u//8+3/9u7/9ur5/+j//+n//+v//u3//+7//e7//+////b66/T/6vX/6/f/7f/07fj/4fv/4Pj/5v/45v7/4/r+7/3/6fDw+Pfx//D/9/X/8fT/8/f/8ff/8/D///H///L8/fL///P///X7//b6/ff/+/T///b9//f///v19//w9v/09P/29v/x+f/y///z///1+v/1///2///3//j79P/58/z/8/z99/z/9v7/9P7/9vn7//v6//j9//n9//j///n///v//vv////4+v/5+//6+P/4///6/P/6/v/6///7///9+P/8+v/9+v7/+Pz////8/f/9/f79///8///9//7//////////wAAAAAAAAAAAAAAAAAAAAAAAAAAAAAAAAAAAAAAAAAAAAAAAAAAAAAAAAAAAAAAAAAAAAAAAAAAAAAAAAAAAAAAAAAAAAAAAAAAAAAAAAAAAAAAAAAAAAAAAAAAAAAAAAAAAAAAAAAAAAAAAAAAAAAAAAAAAAAAAAAAAAAAAAAAAAAAAAAAAAAAAAAAAAAAAAAAAAAAAAAAAAAAACH5BAEAAMsALAAAAAAQABAAAAj/AEn4oIFjBw8bOnrMuJGjhowZM1T8UdYJUZ5ZcNRYWjSrVK5QU0DMmtUnzRAXEy4o6FCEy6NDTkQIq1MmRgM0eZTlCXMgQJtRSE4gmgUkwh1EiZTNUiamy6NUUExcuoJgDCdDjQg9KgVL2SNFT1hwEvKglLBWuixZ+jSrlSBdRlL04bBBkTBdpZTpIqWsFaBcTEr0QaEhl6dWlswKW6poDRUPlmAUQKWMkTJLc76QMQNGUZMWgIgkCFJnlq5WXigwkFClVZQQyuRgELAlk7JBymCZGYAF0ZEPrQixgUDAihxVdPpoAZAFUZIRfThxgvPCwAILDipk+OFG2ZIVoxApERtPfvwlvZ+kQFzPvv0MJQEBADs=</l>
<l>1|Google|http://www.google.com/search?q=foo&amp;ie=utf-8&amp;oe=utf-8&amp;aq=t&amp;rls=org.mozilla:ru:official&amp;client=firefox-a</l>
<l>1|Google|http://www.google.com/firefox</l>
<l>1|Google|http://suggestqueries.google.com/complete/search?output=firefox&amp;client=firefox&amp;hl=ru&amp;q=foo</l>
<l>2|Яндекс|Воспользуйтесь Яндексом для поиска в Интернете.|false|null|data:image/x-icon;base64,AAABAAEAEBAAAAEACABoBQAAFgAAACgAAAAQAAAAIAAAAAEACAAAAAAAAAAAAAAAAAAAAAAAAAEAAAAAAAACAv4AgoL+AD4+/gDCwv4AHh7+AJqa/gBqav4A5ub+ABIS/gBOTv4A+vr+AI6O/gAyMv4ARkb+AO7u/gAKCv4AJib+AK6u/gAaGv4Alpb+AIqK/gBCQv4A2tr+AJ6e/gBubv4A6ur+ABYW/gBWVv4A/v7+AJKS/gA2Nv4ASkr+APLy/gAODv4AKir+AAAAAAAAAAAAAAAAAAAAAAAAAAAAAAAAAAAAAAAAAAAAAAAAAAAAAAAAAAAAAAAAAAAAAAAAAAAAAAAAAAAAAAAAAAAAAAAAAAAAAAAAAAAAAAAAAAAAAAAAAAAAAAAAAAAAAAAAAAAAAAAAAAAAAAAAAAAAAAAAAAAAAAAAAAAAAAAAAAAAAAAAAAAAAAAAAAAAAAAAAAAAAAAAAAAAAAAAAAAAAAAAAAAAAAAAAAAAAAAAAAAAAAAAAAAAAAAAAAAAAAAAAAAAAAAAAAAAAAAAAAAAAAAAAAAAAAAAAAAAAAAAAAAAAAAAAAAAAAAAAAAAAAAAAAAAAAAAAAAAAAAAAAAAAAAAAAAAAAAAAAAAAAAAAAAAAAAAAAAAAAAAAAAAAAAAAAAAAAAAAAAAAAAAAAAAAAAAAAAAAAAAAAAAAAAAAAAAAAAAAAAAAAAAAAAAAAAAAAAAAAAAAAAAAAAAAAAAAAAAAAAAAAAAAAAAAAAAAAAAAAAAAAAAAAAAAAAAAAAAAAAAAAAAAAAAAAAAAAAAAAAAAAAAAAAAAAAAAAAAAAAAAAAAAAAAAAAAAAAAAAAAAAAAAAAAAAAAAAAAAAAAAAAAAAAAAAAAAAAAAAAAAAAAAAAAAAAAAAAAAAAAAAAAAAAAAAAAAAAAAAAAAAAAAAAAAAAAAAAAAAAAAAAAAAAAAAAAAAAAAAAAAAAAAAAAAAAAAAAAAAAAAAAAAAAAAAAAAAAAAAAAAAAAAAAAAAAAAAAAAAAAAAAAAAAAAAAAAAAAAAAAAAAAAAAAAAAAAAAAAAAAAAAAAAAAAAAAAAAAAAAAAAAAAAAAAAAAAAAAAAAAAAAAAAAAAAAAAAAAAAAAAAAAAAAAAAAAAAAAAAAAAAAAAAAAAAAAAAAAAAAAAAAAAAAAAAAAAAAAAAAAAAAAAAAAAAAAAAAAAAAAAAAAAAAAAAAAAAAAAAAAAAAAAAAAAAAAAAAAAAAAAAAAAAAAAAAAAAAAAAAAAAAAAAAAAAAAAAAAAAAAAAAAAAAAAAAAAAAAAAAAAAAAAAAAAAAAAAAAAAAAAAAAAAAAAAAAAAAAAAAAAAAAAAAAAAAAAAAAAAAAAAAAAAAAAAAAAAAAAAAAAAAAAAAAAAAAAAAAAAAAAAAAAAAAAAAAAAAAAAAAAAAAAAAAAAAAAAAAHBwcHBwcHBwcHBwc/////xwHAggWHAUMDAYcHBz///8cHBkABhwcDSEcHBwc////HBwcEAwcHB8hHBwcHBz//xwcHAkPChwfIRwcHBwc//8cHBwBABYcHyEcHBwcHBz/HBwcAwATHB8hHBwcHBwc/xwcHBwCIg4fIRwcHBwcHBwcHBwcFwAiBCEcHBwcHBwcHBwcEQAUCh8hHBwcHBwc/xwcHAIeHBwfIRwcHBwcHP8cHBwaGxwcHyEcHBwcHP//HBwcEAkcHB8hHBwcHBz//xwcHAsSDhwfIRwcHBz///8cHBwcHQ0VBAAYHBwc////HBwcHBwcHBwcHBwc/////wAPAAAABwAPAAcABwADAAcAAwADAAEAAwABAAEAAAABAAAAAAABAAAAAQABAAMAAQADAAMABwADAAcABwAPAAc=</l>
<l>2|Яндекс|http://yandex.ru/yandsearch?text=foo&amp;from=fx3</l>
<l>2|Яндекс|http://www.yandex.ru/</l>
<l>2|Яндекс|http://suggest.yandex.net/suggest-ff.cgi?part=foo</l>
<l>3|Price.ru|Price.ru Search|false|null|data:image/x-icon;base64,AAABAAEAEBAQAAEABAAoAQAAFgAAACgAAAAQAAAAIAAAAAEABAAAAAAAgAAAAAAAAAAAAAAAEAAAABAAAAAAAAAAAACAAACAAAAAgIAAgAAAAIAAgACAgAAAwMDAAICAgAAAAP8AAP8AAAD//wD/AAAA/wD/AP//AAD///8AAAAACZAAAAAAAAAJkAAAAAAJmZmZkAAAAJmZmZmZkAAAmZmZkAmZAACZAAmQCZkAAAAACZAJmQAAAJmZmZmZAAAJmZmZmQAAAJmQCZAAAAAAmZAJkAAAAACZkAmZmZAAAAmZmZmZkAAAAAmZmZmQAAAAAAmQAAAAAAAACZAAAAD+fwAA/n8AAOAfAADABwAAwGMAAM5jAAD+YwAA8AMAAOAPAADGfwAAxn8AAMYHAADgBwAA+AcAAP5/AAD+fwAA</l>
<l>3|Price.ru|http://www.price.ru/bin/price/ctgrlist?where=00&amp;pnam=foo&amp;base=1&amp;fair=1&amp;plan=7&amp;realm=rozn&amp;sort=1&amp;dsbl=0&amp;sourceid=Mozilla-search</l>
<l>3|Price.ru|http://www.price.ru/index2.html</l>
<l>3|Price.ru|none</l>
<l>4|Rambler|Поиск на Рамблере|false|null|data:image/x-icon;base64,AAABAAEAEBAAAAEACABoBQAAFgAAACgAAAAQAAAAIAAAAAEACAAAAAAAQAEAAAAAAAAAAAAAAAAAAAAAAAAAAAAA////APn5+QD4+PgA6+vrAMLCwgCoqKgA3d3dANvb2wDBwcEA6urqAP39/QDS0tIAz8/PAM3NzQCrq6sAw8PDAPDw8ADx8fEAqampANDQ0ADs7OwAs7OzAOzk4ADv0KwA++nHAPzsywD569AA7unjALa2tgDHx8cA7ennAM2XVQDgsloA7tONAOvOhQDoyYAA4Lt6AOni2ACqqqoA/v7+AMXFxQDkxp8Aw3sAAN+wOgDluk8A5bZHAOO2SADVniEA4LtuAMK/uQD09PQA19fXANyyYgDanAkA7rw9APbGSwD2xUoA9cRHAOewJQDfrjsAzb6fAPb29gDkv24A7bMmAP7SXgD/2nkA/9p8AP/ZcgD5yUcA7sFSANHDogDJyckA89+wAPXBQQD/3X4A/uOeAP/lpQD/4ZUA/tVoAPvglwDGw7wAyMjIANjY2AD18+4A99qQAP3cgQD/6KUA/+26AP/knAD8454A/PjsAPn5+ADMzMwAu7u7ALGxsQDr6eUA/e7IAP7tuwD/8MwA//HMAOvp4gCwsLAA0dHRAMPCwgDY1c8A19XQAMPCwQDo6OgA7u7uAO/v7wAAAAAAAAAAAAAAAAAAAAAAAAAAAAAAAAAAAAAAAAAAAAAAAAAAAAAAAAAAAAAAAAAAAAAAAAAAAAAAAAAAAAAAAAAAAAAAAAAAAAAAAAAAAAAAAAAAAAAAAAAAAAAAAAAAAAAAAAAAAAAAAAAAAAAAAAAAAAAAAAAAAAAAAAAAAAAAAAAAAAAAAAAAAAAAAAAAAAAAAAAAAAAAAAAAAAAAAAAAAAAAAAAAAAAAAAAAAAAAAAAAAAAAAAAAAAAAAAAAAAAAAAAAAAAAAAAAAAAAAAAAAAAAAAAAAAAAAAAAAAAAAAAAAAAAAAAAAAAAAAAAAAAAAAAAAAAAAAAAAAAAAAAAAAAAAAAAAAAAAAAAAAAAAAAAAAAAAAAAAAAAAAAAAAAAAAAAAAAAAAAAAAAAAAAAAAAAAAAAAAAAAAAAAAAAAAAAAAAAAAAAAAAAAAAAAAAAAAAAAAAAAAAAAAAAAAAAAAAAAAAAAAAAAAAAAAAAAAAAAAAAAAAAAAAAAAAAAAAAAAAAAAAAAAAAAAAAAAAAAAAAAAAAAAAAAAAAAAAAAAAAAAAAAAAAAAAAAAAAAAAAAAAAAAAAAAAAAAAAAAAAAAAAAAAAAAAAAAAAAAAAAAAAAAAAAAAAAAAAAAAAAAAAAAAAAAAAAAAAAAAAAAAAAAAAAAAAAAAAAAAAAAAAAAAAAAAAAAAAAAAAAAAAAAAAAAAAAAAAAAAAAAAAAAAAAAAAAAAAAAAAAAAAAAAAAAAAAAAAAAAAAAAAAAAAAAAAAAAAAAEBAW1uAQEBAAAAAAAAAAFsBQYGBgYJbAEAAAAAAAEOBgYGBgYGBgZdCwAAAAFnBgYTaGlqawYGBhQBAAEBEV5fYGFiY2RlZkgDCwEBUlMLVFVWV1hZWltcXRABKA8GSElKS0xNTk9QUQYnCz4GBjQ/QEFCQ0RFRkcGBjMzBgY0NTY3ODk6Ozw9BgY+KA8GKSorLC0uLzAxMgYnKAEeBhMfICEiIyQlJicGEAEBFQYGFhcYGRobHB0GBgQBAAEOBgYPEBESEBMGBhQBAAAACwwGBgYICAYGBg0LAAAAAAABBAUGBwgGCQoBAAAAAAAAAAEBAQIDAQEBAAAAAPAPAADgBwAAwAMAAIABAAAAAAAAAAAAAAAAAAAAAAAAAAAAAAAAAAAAAAAAAAAAAIABAADAAwAA4AcAAPAPAAA=</l>
<l>4|Rambler|http://www.rambler.ru/srch?utf8=1&amp;words=foo</l>
<l>4|Rambler|http://www.rambler.ru/</l>
<l>4|Rambler|none</l>
<l>5|Википедия (Русский)|Википедия (Русский)|false|null|data:image/x-icon;base64,AAABAAEAEBAQAAEABAAoAQAAFgAAACgAAAAQAAAAIAAAAAEABAAAAAAAAAAAAAAAAAAAAAAAEAAAAAAAAAAEAgQAhIOEAMjHyABIR0gA6ejpAGlqaQCpqKkAKCgoAPz9/AAZGBkAmJiYANjZ2ABXWFcAent6ALm6uQA8OjwAiIiIiIiIiIiIiI4oiL6IiIiIgzuIV4iIiIhndo53KIiIiB/WvXoYiIiIfEZfWBSIiIEGi/foqoiIgzuL84i9iIjpGIoMiEHoiMkos3FojmiLlUipYliEWIF+iDe0GoRa7D6GPbjcu1yIiIiIiIiIiIiIiIiIiIiIiIiIiIiIiIgAAAAAAAAAAAAAAAAAAAAAAAAAAAAAAAAAAAAAAAAAAAAAAAAAAAAAAAAAAAAAAAAAAAAAAAAAAAAAAAAAAAAA</l>
<l>5|Википедия (Русский)|http://ru.wikipedia.org/wiki/%D0%A1%D0%BB%D1%83%D0%B6%D0%B5%D0%B1%D0%BD%D0%B0%D1%8F:Search?search=foo&amp;sourceid=mozilla-search</l>
<l>5|Википедия (Русский)|http://ru.wikipedia.org/wiki/%D0%A1%D0%BB%D1%83%D0%B6%D0%B5%D0%B1%D0%BD%D0%B0%D1%8F:Search</l>
<l>5|Википедия (Русский)|http://ru.wikipedia.org/w/api.php?action=opensearch&amp;search=foo</l>
<l>6|Яндекс.Словари|Поиск словарных статей и определений: БСЭ, Даль, Брокгауз и более 20 других словарей. Перевод на 5 языков.|false|null|data:image/x-icon;base64,AAABAAIAEBAAAAEACABoBQAAJgAAABAQAAABACAAaAQAAI4FAAAoAAAAEAAAACAAAAABAAgAAAAAAAAAAAAAAAAAAAAAAAABAAAAAAAATk4GAKKiogCWlj4AwpJiAM7OzgBybgoKsrJ2Curq1gCygk4AzqZ+AMqabgC+jloAjooqAH5+CgraupoK7u7uAGJiBgDGmmYA3t7eAHZ2CgC2hlYA4sq2Cvr6+grGlmoAzp5yAL6SXgBeXgYAwpZiANbW1gDKnm4K+vbyCm5uCgB+egoAvopaAMbGmgCiok4AcnIKAM6qggry6uIKtoZSAL6OXgCGhhYA4squAGZmCgDGmmoA5ubmCnp6Cgq6ilYA6trKAMKWZgDGnnIAUlIGAKqqqgDS0tIKvr5+CraCUgDOpoIAgoIKAPLy8gBiYgoA4uLiAHp2CgrW1roK/v7+AMKSXgBiXgYA2traAPb29gCmoloAdnIKCurq6grCjl4A4sqyAMqaagC6iloAxpZmAMqecgAAAAAKAAAACgAAAAAAAAAAAAAAAAAAAAAAAAAAAAAAAAAAAAoAAAAKAAAAAAAAAAAAAAAAAAAAAAAAAAAAAAAAAAAACgAAAAoAAAAAAAAAAAAAAAAAAAAAAAAAAAAAAAAAAAAKAAAACgAAAAAAAAAAAAAAAAAAAAAAAAAAAAAAAAAAAAoAAAAKAAAAAAAAAAAAAAAAAAAAAAAAAAAAAAAAAAAACgAAAAoAAAAAAAAAAAAAAAAAAAAAAAAAAAAAAAAAAAAKAAAACgAAAAAAAAAAAAAAAAAAAAAAAAAAAAAAAAAAAAoAAAAKAAAAAAAAAAAAAAAAAAAAAAAAAAAAAAAAAAAACgAAAAoAAAAAAAAAAAAAAAAAAAAAAAAAAAAAAAAAAAAKAAAACgAAAAAAAAAAAAAAAAAAAAAAAAAAAAAAAAAAAAoAAAAKAAAAAAAAAAAAAAAAAAAAAAAAAAAAAAAAAAAACgAAAAoAAAAAAAAAAAAAAAAAAAAAAAAAAAAAAAAAAAAKAAAACgAAAAAAAAAAAAAAAAAAAAAAAAAAAAAAAAAAAAoAAAAKAAAAAAAAAAAAAAAAAAAAAAAAAAAAAAAAAAAACgAAAAoAAAAAAAAAAAAAAAAAAAAAAAAAAAAAAAAAAAAKAAAACgAAAAAAAAAAAAAAAAAAAAAAAAAAAAAAAAAAAAoAAAAKAAAAAAAAAAAAAAAAAAAAAAAAAAAAAAAAAAAACgAAAAoAAAAAAAAAAAAAAAAAAAAAAAAAAAAAAAAAAAAKAAAACgAAAAAAAAAAAAAAAAAAAAAAAAAAAAAAAAAAAAoAAAAKAAAAAAAAAAAAAAAAAAAAAAAAAAAAAAAAAAAACgAAAAoAAAAAAAAAAAAAAAAAAAAAAAAAAAAAAAAAAAAKAAAACgAAAAAAAAAAAAAAAAAAAAAAAAAAAAAAAAAAAAoAAAAKAAAAAD8/Pz8/Njk5OTk5OTk5OQQ/Pz8/Pzk/Pz8/Pz8/PwEEPz8/Pz8gEhItPDw8LS00HD8/Pz8/BSQTExMTLg05OUI/FQMDAwMDAwMDAx8TDSkSPwM/Pz8/Pz8/PzMQJA0MLT8DLS0tLS0tLS0AGiQuAkY/AwkJCQkJCQkyAxokIEQPPxcoCwsvLyc3CAgQJA0GOj8JAxkoCyEvFCcIGiQNIkM/DhsxAwMoCy8nCBAkDT4WP0gRLCwXMQMLLycrEyMHPz8wLB0dCiwxGQsvPz8/Pz8/JgodGB0KFzEZSj8/Pz8/Px4sHUwdChcRAyg/Pz8/Pz8/KiwKCiwxMTEZPz8/Pz8AAAAAAAAAAAAAAAAAAAAAAAAAAAAAAAAAAAAAAAAAAAAAAAAAAAAAAAAAAAAAAAAAAAAAAAAAAAAAAAAAAAAAKAAAABAAAAAgAAAAAQAgAAAAAAAAAAAAAAAAAAAAAAAAAAAAAAAAAP///wD///8A////AP///wD///8AgoEKh4KBCv+CgQr/goEK/4KBCv+CgQr/goEK/4KBCv+CgQr/goEK/wAAADP///8A////AP///wD///8A////AIKBCv/+/v7//////////////////////////////////////wAAAF0AAAAv////AP///wD///8A////AP///wB8ewr/3Nzc/+Dg4P/k5OT/4eHh/+Hh4f/h4eH/5eXl/+Xl5f8AAABUAAAAKv///wD///8A////AP///wD///8AcG8J/3JxCf92dQn/d3YJ/3Z1Cf91dAn/eXgJ/318Cv+BgAr/goEK/wAAACX///8AwZJgecGSYP/BkmD/wZJg/8GSYP/BkmD/wZJg/8GSYP/BkmD/wZJg/21sCP94dwn/fn0K/4B+CvMAAAAg////AMGSYP///////////////////////////////////////////1JRBv9gYAf/c3IJ/318Cv98ewvgAAAAG////wDBkmD/5eXl/+Xl5f/l5eX/5eXl/+Xl5f/l5eX/5eXl/+Xl5f9NTAb/Xl4H/3JxCf97egn/engKyAAAABb///8AwpNh/86ogP/OqID/zqiA/86ngP/Np3//zaeA/82nf//HnXD/wZJg/2BfB/9zcgn/fHsK/3h2CawAAAAR////AL+PXOq+jl3/vY1b/7yMWf+5ilf/uIlW/7eGU/+1g1D/s4JO/7KATP9hYAf/dHMJ/318Cv92dAmNAAAADf///wDBkWDLwZJg/8CRX//Aj1//vY5c/7yLWv+5iVb/t4dU/7SFUP+ygk7/YF8H/3NyCf99fAr/dHMJawAAAAn///8Aw5Rkp8OVZP/DlWX/w5Rk/8GTYv+/j1//vY1b/7mKV/+3hlP/tINQ/2JiCP90cwn/fXwK/3RzCUoAAAAF////AMSVZoDFmWj/xppq/8eZaf/Gl2j/w5Rl/8CRYP+8jVv/uYpW/7eGU/9nZgj/d3YJ/39+Crl2dQkrAAAAAv///wDFl2dYx5tr/8mdbv/KnW//yZxt/8aZaf/DlWX/v5Ff/7yNW/+5iVb/////AP///wD///8A////AP///wD///8AxZhnNMicbP/Ln3D/zJ9x/8ueb//InGz/xphp/8SUZf+/kV//u4tZ/////wD///8A////AP///wD///8A////AMWWZhXIm2v/yp5v/8ufcf/Lnm//yZxt/8eYaf/FmGf/wpRj/76PXf////8A////AP///wD///8A////AP///wD///8Axploh8iba//InG3/yJts/8aZaf/ElmX/xJdn/8OVZf++kF7/////AP///wD///8A////AP///wD4AD8/+AA5OfgAOTn4ADkEgAA/P4AAPz+AAD8/gAABBIAAPz+AABISgAA8PIAANByAHz8/gB8kE4AfEy7AHwRw</l>
<l>6|Яндекс.Словари|http://slovari.yandex.ru/search.xml?text=foo&amp;from=fx3</l>
<l>6|Яндекс.Словари|http://slovari.yandex.ru/</l>
<l>6|Яндекс.Словари|none</l>
</section>
<section id="preferences">
<l>app.update.channel|beta</l>
<l>browser.contentHandlers.types.0.title|Яндекс.Лента</l>
<l>browser.contentHandlers.types.0.type|application/vnd.mozilla.maybe.feed</l>
<l>browser.contentHandlers.types.0.uri|http://lenta.yandex.ru/settings.xml?name=feed&amp;url=%s</l>
<l>browser.contentHandlers.types.1.title|Kanban</l>
<l>browser.contentHandlers.types.1.type|application/vnd.mozilla.maybe.feed</l>
<l>browser.contentHandlers.types.1.uri|http://www.kanban.ru/my/settings/add.asp?feed=%s</l>
<l>browser.contentHandlers.types.2.title|Bloglines</l>
<l>browser.contentHandlers.types.2.type|application/vnd.mozilla.maybe.feed</l>
<l>browser.contentHandlers.types.2.uri|http://www.bloglines.com/login?r=/sub/%s</l>
<l>browser.contentHandlers.types.3.title|My Yahoo</l>
<l>browser.contentHandlers.types.3.type|application/vnd.mozilla.maybe.feed</l>
<l>browser.contentHandlers.types.3.uri|http://add.my.yahoo.com/rss?url=%s</l>
<l>browser.contentHandlers.types.4.title|Google Reader</l>
<l>browser.contentHandlers.types.4.type|application/vnd.mozilla.maybe.feed</l>
<l>browser.contentHandlers.types.4.uri|http://fusion.google.com/add?feedurl=%s</l>
<l>browser.contentHandlers.types.5.title|chrome://browser-region/locale/region.properties</l>
<l>browser.contentHandlers.types.5.type|application/vnd.mozilla.maybe.feed</l>
<l>browser.contentHandlers.types.5.uri|chrome://browser-region/locale/region.properties</l>
<l>browser.startup.homepage|http://ru.start2.mozilla.com/firefox?client=firefox-a&amp;rls=org.mozilla:ru:official</l>
<l>browser.startup.page|null</l>
<l>general.startup.browser|true</l>
<l>startup.homepage_override_url|http://%LOCALE%.www.mozilla.com/%LOCALE%/%APP%/%VERSION%/whatsnew/</l>
<l>startup.homepage_welcome_url|http://%LOCALE%.www.mozilla.com/%LOCALE%/%APP%/%VERSION%/firstrun/</l>
</section>
<section id="extensions">
</section>
</testrun>
