<?xml version="1.0"?>
<testrun>
<section id="searchengine">
<l>1|Google|Google Search|false|null|data:image/x-icon;base64,R0lGODlhEAAQAPfLAAATVikwdA8SnxUfgAsWpAAilholjxw4jBc7kwAlvQQ2sRMsoBUqqhMzuhY/vxw4tSgmiyM1mSUztiQ6sTE3sQ4qyxMxxRoyxiAuxR1CtBxJsBxasSJuuTFguBte0Rlf2xVc9h9W9xVjzxVr0gdj6BRh4R1o5yBcyiZbyydT1i9b2Ddb1iFY6CJg2Vpor1dzvEJu20Z0yi23QDy1REi2OUy0O1WzOVC4PU+tVUe5Sk2xQU2zRUO4UE21Ula2SmKEqWWF2HyPx2+a6X6e6Xqk1m+s78sUDs4UGdEQB9YfDdwaANEfHd0YEscjAM4mAM0qANIoD9IkGdslGswuItYgL4aP0ImP2YGZ36Opzaq2wq/S+rzX/7/e8MrS1MLO/sTb48rT8snX/83c89PZ+crq+cH1/9Dl/9Ln/93r/9fy/+Hf7P/42eDm/O7u/+T29uX2/eT2/+f4/+f5/+j/9u//8+3/9u7/9ur5/+j//+n//+v//u3//+7//e7//+////b66/T/6vX/6/f/7f/07fj/4fv/4Pj/5v/45v7/4/r+7/3/6fDw+Pfx//D/9/X/8fT/8/f/8ff/8/D///H///L8/fL///P///X7//b6/ff/+/T///b9//f///v19//w9v/09P/29v/x+f/y///z///1+v/1///2///3//j79P/58/z/8/z99/z/9v7/9P7/9vn7//v6//j9//n9//j///n///v//vv////4+v/5+//6+P/4///6/P/6/v/6///7///9+P/8+v/9+v7/+Pz////8/f/9/f79///8///9//7//////////wAAAAAAAAAAAAAAAAAAAAAAAAAAAAAAAAAAAAAAAAAAAAAAAAAAAAAAAAAAAAAAAAAAAAAAAAAAAAAAAAAAAAAAAAAAAAAAAAAAAAAAAAAAAAAAAAAAAAAAAAAAAAAAAAAAAAAAAAAAAAAAAAAAAAAAAAAAAAAAAAAAAAAAAAAAAAAAAAAAAAAAAAAAAAAAAAAAAAAAAAAAAAAAACH5BAEAAMsALAAAAAAQABAAAAj/AEn4oIFjBw8bOnrMuJGjhowZM1T8UdYJUZ5ZcNRYWjSrVK5QU0DMmtUnzRAXEy4o6FCEy6NDTkQIq1MmRgM0eZTlCXMgQJtRSE4gmgUkwh1EiZTNUiamy6NUUExcuoJgDCdDjQg9KgVL2SNFT1hwEvKglLBWuixZ+jSrlSBdRlL04bBBkTBdpZTpIqWsFaBcTEr0QaEhl6dWlswKW6poDRUPlmAUQKWMkTJLc76QMQNGUZMWgIgkCFJnlq5WXigwkFClVZQQyuRgELAlk7JBymCZGYAF0ZEPrQixgUDAihxVdPpoAZAFUZIRfThxgvPCwAILDipk+OFG2ZIVoxApERtPfvwlvZ+kQFzPvv0MJQEBADs=</l>
<l>1|Google|http://www.google.com/search?q=foo&amp;ie=utf-8&amp;oe=utf-8&amp;aq=t&amp;rls=org.mozilla:cs:official&amp;client=firefox-a</l>
<l>1|Google|http://www.google.com/firefox</l>
<l>1|Google|http://suggestqueries.google.com/complete/search?output=firefox&amp;client=firefox&amp;hl=cs&amp;q=foo</l>
<l>2|Seznam|Vyhledávání na Seznam.cz|false|null|data:image/x-icon;base64,iVBORw0KGgoAAAANSUhEUgAAABAAAAAQCAYAAAAf8/9hAAAABGdBTUEAAK/INwWK6QAAABl0RVh0U29mdHdhcmUAQWRvYmUgSW1hZ2VSZWFkeXHJZTwAAAFGSURBVHjalNI/KEVRHMDxc+5DKZM3qNvbXH+ysSBFGMSgLDJKseCtymKwSK+UmVEmTG+RQQxKJgzkleVa3vAGIqXn+p763Tqdrnv51ad3T+fc3/vd3/npKIpUrVBQKdGCbvRhDPP4NButYagaEl5oloMjGEA7fGv/ERvxQjsVzGALnSkVhegwVbgVjONYZccJ6vHCTrCUcPgbb1L2Pc5QxldSglvMOgmeMYeb38rxrOcS9p1908B1FDGEJjeBTrjGKaxhOOEPD3GJI1RNE3XKHAxiQRL6zt4utknw4qV0+wqL6ME0DvAue8W4X/oPk2iHuf89+bwaFeQ99b94kms00eheY1b40pNNWa9mJcihCxOYxKicP8cOLuwEGm0I0J8LglK9UnngOY8PXGMFpzJcyp1E0+1eSfTKy8v83skIV9O+60eAAQAd5lci6mlq3QAAAABJRU5ErkJggg==</l>
<l>2|Seznam|http://search.seznam.cz/searchScreen?q=foo&amp;sourceid=firefox</l>
<l>2|Seznam|http://search.seznam.cz/</l>
<l>2|Seznam|http://www.seznam.cz/jsSuggestFulltext?phrase=foo&amp;dict=fulltext_ff&amp;encoding=utf-8&amp;response_encoding=utf-8</l>
<l>3|>Jyxo.cz|Hledání pomocí Jyxo.cz|false|null|data:image/x-icon;base64,R0lGODlhEAAQAJEAAPz+/ATyBATKBAQCBCH5BAAAAAAALAAAAAAQABAAAAJBhI82mw1zIAg0iCvCoM9Ui2mc9GGbxniV+SFYtsSXy2ovfZ3D/exCvMIgPr5MJXKyXVpIyovpWYCWx4TEgUhhDQUAOw==</l>
<l>3|>Jyxo.cz|http://jyxo.cz/s?q=foo&amp;d=cz&amp;i=firefox</l>
<l>3|>Jyxo.cz|http://jyxo.cz/</l>
<l>3|>Jyxo.cz|none</l>
<l>4|Centrum|Centrum.cz|false|null|data:image/x-icon;base64,iVBORw0KGgoAAAANSUhEUgAAABAAAAAQCAIAAACQkWg2AAAACXBIWXMAAAsSAAALEgHS3X78AAAAB3RJTUUH0wUcEwYnZ2GssgAAAV1JREFUeNqVkk0rRHEUxn/nf+91h3GHyUvewk6TZKUUtkpZ+QBWsrFTZMEnUMrGxpIFWXgvStIIG1GkRLKQjYjQeL33WBiEvMyvszvPU+ec54h25pIKNrfnKRkMKZKKQV9H+ongrTQpxQLr3fDaCD5KPYdMD9fDCUsoguv54ZDsx+2k2giWo8UVWlIl0XLxCskr1WiRhPPJzNHgia1JszmOMTY+QayGxm6TV0mkQNIjIhYgIKDPCd2b17Vhs7MiiSdcbAxyfcH5icaaxA5/bOg/6O4Uy4NysGHuIA3SAUTbIQE+fm29aR2V7DJAj1Z1qd9sz/Gg2J9uaXOPRjOobjZ1bZJVordnGh+UxSFzeYULad+S1oYWGruktBbQgwUmus3hLlZygO+I+o8YR29Ome5jfUTunnFAfoxHVFW3xpjpleMjHLD+iFv8uR4zO8D9I+6//kOCjlyxfnuRL7wAWhl4seIbMaMAAAAASUVORK5CYII=</l>
<l>4|Centrum|http://search.centrum.cz/utf/index.php?q=foo&amp;from=0&amp;sourceid=firefox</l>
<l>4|Centrum|http://www.centrum.cz/</l>
<l>4|Centrum|none</l>
<l>5|Obchody MALL.cz|Internet Mall - obchody, které si oblíbíte|false|null|data:image/x-icon;base64,iVBORw0KGgoAAAANSUhEUgAAABIAAAAQCAYAAAAbBi9cAAAACXBIWXMAAAsTAAALEwEAmpwYAAAABGdBTUEAAJxAIA3kywAAACBjSFJNAABulQAAdA4AAPGBAACFRgAAZO0AAPeGAABJ4gAAHljF0QxvAAACzklEQVR42mL8DwQMeMCne/cY3h45yPDl2mWGby9eMDAwMjLwKCgwiLp4MohZ28DVAQQQIy6D3p4/z3B/1hSGL+dOMDCyczCwCosyMLGyMfx684rh76cPDAxMTAxCbn4M+i0dYPUAAcTwHwu41tn6/4CN0f/zhTn/n+3Z9f/vjx8o8k937fh/1M/1/z5jjf+X25rBYgABhGLQhwcP/5+IDv5/qb7q/0cgGx/4/fXr/xPh/v/3mWj8f3HixH+AAIIb9O7atf8n4sL/vzx29D+x4O25s//3m+v8P1+a/x8ggMAGfXr0+P/pvKz/nx8//k8qOObv9v+Qu8N/gABiAYXTvfmzGbRrGhg4RUUxAv3lkSMM7/bvZPj85AkDr7oWg0ZBMQMjMKBhgE1ajuHXhTMMAAHEcmfpEgbVtCwMQ16dPMnwYEoPw9frlxlYhEQYOOWVGF6tW87AzMLMoJZXBFf37/s3BiYBIQaAAGIRtbVn4JIQRzHk/tLFDA+n9jCwS8kwqDT2MMh6+4DFjwV4MDCysKKo/fHoPoOgpR0DQABhRP+jLVv+7zPV+n+hqhQu9vH27f8nE6P+ny/ORVH7YOsWcKw9PXr0P0AAYRh00NX2/4Xywv///v79/+r48f8Xayr+n8pI/v/iwH6MgD4a4v3/TE4amA0QQCzIzny0eSMDw++fDFJRiQw3Zs5gYOPlZpCPT2bgV1HBiIQLlaUM/75+ZVAtqwXzAQIIxaB3Z04x8JtaMojq6YIxNvDn50+GiyV5DN/u3mbQmzCDgU9WBiwOEEBMyIoYWViAsfAVZwa+u3Ejw/FATwbGf38Z9OcsZeBXU4fLAQQQSqZ9eekKw/WcRAZBBxcGAUt7cGb9//4Nw8frVxg+njgMTDQcDDIJ6QyKfn4YlgAEEEbuf3fjBsOTlUsY3l26yMAI9AabsDADr4Y2g5CVDYOUvQNO1wIEGABjAxRpGANy7QAAAABJRU5ErkJggg==</l>
<l>5|Obchody MALL.cz|http://www.mall.cz/search.php?full=foo&amp;os-ref=firefox</l>
<l>5|Obchody MALL.cz|http://www.mall.cz/</l>
<l>5|Obchody MALL.cz|none</l>
<l>6|Slunečnice|Slunečnice - stahování programů|false|null|data:image/x-icon;base64,R0lGODlhEAAQAJEDAACZAP/qAGYAAAAAACH5BAEAAAMALAAAAAAQABAAAAI4nI+pu+DvGAjBUZgm3RpkvV2e8WzCKR5gcLbpULKtwKnm/MIV5VYjaQnlSJzL5TNJKhuYCOM5KAAAOw==</l>
<l>6|Slunečnice|http://www.slunecnice.cz/vyhledavani/?qs=foo&amp;sourceid=firefox</l>
<l>6|Slunečnice|http://www.slunecnice.cz/</l>
<l>6|Slunečnice|none</l>
<l>7|Wikipedie (Česky)|Wikipedia, svobodná encyclopedie|false|null|data:image/x-icon;base64,AAABAAEAEBAQAAEABAAoAQAAFgAAACgAAAAQAAAAIAAAAAEABAAAAAAAAAAAAAAAAAAAAAAAEAAAAAAAAAAEAgQAhIOEAMjHyABIR0gA6ejpAGlqaQCpqKkAKCgoAPz9%2FAAZGBkAmJiYANjZ2ABXWFcAent6ALm6uQA8OjwAiIiIiIiIiIiIiI4oiL6IiIiIgzuIV4iIiIhndo53KIiIiB%2FWvXoYiIiIfEZfWBSIiIEGi%2FfoqoiIgzuL84i9iIjpGIoMiEHoiMkos3FojmiLlUipYliEWIF%2BiDe0GoRa7D6GPbjcu1yIiIiIiIiIiIiIiIiIiIiIiIiIiIiIiIgAAAAAAAAAAAAAAAAAAAAAAAAAAAAAAAAAAAAAAAAAAAAAAAAAAAAAAAAAAAAAAAAAAAAAAAAAAAAAAAAAAAAA</l>
<l>7|Wikipedie (Česky)|http://cs.wikipedia.org/wiki/Special:Search?search=foo&amp;sourceid=Mozilla-search</l>
<l>7|Wikipedie (Česky)|http://cs.wikipedia.org/wiki/Special:Search</l>
<l>7|Wikipedie (Česky)|http://cs.wikipedia.org/w/api.php?action=opensearch&amp;search=foo</l>
</section>
<section id="preferences">
<l>app.update.channel|beta</l>
<l>browser.contentHandlers.types.0.title|Seznam</l>
<l>browser.contentHandlers.types.0.type|application/vnd.mozilla.maybe.feed</l>
<l>browser.contentHandlers.types.0.uri|http://www.seznam.cz/pridej-zpravy?url=%s&amp;sourceid=firefox</l>
<l>browser.contentHandlers.types.1.title|Clanky.cz</l>
<l>browser.contentHandlers.types.1.type|application/vnd.mozilla.maybe.feed</l>
<l>browser.contentHandlers.types.1.uri|http://moje.clanky.cz/pridej-zdroj?surl=%s</l>
<l>browser.contentHandlers.types.2.title|Bloglines</l>
<l>browser.contentHandlers.types.2.type|application/vnd.mozilla.maybe.feed</l>
<l>browser.contentHandlers.types.2.uri|http://www.bloglines.com/login?r=/sub/%s</l>
<l>browser.contentHandlers.types.3.title|chrome://browser-region/locale/region.properties</l>
<l>browser.contentHandlers.types.3.type|application/vnd.mozilla.maybe.feed</l>
<l>browser.contentHandlers.types.3.uri|chrome://browser-region/locale/region.properties</l>
<l>browser.contentHandlers.types.4.title|chrome://browser-region/locale/region.properties</l>
<l>browser.contentHandlers.types.4.type|application/vnd.mozilla.maybe.feed</l>
<l>browser.contentHandlers.types.4.uri|chrome://browser-region/locale/region.properties</l>
<l>browser.contentHandlers.types.5.title|chrome://browser-region/locale/region.properties</l>
<l>browser.contentHandlers.types.5.type|application/vnd.mozilla.maybe.feed</l>
<l>browser.contentHandlers.types.5.uri|chrome://browser-region/locale/region.properties</l>
<l>browser.startup.homepage|http://cs.start2.mozilla.com/firefox?client=firefox-a&amp;rls=org.mozilla:cs:official</l>
<l>browser.startup.page|null</l>
<l>general.startup.browser|true</l>
<l>startup.homepage_override_url|http://%LOCALE%.www.mozilla.com/%LOCALE%/%APP%/%VERSION%/whatsnew/</l>
<l>startup.homepage_welcome_url|http://%LOCALE%.www.mozilla.com/%LOCALE%/%APP%/%VERSION%/firstrun/</l>
</section>
<section id="extensions">
</section>
</testrun>
