<?xml version="1.0"?>
<testrun>
<section id="searchengine">
<l>1|Google|Google Search|false|null|data:image/x-icon;base64,R0lGODlhEAAQAPfLAAATVikwdA8SnxUfgAsWpAAilholjxw4jBc7kwAlvQQ2sRMsoBUqqhMzuhY/vxw4tSgmiyM1mSUztiQ6sTE3sQ4qyxMxxRoyxiAuxR1CtBxJsBxasSJuuTFguBte0Rlf2xVc9h9W9xVjzxVr0gdj6BRh4R1o5yBcyiZbyydT1i9b2Ddb1iFY6CJg2Vpor1dzvEJu20Z0yi23QDy1REi2OUy0O1WzOVC4PU+tVUe5Sk2xQU2zRUO4UE21Ula2SmKEqWWF2HyPx2+a6X6e6Xqk1m+s78sUDs4UGdEQB9YfDdwaANEfHd0YEscjAM4mAM0qANIoD9IkGdslGswuItYgL4aP0ImP2YGZ36Opzaq2wq/S+rzX/7/e8MrS1MLO/sTb48rT8snX/83c89PZ+crq+cH1/9Dl/9Ln/93r/9fy/+Hf7P/42eDm/O7u/+T29uX2/eT2/+f4/+f5/+j/9u//8+3/9u7/9ur5/+j//+n//+v//u3//+7//e7//+////b66/T/6vX/6/f/7f/07fj/4fv/4Pj/5v/45v7/4/r+7/3/6fDw+Pfx//D/9/X/8fT/8/f/8ff/8/D///H///L8/fL///P///X7//b6/ff/+/T///b9//f///v19//w9v/09P/29v/x+f/y///z///1+v/1///2///3//j79P/58/z/8/z99/z/9v7/9P7/9vn7//v6//j9//n9//j///n///v//vv////4+v/5+//6+P/4///6/P/6/v/6///7///9+P/8+v/9+v7/+Pz////8/f/9/f79///8///9//7//////////wAAAAAAAAAAAAAAAAAAAAAAAAAAAAAAAAAAAAAAAAAAAAAAAAAAAAAAAAAAAAAAAAAAAAAAAAAAAAAAAAAAAAAAAAAAAAAAAAAAAAAAAAAAAAAAAAAAAAAAAAAAAAAAAAAAAAAAAAAAAAAAAAAAAAAAAAAAAAAAAAAAAAAAAAAAAAAAAAAAAAAAAAAAAAAAAAAAAAAAAAAAAAAAACH5BAEAAMsALAAAAAAQABAAAAj/AEn4oIFjBw8bOnrMuJGjhowZM1T8UdYJUZ5ZcNRYWjSrVK5QU0DMmtUnzRAXEy4o6FCEy6NDTkQIq1MmRgM0eZTlCXMgQJtRSE4gmgUkwh1EiZTNUiamy6NUUExcuoJgDCdDjQg9KgVL2SNFT1hwEvKglLBWuixZ+jSrlSBdRlL04bBBkTBdpZTpIqWsFaBcTEr0QaEhl6dWlswKW6poDRUPlmAUQKWMkTJLc76QMQNGUZMWgIgkCFJnlq5WXigwkFClVZQQyuRgELAlk7JBymCZGYAF0ZEPrQixgUDAihxVdPpoAZAFUZIRfThxgvPCwAILDipk+OFG2ZIVoxApERtPfvwlvZ+kQFzPvv0MJQEBADs=</l>
<l>1|Google|http://www.google.com/search?q=foo&amp;ie=utf-8&amp;oe=utf-8&amp;aq=t&amp;rls=org.mozilla:zh-CN:official&amp;client=firefox-a</l>
<l>1|Google|http://www.google.com/firefox</l>
<l>1|Google|http://suggestqueries.google.com/complete/search?output=firefox&amp;client=firefox&amp;hl=zh-CN&amp;q=foo</l>
<l>2|Creative Commons|Find photos, movies, music, and text to rip, sample, mash, and share.|false|null|data:image/x-icon;base64,iVBORw0KGgoAAAANSUhEUgAAABAAAAAQCAMAAAAoLQ9TAAAABGdBTUEAANbY1E9YMgAAABl0RVh0U29mdHdhcmUAQWRvYmUgSW1hZ2VSZWFkeXHJZTwAAAA2UExURf///wAAAD8/P+/v7y8vL19fX9/f37+/vw8PD8/Pz09PT5+fn4+Pj6+vr29vbx8fH39/f////3TGU44AAAASdFJOU///////////////////////AOK/vxIAAACWSURBVHjaNI8LEsQgCEMJIvi3vf9lN3bbN6MD0USUm3QFaVNYc7kBuvLZ0xG8oLkQV1iiYBjyktFE+tk+FCEGl3oFT0aSQBaoVDAmAyWkmOCitVfHTvV4BEsWxqyleE+PYLQAi5b9WJShPnh7MnQytDP1IxmfvZXq22dkTkpZ4/TT/qPfiX/dqoXJz+dItE0tx6l/AgwA0e4FeJjn5bsAAAAASUVORK5CYII=</l>
<l>2|Creative Commons|http://search.creativecommons.org/?q=foo&amp;sourceid=Mozilla-search</l>
<l>2|Creative Commons|http://search.creativecommons.org/</l>
<l>2|Creative Commons|none</l>
<l>3|卓越亚马逊|卓越亚马逊搜索|false|null|data:image/png;base64,iVBORw0KGgoAAAANSUhEUgAAABAAAAAQCAYAAAAf8/9hAAACMElEQVQ4jd1S3UtTARw9PpQv4ZP00EvP/Qe+KBG9TojAMMSItCKCrCxXRE2kUushqjmhD1JXkZphiAWOZkEObS4VP9a0dFP3obu7X7v3urvl6SG1hoPeO4+/j8M55/cD/g+k5bjHjARIQSgAgOnwAkVNvbHZn1tdZlQWPACQVtUSc3GKiqIUAgAyoQlKTysotpYy2d/IjCIeKm6pY7mziQAQEVfDhdfLeHOwh4zNUnJWUWyxUOm+xExiidBf1VDtvcy10BjFjlNc97Sxa3KEOH+QLr+Pd92vuevaYU4EA1zrPEf17VWaoXEqnWepDTQTmvMMzdAYAUDqu02910qAecX2Wu5rPsnd9eW0vmsndb1IenKMqfkvBICk207lTR2htR+nNuiguTRDqa2S+shLAsDQ/DTzrRbutFo4s7JECkKB1FHN5MAdpuZ9FB+X0fjcRmS+eyg+q2TCbqHa30DDMPYCgGoYJXsaKnj0RTM3wzSDo5Sen6b46AiT72+Rmmz73ZDjntTiBIWNKwBA/9Qw86+UcjQU2CIAAEVRCo14KKuWC3n7HXU80GrdNpgRY3LOjbVlf5aCe+5ufgyMZxEYfg+1r330er07thGoQ500/J9yShMEoUB29TDR5fjzQBt2toZSkSBj9y9SHXbxZzIup1XRlg7PUvnQxZWHFyh2P8hSuGk128aPSYYba7hQe4Lh+ipGm6oZtdtofPP9M7QtmKZepAfnaEbnuG4kcgf2l7VfsfyTcVk/wsgAAAAASUVORK5CYII=</l>
<l>3|卓越亚马逊|http://www.amazon.cn/mn/searchApp?keywords=foo&amp;ix=sunray&amp;pageletid=headsearch&amp;searchType=&amp;Go.x=0&amp;Go.y=0&amp;bestSaleNum=0</l>
<l>3|卓越亚马逊|http://www.amazon.cn/</l>
<l>3|卓越亚马逊|none</l>
<l>4|拍拍网|拍拍网搜索|false|null|data:image/x-icon;base64,AAABAAEAEBAAAAEACABoBQAAFgAAACgAAAAQAAAAIAAAAAEACAAAAAAAAAEAAAAAAAAAAAAAAAEAAAABAAAAAAAAC2r2ABNr8wAcc/YAFHP4AB10/wASf/wAHnz/ACN08QAlefYAK332ACJ5+wAMg/0AE4f9ABuO/wAPk/8ADJz/ABiR/wAWmP8AHJ7/ACqF/QAmjP4AL4r9ADOH+wAxi/0AJJv/ADeV/wA8k/0AP5v/AAWl/wAKpf8ACav/ABGm/wAZo/8AH7b/ACag/wAtpP8APaX/ADCs/wBBlP8ARZv/AE6c/QBNof4AU6H/AFqm/gBdq/8AZKv/AGut/wBqs/8AdLT/AHa5/wB9vP8Agrz/AJfL/wCq0/8AtNX/ALba/wDC3f8AxuT/ANHm/wDT7P8A2uz/AO78/wD8//8AAAAAAAAAAAAAAAAAAAAAAAAAAAAAAAAAAAAAAAAAAAAAAAAAAAAAAAAAAAAAAAAAAAAAAAAAAAAAAAAAAAAAAAAAAAAAAAAAAAAAAAAAAAAAAAAAAAAAAAAAAAAAAAAAAAAAAAAAAAAAAAAAAAAAAAAAAAAAAAAAAAAAAAAAAAAAAAAAAAAAAAAAAAAAAAAAAAAAAAAAAAAAAAAAAAAAAAAAAAAAAAAAAAAAAAAAAAAAAAAAAAAAAAAAAAAAAAAAAAAAAAAAAAAAAAAAAAAAAAAAAAAAAAAAAAAAAAAAAAAAAAAAAAAAAAAAAAAAAAAAAAAAAAAAAAAAAAAAAAAAAAAAAAAAAAAAAAAAAAAAAAAAAAAAAAAAAAAAAAAAAAAAAAAAAAAAAAAAAAAAAAAAAAAAAAAAAAAAAAAAAAAAAAAAAAAAAAAAAAAAAAAAAAAAAAAAAAAAAAAAAAAAAAAAAAAAAAAAAAAAAAAAAAAAAAAAAAAAAAAAAAAAAAAAAAAAAAAAAAAAAAAAAAAAAAAAAAAAAAAAAAAAAAAAAAAAAAAAAAAAAAAAAAAAAAAAAAAAAAAAAAAAAAAAAAAAAAAAAAAAAAAAAAAAAAAAAAAAAAAAAAAAAAAAAAAAAAAAAAAAAAAAAAAAAAAAAAAAAAAAAAAAAAAAAAAAAAAAAAAAAAAAAAAAAAAAAAAAAAAAAAAAAAAAAAAAAAAAAAAAAAAAAAAAAAAAAAAAAAAAAAAAAAAAAAAAAAAAAAAAAAAAAAAAAAAAAAAAAAAAAAAAAAAAAAAAAAAAAAAAAAAAAAAAAAAAAAAAAAAAAAAAAAAAAAAAAAAAAAAAAAAAAAAAAAAAAAAAAAAAAAAAAAAAAAAAAAAAAAAAAAAAAAAAAAAAAAAAAAAAAAAAAAAAAAAAAAAAAAAAAAAAAAAAAAAAAAAAAAAAAAAAAAAAAAAAAAAAAAAAAAAAAAAAAAAAAAAAAAAAAAAAAAAAAAAAAAAAAAAAAAAAAAAAAAAAAAAAAAAAAAAAAAAAAAAIAgICAgMXAAAAAAAAAAkCBQcHBxQUFAMAAAAAAAkBBwcHBwcHFBgUAgAAAAoBFBMdHQ8dHR0fIiYDAAAEGCgePz8dPz8/Pz8iGCgnCy4kDAw/DT8MDAw/ICcYFCczIT8EPwY/DA0MPxAcFAsrNRMVPz8EPz8+Pz8SGRQHLDgjBwQ/Pz8GBgY/FRIUGCk9JQQCPwI/AgICPwcRFioaOxs/Pz8/Pz8/Pz8EDhsAKTM4CwQ/BAQEPwQEDhwtACwcOj8zBA4VGgQVFSgsAAAAKSo8Pz00Ly4vMTQtAAAAAAAtLTY/Pz05NzYzAAAAAAAAAAAwLjAyMjMzAAAAAPgPAADgBwAAwAMAAIABAACAAAAAAAAAAAAAAAAAAAAAAAAAAAAAAAAAAAAAgAAAAIABAADAAwAA4AcAAPgPAAA=</l>
<l>4|拍拍网|http://search.paipai.com/cgi-bin/comm_search?KeyWord=foo&amp;sf=18</l>
<l>4|拍拍网|http://www.paipai.com/</l>
<l>4|拍拍网|none</l>
<l>5|易趣网|易趣网搜索|false|null|data:image/x-icon;base64,AAABAAEAEBAAAAEACABoBQAAFgAAACgAAAAQAAAAIAAAAAEACAAAAAAAQAEAAAAAAAAAAAAAAAEAAAAAAAAAAAAA////AF/jtwBf5LcAYOO3AGDktwBg5LgAu/LgAPv7/AAAAAMAAAAAAAAAAAAAAAAAAAAAAAAAAAAAAAAAAAAAAAAAAAAAAAAAAAAAAAAAAAAAAAAAAAAAAAAAAAAAAAAAAAAAAAAAAAAAAAAAAAAAAAAAAAAAAAAAAAAAAAAAAAAAAAAAAAAAAAAAAAAAAAAAAAAAAAAAAAAAAAAAAAAAAAAAAAAAAAAAAAAAAAAAAAAAAAAAAAAAAAAAAAAAAAAAAAAAAAAAAAAAAAAAAAAAAAAAAAAAAAAAAAAAAAAAAAAAAAAAAAAAAAAAAAAAAAAAAAAAAAAAAAAAAAAAAAAAAAAAAAAAAAAAAAAAAAAAAAAAAAAAAAAAAAAAAAAAAAAAAAAAAAAAAAAAAAAAAAAAAAAAAAAAAAAAAAAAAAAAAAAAAAAAAAAAAAAAAAAAAAAAAAAAAAAAAAAAAAAAAAAAAAAAAAAAAAAAAAAAAAAAAAAAAAAAAAAAAAAAAAAAAAAAAAAAAAAAAAAAAAAAAAAAAAAAAAAAAAAAAAAAAAAAAAAAAAAAAAAAAAAAAAAAAAAAAAAAAAAAAAAAAAAAAAAAAAAAAAAAAAAAAAAAAAAAAAAAAAAAAAAAAAAAAAAAAAAAAAAAAAAAAAAAAAAAAAAAAAAAAAAAAAAAAAAAAAAAAAAAAAAAAAAAAAAAAAAAAAAAAAAAAAAAAAAAAAAAAAAAAAAAAAAAAAAAAAAAAAAAAAAAAAAAAAAAAAAAAAAAAAAAAAAAAAAAAAAAAAAAAAAAAAAAAAAAAAAAAAAAAAAAAAAAAAAAAAAAAAAAAAAAAAAAAAAAAAAAAAAAAAAAAAAAAAAAAAAAAAAAAAAAAAAAAAAAAAAAAAAAAAAAAAAAAAAAAAAAAAAAAAAAAAAAAAAAAAAAAAAAAAAAAAAAAAAAAAAAAAAAAAAAAAAAAAAAAAAAAAAAAAAAAAAAAAAAAAAAAAAAAAAAAAAAAAAAAAAAAAAAAAAAAAAAAAAAAAAAAAAAAAAAAAAAAAAAAAAAAAAAAAAAAAAAAAAAAAAAAAAAAAAAAAAAAAAAAAAAAAAAAAAAAAAAAAAAAAAAAAAAAAAAAAAAAAAAAAAAAAAAAAAAAAAAAAAAAAAAAAAAAAAAAAAAAAAAAAAAAAAAAAAAAAAAAAAAAAAAAAAAAAAAAAAAAAAAAAAAAAAAAAAAAAAAAAAAAAAAAAAAAAAAAAAAAAAAAAAAAAAAAAAAAAAAAAAAAAAAAAAAAAAAAAAAAAAAAAAAAAAAAAAAAAAAAAAAAAAAAAAAAAAAAAAAAAAAAAAAAAAAAAAAAAAAAAAAAAAAAAAAAAAAAAAAAAAAAAAABgYGBgYGBgYGBgYGBgYGBgYHCAcGBgYGBgYHCAgHBgYGCAkIBwcIBwYGCAkJCAcGBgcICQgICQgIBwcICAkIBgYHCAkJCQgICQgICQgJCAYGCAkICQgICAkJCQkICQgGBggJCAkICQgJCAgJCAkIBgYICQgJCAkICAkICAgJCAYGCAkICQgJCAgJCAcICQgGBAgJCAkICQkICQkICAkIBgQICQgJCAkICQgICAgJCAYECAkICAgJCAkJCQkJCQgGBAgJCQkJCQgICQgICAgHBgQHCAgICAgHCAkIBgYGBgYEBQUFBQUFBgcIBwYGBgYGAgMDAwMDAwMDAwMDAwMDAwAAAAAAAAAAAAAAAAAAAAAAAAAAAAAAAAAAAAAAAAAAAAAAAAAAAAAAAAAAAAAAAAAAAAAAAAAAAAAAAAAAAAA=</l>
<l>5|易趣网|http://search2.eachnet.com/search/foo--0--productlist------basicsearch.html?adid=song_tkisswin_014_search_srp</l>
<l>5|易趣网|http://www.eachnet.com/</l>
<l>5|易趣网|none</l>
<l>6|百度|百度网页搜索|false|null|data:image/x-icon;base64,AAABAAIAEBAAAAEACABoBQAAJgAAABAQAAABACAAaAQAAI4FAAAoAAAAEAAAACAAAAABAAgAAAAAAAABAAAAAAAAAAAAAAABAAAAAQAAAAAAAL8UFQCYMwAAmjQAAJ06AAChPQAAuSQaANkOGQDBFBQAwBIeAMAfHwDaEBoA2hMdAMARIwDEHiwA2xYgANoYIgDbGiQA2x4nANwcJgDbHigAwyUlAMMsKwDcJSoA3SMtAN0kLQDeKzQA3i82AMUzMADBOTYAxDA8AN4wNwDfMDkA3zU9AKNBAAClQwAApkQAAKhHAACqSQAArU0AAK9QAACyVAAAtFcAALhaAAC5XgAAvWEAAL9lAADCaAAAxGsAAMZuAADIcgAAy3QAAM12AADPeQAA0HoAANJ+AADEOkMA4DpBAOE+RgDCRUYAzUpHAM1LSwDQQlEA0E9VAMJTUwDNU1IAx19aANFXVADQWFgA4UFHAOJESwDiRk0A4klQAOJNUgDjS1QA41FYAORTWQDkV10A5VpgAOVeZQDUbWsA2HJvAMx2dgDFf38A13F0ANR3fQDbfHoA5WBnAOZjaQDnZmwA52tvAOdscQDpcXYA6XR4ANOAAADVggAA336BAOp8ggDUgoAA3YaEAN2IhwDqgYYA7IeLAOuJjQDtj5MA7ZKWAOGWmADmo6AA56ilAOelqwDlqaoA6q6rAPCipgDwpaoA8amsAPGsrgDus64A6K2zAOe2tgDqubQA87K1APS9wADrxsQA7MvIAPbIygDxzs4A/8zMAPXRxAD11MkA+NbLAPfS0wDz1NAA+NHTAPjS1AD41NUA9NjWAPbf3AD42doA+dvdAPnd3gD+6dQA/u3bAPrg4QD75ucA/u/hAPvo6QD87+gA/O7vAP7y5gD68+wA/ff3AP748gD++vYA/vf4AP75+QD//v4AAAAAAAAAAAAAAAAAAAAAAAAAAAAAAAAAAAAAAAAAAAAAAAAAAAAAAAAAAAAAAAAAAAAAAAAAAAAAAAAAAAAAAAAAAAAAAAAAAAAAAAAAAAAAAAAAAAAAAAAAAAAAAAAAAAAAAAAAAAAAAAAAAAAAAAAAAAAAAAAAAAAAAAAAAAAAAAAAAAAAAAAAAAAAAAAAAAAAAAAAAAAAAAAAAAAAAAAAAAAAAAAAAAAAAAAAAAAAAAAAAAAAAAAAAAAAAAAAAAAAAAAAAAAAAAAAAAAAAAAAAAAAAAAAAAAAAAAAAAAAAAAAAAAAAAAAAAAAAAAAAAAAAAAAAAAAAAAAAAAAAAAAAAAAAAAAAAAAAAAAAAAAAAAAAAAAAAAAAAAAAAAAAAAAAAAAAAAAAAAAAAAAAAAAAAAAAAAAAAAAAAAAAAAAAAAAAAAAAAAAAAAAAAAAAAAAAAAAAAAAAAAAAAAAAAAAAAAAAAAAAAAAAAAAAAAAAAAAAAAAAAAAAAAAAAAAAAAAAAAAAAAAAAAA////ACEhISEhISEhISEhISEhISEh//////////////////8hIf//jlk6SmhoORpXkf//ISH//2UHCwsHBwsLEXD//yEh//9hDw8RDxERDxh5//8hIf//hUYREQ8RDxlOi///ISH//5aLShERDxFLi3n//yEh//9yaYtGFBhNi0pKi/8hIf98IUp4i1lai2YaEXz/ISH/cREhhf+W//+LTU2O/yEh/45OWf9nhf9ycnyO//8hIf//k/9cIU58IUV8////ISH/////XBhOiyFHi////yEh/////4llgv+Li/////8hIf//////////////////ISEhISEhISEhISEhISEhISEAAAAAAAAAAAAAAAAAAAAAAAAAAAAAAAAAAAAAAAAAAAAAAAAAAAAAAAAAAAAAAAAAAAAAAAAAAAAAAAAAAAAAKAAAABAAAAAgAAAAAQAgAAAAAABABAAAAAAAAAAAAAAAAAAAAAAAALhbAP+0VwD/slQA/69RAP+tTgD/q0oA/6hHAP+mRAD/o0IA/6I+AP+gPAD/njoA/5w4AP+bNgD/mjQA/5gzAP+6XgD////////////////+////zP///8b////G////xv///8b////G////xv///8z///////////////+aNQD/vWEA////////////+uDh/+dlbP/hPkb/40tU/+2Pk//tj5P/4DtD/94rNP/lYGf/++jp////////////mzYA/79lAP////////7+/+uBh/7aDxn+2hAa/9oQG/7ZDhn+2g8Z/9oTHv7aEx3+2xkj//Cipv7//////////504AP/CaAD////////+/v/qfIL+2xYg/tsXIf/bGCL/2xgi/9sYIv/bGCL/2xYg/t0jLf/0vcD+//////////+eOwD/xGsA////////////+NLU/+JES//cHCb/2xgi/9sYIv/bGCL/2xgi/90lL//lWmH/+dzd////////////oD0A/8dvAP////////////339//5293/4khQ/9seKP7bGCL/2xgi/9sYIv/jUFj++dvd//S+wf7//v///////6NAAP/JcwD////////8/P/xqaz+7ZKW/vnb3f/iR0/+2x4n/t0kLP/kV13++dvd/+JOU//iSlH++d7f/v////+lQwD/zHUA///////2yMr/3zQ8/+NMUv/zsrX/+dvd/+Zjaf/nbHH/+dvd/+yHi//eMDf/2xok//bIy/7/////qEcA/853AP//////8KWq/9oYIf7fNz7+//////nb3f/+9/j////////////5293/5FNZ/+NSWf775uf//////6pJAP/QegD///////rg4f/lXmT+52ds/vGsrv/mX2b/7ZKW///////tkpb/7ZKW//bIy//64eL///////////+tTQD/0n0A/////////////O7v///////pcXb/3zA5/+ZfZv/2yMv/3i82/+FBR//2yMv/////////////////r1AA/9N/AP/////////////////++fn/6XR4/9wlKv7lW2D++dvd/+A6QP7iRkz++dvd/////////////////7JUAP/VgQD///////////////////////jZ2v7qgYX+99LT/v/////42tv++dvd/v////////////////////+0VwD/1oMA////////////////////////////////////////////////////////////////////////////uFoA/9aDAP/WgwD/1YEA/9OAAP/TfgD/0HsA/895AP/NdgD/y3QA/8hxAP/GbQD/xGsA/8JoAP+/ZQD/vWEA/7leAP8AAAAAAAAAAAAAAAAAAAAAAAAAAAAAAAAAAAAAAAAAAAAAAAAAAAAAAAAAAAAAAAAAAAAAAAAAAAAAAAAAAAAA</l>
<l>6|百度|http://www.baidu.com/baidu?wd=foo&amp;tn=monline_dg</l>
<l>6|百度|http://www.baidu.com/</l>
<l>6|百度|none</l>
<l>7|百度知道|百度知道搜索|false|null|data:image/x-icon;base64,AAABAAIAEBAAAAEACABoBQAAJgAAABAQAAABACAAaAQAAI4FAAAoAAAAEAAAACAAAAABAAgAAAAAAAABAAAAAAAAAAAAAAABAAAAAQAAAAAAAL8UFQCYMwAAmjQAAJ06AAChPQAAuSQaANkOGQDBFBQAwBIeAMAfHwDaEBoA2hMdAMARIwDEHiwA2xYgANoYIgDbGiQA2x4nANwcJgDbHigAwyUlAMMsKwDcJSoA3SMtAN0kLQDeKzQA3i82AMUzMADBOTYAxDA8AN4wNwDfMDkA3zU9AKNBAAClQwAApkQAAKhHAACqSQAArU0AAK9QAACyVAAAtFcAALhaAAC5XgAAvWEAAL9lAADCaAAAxGsAAMZuAADIcgAAy3QAAM12AADPeQAA0HoAANJ+AADEOkMA4DpBAOE+RgDCRUYAzUpHAM1LSwDQQlEA0E9VAMJTUwDNU1IAx19aANFXVADQWFgA4UFHAOJESwDiRk0A4klQAOJNUgDjS1QA41FYAORTWQDkV10A5VpgAOVeZQDUbWsA2HJvAMx2dgDFf38A13F0ANR3fQDbfHoA5WBnAOZjaQDnZmwA52tvAOdscQDpcXYA6XR4ANOAAADVggAA336BAOp8ggDUgoAA3YaEAN2IhwDqgYYA7IeLAOuJjQDtj5MA7ZKWAOGWmADmo6AA56ilAOelqwDlqaoA6q6rAPCipgDwpaoA8amsAPGsrgDus64A6K2zAOe2tgDqubQA87K1APS9wADrxsQA7MvIAPbIygDxzs4A/8zMAPXRxAD11MkA+NbLAPfS0wDz1NAA+NHTAPjS1AD41NUA9NjWAPbf3AD42doA+dvdAPnd3gD+6dQA/u3bAPrg4QD75ucA/u/hAPvo6QD87+gA/O7vAP7y5gD68+wA/ff3AP748gD++vYA/vf4AP75+QD//v4AAAAAAAAAAAAAAAAAAAAAAAAAAAAAAAAAAAAAAAAAAAAAAAAAAAAAAAAAAAAAAAAAAAAAAAAAAAAAAAAAAAAAAAAAAAAAAAAAAAAAAAAAAAAAAAAAAAAAAAAAAAAAAAAAAAAAAAAAAAAAAAAAAAAAAAAAAAAAAAAAAAAAAAAAAAAAAAAAAAAAAAAAAAAAAAAAAAAAAAAAAAAAAAAAAAAAAAAAAAAAAAAAAAAAAAAAAAAAAAAAAAAAAAAAAAAAAAAAAAAAAAAAAAAAAAAAAAAAAAAAAAAAAAAAAAAAAAAAAAAAAAAAAAAAAAAAAAAAAAAAAAAAAAAAAAAAAAAAAAAAAAAAAAAAAAAAAAAAAAAAAAAAAAAAAAAAAAAAAAAAAAAAAAAAAAAAAAAAAAAAAAAAAAAAAAAAAAAAAAAAAAAAAAAAAAAAAAAAAAAAAAAAAAAAAAAAAAAAAAAAAAAAAAAAAAAAAAAAAAAAAAAAAAAAAAAAAAAAAAAAAAAAAAAAAAAAAAAAAAAAAAAAAAAA////ACEhISEhISEhISEhISEhISEh//////////////////8hIf//jlk6SmhoORpXkf//ISH//2UHCwsHBwsLEXD//yEh//9hDw8RDxERDxh5//8hIf//hUYREQ8RDxlOi///ISH//5aLShERDxFLi3n//yEh//9yaYtGFBhNi0pKi/8hIf98IUp4i1lai2YaEXz/ISH/cREhhf+W//+LTU2O/yEh/45OWf9nhf9ycnyO//8hIf//k/9cIU58IUV8////ISH/////XBhOiyFHi////yEh/////4llgv+Li/////8hIf//////////////////ISEhISEhISEhISEhISEhISEAAAAAAAAAAAAAAAAAAAAAAAAAAAAAAAAAAAAAAAAAAAAAAAAAAAAAAAAAAAAAAAAAAAAAAAAAAAAAAAAAAAAAKAAAABAAAAAgAAAAAQAgAAAAAABABAAAAAAAAAAAAAAAAAAAAAAAALhbAP+0VwD/slQA/69RAP+tTgD/q0oA/6hHAP+mRAD/o0IA/6I+AP+gPAD/njoA/5w4AP+bNgD/mjQA/5gzAP+6XgD////////////////+////zP///8b////G////xv///8b////G////xv///8z///////////////+aNQD/vWEA////////////+uDh/+dlbP/hPkb/40tU/+2Pk//tj5P/4DtD/94rNP/lYGf/++jp////////////mzYA/79lAP////////7+/+uBh/7aDxn+2hAa/9oQG/7ZDhn+2g8Z/9oTHv7aEx3+2xkj//Cipv7//////////504AP/CaAD////////+/v/qfIL+2xYg/tsXIf/bGCL/2xgi/9sYIv/bGCL/2xYg/t0jLf/0vcD+//////////+eOwD/xGsA////////////+NLU/+JES//cHCb/2xgi/9sYIv/bGCL/2xgi/90lL//lWmH/+dzd////////////oD0A/8dvAP////////////339//5293/4khQ/9seKP7bGCL/2xgi/9sYIv/jUFj++dvd//S+wf7//v///////6NAAP/JcwD////////8/P/xqaz+7ZKW/vnb3f/iR0/+2x4n/t0kLP/kV13++dvd/+JOU//iSlH++d7f/v////+lQwD/zHUA///////2yMr/3zQ8/+NMUv/zsrX/+dvd/+Zjaf/nbHH/+dvd/+yHi//eMDf/2xok//bIy/7/////qEcA/853AP//////8KWq/9oYIf7fNz7+//////nb3f/+9/j////////////5293/5FNZ/+NSWf775uf//////6pJAP/QegD///////rg4f/lXmT+52ds/vGsrv/mX2b/7ZKW///////tkpb/7ZKW//bIy//64eL///////////+tTQD/0n0A/////////////O7v///////pcXb/3zA5/+ZfZv/2yMv/3i82/+FBR//2yMv/////////////////r1AA/9N/AP/////////////////++fn/6XR4/9wlKv7lW2D++dvd/+A6QP7iRkz++dvd/////////////////7JUAP/VgQD///////////////////////jZ2v7qgYX+99LT/v/////42tv++dvd/v////////////////////+0VwD/1oMA////////////////////////////////////////////////////////////////////////////uFoA/9aDAP/WgwD/1YEA/9OAAP/TfgD/0HsA/895AP/NdgD/y3QA/8hxAP/GbQD/xGsA/8JoAP+/ZQD/vWEA/7leAP8AAAAAAAAAAAAAAAAAAAAAAAAAAAAAAAAAAAAAAAAAAAAAAAAAAAAAAAAAAAAAAAAAAAAAAAAAAAAAAAAAAAAA</l>
<l>7|百度知道|http://zhidao.baidu.com/q?word=foo&amp;ct=17&amp;pn=0&amp;pt=monline_ik&amp;tn=ikaslist&amp;rn=10</l>
<l>7|百度知道|http://zhidao.baidu.com/</l>
<l>7|百度知道|none</l>
</section>
<section id="preferences">
<l>app.update.channel|beta</l>
<l>browser.contentHandlers.types.0.title|Bloglines</l>
<l>browser.contentHandlers.types.0.type|application/vnd.mozilla.maybe.feed</l>
<l>browser.contentHandlers.types.0.uri|http://www.bloglines.com/login?r=/sub/%s</l>
<l>browser.contentHandlers.types.1.title|Google 阅读器</l>
<l>browser.contentHandlers.types.1.type|application/vnd.mozilla.maybe.feed</l>
<l>browser.contentHandlers.types.1.uri|http://fusion.google.com/add?feedurl=%s</l>
<l>browser.contentHandlers.types.2.title|我的 Yahoo</l>
<l>browser.contentHandlers.types.2.type|application/vnd.mozilla.maybe.feed</l>
<l>browser.contentHandlers.types.2.uri|http://add.my.yahoo.com/rss?url=%s</l>
<l>browser.contentHandlers.types.3.title|chrome://browser-region/locale/region.properties</l>
<l>browser.contentHandlers.types.3.type|application/vnd.mozilla.maybe.feed</l>
<l>browser.contentHandlers.types.3.uri|chrome://browser-region/locale/region.properties</l>
<l>browser.contentHandlers.types.4.title|chrome://browser-region/locale/region.properties</l>
<l>browser.contentHandlers.types.4.type|application/vnd.mozilla.maybe.feed</l>
<l>browser.contentHandlers.types.4.uri|chrome://browser-region/locale/region.properties</l>
<l>browser.contentHandlers.types.5.title|chrome://browser-region/locale/region.properties</l>
<l>browser.contentHandlers.types.5.type|application/vnd.mozilla.maybe.feed</l>
<l>browser.contentHandlers.types.5.uri|chrome://browser-region/locale/region.properties</l>
<l>browser.startup.homepage|http://zh-CN.start2.mozilla.com/firefox?client=firefox-a&amp;rls=org.mozilla:zh-CN:official</l>
<l>browser.startup.page|null</l>
<l>general.startup.browser|true</l>
<l>startup.homepage_override_url|http://%LOCALE%.www.mozilla.com/%LOCALE%/%APP%/%VERSION%/whatsnew/</l>
<l>startup.homepage_welcome_url|http://%LOCALE%.www.mozilla.com/%LOCALE%/%APP%/%VERSION%/firstrun/</l>
</section>
<section id="extensions">
</section>
</testrun>
