<?xml version="1.0"?>
<testrun>
<section id="searchengine">
<l>1|Google|Google Search|false|null|data:image/x-icon;base64,R0lGODlhEAAQAPfLAAATVikwdA8SnxUfgAsWpAAilholjxw4jBc7kwAlvQQ2sRMsoBUqqhMzuhY/vxw4tSgmiyM1mSUztiQ6sTE3sQ4qyxMxxRoyxiAuxR1CtBxJsBxasSJuuTFguBte0Rlf2xVc9h9W9xVjzxVr0gdj6BRh4R1o5yBcyiZbyydT1i9b2Ddb1iFY6CJg2Vpor1dzvEJu20Z0yi23QDy1REi2OUy0O1WzOVC4PU+tVUe5Sk2xQU2zRUO4UE21Ula2SmKEqWWF2HyPx2+a6X6e6Xqk1m+s78sUDs4UGdEQB9YfDdwaANEfHd0YEscjAM4mAM0qANIoD9IkGdslGswuItYgL4aP0ImP2YGZ36Opzaq2wq/S+rzX/7/e8MrS1MLO/sTb48rT8snX/83c89PZ+crq+cH1/9Dl/9Ln/93r/9fy/+Hf7P/42eDm/O7u/+T29uX2/eT2/+f4/+f5/+j/9u//8+3/9u7/9ur5/+j//+n//+v//u3//+7//e7//+////b66/T/6vX/6/f/7f/07fj/4fv/4Pj/5v/45v7/4/r+7/3/6fDw+Pfx//D/9/X/8fT/8/f/8ff/8/D///H///L8/fL///P///X7//b6/ff/+/T///b9//f///v19//w9v/09P/29v/x+f/y///z///1+v/1///2///3//j79P/58/z/8/z99/z/9v7/9P7/9vn7//v6//j9//n9//j///n///v//vv////4+v/5+//6+P/4///6/P/6/v/6///7///9+P/8+v/9+v7/+Pz////8/f/9/f79///8///9//7//////////wAAAAAAAAAAAAAAAAAAAAAAAAAAAAAAAAAAAAAAAAAAAAAAAAAAAAAAAAAAAAAAAAAAAAAAAAAAAAAAAAAAAAAAAAAAAAAAAAAAAAAAAAAAAAAAAAAAAAAAAAAAAAAAAAAAAAAAAAAAAAAAAAAAAAAAAAAAAAAAAAAAAAAAAAAAAAAAAAAAAAAAAAAAAAAAAAAAAAAAAAAAAAAAACH5BAEAAMsALAAAAAAQABAAAAj/AEn4oIFjBw8bOnrMuJGjhowZM1T8UdYJUZ5ZcNRYWjSrVK5QU0DMmtUnzRAXEy4o6FCEy6NDTkQIq1MmRgM0eZTlCXMgQJtRSE4gmgUkwh1EiZTNUiamy6NUUExcuoJgDCdDjQg9KgVL2SNFT1hwEvKglLBWuixZ+jSrlSBdRlL04bBBkTBdpZTpIqWsFaBcTEr0QaEhl6dWlswKW6poDRUPlmAUQKWMkTJLc76QMQNGUZMWgIgkCFJnlq5WXigwkFClVZQQyuRgELAlk7JBymCZGYAF0ZEPrQixgUDAihxVdPpoAZAFUZIRfThxgvPCwAILDipk+OFG2ZIVoxApERtPfvwlvZ+kQFzPvv0MJQEBADs=</l>
<l>1|Google|http://www.google.com/search?q=foo&amp;ie=utf-8&amp;oe=utf-8&amp;aq=t&amp;rls=org.mozilla:uk:official&amp;client=firefox-a</l>
<l>1|Google|http://www.google.com/firefox</l>
<l>1|Google|http://suggestqueries.google.com/complete/search?output=firefox&amp;client=firefox&amp;hl=uk&amp;q=foo</l>
<l>2|Yandex|Yandex Search|false|null|data:image/x-icon;base64,R0lGODlhEAAQAIAAAP8BAcDAwCH5BAEAAAEALAAAAAAQABAAAAImjA+pcB1poGtSzshevhpz333Vxi3kZX6hhWbsNKqx6J7ODI/KUQAAOw==</l>
<l>2|Yandex|http://www.yandex.ua/yandsearch?text=foo</l>
<l>2|Yandex|http://www.yandex.ua/</l>
<l>2|Yandex|none</l>
<l>3|<META>|Українська пошукова система.|false|null|data:image/x-icon;base64,AAABAAEAEBAAAAEACABoBQAAFgAAACgAAAAQAAAAIAAAAAEACAAAAAAAAAAAAAAAAAAAAAAAAAAAAAAAAACZZgAAzLJ/ANKOMABJbXUA5tnAAADM/wC9nFoA8cubAK2AKADgqF0Ah+f/ABaJpQD+tGMAqnwiALONQQAnh58A/q5WAP/MmQDs4s8AkG00AN+aQQDh+P0Ava6bAP68cgCjdBgAv4EgANO8kACAcVcAStv/AP/asgDy7N8A/+C9ALSZbgCibw4A3bJzAN/PrwDBk0UA/sWGALqLOABrYkUAc4R/AOCqYQDJrXcArIMwAOugRgAQnL8A/+fOALuYVAD+1KUAuHwbAP3p0wD6374A8cmXANiTNgDMiisAXX95AP/kxwC4hzIArHMQAP7KkADLnlUAn2oFAOaybQDtqlkAw6VpAKh4HADm1bcAwKFiALWUSgCviDgA8aVLAP/YrQD+t2kA+NCiAP/u2wDTqWcAwpRGALWDKwDs49AAzqt6AP6wWwD/3rUAzLOAAK1/KADlnEAA/r96AP/exQDelzsAuYI9AKRzEwCveBgAw55bAPfMmQDlo1oAxYUlAPfv3gDftXkAxZJBAP/r1QCmbwsA3LBvAAAAAAAAAAAAAAAAAAAAAAAAAAAAAAAAAAAAAAAAAAAAAAAAAAAAAAAAAAAAAAAAAAAAAAAAAAAAAAAAAAAAAAAAAAAAAAAAAAAAAAAAAAAAAAAAAAAAAAAAAAAAAAAAAAAAAAAAAAAAAAAAAAAAAAAAAAAAAAAAAAAAAAAAAAAAAAAAAAAAAAAAAAAAAAAAAAAAAAAAAAAAAAAAAAAAAAAAAAAAAAAAAAAAAAAAAAAAAAAAAAAAAAAAAAAAAAAAAAAAAAAAAAAAAAAAAAAAAAAAAAAAAAAAAAAAAAAAAAAAAAAAAAAAAAAAAAAAAAAAAAAAAAAAAAAAAAAAAAAAAAAAAAAAAAAAAAAAAAAAAAAAAAAAAAAAAAAAAAAAAAAAAAAAAAAAAAAAAAAAAAAAAAAAAAAAAAAAAAAAAAAAAAAAAAAAAAAAAAAAAAAAAAAAAAAAAAAAAAAAAAAAAAAAAAAAAAAAAAAAAAAAAAAAAAAAAAAAAAAAAAAAAAAAAAAAAAAAAAAAAAAAAAAAAAAAAAAAAAAAAAAAAAAAAAAAAAAAAAAAAAAAAAAAAAAAAAAAAAAAAAAAAAAAAAAAAAAAAAAAAAAAAAAAAAAAAAAAAAAAAAAAAAAAAAAAAAAAAAAAAAAAAAAAAAAAAAAAAAAAAAAAAAAAAAAAAAAAAAAAAAAAAAAAAAAAAAAAAAAAAAAAAAAAAAAAAAAAAAAAAAAAAAAAAAAAAAAAAAAAAAAAAAAAAAAAAAAAAAAAAAAAAAAAAAAAAAAAAAAAAAAAAAAAAAAAAAAAAAAAAAAAAAAAAAAAAAAAAAAAAAAAAAAAZWVlHkQhOlpTTmVlZWVlZWVlZSssEBAQVy8EKzovZWVlZWU6DBAQEFQAGUYQAlJlZWVlKzAXECxjCQwQEBBBZWVOUisHHQw2OTgdJRAQXgRlOlQxPC4fTyBKOB0MEDVSGikXFAAmFgstA0JDCDZaHkRJMDs/NTccBS1YVAI9I2U5OFEwEUgbFQoPXRAQLCFOUzIuH0cRTScoEyIXEBBGQRJTTGBkQQ1GEAJbERcQEDplZV9STTRcDBBUK1EwVQJAZWVlDjMzHSUQNVkuM2EqZWVlZVJLYjhHUFojUxgjZWVlZWVlASYzOD4GZWVlZWVlZWVlZWUSRSQOX2VlZWVlZeA/AADgAwAA4AEAAOABAACAAAAAgAAAAAAAAAAAAQAAAAAAAAAAAAAAAAAAwAAAAOABAADgAwAA8D8AAPg/AAA=</l>
<l>3|<META>|http://www.meta.ua/search.asp?q=foo&amp;sourceid=Mozilla-search</l>
<l>3|<META>|http://www.meta.ua/search.asp</l>
<l>3|<META>|none</l>
<l>4|Price.ua|Пошук цін|false|null|data:image/x-icon;base64,iVBORw0KGgoAAAANSUhEUgAAABAAAAAQCAIAAACQkWg2AAAABnRSTlMAAAAAAABupgeRAAADG0lEQVR42gEQA+/8AQAAAAAAAAAAAAAAAAAAADFjnAAAAAAAAAAAAAAAAAAAAM+dZAAAAAAAAAAAAAAAAAEAAAAAAAAAAAAAAAAxY5wAAAAAAAAAAAAAAAAAAAAAAAAAAADPnWQAAAAAAAAAAAABAAAAAAAAMWOcAAAAAAAAAAAAAAAAAAAAAAAAAAAAAAAAAAAAAAAAAAAAz51kAAAAAgAAAAAAAAAAAAAAAAAAAAAAAAAAAAAAAAAAAAAAAAAAAAAAAAAAAAAAAAAAAAAAAAEAAAAxY5wAAAAAAAAAAAAAAADOnGMAAAAAAAAAAAAyZJ0AAAAAAAAAAAAAAADPnWQEMWOcAAAAAAAAAAAAAAAAAAAAAAAAMmSdAAAAAAAAzpxjMmSdAAAAAAAAAAAAMWOcAgAAAAAAAAAAAAAAAAAAAAAAAAAAAAAAAAAAAAAAAAAAAAAAAAAAAAAAAAAAAAAAAAIAAAAAAAAAAAAAAAAAAAAAAAAAAAAAAAAAAAAAAAAAAAAAAAAAAAAAAAAAAAAAAAAEAAAAAAAAAAAAAAAAAAAAAAAAAAAAzpxjAAAAAAAAMmSdAAAAAAAAAAAAAAAAAAAABAAAAAAAAAAAAAAAAAAAAAAAAAAAADJknQAAAAAAAAAAAAAAAAAAAAAAAAAAAAAAAAIAAAAAAAAAAAAAAAAAAAAAAAAAAAAAAAAAAAAAAAAAAAAAAAAAAAAAAAAAAAAAAAACz51kAAAAAAAAAAAAAAAAAAAAAAAAAAAAAAAAAAAAAAAAAAAAAAAAAAAAAAAAz51kAQAAAAAAADFjnAAAAAAAAAAAAAAAAAAAAAAAAAAAAAAAAAAAAAAAAAAAAM+dZAAAAAIAAAAAAAAAAAAAAAAAAAAAAAAAAAAAAAAAAAAAAAAAAAAAAAAAAAAAAAAAAAAAAAABAAAAAAAAAAAAAAAAMWOcAAAAAAAAAAAAAAAAAAAAAAAAAAAAz51kAAAAAAAAAAAAAQAAAAAAAAAAAAAAAAAAADFjnAAAAAAAAAAAAAAAAAAAAM+dZAAAAAAAAAAAAAAAADbTJoZ2auQjAAAAAElFTkSuQmCC</l>
<l>4|Price.ua|http://price.ua/search.php?q=foo</l>
<l>4|Price.ua|http://price.ua/search.php</l>
<l>4|Price.ua|none</l>
<l>5|Rambler|Rambler Search|false|null|data:image/x-icon;base64,AAABAAEAEBAQAAAAAAAoAQAAFgAAACgAAAAQAAAAIAAAAAEABAAAAAAAwAAAAAAAAAAAAAAAAAAAAAAAAAAAAAAAAACAAACAAAAAgIAAgAAAAIAAgACAgAAAwMDAAICAgAAAAP8AAP8AAAD//wD/AAAA/wD/AP//AAD///8AAP//AA///wAA/M8AD3d/AAD8zwD/d/8AAPzPAPd38AAA/M8P93/wAAD8zw93fwAAAPzP//f/AAAA/MzM9/8AAAD8z8z3f/AAAP////d38AAA938AD3fwAAD3fwAPd/AAAPd///d38AAA93d3d3/wAAD3d3d3/wAAAP/////wAADDgwAAw4MAAMMDAADDBwAAwgcAAMIPAADADwAAwA8AAMAHAADABwAAw4cAAMOHAADABwAAwAcAAMAPAADAHwAA</l>
<l>5|Rambler|http://search.rambler.ru/cgi-bin/rambler_search?words=foo&amp;limit=50</l>
<l>5|Rambler|http://search.rambler.ru</l>
<l>5|Rambler|none</l>
<l>6|Wikipedia - Українська (uk)|Ukrainian Wikipedia|false|null|data:image/x-icon;base64,iVBORw0KGgoAAAANSUhEUgAAABAAAAAQBAMAAADt3eJSAAAAMFBMVEUDAwMYGBgoKCg7OztHR0dYWFhqamp7e3uDg4OYmJioqKi6urrHx8fZ2dno6Oj9/f34pRgPAAAAc0lEQVQI12P4DwUMmIyt3r/c75feTWX4of3f6V7nv0yGv2LvJ67J/5fP8D/w/BWN9b/XM/zf2P+T9f+L/Qz/v/j+Nfl/Haj9B9dfo/0zQeaovkrO7wMxmquua/aDGIu0fiudBzG++P5PAtv1+/z/20iWAgCSoWURjfnvaQAAAABJRU5ErkJggg==</l>
<l>6|Wikipedia - Українська (uk)|http://uk.wikipedia.org/wiki/%D0%A1%D0%BF%D0%B5%D1%86%D1%96%D0%B0%D0%BB%D1%8C%D0%BD%D1%96:Search?search=foo&amp;sourceid=mozilla-search</l>
<l>6|Wikipedia - Українська (uk)|http://uk.wikipedia.org/wiki/%D0%A1%D0%BF%D0%B5%D1%86%D1%96%D0%B0%D0%BB%D1%8C%D0%BD%D1%96:Search</l>
<l>6|Wikipedia - Українська (uk)|none</l>
</section>
<section id="preferences">
<l>app.update.channel|beta</l>
<l>browser.contentHandlers.types.0.title|Netvibes</l>
<l>browser.contentHandlers.types.0.type|application/vnd.mozilla.maybe.feed</l>
<l>browser.contentHandlers.types.0.uri|http://www.netvibes.com/subscribe.php?url=%s</l>
<l>browser.contentHandlers.types.1.title|Яндекс.Лента</l>
<l>browser.contentHandlers.types.1.type|application/vnd.mozilla.maybe.feed</l>
<l>browser.contentHandlers.types.1.uri|http://lenta.yandex.ru/settings.xml?name=feed&amp;url=%s</l>
<l>browser.contentHandlers.types.2.title|Google</l>
<l>browser.contentHandlers.types.2.type|application/vnd.mozilla.maybe.feed</l>
<l>browser.contentHandlers.types.2.uri|http://fusion.google.com/add?feedurl=%s</l>
<l>browser.contentHandlers.types.3.title|Bloglines</l>
<l>browser.contentHandlers.types.3.type|application/vnd.mozilla.maybe.feed</l>
<l>browser.contentHandlers.types.3.uri|http://www.bloglines.com/login?r=/sub/%s</l>
<l>browser.contentHandlers.types.4.title|My Yahoo</l>
<l>browser.contentHandlers.types.4.type|application/vnd.mozilla.maybe.feed</l>
<l>browser.contentHandlers.types.4.uri|http://add.my.yahoo.com/rss?url=%s</l>
<l>browser.contentHandlers.types.5.title|chrome://browser-region/locale/region.properties</l>
<l>browser.contentHandlers.types.5.type|application/vnd.mozilla.maybe.feed</l>
<l>browser.contentHandlers.types.5.uri|chrome://browser-region/locale/region.properties</l>
<l>browser.startup.homepage|http://uk.start2.mozilla.com/firefox?client=firefox-a&amp;rls=org.mozilla:uk:official</l>
<l>browser.startup.page|null</l>
<l>general.startup.browser|true</l>
<l>startup.homepage_override_url|http://%LOCALE%.www.mozilla.com/%LOCALE%/%APP%/%VERSION%/whatsnew/</l>
<l>startup.homepage_welcome_url|http://%LOCALE%.www.mozilla.com/%LOCALE%/%APP%/%VERSION%/firstrun/</l>
</section>
<section id="extensions">
</section>
</testrun>
