<?xml version="1.0"?>
<testrun>
<section id="searchengine">
<l>1|Google|Google Search|false|null|data:image/x-icon;base64,R0lGODlhEAAQAPfLAAATVikwdA8SnxUfgAsWpAAilholjxw4jBc7kwAlvQQ2sRMsoBUqqhMzuhY/vxw4tSgmiyM1mSUztiQ6sTE3sQ4qyxMxxRoyxiAuxR1CtBxJsBxasSJuuTFguBte0Rlf2xVc9h9W9xVjzxVr0gdj6BRh4R1o5yBcyiZbyydT1i9b2Ddb1iFY6CJg2Vpor1dzvEJu20Z0yi23QDy1REi2OUy0O1WzOVC4PU+tVUe5Sk2xQU2zRUO4UE21Ula2SmKEqWWF2HyPx2+a6X6e6Xqk1m+s78sUDs4UGdEQB9YfDdwaANEfHd0YEscjAM4mAM0qANIoD9IkGdslGswuItYgL4aP0ImP2YGZ36Opzaq2wq/S+rzX/7/e8MrS1MLO/sTb48rT8snX/83c89PZ+crq+cH1/9Dl/9Ln/93r/9fy/+Hf7P/42eDm/O7u/+T29uX2/eT2/+f4/+f5/+j/9u//8+3/9u7/9ur5/+j//+n//+v//u3//+7//e7//+////b66/T/6vX/6/f/7f/07fj/4fv/4Pj/5v/45v7/4/r+7/3/6fDw+Pfx//D/9/X/8fT/8/f/8ff/8/D///H///L8/fL///P///X7//b6/ff/+/T///b9//f///v19//w9v/09P/29v/x+f/y///z///1+v/1///2///3//j79P/58/z/8/z99/z/9v7/9P7/9vn7//v6//j9//n9//j///n///v//vv////4+v/5+//6+P/4///6/P/6/v/6///7///9+P/8+v/9+v7/+Pz////8/f/9/f79///8///9//7//////////wAAAAAAAAAAAAAAAAAAAAAAAAAAAAAAAAAAAAAAAAAAAAAAAAAAAAAAAAAAAAAAAAAAAAAAAAAAAAAAAAAAAAAAAAAAAAAAAAAAAAAAAAAAAAAAAAAAAAAAAAAAAAAAAAAAAAAAAAAAAAAAAAAAAAAAAAAAAAAAAAAAAAAAAAAAAAAAAAAAAAAAAAAAAAAAAAAAAAAAAAAAAAAAACH5BAEAAMsALAAAAAAQABAAAAj/AEn4oIFjBw8bOnrMuJGjhowZM1T8UdYJUZ5ZcNRYWjSrVK5QU0DMmtUnzRAXEy4o6FCEy6NDTkQIq1MmRgM0eZTlCXMgQJtRSE4gmgUkwh1EiZTNUiamy6NUUExcuoJgDCdDjQg9KgVL2SNFT1hwEvKglLBWuixZ+jSrlSBdRlL04bBBkTBdpZTpIqWsFaBcTEr0QaEhl6dWlswKW6poDRUPlmAUQKWMkTJLc76QMQNGUZMWgIgkCFJnlq5WXigwkFClVZQQyuRgELAlk7JBymCZGYAF0ZEPrQixgUDAihxVdPpoAZAFUZIRfThxgvPCwAILDipk+OFG2ZIVoxApERtPfvwlvZ+kQFzPvv0MJQEBADs=</l>
<l>1|Google|http://www.google.com/search?q=foo&amp;ie=utf-8&amp;oe=utf-8&amp;aq=t&amp;rls=org.mozilla:pt-PT:official&amp;client=firefox-a</l>
<l>1|Google|http://www.google.com/firefox</l>
<l>1|Google|http://suggestqueries.google.com/complete/search?output=firefox&amp;client=firefox&amp;hl=pt-PT&amp;q=foo</l>
<l>2|Yahoo|Pesquisa Yahoo|false|null|data:image/x-icon;base64,R0lGODlhEAAQAJECAP8AAAAAAP///wAAACH5BAEAAAIALAAAAAAQABAAAAIplI+py+0NogQuyBDEnEd2kHkfFWUamEzmpZSfmaIHPHrRguUm/fT+UwAAOw==</l>
<l>2|Yahoo|http://br.search.yahoo.com/search?p=foo&amp;ei=UTF-8&amp;fr=moz2</l>
<l>2|Yahoo|http://search.yahoo.com/</l>
<l>2|Yahoo|none</l>
<l>3|Amazon.co.uk|Amazon.co.uk Search|false|null|data:image/x-icon;base64,iVBORw0KGgoAAAANSUhEUgAAABAAAAAQCAYAAAAf8/9hAAAABmJLR0QA/wD/AP+gvaeTAAAACXBIWXMAAAsQAAALEAGtI711AAAAB3RJTUUH0wESEi0MqTATXwAAAjVJREFUeJyFUlGLElEU/mbVHd2aaaRgWGyJgmXRINiXfJCeRgaiLEiKgYXoRQrqRejNH7D1uNBDPvbWtGxvS64IG2IIQQhxScpYMpt1l1qdptVVZ+z2oM6qu9KBC4dzv/Od73z3AmPROmjeVlWVKopCRVGkHMdRURSpoig0lUrRcfxI6LoelWV5GwCddOLx+PEklmVej0QiI80Oh4OyLHuE5Fgl/aJ9gsEgzefzm4SQzVgs9n8VqqqO7EwIsUGEkEscx9kEsizbd85BEo3eenzzRkRstTsfAVwRBOH+EP/DSb4x4wVN0wq5XE7MZDKz5XIZlUoFtVoNu7u7NkaWZaTTaWZEQV8qDYfDKBaLkwZOVkAI8UuS9GkwiWVZNBr7sLZeo1V6hb/GFrxGwW6s84twzYbgGBRM0/yZzWZtQCKRQGhuD80PT0DbdUzxF9DmA2jzAbiNIjztHUzvvT+UIoqi7TLHcVTX9QeWZVLLMikh5Nzwf2h9USlNgtIk6NSAoNlsYjgXBOG50+liAGCe3/72ayOGP28f9fZ2ewEAv89GYRMEAgGboNvtYjBtf0PB9BsZJz8/Q7dR7d3Xeia75+/0XsGyTEqNrzC/p9HVSzCr7w4N+7GGOr+IE6GnOH3+KgCgo2XhAeCak+DU16PUWL0Mr1EYfdO+027/PZxaWIKJmY4kSaX1lysXnat+HARXMOM5wzA0iSP/etDILixhp9aGz+djAEDTtLt8aflFt1GFcG2NAYB/rN8dqx12fbIAAAAASUVORK5CYII=</l>
<l>3|Amazon.co.uk|http://www.amazon.co.uk/exec/obidos/external-search/?field-keywords=foo&amp;mode=blended&amp;tag=firefox-uk-21&amp;sourceid=Mozilla-search</l>
<l>3|Amazon.co.uk|http://www.amazon.co.uk/</l>
<l>3|Amazon.co.uk|none</l>
<l>4|Priberam|Dicionário Priberam|false|null|data:image/png;base64,iVBORw0KGgoAAAANSUhEUgAAABAAAAAQCAIAAAHnlligAAAABGdBTUEAANbY1E9YMgAAABl0RVh0U29mdHdhcmUAQWRvYmUgSW1hZ2VSZWFkeXHJZTwAAAKoSURBVHjaYvz7+dv3r98Y/n7+7u/jCxBAjH8/fmVgYGBat23T1+/fAQKI8e+X7wz//xeVlykqKjB8fP4qJj4GqHzR3LkAAQRV9+zlCylxCSYGJkYgunXnNohx78qNv5++fXn9Dkgy/Prw5YVwLQsLyy2hSoAAYgRaATTt4ZPHX799+fTh06Mnj4P9g5iZmZgYGBmASExEZPfevdHJCbdu3548c+rd+3eZGMCAk5Mz7b/Zg4cP33x8X5Cd+2vHbcaf7z4dOXbUwdaOARUABBDUXUDw79+/L9++MTIx8nJxA53FwsDI+Ofvn2vXr/Fy85y7fOnvnz9hQSEga4Ee+vPpK5D8+eGzqpLy8wePbpy7CPQ4C8g4Rsblq1ZIiEncvnd36vTpvLw8xaqFDECPyUhJA0kgkpeTB5K/P3wBeQ5oCAjdexuiYsvEzARkvz11++f91yzfvn27dv36rvDepcXtC7gvGttarbAq+asuzbh/yw4zU1MODg5UXzACBBg45P/9h4uAfPPly+9fv779+M7EzHzt5g0JMXFdLW2oNBMjOKjAwfjh44cLFy98+faVh49XWFRk3qIF2iaGl65cPnv+7NUb1yBqQFoYgKaDkQC/gIG+AR8P77nz58urq46fPPX/37/TZ86EBoW8ffcut6jg/qOHIB1AJ0E8ePX0ufrK6o3r1v/6+BkYdNaWlnp6ekDG7UtXwoNDLp89B1IGdD9Iw6dvpw4e2bBi9a8PnyEBdvPqVSkpKaBxU/snQkSg6Mt3aAKB+/hj+a6fM/dfZfslvDu+rreN+R9Dfnbu5YuXzk/a/PvZ28qwPMbbV65NmTFDVETk04cPMioKroY2CtxibLICDGzMwGA4cPSwvZWNoIAgw6+/fx99YFYUZPz39cd/pGDFD4CJBwBLx4gNwqkZawAAAABJRU5ErkJggg==</l>
<l>4|Priberam|http://www.priberam.pt/dlpo/firefox.aspx?pal=foo</l>
<l>4|Priberam|http://www.priberam.pt/dlpo/</l>
<l>4|Priberam|none</l>
<l>5|SAPO|Pesquisa SAPO|false|null|data:image/x-icon;base64,AAABAAEAEBAAAAAAAABoBAAAFgAAACgAAAAQAAAAIAAAAAEAIAAAAAAAQAQAAAAAAAAAAAAAAAAAAAAAAAAAAAAAAAAAAAAAAAAAAAAAAAAAAAAAAAAAAAAAAAAAAAAAAAAAAAAAAAAAAAAAAAAAAAAAAAAAAAAAAAAAAAAAAAAAAAAAAAAAAAAAAAAAAAAAAAAAAAAAAAAAAAAAAAAAAAAAAAAAAAAAAAAAAAAAAAAAAAAAAAAAAAAAAAAAAAAAAAAAAAAAAAAAAAAAAABXmHT/EnM8/wd6L/8EdRj/BHUY/wd6L/8Sczz/WJh0/wAAAAAAAAAAAAAAAAAAAAAAAAAAAAAAACt+UP8FaTL/B4I8/wmoTv8JO03/Ew62/xMOtv8JME7/CahO/weCPP8GajL/K35Q/wAAAAAAAAAAAAAAABJzPP8Hgjz/Cq5P/wm6Vv8BIwj/DAB8/xcG3v8ZB+b/DACA/wEUBf8JtVT/CahO/weCPP8Sczz/AAAAAECTZP8IkEP/Ca5Q/wquT/8CHA3/AAAA/wAAAP8AAAD/AAAA/wAAAP8AAAD/AhwN/wmuUP8Krk//CJBD/0OUZv8IkEP/CahO/wquT/8FYCz/CJBD/wd3N/8DIA//AQwE/wEMBP8CHA3/BWAs/wiQQ/8FYCz/CahO/wquT/8HjkL/CahO/wSIPP8Hdzf/BqQ+/wakPv8GpD7/BqQ+/wakPv8GpD7/BqQ+/wakPv8GpD7/BqQ+/wN9N/8DfTf/CahO/1fAhv8Vm0//Ao82/wOmR/8Pok//BqQ+/wSeNP8Dpkf/A6ZH/wSeNP8GpD7/D6JP/wOmR/8Cjzb/FZtP/13Ejf8AAAAAa8eW/13Ejf8TqFP/AZgu/x2Zfv8xxdP/D6JP/w+iT/8xxdP/HZl+/wGXLP8Sp1L/aMiV/3fLof8AAAAAAAAAAAAAAACc1rv/u+rN/3G0nP8E8Pf/A/D3/xfNz/8Xzc//A/D3/wPw9/9ws5v/wezS/5zWu/8AAAAAAAAAAAAAAAAAAAAAAAAAAAAAAABGQkH/BPD3/wAkJv8D8Pf/A/D3/wAsLv8D8Pf/RkJA/wAAAAAAAAAAAAAAAAAAAAAAAAAAAAAAAAAAAAAAAAAARkJB/0vw9v8E8Pf/NrjA/zi1vf8D8Pf/SPH3/0ZCQP8AAAAAAAAAAAAAAAAAAAAAAAAAAAAAAAAAAAAAAAAAAAAAAABGQkH/etfY/0ZCQf9GQkH/edbY/0ZCQP8AAAAAAAAAAAAAAAAAAAAAAAAAAAAAAAAAAAAAAAAAAAAAAAAAAAAAAAAAAEZCQf8AAAAAAAAAAEZCQf9+fHz/AAAAAAAAAAAAAAAAAAAAAAAAAAAAAAAAAAAAAAAAAAAAAAAAAAAAAAAAAAAAAAAAAAAAAAAAAAAAAAAAAAAAAAAAAAAAAAAAAAAAAAAAAAAAAAAA///////////wD///wAP//4AB//8AAP//AAD//wAA//8AAP//gAH//8AD///wD///8A////gf///9n////////w==</l>
<l>5|SAPO|http://pesquisa.sapo.pt/FF2?q=foo&amp;enc=utf-8</l>
<l>5|SAPO|http://pesquisa.sapo.pt</l>
<l>5|SAPO|http://pesquisa.sapo.pt/livesapo?q=foo</l>
<l>6|Wikipédia|Wikipédia, a enciclopédia livre|false|null|data:image/x-icon;base64,AAABAAEAEBAQAAEABAAoAQAAFgAAACgAAAAQAAAAIAAAAAEABAAAAAAAAAAAAAAAAAAAAAAAEAAAAAAAAAAEAgQAhIOEAMjHyABIR0gA6ejpAGlqaQCpqKkAKCgoAPz9/AAZGBkAmJiYANjZ2ABXWFcAent6ALm6uQA8OjwAiIiIiIiIiIiIiI4oiL6IiIiIgzuIV4iIiIhndo53KIiIiB/WvXoYiIiIfEZfWBSIiIEGi/foqoiIgzuL84i9iIjpGIoMiEHoiMkos3FojmiLlUipYliEWIF+iDe0GoRa7D6GPbjcu1yIiIiIiIiIiIiIiIiIiIiIiIiIiIiIiIgAAAAAAAAAAAAAAAAAAAAAAAAAAAAAAAAAAAAAAAAAAAAAAAAAAAAAAAAAAAAAAAAAAAAAAAAAAAAAAAAAAAAA</l>
<l>6|Wikipédia|http://pt.wikipedia.org/w/wiki.phtml?search=foo&amp;sourceid=Mozilla-search&amp;offset=0&amp;offset=0</l>
<l>6|Wikipédia|http://pt.wikipedia.org/wiki/Especial:Search</l>
<l>6|Wikipédia|none</l>
</section>
<section id="preferences">
<l>app.update.channel|beta</l>
<l>browser.contentHandlers.types.0.title|Bloglines</l>
<l>browser.contentHandlers.types.0.type|application/vnd.mozilla.maybe.feed</l>
<l>browser.contentHandlers.types.0.uri|http://www.bloglines.com/login?r=/sub/%s</l>
<l>browser.contentHandlers.types.1.title|My Yahoo</l>
<l>browser.contentHandlers.types.1.type|application/vnd.mozilla.maybe.feed</l>
<l>browser.contentHandlers.types.1.uri|http://add.my.yahoo.com/rss?url=%s</l>
<l>browser.contentHandlers.types.2.title|Google Reader</l>
<l>browser.contentHandlers.types.2.type|application/vnd.mozilla.maybe.feed</l>
<l>browser.contentHandlers.types.2.uri|http://fusion.google.com/add?feedurl=%s</l>
<l>browser.contentHandlers.types.3.title|chrome://browser-region/locale/region.properties</l>
<l>browser.contentHandlers.types.3.type|application/vnd.mozilla.maybe.feed</l>
<l>browser.contentHandlers.types.3.uri|chrome://browser-region/locale/region.properties</l>
<l>browser.contentHandlers.types.4.title|chrome://browser-region/locale/region.properties</l>
<l>browser.contentHandlers.types.4.type|application/vnd.mozilla.maybe.feed</l>
<l>browser.contentHandlers.types.4.uri|chrome://browser-region/locale/region.properties</l>
<l>browser.contentHandlers.types.5.title|chrome://browser-region/locale/region.properties</l>
<l>browser.contentHandlers.types.5.type|application/vnd.mozilla.maybe.feed</l>
<l>browser.contentHandlers.types.5.uri|chrome://browser-region/locale/region.properties</l>
<l>browser.startup.homepage|http://pt-PT.start2.mozilla.com/firefox?client=firefox-a&amp;rls=org.mozilla:pt-PT:official</l>
<l>browser.startup.page|null</l>
<l>general.startup.browser|true</l>
<l>startup.homepage_override_url|http://%LOCALE%.www.mozilla.com/%LOCALE%/%APP%/%VERSION%/whatsnew/</l>
<l>startup.homepage_welcome_url|http://%LOCALE%.www.mozilla.com/%LOCALE%/%APP%/%VERSION%/firstrun/</l>
</section>
<section id="extensions">
</section>
</testrun>
