<?xml version="1.0"?>
<testrun>
<section id="searchengine">
<l>1|Google|Google Search|false|null|data:image/x-icon;base64,R0lGODlhEAAQAPfLAAATVikwdA8SnxUfgAsWpAAilholjxw4jBc7kwAlvQQ2sRMsoBUqqhMzuhY/vxw4tSgmiyM1mSUztiQ6sTE3sQ4qyxMxxRoyxiAuxR1CtBxJsBxasSJuuTFguBte0Rlf2xVc9h9W9xVjzxVr0gdj6BRh4R1o5yBcyiZbyydT1i9b2Ddb1iFY6CJg2Vpor1dzvEJu20Z0yi23QDy1REi2OUy0O1WzOVC4PU+tVUe5Sk2xQU2zRUO4UE21Ula2SmKEqWWF2HyPx2+a6X6e6Xqk1m+s78sUDs4UGdEQB9YfDdwaANEfHd0YEscjAM4mAM0qANIoD9IkGdslGswuItYgL4aP0ImP2YGZ36Opzaq2wq/S+rzX/7/e8MrS1MLO/sTb48rT8snX/83c89PZ+crq+cH1/9Dl/9Ln/93r/9fy/+Hf7P/42eDm/O7u/+T29uX2/eT2/+f4/+f5/+j/9u//8+3/9u7/9ur5/+j//+n//+v//u3//+7//e7//+////b66/T/6vX/6/f/7f/07fj/4fv/4Pj/5v/45v7/4/r+7/3/6fDw+Pfx//D/9/X/8fT/8/f/8ff/8/D///H///L8/fL///P///X7//b6/ff/+/T///b9//f///v19//w9v/09P/29v/x+f/y///z///1+v/1///2///3//j79P/58/z/8/z99/z/9v7/9P7/9vn7//v6//j9//n9//j///n///v//vv////4+v/5+//6+P/4///6/P/6/v/6///7///9+P/8+v/9+v7/+Pz////8/f/9/f79///8///9//7//////////wAAAAAAAAAAAAAAAAAAAAAAAAAAAAAAAAAAAAAAAAAAAAAAAAAAAAAAAAAAAAAAAAAAAAAAAAAAAAAAAAAAAAAAAAAAAAAAAAAAAAAAAAAAAAAAAAAAAAAAAAAAAAAAAAAAAAAAAAAAAAAAAAAAAAAAAAAAAAAAAAAAAAAAAAAAAAAAAAAAAAAAAAAAAAAAAAAAAAAAAAAAAAAAACH5BAEAAMsALAAAAAAQABAAAAj/AEn4oIFjBw8bOnrMuJGjhowZM1T8UdYJUZ5ZcNRYWjSrVK5QU0DMmtUnzRAXEy4o6FCEy6NDTkQIq1MmRgM0eZTlCXMgQJtRSE4gmgUkwh1EiZTNUiamy6NUUExcuoJgDCdDjQg9KgVL2SNFT1hwEvKglLBWuixZ+jSrlSBdRlL04bBBkTBdpZTpIqWsFaBcTEr0QaEhl6dWlswKW6poDRUPlmAUQKWMkTJLc76QMQNGUZMWgIgkCFJnlq5WXigwkFClVZQQyuRgELAlk7JBymCZGYAF0ZEPrQixgUDAihxVdPpoAZAFUZIRfThxgvPCwAILDipk+OFG2ZIVoxApERtPfvwlvZ+kQFzPvv0MJQEBADs=</l>
<l>1|Google|http://www.google.com/search?q=foo&amp;ie=utf-8&amp;oe=utf-8&amp;aq=t&amp;rls=org.mozilla:nl:official&amp;client=firefox-a</l>
<l>1|Google|http://www.google.com/firefox</l>
<l>1|Google|http://suggestqueries.google.com/complete/search?output=firefox&amp;client=firefox&amp;hl=nl&amp;q=foo</l>
<l>2|Yahoo|Zoeken met Yahoo|false|null|data:image/x-icon;base64,R0lGODlhEAAQAJECAP8AAAAAAP///wAAACH5BAEAAAIALAAAAAAQABAAAAIplI+py+0NogQuyBDEnEd2kHkfFWUamEzmpZSfmaIHPHrRguUm/fT+UwAAOw==</l>
<l>2|Yahoo|http://nl.search.yahoo.com/search?p=foo&amp;ei=UTF-8&amp;fr=moz2</l>
<l>2|Yahoo|http://nl.search.yahoo.com/</l>
<l>2|Yahoo|http://ff.search.yahoo.com/gossip?output=fxjson&amp;command=foo</l>
<l>3|BOL.nl|Boeken zoeken bij BOL.nl|false|null|data:image/x-icon;base64,iVBORw0KGgoAAAANSUhEUgAAABAAAAAQCAYAAAFo9M/3AAAACXBIWXMAAA7DAAAOwwHHb6hkAAAACXRFWHRDb21tZW50AACJKo0GAAADmElEQVR4nGWSa1DUZRjF/x+apsYPzjhNX5oxTYjbEuuuqFCTE0GSCAKychO2hd3FVbmkxkWh0ImCqCEERwRTEqQSVKjhtoWLoNwWEFBY1gHEAENYjUEuAU2/dtepyenDeWbeZ857nvc95xEAIfDjhmPCBmUTog8HEEyLvGjpCvUd8xw6O4lgOX3fOoR9aB25TY8QJpeXVx0t+ANZ+gi2yu6njKOVJt+i5gU3613bED35Py9woQE8IpsQfOIGyKowUfCjAdeYNgTHkDZcwmpwkLeTXWzcbdX4omwwcFN4D+HHx3GO6cM5chrHPTqsmgdzl0IKb0LO5TF8VLfJPGfAxk9LUEYfm4OvIZTWrmxdr2rhnXgtad/2I429joemh7WROlwjqp8+c+4vnnNX6/Dc14hY/h1v+PfzeelogHWEpVhQ0jsvCUy5lppUurhrePHxS//0rUUs13Ps5AyvRA8h0Yxit2ec/KqHXlaCT4yeb7pWyLrYQVT2GJqcu2iHwDO+m+F5Vgs2u8+QUnSXzbsqOF07x+GCm7zm10/G1RUOnjRGCdIYA+drliipnUKR10dq+RO0hiVsgjsIzqhPFpxCyxDF3qaydxlxaBV2slo2RjfhmjBIfsXUdiH70tQOh+BW9h0fRvqRHv+0cew1t5Aqmvn3F58UTchc5FV4R3Twup8OL/UthqdZ84wPFhTX9WzfGd2Iu6yN9b4VSA90Igm/wUZ5N+uCzPaf6DpSWDfiNfsnzz/jU3G1aduWiEE27b/DJQPkXR4h4Eg3r6q02CZ0sVamxT2ym4DDBtwUjUhkDZTUz75pFfipblkqDrtAQvlvFDVMU1h+z+zpA7w1WrLOm5egeIIrLXMknprAM64Pj7R6Uq8sIvGtobSaLYKNaoJt5oxzK2cITh/CK26QtHO9VPRMoTk1xN6vTITn30cU1UJM7hiN92H/p0Ycg7rwOa1PEBTpJrUkogUX5R2cwjp564MakvI7qRuAQ1/PYKNs491YIzuVPbwdfh2XiC6z2Cj2u1tILvhdJhhnWONxoBWH6FGcozpJKZgkt2wRkayKDeY1FZkD3arsRaxqxin2Bo7xA6wLacdb/QvGCV62mvhgYWF1XF6HWqJox82cYfLFh+TUznK2CQr1c4R+NoarYhxRxADiyBoyfxjxf7TMC/+L0QLdPZPdiauz7+/NeKzyTxhO3JFoTJJnjqu/rJ5+T/frpN00T1b9l/83BYql32MR6j0AAAAASUVORK5CYII=</l>
<l>3|BOL.nl|http://www.nl.bol.com/is-bin/INTERSHOP.enfinity/eCS/Store/nl/-/EUR/BOL_ParametricSearch-Start?Ntk=Trefwoord&amp;Nty=1&amp;Section=BOOK&amp;Ntt=foo&amp;submit.x=0&amp;submit.y=0&amp;submit=search</l>
<l>3|BOL.nl|http://www.nl.bol.com</l>
<l>3|BOL.nl|none</l>
<l>4|Marktplaats.nl|Zoeken in alle categorieÃ«n op Marktplaats.nl|false|null|data:image/x-icon;base64,iVBORw0KGgoAAAANSUhEUgAAABAAAAAQCAIAAACQkWg2AAAACXBIWXMAAAsTAAALEwEAmpwYAAAKTWlDQ1BQaG90b3Nob3AgSUNDIHByb2ZpbGUAAHjanVN3WJP3Fj7f92UPVkLY8LGXbIEAIiOsCMgQWaIQkgBhhBASQMWFiApWFBURnEhVxILVCkidiOKgKLhnQYqIWotVXDjuH9yntX167+3t+9f7vOec5/zOec8PgBESJpHmomoAOVKFPDrYH49PSMTJvYACFUjgBCAQ5svCZwXFAADwA3l4fnSwP/wBr28AAgBw1S4kEsfh/4O6UCZXACCRAOAiEucLAZBSAMguVMgUAMgYALBTs2QKAJQAAGx5fEIiAKoNAOz0ST4FANipk9wXANiiHKkIAI0BAJkoRyQCQLsAYFWBUiwCwMIAoKxAIi4EwK4BgFm2MkcCgL0FAHaOWJAPQGAAgJlCLMwAIDgCAEMeE80DIEwDoDDSv+CpX3CFuEgBAMDLlc2XS9IzFLiV0Bp38vDg4iHiwmyxQmEXKRBmCeQinJebIxNI5wNMzgwAABr50cH+OD+Q5+bk4eZm52zv9MWi/mvwbyI+IfHf/ryMAgQAEE7P79pf5eXWA3DHAbB1v2upWwDaVgBo3/ldM9sJoFoK0Hr5i3k4/EAenqFQyDwdHAoLC+0lYqG9MOOLPv8z4W/gi372/EAe/tt68ABxmkCZrcCjg/1xYW52rlKO58sEQjFu9+cj/seFf/2OKdHiNLFcLBWK8ViJuFAiTcd5uVKRRCHJleIS6X8y8R+W/QmTdw0ArIZPwE62B7XLbMB+7gECiw5Y0nYAQH7zLYwaC5EAEGc0Mnn3AACTv/mPQCsBAM2XpOMAALzoGFyolBdMxggAAESggSqwQQcMwRSswA6cwR28wBcCYQZEQAwkwDwQQgbkgBwKoRiWQRlUwDrYBLWwAxqgEZrhELTBMTgN5+ASXIHrcBcGYBiewhi8hgkEQcgIE2EhOogRYo7YIs4IF5mOBCJhSDSSgKQg6YgUUSLFyHKkAqlCapFdSCPyLXIUOY1cQPqQ28ggMor8irxHMZSBslED1AJ1QLmoHxqKxqBz0XQ0D12AlqJr0Rq0Hj2AtqKn0UvodXQAfYqOY4DRMQ5mjNlhXIyHRWCJWBomxxZj5Vg1Vo81Yx1YN3YVG8CeYe8IJAKLgBPsCF6EEMJsgpCQR1hMWEOoJewjtBK6CFcJg4Qxwicik6hPtCV6EvnEeGI6sZBYRqwm7iEeIZ4lXicOE1+TSCQOyZLkTgohJZAySQtJa0jbSC2kU6Q+0hBpnEwm65Btyd7kCLKArCCXkbeQD5BPkvvJw+S3FDrFiOJMCaIkUqSUEko1ZT/lBKWfMkKZoKpRzame1AiqiDqfWkltoHZQL1OHqRM0dZolzZsWQ8ukLaPV0JppZ2n3aC/pdLoJ3YMeRZfQl9Jr6Afp5+mD9HcMDYYNg8dIYigZaxl7GacYtxkvmUymBdOXmchUMNcyG5lnmA+Yb1VYKvYqfBWRyhKVOpVWlX6V56pUVXNVP9V5qgtUq1UPq15WfaZGVbNQ46kJ1Bar1akdVbupNq7OUndSj1DPUV+jvl/9gvpjDbKGhUaghkijVGO3xhmNIRbGMmXxWELWclYD6yxrmE1iW7L57Ex2Bfsbdi97TFNDc6pmrGaRZp3mcc0BDsax4PA52ZxKziHODc57LQMtPy2x1mqtZq1+rTfaetq+2mLtcu0W7eva73VwnUCdLJ31Om0693UJuja6UbqFutt1z+o+02PreekJ9cr1Dund0Uf1bfSj9Rfq79bv0R83MDQINpAZbDE4Y/DMkGPoa5hpuNHwhOGoEctoupHEaKPRSaMnuCbuh2fjNXgXPmasbxxirDTeZdxrPGFiaTLbpMSkxeS+Kc2Ua5pmutG003TMzMgs3KzYrMnsjjnVnGueYb7ZvNv8jYWlRZzFSos2i8eW2pZ8ywWWTZb3rJhWPlZ5VvVW16xJ1lzrLOtt1ldsUBtXmwybOpvLtqitm63Edptt3xTiFI8p0in1U27aMez87ArsmuwG7Tn2YfYl9m32zx3MHBId1jt0O3xydHXMdmxwvOuk4TTDqcSpw+lXZxtnoXOd8zUXpkuQyxKXdpcXU22niqdun3rLleUa7rrStdP1o5u7m9yt2W3U3cw9xX2r+00umxvJXcM970H08PdY4nHM452nm6fC85DnL152Xlle+70eT7OcJp7WMG3I28Rb4L3Le2A6Pj1l+s7pAz7GPgKfep+Hvqa+It89viN+1n6Zfgf8nvs7+sv9j/i/4XnyFvFOBWABwQHlAb2BGoGzA2sDHwSZBKUHNQWNBbsGLww+FUIMCQ1ZH3KTb8AX8hv5YzPcZyya0RXKCJ0VWhv6MMwmTB7WEY6GzwjfEH5vpvlM6cy2CIjgR2yIuB9pGZkX+X0UKSoyqi7qUbRTdHF09yzWrORZ+2e9jvGPqYy5O9tqtnJ2Z6xqbFJsY+ybuIC4qriBeIf4RfGXEnQTJAntieTE2MQ9ieNzAudsmjOc5JpUlnRjruXcorkX5unOy553PFk1WZB8OIWYEpeyP+WDIEJQLxhP5aduTR0T8oSbhU9FvqKNolGxt7hKPJLmnVaV9jjdO31D+miGT0Z1xjMJT1IreZEZkrkj801WRNberM/ZcdktOZSclJyjUg1plrQr1zC3KLdPZisrkw3keeZtyhuTh8r35CP5c/PbFWyFTNGjtFKuUA4WTC+oK3hbGFt4uEi9SFrUM99m/ur5IwuCFny9kLBQuLCz2Lh4WfHgIr9FuxYji1MXdy4xXVK6ZHhp8NJ9y2jLspb9UOJYUlXyannc8o5Sg9KlpUMrglc0lamUycturvRauWMVYZVkVe9ql9VbVn8qF5VfrHCsqK74sEa45uJXTl/VfPV5bdra3kq3yu3rSOuk626s91m/r0q9akHV0IbwDa0b8Y3lG19tSt50oXpq9Y7NtM3KzQM1YTXtW8y2rNvyoTaj9nqdf13LVv2tq7e+2Sba1r/dd3vzDoMdFTve75TsvLUreFdrvUV99W7S7oLdjxpiG7q/5n7duEd3T8Wej3ulewf2Re/ranRvbNyvv7+yCW1SNo0eSDpw5ZuAb9qb7Zp3tXBaKg7CQeXBJ9+mfHvjUOihzsPcw83fmX+39QjrSHkr0jq/dawto22gPaG97+iMo50dXh1Hvrf/fu8x42N1xzWPV56gnSg98fnkgpPjp2Snnp1OPz3Umdx590z8mWtdUV29Z0PPnj8XdO5Mt1/3yfPe549d8Lxw9CL3Ytslt0utPa49R35w/eFIr1tv62X3y+1XPK509E3rO9Hv03/6asDVc9f41y5dn3m978bsG7duJt0cuCW69fh29u0XdwruTNxdeo94r/y+2v3qB/oP6n+0/rFlwG3g+GDAYM/DWQ/vDgmHnv6U/9OH4dJHzEfVI0YjjY+dHx8bDRq98mTOk+GnsqcTz8p+Vv9563Or59/94vtLz1j82PAL+YvPv655qfNy76uprzrHI8cfvM55PfGm/K3O233vuO+638e9H5ko/ED+UPPR+mPHp9BP9z7nfP78L/eE8/sl0p8zAAAABGdBTUEAALGOfPtRkwAAACBjSFJNAAB6JQAAgIMAAPn/AACA6QAAdTAAAOpgAAA6mAAAF2+SX8VGAAABC0lEQVR42rSSoU7DUBSGv42FNKHiBtMrEE2KwnRysoIwP4UZ6SOQ9AW2B5hFN+BRCDZVSQKi9WtSeVFUVCwEgehdb0p2xQTHnfz/d3POf+6gyhYcU0OOrBGQpBSV7lcxod9zFBVJChBIZhOGrWk61rKq/z75mAFIwfKW6Xg/0s0eeH6j2Rm3qnXrCaTo7yAFUlAqSmWAp6zX9gBP4AmAh1cjr3PuIntKrVYq1rl2S8GZYwcCSSABPmuATc484lLaAdfRcptMUZn0rIebTXAdgOvFAfcBoJsKmEd2YKtodjryVWyC7k7ZqSf3cZSkvHzw1fC+5eqCcxcg9Al9kpRNzvePVk9HDP79t/4OALMxUpBz00CfAAAAAElFTkSuQmCC</l>
<l>4|Marktplaats.nl|http://kopen.marktplaats.nl/search.php?q=foo&amp;client=firefox-search</l>
<l>4|Marktplaats.nl|http://www.marktplaats.nl</l>
<l>4|Marktplaats.nl|none</l>
<l>5|Van Dale Woordenboek|Van Dale Taalweb On-linewoordenboek:|false|null|data:image/x-icon;base64,iVBORw0KGgoAAAANSUhEUgAAABAAAAAQCAIAAACQkWg2AAAAK3RFWHRDcmVhdGlvbiBUaW1lAFNhdCA2IERlYyAyMDAzIDE1OjQ1OjAxIC0wMDAwDmVEwwAAAAd0SU1FB9MMBg8yK/J1nPAAAAAJcEhZcwAADsMAAA7DAcdvqGQAAAAEZ0FNQQAAsY8L/GEFAAABXUlEQVR42rVSPYvCQBR0Q1CDjSCksEkhWImFVrFIJwGxSpVfICH/Ihh7SWFnF0vRziI/wMpGBAslhpCTQECMVwiSj5vzijsQvLO4qYbdNztv3luSpmnmFVAvVX8Kzufzcrm0bTuO48fr+I6fJ+SrJcdx1uu17/tvd1wul+v1ejweXdfFbavVUhRFFEWKoshjhiiK3u84HA6e5223W9M0oVRV1TCMTPoHQNxut/HWfD7/RXC73YbDIRpGSPTT6/Xo5zPRdb1arXIch+jlchlWzwSn02k8Hu/3e/AkSeBWqVSe7WE2mzUajXw+D77ZbIIg6Ha7BNLVamVZFkbJsmytVuN5vlAooAcQTdM6nQ5qJEkihEynU7JYLAaDgSzLpVIJplgFRskwDEgulxuNRmEY9vv93W43mUyKxSJBDjCYwhoVINlslqbper2OPSAABM1mUxAETOl70//5+V4VfAAoNQMKuu6SpgAAAABJRU5ErkJggg==</l>
<l>5|Van Dale Woordenboek|http://www.vandale.nl/opzoeken/woordenboek/?zoekwoord=foo</l>
<l>5|Van Dale Woordenboek|http://www.vandale.nl</l>
<l>5|Van Dale Woordenboek|none</l>
<l>6|Wikipedia - Nederlands (nl)|De vrije encyclopedie|false|null|data:image/x-icon;base64,iVBORw0KGgoAAAANSUhEUgAAABAAAAAQBAMAAADt3eJSAAAAMFBMVEUDAwMYGBgoKCg7OztHR0dYWFhqamp7e3uDg4OYmJioqKi6urrHx8fZ2dno6Oj9/f34pRgPAAAAc0lEQVQI12P4DwUMmIyt3r/c75feTWX4of3f6V7nv0yGv2LvJ67J/5fP8D/w/BWN9b/XM/zf2P+T9f+L/Qz/v/j+Nfl/Haj9B9dfo/0zQeaovkrO7wMxmquua/aDGIu0fiudBzG++P5PAtv1+/z/20iWAgCSoWURjfnvaQAAAABJRU5ErkJggg==</l>
<l>6|Wikipedia - Nederlands (nl)|http://nl.wikipedia.org/wiki/Speciaal:Search?search=foo&amp;sourceid=mozilla-search</l>
<l>6|Wikipedia - Nederlands (nl)|http://nl.wikipedia.org</l>
<l>6|Wikipedia - Nederlands (nl)|none</l>
</section>
<section id="preferences">
<l>app.update.channel|beta</l>
<l>browser.contentHandlers.types.0.title|Bloglines</l>
<l>browser.contentHandlers.types.0.type|application/vnd.mozilla.maybe.feed</l>
<l>browser.contentHandlers.types.0.uri|http://www.bloglines.com/login?r=/sub/%s</l>
<l>browser.contentHandlers.types.1.title|My Yahoo</l>
<l>browser.contentHandlers.types.1.type|application/vnd.mozilla.maybe.feed</l>
<l>browser.contentHandlers.types.1.uri|http://add.my.yahoo.com/rss?url=%s</l>
<l>browser.contentHandlers.types.2.title|Google</l>
<l>browser.contentHandlers.types.2.type|application/vnd.mozilla.maybe.feed</l>
<l>browser.contentHandlers.types.2.uri|http://fusion.google.com/add?feedurl=%s</l>
<l>browser.contentHandlers.types.3.title|chrome://browser-region/locale/region.properties</l>
<l>browser.contentHandlers.types.3.type|application/vnd.mozilla.maybe.feed</l>
<l>browser.contentHandlers.types.3.uri|chrome://browser-region/locale/region.properties</l>
<l>browser.contentHandlers.types.4.title|chrome://browser-region/locale/region.properties</l>
<l>browser.contentHandlers.types.4.type|application/vnd.mozilla.maybe.feed</l>
<l>browser.contentHandlers.types.4.uri|chrome://browser-region/locale/region.properties</l>
<l>browser.contentHandlers.types.5.title|chrome://browser-region/locale/region.properties</l>
<l>browser.contentHandlers.types.5.type|application/vnd.mozilla.maybe.feed</l>
<l>browser.contentHandlers.types.5.uri|chrome://browser-region/locale/region.properties</l>
<l>browser.startup.homepage|http://nl.start2.mozilla.com/firefox?client=firefox-a&amp;rls=org.mozilla:nl:official</l>
<l>browser.startup.page|null</l>
<l>general.startup.browser|true</l>
<l>startup.homepage_override_url|http://%LOCALE%.www.mozilla.com/%LOCALE%/%APP%/%VERSION%/whatsnew/</l>
<l>startup.homepage_welcome_url|http://%LOCALE%.www.mozilla.com/%LOCALE%/%APP%/%VERSION%/firstrun/</l>
</section>
<section id="extensions">
</section>
</testrun>
