<?xml version="1.0"?>
<testrun>
<section id="searchengine">
<l>1|Google|Google Search|false|null|data:image/x-icon;base64,R0lGODlhEAAQAPfLAAATVikwdA8SnxUfgAsWpAAilholjxw4jBc7kwAlvQQ2sRMsoBUqqhMzuhY/vxw4tSgmiyM1mSUztiQ6sTE3sQ4qyxMxxRoyxiAuxR1CtBxJsBxasSJuuTFguBte0Rlf2xVc9h9W9xVjzxVr0gdj6BRh4R1o5yBcyiZbyydT1i9b2Ddb1iFY6CJg2Vpor1dzvEJu20Z0yi23QDy1REi2OUy0O1WzOVC4PU+tVUe5Sk2xQU2zRUO4UE21Ula2SmKEqWWF2HyPx2+a6X6e6Xqk1m+s78sUDs4UGdEQB9YfDdwaANEfHd0YEscjAM4mAM0qANIoD9IkGdslGswuItYgL4aP0ImP2YGZ36Opzaq2wq/S+rzX/7/e8MrS1MLO/sTb48rT8snX/83c89PZ+crq+cH1/9Dl/9Ln/93r/9fy/+Hf7P/42eDm/O7u/+T29uX2/eT2/+f4/+f5/+j/9u//8+3/9u7/9ur5/+j//+n//+v//u3//+7//e7//+////b66/T/6vX/6/f/7f/07fj/4fv/4Pj/5v/45v7/4/r+7/3/6fDw+Pfx//D/9/X/8fT/8/f/8ff/8/D///H///L8/fL///P///X7//b6/ff/+/T///b9//f///v19//w9v/09P/29v/x+f/y///z///1+v/1///2///3//j79P/58/z/8/z99/z/9v7/9P7/9vn7//v6//j9//n9//j///n///v//vv////4+v/5+//6+P/4///6/P/6/v/6///7///9+P/8+v/9+v7/+Pz////8/f/9/f79///8///9//7//////////wAAAAAAAAAAAAAAAAAAAAAAAAAAAAAAAAAAAAAAAAAAAAAAAAAAAAAAAAAAAAAAAAAAAAAAAAAAAAAAAAAAAAAAAAAAAAAAAAAAAAAAAAAAAAAAAAAAAAAAAAAAAAAAAAAAAAAAAAAAAAAAAAAAAAAAAAAAAAAAAAAAAAAAAAAAAAAAAAAAAAAAAAAAAAAAAAAAAAAAAAAAAAAAACH5BAEAAMsALAAAAAAQABAAAAj/AEn4oIFjBw8bOnrMuJGjhowZM1T8UdYJUZ5ZcNRYWjSrVK5QU0DMmtUnzRAXEy4o6FCEy6NDTkQIq1MmRgM0eZTlCXMgQJtRSE4gmgUkwh1EiZTNUiamy6NUUExcuoJgDCdDjQg9KgVL2SNFT1hwEvKglLBWuixZ+jSrlSBdRlL04bBBkTBdpZTpIqWsFaBcTEr0QaEhl6dWlswKW6poDRUPlmAUQKWMkTJLc76QMQNGUZMWgIgkCFJnlq5WXigwkFClVZQQyuRgELAlk7JBymCZGYAF0ZEPrQixgUDAihxVdPpoAZAFUZIRfThxgvPCwAILDipk+OFG2ZIVoxApERtPfvwlvZ+kQFzPvv0MJQEBADs=</l>
<l>1|Google|http://www.google.com/search?q=foo&amp;ie=utf-8&amp;oe=utf-8&amp;aq=t&amp;rls=org.mozilla:pt-BR:official&amp;client=firefox-a</l>
<l>1|Google|http://www.google.com/firefox</l>
<l>1|Google|http://suggestqueries.google.com/complete/search?output=firefox&amp;client=firefox&amp;hl=pt-BR&amp;q=foo</l>
<l>2|Yahoo|Pesquisa Yahoo|false|null|data:image/x-icon;base64,R0lGODlhEAAQAJECAP8AAAAAAP///wAAACH5BAEAAAIALAAAAAAQABAAAAIplI+py+0NogQuyBDEnEd2kHkfFWUamEzmpZSfmaIHPHrRguUm/fT+UwAAOw==</l>
<l>2|Yahoo|http://br.search.yahoo.com/search?p=foo&amp;ei=UTF-8&amp;fr=moz2</l>
<l>2|Yahoo|http://search.yahoo.com/</l>
<l>2|Yahoo|none</l>
<l>3|Wikipédia|A enciclopédia livre.|false|null|data:image/x-icon;base64,iVBORw0KGgoAAAANSUhEUgAAABAAAAAQBAMAAADt3eJSAAAAMFBMVEUDAwMYGBgoKCg7OztHR0dYWFhqamp7e3uDg4OYmJioqKi6urrHx8fZ2dno6Oj9/f34pRgPAAAAc0lEQVQI12P4DwUMmIyt3r/c75feTWX4of3f6V7nv0yGv2LvJ67J/5fP8D/w/BWN9b/XM/zf2P+T9f+L/Qz/v/j+Nfl/Haj9B9dfo/0zQeaovkrO7wMxmquua/aDGIu0fiudBzG++P5PAtv1+/z/20iWAgCSoWURjfnvaQAAAABJRU5ErkJggg==</l>
<l>3|Wikipédia|http://pt.wikipedia.org/wiki/Especial:Search?search=foo&amp;fulltext=fulltext</l>
<l>3|Wikipédia|http://pt.wikipedia.org/</l>
<l>3|Wikipédia|none</l>
<l>4|BuscaPé|Comparação de produtos e pesquisa de preços.|false|null|data:image/x-icon;base64,R0lGODlhEAAQANUoALu7u/zW1/WFiPm1tnd3d/itryIiIvFSVlVVVd3d3e7u7vimqKqqqvm3uf3i4//6+v3p6u44Pfzb3PJobPBGS/ekpveane86P/FcYPWChe9BRvFZXfFVWfR2evaOkURERBEREYiIiO4zOMzMzDMzM2ZmZpmZmQAAAP///wAAAAAAAAAAAAAAAAAAAAAAAAAAAAAAAAAAAAAAAAAAAAAAAAAAAAAAAAAAAAAAAAAAAAAAAAAAAAAAAAAAAAAAAAAAACH5BAEAACgALAAAAAAQABAAAAaPQBQgRDShUCZiaHQ8Ik4f0MkIAn1OoCbKYECFpolTCXVNNKGKZwJwCqFI2SP7dDIwvCcSqd00tRliKCVtIQBaBCcjCicIb3FaZCcAiG5QkEdSdGMjJwQoDxsDl6MVIiITDigBqwMFBQsCsRqmIhcWtLi5uBIBrwIdGBS6B6KjHrTEo0cQESIHDcpNGRzQkEEAOw==</l>
<l>4|BuscaPé|http://busca.buscape.com.br/cprocura?produto=foo&amp;site_origem=11642</l>
<l>4|BuscaPé|http://www.buscape.com.br/</l>
<l>4|BuscaPé|none</l>
<l>5|MercadoLivre|Onde comprar e vender de Tudo.|false|null|data:image/x-icon;base64,iVBORw0KGgoAAAANSUhEUgAAABAAAAAQCAIAAACQkWg2AAAABnRSTlMAAAAAAABupgeRAAABnklEQVR4nGNgGPqA8f///wwMDP///7199/2Js28fPvspI/b3758P////Y2IWfPiCjYeX1d9ZREWRj5mFlYGBgeH///+XrrycMONSZtk5LeOw//8Z0FBVuYSm1eaqljNHTjz6//8/4/lLL1asedTRaPr3H8P+A7vF+dM+fDBk5Cj+8OkDL8ctxr+b/zDYCktU6euwF1WfDPaVYsgsPnL+0vPnz/7+RwUXrvw/fALB/fXt/8sX3+z9N7F8/PznyOkPxzdpJMSp/WXtklV3EORjkJJg0NdmOHb624rNXAL/lgmy1967fe8h6/nnr38y8QmyLlj5nFk8zDXotIe04945NacuMhw7x/DkE8Odp1yP95R46Eabe9z7yKy3fstHNSUhhj9/fzoG7mBgWJCcZAD36OalfVuXNJ7dwAvhtjYqMjDMEtVe9+HjVwaIE2cvvcjAuI6BqSIzT3DLCoZdyxj2rWLYvpqhqJSfgSuHgWFVXc9piEpG5Eh58Oz/zj2fn7x79erN+1+//3NzcKtKSznYC+ipMTAwMDAyMmKJyEEAAHOj6iZS/gfAAAAAAElFTkSuQmCC</l>
<l>5|MercadoLivre|http://www.mercadolivre.com.br/jm/search?as_word=foo</l>
<l>5|MercadoLivre|http://www.mercadolivre.com.br/</l>
<l>5|MercadoLivre|none</l>
</section>
<section id="preferences">
<l>app.update.channel|beta</l>
<l>browser.contentHandlers.types.0.title|Bloglines</l>
<l>browser.contentHandlers.types.0.type|application/vnd.mozilla.maybe.feed</l>
<l>browser.contentHandlers.types.0.uri|http://www.bloglines.com/login?r=/sub/%s</l>
<l>browser.contentHandlers.types.1.title|Meu Yahoo</l>
<l>browser.contentHandlers.types.1.type|application/vnd.mozilla.maybe.feed</l>
<l>browser.contentHandlers.types.1.uri|http://add.my.yahoo.com/rss?url=%s</l>
<l>browser.contentHandlers.types.2.title|Google</l>
<l>browser.contentHandlers.types.2.type|application/vnd.mozilla.maybe.feed</l>
<l>browser.contentHandlers.types.2.uri|http://fusion.google.com/add?feedurl=%s</l>
<l>browser.contentHandlers.types.3.title|chrome://browser-region/locale/region.properties</l>
<l>browser.contentHandlers.types.3.type|application/vnd.mozilla.maybe.feed</l>
<l>browser.contentHandlers.types.3.uri|chrome://browser-region/locale/region.properties</l>
<l>browser.contentHandlers.types.4.title|chrome://browser-region/locale/region.properties</l>
<l>browser.contentHandlers.types.4.type|application/vnd.mozilla.maybe.feed</l>
<l>browser.contentHandlers.types.4.uri|chrome://browser-region/locale/region.properties</l>
<l>browser.contentHandlers.types.5.title|chrome://browser-region/locale/region.properties</l>
<l>browser.contentHandlers.types.5.type|application/vnd.mozilla.maybe.feed</l>
<l>browser.contentHandlers.types.5.uri|chrome://browser-region/locale/region.properties</l>
<l>browser.startup.homepage|http://pt-BR.start2.mozilla.com/firefox?client=firefox-a&amp;rls=org.mozilla:pt-BR:official</l>
<l>browser.startup.page|null</l>
<l>general.startup.browser|true</l>
<l>startup.homepage_override_url|http://%LOCALE%.www.mozilla.com/%LOCALE%/%APP%/%VERSION%/whatsnew/</l>
<l>startup.homepage_welcome_url|http://%LOCALE%.www.mozilla.com/%LOCALE%/%APP%/%VERSION%/firstrun/</l>
</section>
<section id="extensions">
</section>
</testrun>
