<?xml version="1.0"?>
<testrun>
<section id="searchengine">
<l>1|Google|Google Search|false|null|data:image/x-icon;base64,R0lGODlhEAAQAPfLAAATVikwdA8SnxUfgAsWpAAilholjxw4jBc7kwAlvQQ2sRMsoBUqqhMzuhY/vxw4tSgmiyM1mSUztiQ6sTE3sQ4qyxMxxRoyxiAuxR1CtBxJsBxasSJuuTFguBte0Rlf2xVc9h9W9xVjzxVr0gdj6BRh4R1o5yBcyiZbyydT1i9b2Ddb1iFY6CJg2Vpor1dzvEJu20Z0yi23QDy1REi2OUy0O1WzOVC4PU+tVUe5Sk2xQU2zRUO4UE21Ula2SmKEqWWF2HyPx2+a6X6e6Xqk1m+s78sUDs4UGdEQB9YfDdwaANEfHd0YEscjAM4mAM0qANIoD9IkGdslGswuItYgL4aP0ImP2YGZ36Opzaq2wq/S+rzX/7/e8MrS1MLO/sTb48rT8snX/83c89PZ+crq+cH1/9Dl/9Ln/93r/9fy/+Hf7P/42eDm/O7u/+T29uX2/eT2/+f4/+f5/+j/9u//8+3/9u7/9ur5/+j//+n//+v//u3//+7//e7//+////b66/T/6vX/6/f/7f/07fj/4fv/4Pj/5v/45v7/4/r+7/3/6fDw+Pfx//D/9/X/8fT/8/f/8ff/8/D///H///L8/fL///P///X7//b6/ff/+/T///b9//f///v19//w9v/09P/29v/x+f/y///z///1+v/1///2///3//j79P/58/z/8/z99/z/9v7/9P7/9vn7//v6//j9//n9//j///n///v//vv////4+v/5+//6+P/4///6/P/6/v/6///7///9+P/8+v/9+v7/+Pz////8/f/9/f79///8///9//7//////////wAAAAAAAAAAAAAAAAAAAAAAAAAAAAAAAAAAAAAAAAAAAAAAAAAAAAAAAAAAAAAAAAAAAAAAAAAAAAAAAAAAAAAAAAAAAAAAAAAAAAAAAAAAAAAAAAAAAAAAAAAAAAAAAAAAAAAAAAAAAAAAAAAAAAAAAAAAAAAAAAAAAAAAAAAAAAAAAAAAAAAAAAAAAAAAAAAAAAAAAAAAAAAAACH5BAEAAMsALAAAAAAQABAAAAj/AEn4oIFjBw8bOnrMuJGjhowZM1T8UdYJUZ5ZcNRYWjSrVK5QU0DMmtUnzRAXEy4o6FCEy6NDTkQIq1MmRgM0eZTlCXMgQJtRSE4gmgUkwh1EiZTNUiamy6NUUExcuoJgDCdDjQg9KgVL2SNFT1hwEvKglLBWuixZ+jSrlSBdRlL04bBBkTBdpZTpIqWsFaBcTEr0QaEhl6dWlswKW6poDRUPlmAUQKWMkTJLc76QMQNGUZMWgIgkCFJnlq5WXigwkFClVZQQyuRgELAlk7JBymCZGYAF0ZEPrQixgUDAihxVdPpoAZAFUZIRfThxgvPCwAILDipk+OFG2ZIVoxApERtPfvwlvZ+kQFzPvv0MJQEBADs=</l>
<l>1|Google|http://www.google.com/search?q=foo&amp;ie=utf-8&amp;oe=utf-8&amp;aq=t&amp;rls=org.mozilla:pl:official&amp;client=firefox-a</l>
<l>1|Google|http://www.google.com/firefox</l>
<l>1|Google|http://suggestqueries.google.com/complete/search?output=firefox&amp;client=firefox&amp;hl=pl&amp;q=foo</l>
<l>2|Allegro|Wyszukiwanie w aukcjach Allegro|false|null|data:image/x-icon;base64,AAABAAEAEBAQAAAAAAAoAQAAFgAAACgAAAAQAAAAIAAAAAEABAAAAAAAwAAAAAAAAAAAAAAAAAAAAAAAAAAAAAAA////AABa/wBxHQAA6OLjAAAAAAAAAAAAAAAAAAAAAAAAAAAAAAAAAAAAAAAAAAAAAAAAAAAAAAAAAAAAESIiIiIiIRESERERERERESERERERERERIRERMRETERIhERMRERMREiEUMRERETESIRMRERERMRIhMRMRERExEiExMxERERMSIRMTExMTExIhERMTExMTEiERExMTEzESIRETExMTERIRERExMTEREhEREREREREhERIiIiIiIhEAAAAAAAAAAAAAAAAAAAAAAAAAAAAAAAAAAAAAAAAAAAAAAAAAAAAAAAAAAAAAAAAAAAAAAAAAAAAAAAAAAAAA</l>
<l>2|Allegro|http://www.allegro.pl/search.php?string=foo&amp;sourceid=Mozilla-search</l>
<l>2|Allegro|http://www.allegro.pl/search_form.php</l>
<l>2|Allegro|none</l>
<l>3|Encyklopedia PWN|Encyklopedia PWN|false|null|data:image/x-icon;base64,AAABAAEAEBAQAAAAAAAoAQAAFgAAACgAAAAQAAAAIAAAAAEABAAAAAAAwAAAAAAAAAAAAAAAAAAAAAAAAAAAAAAAAACAAACAAAAAgIAAgAAAAIAAgACAgAAAgICAAMDAwAAAAP8AAP8AAAD//wD/AAAA/wD/AP//AAD///8A/4AH/3d/////gACIAAj///9wAAAAB////3AAAABwj///AHgAB/cHf4cAf4d4/3cIcAB//////3iAAAeP////iIAHhwj///eHcAf/AI//+AdwCP9wf///d4AI/3B///+P8Aj/AA/////4B4cAf/////+AAAB///////hwB/////8AAAAAAAAAAAAAAAAAAAAAAAAAAAAAAAAAAAAAAAAAAAAAAAAAAAAAAAAAAAAAAAAAAAAAAAAAAAAAAAAAAAAA</l>
<l>3|Encyklopedia PWN|http://encyklopedia.pwn.pl/szukaj.php?co=foo</l>
<l>3|Encyklopedia PWN|http://encyklopedia.pwn.pl/</l>
<l>3|Encyklopedia PWN|none</l>
<l>4|Merlin|Wyszukiwanie w ofercie Merlin.pl|false|null|data:image/x-icon;base64,AAABAAEAEBAQAAEABAAoAQAAFgAAACgAAAAQAAAAIAAAAAEABAAAAAAAAAAAAAAAAAAAAAAAEAAAAAAAAABqhu8AW3rtAD5h6gAvVekAcIrwAHmS8QAgSecA////AAAAAAAAAAAAAAAAAAAAAAAAAAAAAAAAAAAAAAAAAAAAiIiIiIiIiIiIiIiIiIiIiIiIiIiIiIiIVVWIVVWIVVVWZYhWZYhWZVZliFZliFZlVmWIVmWIVmVWZYhWZYhWZVZliFZliFZlVmGIBmWINmVWZgVmZlBmZFZmZmZmZmYoVmhWYog2YYiIiIiIiIiIiIiIiIiIiIiIiIiIiIiIiIj//wAA//8AAP//AAAMMAAADDAAAAwwAAAMMAAADDAAAAwwAAAMMAAAAAAAAAABAAAQwwAA//8AAP//AAD//wAA</l>
<l>4|Merlin|http://www.merlin.com.pl/frontend/search?sourceid=Mozilla-search&amp;fraza=foo&amp;skad=crhhxmkohb</l>
<l>4|Merlin|http://www.merlin.com.pl/</l>
<l>4|Merlin|none</l>
<l>5|Polska Biblioteka Internetowa|Polska Biblioteka Internetowa|false|null|data:image/png;base64,iVBORw0KGgoAAAANSUhEUgAAABAAAAAQCAYAAAAf8/9hAAAABmJLR0QA/wD/AP+gvaeTAAAACXBIWXMAAAsTAAALEwEAmpwYAAAAB3RJTUUH1QsBASYZ5zwwmwAAAeJJREFUOMvFk89LVHEUxT/f977z3oyp2dQMNRbSZAQhhRESFNkmCBcJ7StoEREtgqJd0SoKWtRf0CJctG1VRItWUgRBYSARajj+tpnUdN68976nVYXVQnHRgbO4F+69cM65RhIbgccGYf9spPUV+dmc+VWPDsstVEmCLPIt/qYWwlKHWbXAJbE0OYaZn8JzKTKeXL4IgjhNiXfuxa98xp+tkIRNOOMpt2OXAbAuTcSnD9BYob65iJpbwfMx9WXsUg3Xto3cyyfEpTJxuQsBrjZPFIQKtxaNSabH5WYqRPntZEaG8KbG8BoRrjVP0nkAO/yOqPMgmdlx7MB99K1KUtoNe7qwZ69hkolRrSwtkh18hnEpUXsZtRUwEnZuAsmB8bAPr/P98l3So3141pJGEUFjGZu25AlfPSXdUqDRc5LMyEf8weewWMW1l3G9/QQ3zrB08xHZwyew1uJb+1tEEy3jbEDc3UvuzkXsmxerXNHje0T7e7DdxwizWfOXjSYIaew7RNPtc/hDr0lKu4n6zpN0H0dNzbjJL8R+hnwm+HcQJBENPJCOBFq4dUHVyYqiel2SWAuRRHLllGpX+zU3M73mwZ+0AEmhndrpS3QUimbdWZbE3Pu3qn6dX/d1SZj//o0/AMxcOtpLylQvAAAAAElFTkSuQmCC</l>
<l>5|Polska Biblioteka Internetowa|http://www.pbi.edu.pl/site.php?keyword=foo&amp;sourceid=Mozilla-search&amp;s=NzQzMGQ4NjQwOTY4</l>
<l>5|Polska Biblioteka Internetowa|http://www.pbi.edu.pl/</l>
<l>5|Polska Biblioteka Internetowa|none</l>
<l>6|Wikipedia|Wikipedia, wolna encyklopedia|false|null|data:image/x-icon;base64,AAABAAEAEBAQAAEABAAoAQAAFgAAACgAAAAQAAAAIAAAAAEABAAAAAAAAAAAAAAAAAAAAAAAEAAAAAAAAAAEAgQAhIOEAMjHyABIR0gA6ejpAGlqaQCpqKkAKCgoAPz9/AAZGBkAmJiYANjZ2ABXWFcAent6ALm6uQA8OjwAiIiIiIiIiIiIiI4oiL6IiIiIgzuIV4iIiIhndo53KIiIiB/WvXoYiIiIfEZfWBSIiIEGi/foqoiIgzuL84i9iIjpGIoMiEHoiMkos3FojmiLlUipYliEWIF+iDe0GoRa7D6GPbjcu1yIiIiIiIiIiIiIiIiIiIiIiIiIiIiIiIgAAAAAAAAAAAAAAAAAAAAAAAAAAAAAAAAAAAAAAAAAAAAAAAAAAAAAAAAAAAAAAAAAAAAAAAAAAAAAAAAAAAAA</l>
<l>6|Wikipedia|http://pl.wikipedia.org/wiki/Specjalna:Szukaj?search=foo&amp;sourceid=Mozilla-search</l>
<l>6|Wikipedia|http://pl.wikipedia.org/wiki/Specjalna:Szukaj</l>
<l>6|Wikipedia|http://pl.wikipedia.org/w/api.php?action=opensearch&amp;search=foo</l>
<l>7|Wirtualna Polska|Wyszukiwanie w portalu Wirtualna Polska|false|null|data:image/png;base64,iVBORw0KGgoAAAANSUhEUgAAABAAAAAQCAYAAAAf8/9hAAAABmJLR0QA/wD/AP+gvaeTAAAACXBIWXMAAAsTAAALEwEAmpwYAAAAB3RJTUUH1gwRDDAhv9NXoAAAAB10RVh0Q29tbWVudABDcmVhdGVkIHdpdGggVGhlIEdJTVDvZCVuAAAC9UlEQVQ4y7WSXWwUZRSGn++bb2Z2d4ZdMRAXbUuCcUsXWTGlMUbXJi3GH2z0wj+wxERjovHCNmC8aMIFiuKlJgriT0w0KrHVNGAEJYFgsLSVaktbqSDSwNZqdesu7bY7szOfF4QmiF76Xp3kzck575NXAHjHet3y/gNPlr/8ql6tTG3SQTitL1zYJxPxg2Y2O+w89cQA/yFReu99d757b2fl5Nhd+P7lrpQI2y7LZDKvbkyPCsc5Hp7PfRB9vHXSbm76A0AU27fsnN/7xdOE4cJedMMj+N//QOXkGABGdRXRTa3MvLwD4boI287JZclDzpb2bcbzyWv3hZO/XX44kcDd2oF/tAddLCJME5m8hsrgEHgeem4uHv4+ldGl0hoxlanXembmimz2nc1gmohEAntdEwQB/olh/N5+zJvXUHrrbYyaGsSf2SYd5HJXwrEt3O0vQhhS2rUbXShgNTZirq1nZvsr6NlZ5JIlSGD/v9G1770HGY8TjI8TTk0hojGMmmrC6Tzoi7xEIo4yb71lIOj6/G6zYS2RlvUAeD3HsO9vofT6G7hbO1C1KUAQnPkFuXgxkYcfwu/tQ0Qi56SVvb1buI4f5qfxR0bxjn5LcOpnhOMQTk4iHAdVW4vVmEW4Ln7fd8x/sofKT6cIC4XDKtKyvi//wIPnKkMnVgSnTy9E0Pk8RroOpKT05i6sO7J4PT2oVApd9kBrVLpuVgLIqxKd/2RQ2v0uTvtz+McHCCZ+JZiYwGpogDBEpW5AxGLaWL68SwAU2jZnvMNHBnWxuNDAaOtGgrPjqNWrkIsWEZzPMffhRxd9pVB1K1+7ururTQHY65pH/L7+EV0srgKIbnwUdVOGuY/34B35BqOmGrvlPkQshnH9irNGVdUOEYu+AyAuvVxo29zhHfj6JV0uY2Vvwx8aRhcKICVy6dKi1ZjtB16NPftMv6qu+muhL5cGf/RHa77zs22VwaEXKmNjCMtGXrfsjEqnPzUzq3dGH9swzv+hvwHFFyaUDsbY3QAAAABJRU5ErkJggg==</l>
<l>7|Wirtualna Polska|http://szukaj.wp.pl/szukaj.html?z=T&amp;r=T&amp;szukaj=foo</l>
<l>7|Wirtualna Polska|http://szukaj.wp.pl/</l>
<l>7|Wirtualna Polska|none</l>
</section>
<section id="preferences">
<l>app.update.channel|beta</l>
<l>browser.contentHandlers.types.0.title|Startowy.com</l>
<l>browser.contentHandlers.types.0.type|application/vnd.mozilla.maybe.feed</l>
<l>browser.contentHandlers.types.0.uri|http://www.startowy.com/dodajrss.html?zrodlo=%s</l>
<l>browser.contentHandlers.types.1.title|Netvibes</l>
<l>browser.contentHandlers.types.1.type|application/vnd.mozilla.maybe.feed</l>
<l>browser.contentHandlers.types.1.uri|http://www.netvibes.com/subscribe.php?url=%s</l>
<l>browser.contentHandlers.types.2.title|Google</l>
<l>browser.contentHandlers.types.2.type|application/vnd.mozilla.maybe.feed</l>
<l>browser.contentHandlers.types.2.uri|http://fusion.google.com/add?feedurl=%s</l>
<l>browser.contentHandlers.types.3.title|chrome://browser-region/locale/region.properties</l>
<l>browser.contentHandlers.types.3.type|application/vnd.mozilla.maybe.feed</l>
<l>browser.contentHandlers.types.3.uri|chrome://browser-region/locale/region.properties</l>
<l>browser.contentHandlers.types.4.title|chrome://browser-region/locale/region.properties</l>
<l>browser.contentHandlers.types.4.type|application/vnd.mozilla.maybe.feed</l>
<l>browser.contentHandlers.types.4.uri|chrome://browser-region/locale/region.properties</l>
<l>browser.contentHandlers.types.5.title|chrome://browser-region/locale/region.properties</l>
<l>browser.contentHandlers.types.5.type|application/vnd.mozilla.maybe.feed</l>
<l>browser.contentHandlers.types.5.uri|chrome://browser-region/locale/region.properties</l>
<l>browser.startup.homepage|http://pl.start2.mozilla.com/firefox?client=firefox-a&amp;rls=org.mozilla:pl:official</l>
<l>browser.startup.page|null</l>
<l>general.startup.browser|true</l>
<l>startup.homepage_override_url|http://%LOCALE%.www.mozilla.com/%LOCALE%/%APP%/%VERSION%/whatsnew/</l>
<l>startup.homepage_welcome_url|http://%LOCALE%.www.mozilla.com/%LOCALE%/%APP%/%VERSION%/firstrun/</l>
</section>
<section id="extensions">
</section>
</testrun>
