<?xml version="1.0"?>
<testrun>
<section id="searchengine">
<l>1|Google|Google Search|false|null|data:image/x-icon;base64,R0lGODlhEAAQAPfLAAATVikwdA8SnxUfgAsWpAAilholjxw4jBc7kwAlvQQ2sRMsoBUqqhMzuhY/vxw4tSgmiyM1mSUztiQ6sTE3sQ4qyxMxxRoyxiAuxR1CtBxJsBxasSJuuTFguBte0Rlf2xVc9h9W9xVjzxVr0gdj6BRh4R1o5yBcyiZbyydT1i9b2Ddb1iFY6CJg2Vpor1dzvEJu20Z0yi23QDy1REi2OUy0O1WzOVC4PU+tVUe5Sk2xQU2zRUO4UE21Ula2SmKEqWWF2HyPx2+a6X6e6Xqk1m+s78sUDs4UGdEQB9YfDdwaANEfHd0YEscjAM4mAM0qANIoD9IkGdslGswuItYgL4aP0ImP2YGZ36Opzaq2wq/S+rzX/7/e8MrS1MLO/sTb48rT8snX/83c89PZ+crq+cH1/9Dl/9Ln/93r/9fy/+Hf7P/42eDm/O7u/+T29uX2/eT2/+f4/+f5/+j/9u//8+3/9u7/9ur5/+j//+n//+v//u3//+7//e7//+////b66/T/6vX/6/f/7f/07fj/4fv/4Pj/5v/45v7/4/r+7/3/6fDw+Pfx//D/9/X/8fT/8/f/8ff/8/D///H///L8/fL///P///X7//b6/ff/+/T///b9//f///v19//w9v/09P/29v/x+f/y///z///1+v/1///2///3//j79P/58/z/8/z99/z/9v7/9P7/9vn7//v6//j9//n9//j///n///v//vv////4+v/5+//6+P/4///6/P/6/v/6///7///9+P/8+v/9+v7/+Pz////8/f/9/f79///8///9//7//////////wAAAAAAAAAAAAAAAAAAAAAAAAAAAAAAAAAAAAAAAAAAAAAAAAAAAAAAAAAAAAAAAAAAAAAAAAAAAAAAAAAAAAAAAAAAAAAAAAAAAAAAAAAAAAAAAAAAAAAAAAAAAAAAAAAAAAAAAAAAAAAAAAAAAAAAAAAAAAAAAAAAAAAAAAAAAAAAAAAAAAAAAAAAAAAAAAAAAAAAAAAAAAAAACH5BAEAAMsALAAAAAAQABAAAAj/AEn4oIFjBw8bOnrMuJGjhowZM1T8UdYJUZ5ZcNRYWjSrVK5QU0DMmtUnzRAXEy4o6FCEy6NDTkQIq1MmRgM0eZTlCXMgQJtRSE4gmgUkwh1EiZTNUiamy6NUUExcuoJgDCdDjQg9KgVL2SNFT1hwEvKglLBWuixZ+jSrlSBdRlL04bBBkTBdpZTpIqWsFaBcTEr0QaEhl6dWlswKW6poDRUPlmAUQKWMkTJLc76QMQNGUZMWgIgkCFJnlq5WXigwkFClVZQQyuRgELAlk7JBymCZGYAF0ZEPrQixgUDAihxVdPpoAZAFUZIRfThxgvPCwAILDipk+OFG2ZIVoxApERtPfvwlvZ+kQFzPvv0MJQEBADs=</l>
<l>1|Google|http://www.google.com/search?q=foo&amp;ie=utf-8&amp;oe=utf-8&amp;aq=t&amp;rls=org.mozilla:fi:official&amp;client=firefox-a</l>
<l>1|Google|http://www.google.com/firefox</l>
<l>1|Google|http://suggestqueries.google.com/complete/search?output=firefox&amp;client=firefox&amp;hl=fi&amp;q=foo</l>
<l>2|Yahoo|Yahoo-haku|false|null|data:image/x-icon;base64,R0lGODlhEAAQAJECAP8AAAAAAP///wAAACH5BAEAAAIALAAAAAAQABAAAAIplI+py+0NogQuyBDEnEd2kHkfFWUamEzmpZSfmaIHPHrRguUm/fT+UwAAOw==</l>
<l>2|Yahoo|http://fi.search.yahoo.com/search?p=foo&amp;ei=UTF-8&amp;fr=moz2</l>
<l>2|Yahoo|http://fi.search.yahoo.com/</l>
<l>2|Yahoo|http://ff.search.yahoo.com/gossip?output=fxjson&amp;command=foo</l>
<l>3|Bookplus.fi|Pikahaku nettikirjakauppa Bookplus.fi:hin|false|null|data:image/x-icon;base64,AAABAAEAEBAAAAEAIABoBAAAFgAAACgAAAAQAAAAIAAAAAEAIAAAAAAAQAQAAAAAAAAAAAAAAAAAAAAAAAAAAAAAAAAAAAAAAAAAAAAAQYKieTp1k8w2bonzNGmC/jJlfv4wX3fzLltxzCxacXkAAAAAAAAAAAAAAAAAAAAAAAAAAAAAAABQncc8SpK3y0eNsf5HjrL/SI+z/0eOsf9Fiq3/QYKj/zp1kv8yZH3+LVpxyy5ddzwAAAAAAAAAAAAAAABZrt08UqbP3lKlzv9VqtT/WLHd/1q14v9btuT/WrXi/1eu2v9QoMj/RYqt/zhwjP8wX3feM2Z7PAAAAAAAAAAAXLnoy1+GqP9mAAD/ZgAA/2YNEf9mAAD/ZqLL/2XK/f9mAAD/ZDNA/1iw3P9KlLn/OnWS/zJkfcsAAAAAZ8z/eWTG+P5kkbb/ZgAA/2ZRZf9mMT3/Zg4R/2YOEf9mvu7/ZgAA/2Y2Q/9ixPX/WbLe/0mStv86dJD+Nm2IeXDP/8xtzv//Z5a7/2YAAP9mbIf/Zsz//2ZtiP9mAAD/Zpa7/2YAAP9mNkT/Zcr9/2HC8v9UqdP/RIiq/zp1k8x50v/zdNH//2qXu/9mAAD/Zm2I/2bM//9mRFX/ZgAA/2ax3f9mAAD/Zhsi/2ZtiP9koMj/W7bk/0yYvv9AgaDzgNT//nnS//9smLv/ZgAA/2YbIv9mGyL/ZgAA/2ZtiP9mzP//ZgAA/2YAAP9mAAD/ZgAA/2JYbv9Rosv/RIiq/oXW//5+1P//bZi7/2YAAP9mNkT/ZkRV/2YAAP9mepn/Zsz//2YAAP9mNkT/Zr7u/2YpM/9mAAD/VZ3E/0iOsv6L2f/zhdb//3GZu/9mAAD/Zm2I/2bM//9mKTP/Zhsi/2bM//9mAAD/ZjZE/2bM//9mbYj/ZgAA/1uAn/9Lmb7zk9r/zI7Z//94m7v/ZgAA/2dtiP9mzP//Zhsi/2YAAP9mzP//ZgAA/2Y2RP9nvu7/ZjZE/2YAAP9cnMP/UqXOzJvd/3mZ3P/+gp+7/2YAAP9nGyL/Zhsi/2YAAP9mX3f/Zsz//2YAAP9mAAD/ZgAA/2YAAP9lUGT/Xrzr/lqz33kAAAAAot//y5fP7v96c4j/cXGI/2tuiP9ppMz/Z8z//2fM//9nepn/aG2I/2puiP9riqr/as3//2TG+MsAAAAAAAAAAKXh/zym4f/en9///5Lb//+E1v//e9P//3fS//910f//dtH//3jS//950v//d9L//3DP/95qzP88AAAAAAAAAAAAAAAApeH/PKnj/8ul4P/+nd7//5Xc//+Q2v//jdn//4vY//+J2P//hNX//n7U/8t30P88AAAAAAAAAAAAAAAAAAAAAAAAAAAAAAAAquP/eaji/8yk4P/zod///p3e//6b3v/zk9r/zIvW/3kAAAAAAAAAAAAAAAAAAAAA8A8AAMADAACAAQAAgAEAAAAAAAAAAAAAAAAAAAAAAAAAAAAAAAAAAAAAAAAAAAAAgAEAAIABAADAAwAA8A8AAA==</l>
<l>3|Bookplus.fi|http://www.bookplus.fi/search.php?Textfield=foo&amp;mode=book</l>
<l>3|Bookplus.fi|http://www.bookplus.fi/search.php</l>
<l>3|Bookplus.fi|none</l>
<l>4|Creative Commons|Etsi kuvia, videoita, musiikkia ja teksti채, jota voi ripata, s채mpl채t채, muuten muokata tai jakaa.|false|null|data:image/x-icon;base64,iVBORw0KGgoAAAANSUhEUgAAABAAAAAQCAMAAAAoLQ9TAAAABGdBTUEAANbY1E9YMgAAABl0RVh0U29mdHdhcmUAQWRvYmUgSW1hZ2VSZWFkeXHJZTwAAAA2UExURf///wAAAD8/P+/v7y8vL19fX9/f37+/vw8PD8/Pz09PT5+fn4+Pj6+vr29vbx8fH39/f////3TGU44AAAASdFJOU///////////////////////AOK/vxIAAACWSURBVHjaNI8LEsQgCEMJIvi3vf9lN3bbN6MD0USUm3QFaVNYc7kBuvLZ0xG8oLkQV1iiYBjyktFE+tk+FCEGl3oFT0aSQBaoVDAmAyWkmOCitVfHTvV4BEsWxqyleE+PYLQAi5b9WJShPnh7MnQytDP1IxmfvZXq22dkTkpZ4/TT/qPfiX/dqoXJz+dItE0tx6l/AgwA0e4FeJjn5bsAAAAASUVORK5CYII=</l>
<l>4|Creative Commons|http://search.creativecommons.org/?q=foo&amp;sourceid=Mozilla-search</l>
<l>4|Creative Commons|http://search.creativecommons.org/</l>
<l>4|Creative Commons|none</l>
<l>5|Huuto.net|Hakukone Huuto.nettiin, suomalaiseen nettihuutokauppaan.|false|null|data:image/x-icon;base64,AAABAAEAEBAAAAAAAABoBQAAFgAAACgAAAAQAAAAIAAAAAEACAAAAAAAQAEAAAAAAAAAAAAAAAAAAAAAAAAAAAAAEBAQABMTEwAfHx8AISEhACkpKQAyMjIAPj4+AElJSQBVVVUAWVlZAGFhYQBubm4AfHx8AICAgACJiYkAmZmZAKSkpACsrKwAtbW1AL+/vwDExMQAy8vLANPT0wDc3NwA4uLiAO7u7gDw8PAA/v7+AAAAAAAAAAAAAAAAAAAAAAAAAAAAAAAAAAAAAAAAAAAAAAAAAAAAAAAAAAAAAAAAAAAAAAAAAAAAAAAAAAAAAAAAAAAAAAAAAAAAAAAAAAAAAAAAAAAAAAAAAAAAAAAAAAAAAAAAAAAAAAAAAAAAAAAAAAAAAAAAAAAAAAAAAAAAAAAAAAAAAAAAAAAAAAAAAAAAAAAAAAAAAAAAAAAAAAAAAAAAAAAAAAAAAAAAAAAAAAAAAAAAAAAAAAAAAAAAAAAAAAAAAAAAAAAAAAAAAAAAAAAAAAAAAAAAAAAAAAAAAAAAAAAAAAAAAAAAAAAAAAAAAAAAAAAAAAAAAAAAAAAAAAAAAAAAAAAAAAAAAAAAAAAAAAAAAAAAAAAAAAAAAAAAAAAAAAAAAAAAAAAAAAAAAAAAAAAAAAAAAAAAAAAAAAAAAAAAAAAAAAAAAAAAAAAAAAAAAAAAAAAAAAAAAAAAAAAAAAAAAAAAAAAAAAAAAAAAAAAAAAAAAAAAAAAAAAAAAAAAAAAAAAAAAAAAAAAAAAAAAAAAAAAAAAAAAAAAAAAAAAAAAAAAAAAAAAAAAAAAAAAAAAAAAAAAAAAAAAAAAAAAAAAAAAAAAAAAAAAAAAAAAAAAAAAAAAAAAAAAAAAAAAAAAAAAAAAAAAAAAAAAAAAAAAAAAAAAAAAAAAAAAAAAAAAAAAAAAAAAAAAAAAAAAAAAAAAAAAAAAAAAAAAAAAAAAAAAAAAAAAAAAAAAAAAAAAAAAAAAAAAAAAAAAAAAAAAAAAAAAAAAAAAAAAAAAAAAAAAAAAAAAAAAAAAAAAAAAAAAAAAAAAAAAAAAAAAAAAAAAAAAAAAAAAAAAAAAAAAAAAAAAAAAAAAAAAAAAAAAAAAAAAAAAAAAAAAAAAAAAAAAAAAAAAAAAAAAAAAAAAAAAAAAAAAAAAAAAAAAAAAAAAAAAAAAAAAAAAAAAAAAAAAAAAAAAAAAAAAAAAAAAAAAAAAAAAAAAAAAAAAAAAAAAAAAAAAAAAAAAAAAAAAAAAAAAAAAAAAAAAAAAAAAAAAAAAAAAAAAAAAAAAAAAAAAAAAAAAAAAAAAAAAAAAAAAAAAAAAAAAAAAAAAAAAAAAAAAAAAAAAAAAAAAAAAAAAAAAAAAAAAAAAAAAAAAAAAAAAAAAAAAAAAAAAAAAAAAAAAAAAAAAAAAAAAAAAAAAAAAAAAAAD///8AAAAAAAAAABkAAAAAAAAAAAAAAAAZEgwJDRUAAAAAAAAAAAAAFQYAAAkREhYAAAAAAAAAGA0AAAUPEhQXFQAAAAAAABMEAAQKDxIUGxcXAAAAABcKAAMKDQ8XGhscEBUAABkQAQcIDRARGRwaGhkLFgAXBwcKDRATFRcaFxESDw8YDQYKDREUGBsYEBANCRIIEwcKDREUGRscGwwDBgYJCAsKDBEVFxscHBwXAwABAgkJDREVGRscHBwcHBMDAQILDxMYGxscHBwbGhocEgYDDhcaGxsbHBsaGRkYFxcVExccHBoZGBYVFxgZABkZAAAAExMWGBgYGQAAAAAAAAAAAP7////wP///8A///+AH///gA///wAH//4AA//+AAP//AAD//wAA//8AAP//AAD//wAA//8AAP//ACf//wH///8=</l>
<l>5|Huuto.net|http://www.huuto.net/fi/showlist.php3?tits=foo&amp;status=N&amp;sellstyle=k&amp;order=R&amp;cat=%25&amp;lcat=X&amp;start=0&amp;num=50&amp;sourceid=Mozilla-search</l>
<l>5|Huuto.net|http://www.huuto.net/fi/search_index.php3</l>
<l>5|Huuto.net|none</l>
<l>6|Wikipedia (Suomi)|Wikipedia (Suomi), vapaa tietosanakirja|false|null|data:image/x-icon;base64,AAABAAEAEBAQAAEABAAoAQAAFgAAACgAAAAQAAAAIAAAAAEABAAAAAAAAAAAAAAAAAAAAAAAEAAAAAAAAAAEAgQAhIOEAMjHyABIR0gA6ejpAGlqaQCpqKkAKCgoAPz9/AAZGBkAmJiYANjZ2ABXWFcAent6ALm6uQA8OjwAiIiIiIiIiIiIiI4oiL6IiIiIgzuIV4iIiIhndo53KIiIiB/WvXoYiIiIfEZfWBSIiIEGi/foqoiIgzuL84i9iIjpGIoMiEHoiMkos3FojmiLlUipYliEWIF+iDe0GoRa7D6GPbjcu1yIiIiIiIiIiIiIiIiIiIiIiIiIiIiIiIgAAAAAAAAAAAAAAAAAAAAAAAAAAAAAAAAAAAAAAAAAAAAAAAAAAAAAAAAAAAAAAAAAAAAAAAAAAAAAAAAAAAAA</l>
<l>6|Wikipedia (Suomi)|http://fi.wikipedia.org/wiki/Toiminnot:Haku?search=foo&amp;sourceid=Mozilla-search</l>
<l>6|Wikipedia (Suomi)|http://fi.wikipedia.org/wiki/Toiminnot:Haku</l>
<l>6|Wikipedia (Suomi)|http://fi.wikipedia.org/w/api.php?action=opensearch&amp;search=foo</l>
</section>
<section id="preferences">
<l>app.update.channel|beta</l>
<l>browser.contentHandlers.types.0.title|Netvibes</l>
<l>browser.contentHandlers.types.0.type|application/vnd.mozilla.maybe.feed</l>
<l>browser.contentHandlers.types.0.uri|http://www.netvibes.com/subscribe.php?url=%s</l>
<l>browser.contentHandlers.types.1.title|My Yahoo</l>
<l>browser.contentHandlers.types.1.type|application/vnd.mozilla.maybe.feed</l>
<l>browser.contentHandlers.types.1.uri|http://add.my.yahoo.com/rss?url=%s</l>
<l>browser.contentHandlers.types.2.title|Google Reader</l>
<l>browser.contentHandlers.types.2.type|application/vnd.mozilla.maybe.feed</l>
<l>browser.contentHandlers.types.2.uri|http://fusion.google.com/add?feedurl=%s</l>
<l>browser.contentHandlers.types.3.title|chrome://browser-region/locale/region.properties</l>
<l>browser.contentHandlers.types.3.type|application/vnd.mozilla.maybe.feed</l>
<l>browser.contentHandlers.types.3.uri|chrome://browser-region/locale/region.properties</l>
<l>browser.contentHandlers.types.4.title|chrome://browser-region/locale/region.properties</l>
<l>browser.contentHandlers.types.4.type|application/vnd.mozilla.maybe.feed</l>
<l>browser.contentHandlers.types.4.uri|chrome://browser-region/locale/region.properties</l>
<l>browser.contentHandlers.types.5.title|chrome://browser-region/locale/region.properties</l>
<l>browser.contentHandlers.types.5.type|application/vnd.mozilla.maybe.feed</l>
<l>browser.contentHandlers.types.5.uri|chrome://browser-region/locale/region.properties</l>
<l>browser.startup.homepage|http://fi.start2.mozilla.com/firefox?client=firefox-a&amp;rls=org.mozilla:fi:official</l>
<l>browser.startup.page|null</l>
<l>general.startup.browser|true</l>
<l>startup.homepage_override_url|http://%LOCALE%.www.mozilla.com/%LOCALE%/%APP%/%VERSION%/whatsnew/</l>
<l>startup.homepage_welcome_url|http://%LOCALE%.www.mozilla.com/%LOCALE%/%APP%/%VERSION%/firstrun/</l>
</section>
<section id="extensions">
</section>
</testrun>
