<?xml version="1.0"?>
<testrun>
<section id="searchengine">
<l>1|Google|Google Search|false|null|data:image/x-icon;base64,R0lGODlhEAAQAPfLAAATVikwdA8SnxUfgAsWpAAilholjxw4jBc7kwAlvQQ2sRMsoBUqqhMzuhY/vxw4tSgmiyM1mSUztiQ6sTE3sQ4qyxMxxRoyxiAuxR1CtBxJsBxasSJuuTFguBte0Rlf2xVc9h9W9xVjzxVr0gdj6BRh4R1o5yBcyiZbyydT1i9b2Ddb1iFY6CJg2Vpor1dzvEJu20Z0yi23QDy1REi2OUy0O1WzOVC4PU+tVUe5Sk2xQU2zRUO4UE21Ula2SmKEqWWF2HyPx2+a6X6e6Xqk1m+s78sUDs4UGdEQB9YfDdwaANEfHd0YEscjAM4mAM0qANIoD9IkGdslGswuItYgL4aP0ImP2YGZ36Opzaq2wq/S+rzX/7/e8MrS1MLO/sTb48rT8snX/83c89PZ+crq+cH1/9Dl/9Ln/93r/9fy/+Hf7P/42eDm/O7u/+T29uX2/eT2/+f4/+f5/+j/9u//8+3/9u7/9ur5/+j//+n//+v//u3//+7//e7//+////b66/T/6vX/6/f/7f/07fj/4fv/4Pj/5v/45v7/4/r+7/3/6fDw+Pfx//D/9/X/8fT/8/f/8ff/8/D///H///L8/fL///P///X7//b6/ff/+/T///b9//f///v19//w9v/09P/29v/x+f/y///z///1+v/1///2///3//j79P/58/z/8/z99/z/9v7/9P7/9vn7//v6//j9//n9//j///n///v//vv////4+v/5+//6+P/4///6/P/6/v/6///7///9+P/8+v/9+v7/+Pz////8/f/9/f79///8///9//7//////////wAAAAAAAAAAAAAAAAAAAAAAAAAAAAAAAAAAAAAAAAAAAAAAAAAAAAAAAAAAAAAAAAAAAAAAAAAAAAAAAAAAAAAAAAAAAAAAAAAAAAAAAAAAAAAAAAAAAAAAAAAAAAAAAAAAAAAAAAAAAAAAAAAAAAAAAAAAAAAAAAAAAAAAAAAAAAAAAAAAAAAAAAAAAAAAAAAAAAAAAAAAAAAAACH5BAEAAMsALAAAAAAQABAAAAj/AEn4oIFjBw8bOnrMuJGjhowZM1T8UdYJUZ5ZcNRYWjSrVK5QU0DMmtUnzRAXEy4o6FCEy6NDTkQIq1MmRgM0eZTlCXMgQJtRSE4gmgUkwh1EiZTNUiamy6NUUExcuoJgDCdDjQg9KgVL2SNFT1hwEvKglLBWuixZ+jSrlSBdRlL04bBBkTBdpZTpIqWsFaBcTEr0QaEhl6dWlswKW6poDRUPlmAUQKWMkTJLc76QMQNGUZMWgIgkCFJnlq5WXigwkFClVZQQyuRgELAlk7JBymCZGYAF0ZEPrQixgUDAihxVdPpoAZAFUZIRfThxgvPCwAILDipk+OFG2ZIVoxApERtPfvwlvZ+kQFzPvv0MJQEBADs=</l>
<l>1|Google|http://www.google.com/search?q=foo&amp;ie=utf-8&amp;oe=utf-8&amp;aq=t&amp;rls=org.mozilla:be:official&amp;client=firefox-a</l>
<l>1|Google|http://www.google.com/firefox</l>
<l>1|Google|http://suggestqueries.google.com/complete/search?output=firefox&amp;client=firefox&amp;hl=be&amp;q=foo</l>
<l>2|Yahoo|Yahoo Search|false|null|data:image/x-icon;base64,R0lGODlhEAAQAJECAP8AAAAAAP///wAAACH5BAEAAAIALAAAAAAQABAAAAIplI+py+0NogQuyBDEnEd2kHkfFWUamEzmpZSfmaIHPHrRguUm/fT+UwAAOw==</l>
<l>2|Yahoo|http://search.yahoo.com/search?p=foo&amp;ei=UTF-8&amp;fr=moz2</l>
<l>2|Yahoo|http://search.yahoo.com/</l>
<l>2|Yahoo|http://ff.search.yahoo.com/gossip?output=fxjson&amp;command=foo</l>
<l>3|TUT.BY|Пошук TUT.BY|false|null|data:image/x-icon;base64,AAABAAEAEBAQAAEABAAoAQAAFgAAACgAAAAQAAAAIAAAAAEABAAAAAAAAAAAAAAAAAAAAAAAEAAAAAAAAAAKD64AAgm7AH6CywBJTsoAYWXJADI3nwAAB8IAra/YAAQLpQBHTdkAnKDrAM3P9QCFieYAMzrVAAsTzQD///8A/////////////7ye6cv////63u7u7a///63u6I7u2v/73u4VUe7tv/zu7guw7u7P+e7gf/cO7p/+7hL//yHu7/7mT///9G7v/uP/////Pu/+6cr//6ye7/7u7v//7u7v/u7u///u7u/+7u7//+7u7/7u7v//7u7v//////////8AAAAAAAAAAAAAAAAAAAAAAAAAAAAAAAAAAAAAAAAAAAAAAAAAAAAAAAAAAAAAAAAAAAAAAAAAAAAAAAAAAAAA</l>
<l>3|TUT.BY|http://search.tut.by/?query=foo&amp;status=1&amp;encoding=1&amp;page=0&amp;how=rlv</l>
<l>3|TUT.BY|http://search.tut.by/</l>
<l>3|TUT.BY|none</l>
<l>4|Yandex|Yandex Search|false|null|data:image/x-icon;base64,R0lGODlhEAAQAIAAAP8BAcDAwCH5BAEAAAEALAAAAAAQABAAAAImjA+pcB1poGtSzshevhpz333Vxi3kZX6hhWbsNKqx6J7ODI/KUQAAOw==</l>
<l>4|Yandex|http://www.yandex.ru/yandsearch?text=foo</l>
<l>4|Yandex|http://www.yandex.ru/</l>
<l>4|Yandex|none</l>
<l>5|Вікіпедыя (Беларуская(Тарашкевіца))|Вікіпедыя (Беларуская(Тарашкевіца))|false|null|data:image/x-icon;base64,AAABAAEAEBAQAAEABAAoAQAAFgAAACgAAAAQAAAAIAAAAAEABAAAAAAAAAAAAAAAAAAAAAAAEAAAAAAAAAAEAgQAhIOEAMjHyABIR0gA6ejpAGlqaQCpqKkAKCgoAPz9/AAZGBkAmJiYANjZ2ABXWFcAent6ALm6uQA8OjwAiIiIiIiIiIiIiI4oiL6IiIiIgzuIV4iIiIhndo53KIiIiB/WvXoYiIiIfEZfWBSIiIEGi/foqoiIgzuL84i9iIjpGIoMiEHoiMkos3FojmiLlUipYliEWIF+iDe0GoRa7D6GPbjcu1yIiIiIiIiIiIiIiIiIiIiIiIiIiIiIiIgAAAAAAAAAAAAAAAAAAAAAAAAAAAAAAAAAAAAAAAAAAAAAAAAAAAAAAAAAAAAAAAAAAAAAAAAAAAAAAAAAAAAA</l>
<l>5|Вікіпедыя (Беларуская(Тарашкевіца))|http://be-x-old.wikipedia.org/w/index.php?title=%D0%90%D0%B4%D0%BC%D1%8B%D1%81%D0%BB%D0%BE%D0%B2%D0%B0%D0%B5:Search&amp;search=foo</l>
<l>5|Вікіпедыя (Беларуская(Тарашкевіца))|http://be-x-old.wikipedia.org/</l>
<l>5|Вікіпедыя (Беларуская(Тарашкевіца))|http://be-x-old.wikipedia.org/w/api.php?action=opensearch&amp;search=foo</l>
<l>6|Вікіпедыя (Беларуская)|Вікіпедыя (Беларуская)|false|null|data:image/x-icon;base64,AAABAAEAEBAQAAEABAAoAQAAFgAAACgAAAAQAAAAIAAAAAEABAAAAAAAAAAAAAAAAAAAAAAAEAAAAAAAAAAEAgQAhIOEAMjHyABIR0gA6ejpAGlqaQCpqKkAKCgoAPz9/AAZGBkAmJiYANjZ2ABXWFcAent6ALm6uQA8OjwAiIiIiIiIiIiIiI4oiL6IiIiIgzuIV4iIiIhndo53KIiIiB/WvXoYiIiIfEZfWBSIiIEGi/foqoiIgzuL84i9iIjpGIoMiEHoiMkos3FojmiLlUipYliEWIF+iDe0GoRa7D6GPbjcu1yIiIiIiIiIiIiIiIiIiIiIiIiIiIiIiIgAAAAAAAAAAAAAAAAAAAAAAAAAAAAAAAAAAAAAAAAAAAAAAAAAAAAAAAAAAAAAAAAAAAAAAAAAAAAAAAAAAAAA</l>
<l>6|Вікіпедыя (Беларуская)|http://be.wikipedia.org/w/index.php?title=%D0%90%D0%B4%D0%BC%D1%8B%D1%81%D0%BB%D0%BE%D0%B2%D0%B0%D0%B5:Search&amp;search=foo</l>
<l>6|Вікіпедыя (Беларуская)|http://be.wikipedia.org/</l>
<l>6|Вікіпедыя (Беларуская)|http://be.wikipedia.org/w/api.php?action=opensearch&amp;search=foo</l>
<l>7|Вікіпедыя (Расейская)|Вікіпедыя (Расейская)|false|null|data:image/x-icon;base64,iVBORw0KGgoAAAANSUhEUgAAABAAAAAQBAMAAADt3eJSAAAAMFBMVEUDAwMYGBgoKCg7OztHR0dYWFhqamp7e3uDg4OYmJioqKi6urrHx8fZ2dno6Oj9/f34pRgPAAAAc0lEQVQI12P4DwUMmIyt3r/c75feTWX4of3f6V7nv0yGv2LvJ67J/5fP8D/w/BWN9b/XM/zf2P+T9f+L/Qz/v/j+Nfl/Haj9B9dfo/0zQeaovkrO7wMxmquua/aDGIu0fiudBzG++P5PAtv1+/z/20iWAgCSoWURjfnvaQAAAABJRU5ErkJggg==</l>
<l>7|Вікіпедыя (Расейская)|http://ru.wikipedia.org/wiki/%D0%A1%D0%BF%D0%B5%D1%86%D0%B8%D0%B0%D0%BB%D1%8C%D0%BD%D1%8B%D0%B5:Search?search=foo&amp;fulltext=fulltext&amp;sourceid=mozilla-search</l>
<l>7|Вікіпедыя (Расейская)|http://ru.wikipedia.org/wiki/%D0%A1%D0%BB%D1%83%D0%B6%D0%B5%D0%B1%D0%BD%D0%B0%D1%8F:Search</l>
<l>7|Вікіпедыя (Расейская)|none</l>
</section>
<section id="preferences">
<l>app.update.channel|beta</l>
<l>browser.contentHandlers.types.0.title|Bloglines</l>
<l>browser.contentHandlers.types.0.type|application/vnd.mozilla.maybe.feed</l>
<l>browser.contentHandlers.types.0.uri|http://www.bloglines.com/login?r=/sub/%s</l>
<l>browser.contentHandlers.types.1.title|Мой Yahoo</l>
<l>browser.contentHandlers.types.1.type|application/vnd.mozilla.maybe.feed</l>
<l>browser.contentHandlers.types.1.uri|http://add.my.yahoo.com/rss?url=%s</l>
<l>browser.contentHandlers.types.2.title|Google</l>
<l>browser.contentHandlers.types.2.type|application/vnd.mozilla.maybe.feed</l>
<l>browser.contentHandlers.types.2.uri|http://fusion.google.com/add?feedurl=%s</l>
<l>browser.contentHandlers.types.3.title|chrome://browser-region/locale/region.properties</l>
<l>browser.contentHandlers.types.3.type|application/vnd.mozilla.maybe.feed</l>
<l>browser.contentHandlers.types.3.uri|chrome://browser-region/locale/region.properties</l>
<l>browser.contentHandlers.types.4.title|chrome://browser-region/locale/region.properties</l>
<l>browser.contentHandlers.types.4.type|application/vnd.mozilla.maybe.feed</l>
<l>browser.contentHandlers.types.4.uri|chrome://browser-region/locale/region.properties</l>
<l>browser.contentHandlers.types.5.title|chrome://browser-region/locale/region.properties</l>
<l>browser.contentHandlers.types.5.type|application/vnd.mozilla.maybe.feed</l>
<l>browser.contentHandlers.types.5.uri|chrome://browser-region/locale/region.properties</l>
<l>browser.startup.homepage|http://be.start2.mozilla.com/firefox?client=firefox-a&amp;rls=org.mozilla:be:official</l>
<l>browser.startup.page|null</l>
<l>general.startup.browser|true</l>
<l>startup.homepage_override_url|http://%LOCALE%.www.mozilla.com/%LOCALE%/%APP%/%VERSION%/whatsnew/</l>
<l>startup.homepage_welcome_url|http://%LOCALE%.www.mozilla.com/%LOCALE%/%APP%/%VERSION%/firstrun/</l>
</section>
<section id="extensions">
</section>
</testrun>
