<?xml version="1.0"?>
<testrun>
<section id="searchengine">
<l>1|Google|Google Search|false|null|data:image/x-icon;base64,R0lGODlhEAAQAPfLAAATVikwdA8SnxUfgAsWpAAilholjxw4jBc7kwAlvQQ2sRMsoBUqqhMzuhY/vxw4tSgmiyM1mSUztiQ6sTE3sQ4qyxMxxRoyxiAuxR1CtBxJsBxasSJuuTFguBte0Rlf2xVc9h9W9xVjzxVr0gdj6BRh4R1o5yBcyiZbyydT1i9b2Ddb1iFY6CJg2Vpor1dzvEJu20Z0yi23QDy1REi2OUy0O1WzOVC4PU+tVUe5Sk2xQU2zRUO4UE21Ula2SmKEqWWF2HyPx2+a6X6e6Xqk1m+s78sUDs4UGdEQB9YfDdwaANEfHd0YEscjAM4mAM0qANIoD9IkGdslGswuItYgL4aP0ImP2YGZ36Opzaq2wq/S+rzX/7/e8MrS1MLO/sTb48rT8snX/83c89PZ+crq+cH1/9Dl/9Ln/93r/9fy/+Hf7P/42eDm/O7u/+T29uX2/eT2/+f4/+f5/+j/9u//8+3/9u7/9ur5/+j//+n//+v//u3//+7//e7//+////b66/T/6vX/6/f/7f/07fj/4fv/4Pj/5v/45v7/4/r+7/3/6fDw+Pfx//D/9/X/8fT/8/f/8ff/8/D///H///L8/fL///P///X7//b6/ff/+/T///b9//f///v19//w9v/09P/29v/x+f/y///z///1+v/1///2///3//j79P/58/z/8/z99/z/9v7/9P7/9vn7//v6//j9//n9//j///n///v//vv////4+v/5+//6+P/4///6/P/6/v/6///7///9+P/8+v/9+v7/+Pz////8/f/9/f79///8///9//7//////////wAAAAAAAAAAAAAAAAAAAAAAAAAAAAAAAAAAAAAAAAAAAAAAAAAAAAAAAAAAAAAAAAAAAAAAAAAAAAAAAAAAAAAAAAAAAAAAAAAAAAAAAAAAAAAAAAAAAAAAAAAAAAAAAAAAAAAAAAAAAAAAAAAAAAAAAAAAAAAAAAAAAAAAAAAAAAAAAAAAAAAAAAAAAAAAAAAAAAAAAAAAAAAAACH5BAEAAMsALAAAAAAQABAAAAj/AEn4oIFjBw8bOnrMuJGjhowZM1T8UdYJUZ5ZcNRYWjSrVK5QU0DMmtUnzRAXEy4o6FCEy6NDTkQIq1MmRgM0eZTlCXMgQJtRSE4gmgUkwh1EiZTNUiamy6NUUExcuoJgDCdDjQg9KgVL2SNFT1hwEvKglLBWuixZ+jSrlSBdRlL04bBBkTBdpZTpIqWsFaBcTEr0QaEhl6dWlswKW6poDRUPlmAUQKWMkTJLc76QMQNGUZMWgIgkCFJnlq5WXigwkFClVZQQyuRgELAlk7JBymCZGYAF0ZEPrQixgUDAihxVdPpoAZAFUZIRfThxgvPCwAILDipk+OFG2ZIVoxApERtPfvwlvZ+kQFzPvv0MJQEBADs=</l>
<l>1|Google|http://www.google.co.jp/search?q=foo&amp;lr=lang_ja&amp;ie=utf-8&amp;oe=utf-8&amp;aq=t&amp;rls=org.mozilla:ja:official&amp;client=firefox-a</l>
<l>1|Google|http://www.google.co.jp/firefox</l>
<l>1|Google|http://suggestqueries.google.com/complete/search?output=firefox&amp;client=firefox&amp;hl=ja&amp;qu=foo</l>
<l>2|Yahoo! JAPAN|Yahoo Search|false|null|data:image/x-icon;base64,R0lGODlhEAAQAJECAP8AAAAAAP///wAAACH5BAEAAAIALAAAAAAQABAAAAIplI+py+0NogQuyBDEnEd2kHkfFWUamEzmpZSfmaIHPHrRguUm/fT+UwAAOw==</l>
<l>2|Yahoo! JAPAN|http://search.yahoo.co.jp/search?p=foo&amp;ei=UTF-8&amp;fr=moz2&amp;rls=org.mozilla:ja-JP:official</l>
<l>2|Yahoo! JAPAN|http://search.yahoo.co.jp/</l>
<l>2|Yahoo! JAPAN|http://api.search.yahoo.co.jp/AssistSearchService/V2/webassistSearch?p=foo&amp;output=fxjson</l>
<l>3|楽天市場|楽天市場 商品検索|false|null|data:image/x-icon;base64,R0lGODlhEAAQALMOAOefn9psbMswMMMQEPjj4/PPz++/v+OPj99/f9+AgMcgIM9AQOuvr////wAAAL8AACH5BAEAAA4ALAAAAAAQABAAAARf0EnJ0FqIze2YemCoaBsQniEwMeIloOQHJk1NvKDSnTRQNIZThddYPAiNk4UYCDQIpwux1ghEEUTGc6BkhWiLA1DokD3Ag5/1odvlFlzFAkdymFAn1caDH3FWFhh1EhEAOw==</l>
<l>3|楽天市場|http://pt.afl.rakuten.co.jp/c/013ca98b.cd7c5f0c/?sitem=foo&amp;sv=2&amp;p=0</l>
<l>3|楽天市場|http://www.rakuten.co.jp/</l>
<l>3|楽天市場|none</l>
<l>4|goo ウェブ|goo ウェブ検索|false|null|data:image/x-icon;base64,R0lGODlhEAAQAJEAAOSKjMwyNNwKBPz+/CH5BAAAAAAALAAAAAAQABAAAAI6lI9pw+2+HgMhABZbrTRg4VjA6DXZYE3lF44kBKrbyjKVZMb2fOUN5QL6bD3VcAB0pWoyDgyHU0gRBQA7</l>
<l>4|goo ウェブ|http://search.goo.ne.jp/web.jsp?MT=foo&amp;from=Firefox20&amp;PT=Firefox20</l>
<l>4|goo ウェブ|http://www.goo.ne.jp/</l>
<l>4|goo ウェブ|http://search.goo.ne.jp/suggest.jsp?fm=json&amp;service=firefox&amp;ie=EUC-JP&amp;MT=foo</l>
<l>5|Yahoo!ショッピング|Yahoo!ショッピング検索|false|null|data:image/x-icon;base64,R0lGODlhEAAQAJECAP8AAAAAAP///wAAACH5BAEAAAIALAAAAAAQABAAAAIplI+py+0NogQuyBDEnEd2kHkfFWUamEzmpZSfmaIHPHrRguUm/fT+UwAAOw==</l>
<l>5|Yahoo!ショッピング|http://shopping.yahoo.co.jp/search?p=foo&amp;ei=EUC-JP&amp;fr=moz2&amp;rls=org.mozilla:ja-JP:official</l>
<l>5|Yahoo!ショッピング|http://shopping.yahoo.co.jp/</l>
<l>5|Yahoo!ショッピング|none</l>
<l>6|Yahoo!オークション|Yahoo!オークション検索|false|null|data:image/x-icon;base64,R0lGODlhEAAQAJECAP8AAAAAAP///wAAACH5BAEAAAIALAAAAAAQABAAAAIplI+py+0NogQuyBDEnEd2kHkfFWUamEzmpZSfmaIHPHrRguUm/fT+UwAAOw==</l>
<l>6|Yahoo!オークション|http://search.auctions.yahoo.co.jp/jp/search/auc?p=foo&amp;ei=EUC-JP&amp;fr=moz2&amp;rls=org.mozilla:ja-JP:official&amp;alocale=0jp&amp;acc=jp</l>
<l>6|Yahoo!オークション|http://auctions.yahoo.co.jp/</l>
<l>6|Yahoo!オークション|none</l>
<l>7|Amazon.co.jp|Amazon.co.jp Search|false|null|data:image/x-icon;base64,iVBORw0KGgoAAAANSUhEUgAAABAAAAAQCAYAAAAf8/9hAAAABmJLR0QA/wD/AP+gvaeTAAAACXBIWXMAAAsQAAALEAGtI711AAAAB3RJTUUH0wESEi0MqTATXwAAAjVJREFUeJyFUlGLElEU/mbVHd2aaaRgWGyJgmXRINiXfJCeRgaiLEiKgYXoRQrqRejNH7D1uNBDPvbWtGxvS64IG2IIQQhxScpYMpt1l1qdptVVZ+z2oM6qu9KBC4dzv/Od73z3AmPROmjeVlWVKopCRVGkHMdRURSpoig0lUrRcfxI6LoelWV5GwCddOLx+PEklmVej0QiI80Oh4OyLHuE5Fgl/aJ9gsEgzefzm4SQzVgs9n8VqqqO7EwIsUGEkEscx9kEsizbd85BEo3eenzzRkRstTsfAVwRBOH+EP/DSb4x4wVN0wq5XE7MZDKz5XIZlUoFtVoNu7u7NkaWZaTTaWZEQV8qDYfDKBaLkwZOVkAI8UuS9GkwiWVZNBr7sLZeo1V6hb/GFrxGwW6s84twzYbgGBRM0/yZzWZtQCKRQGhuD80PT0DbdUzxF9DmA2jzAbiNIjztHUzvvT+UIoqi7TLHcVTX9QeWZVLLMikh5Nzwf2h9USlNgtIk6NSAoNlsYjgXBOG50+liAGCe3/72ayOGP28f9fZ2ewEAv89GYRMEAgGboNvtYjBtf0PB9BsZJz8/Q7dR7d3Xeia75+/0XsGyTEqNrzC/p9HVSzCr7w4N+7GGOr+IE6GnOH3+KgCgo2XhAeCak+DU16PUWL0Mr1EYfdO+027/PZxaWIKJmY4kSaX1lysXnat+HARXMOM5wzA0iSP/etDILixhp9aGz+djAEDTtLt8aflFt1GFcG2NAYB/rN8dqx12fbIAAAAASUVORK5CYII=</l>
<l>7|Amazon.co.jp|http://www.amazon.co.jp/exec/obidos/external-search/?field-keywords=foo&amp;mode=blended&amp;tag=mozillajapan-fx-22&amp;sourceid=Mozilla-search</l>
<l>7|Amazon.co.jp|http://www.amazon.co.jp/</l>
<l>7|Amazon.co.jp|none</l>
<l>8|Creative Commons|Find photos, movies, music, and text to rip, sample, mash, and share.|false|null|data:image/x-icon;base64,iVBORw0KGgoAAAANSUhEUgAAABAAAAAQCAMAAAAoLQ9TAAAABGdBTUEAANbY1E9YMgAAABl0RVh0U29mdHdhcmUAQWRvYmUgSW1hZ2VSZWFkeXHJZTwAAAA2UExURf///wAAAD8/P+/v7y8vL19fX9/f37+/vw8PD8/Pz09PT5+fn4+Pj6+vr29vbx8fH39/f////3TGU44AAAASdFJOU///////////////////////AOK/vxIAAACWSURBVHjaNI8LEsQgCEMJIvi3vf9lN3bbN6MD0USUm3QFaVNYc7kBuvLZ0xG8oLkQV1iiYBjyktFE+tk+FCEGl3oFT0aSQBaoVDAmAyWkmOCitVfHTvV4BEsWxqyleE+PYLQAi5b9WJShPnh7MnQytDP1IxmfvZXq22dkTkpZ4/TT/qPfiX/dqoXJz+dItE0tx6l/AgwA0e4FeJjn5bsAAAAASUVORK5CYII=</l>
<l>8|Creative Commons|http://search.creativecommons.org/?q=foo&amp;sourceid=Mozilla-search</l>
<l>8|Creative Commons|http://search.creativecommons.org/</l>
<l>8|Creative Commons|none</l>
</section>
<section id="preferences">
<l>app.update.channel|beta</l>
<l>browser.contentHandlers.types.0.title|Google</l>
<l>browser.contentHandlers.types.0.type|application/vnd.mozilla.maybe.feed</l>
<l>browser.contentHandlers.types.0.uri|http://www.google.co.jp/ig/add?feedurl=%s</l>
<l>browser.contentHandlers.types.1.title|My Yahoo!</l>
<l>browser.contentHandlers.types.1.type|application/vnd.mozilla.maybe.feed</l>
<l>browser.contentHandlers.types.1.uri|http://add.my.yahoo.co.jp/rss?url=%s</l>
<l>browser.contentHandlers.types.2.title|Bloglines</l>
<l>browser.contentHandlers.types.2.type|application/vnd.mozilla.maybe.feed</l>
<l>browser.contentHandlers.types.2.uri|http://www.bloglines.com/login?r=/sub/%s</l>
<l>browser.contentHandlers.types.3.title|はてな RSS</l>
<l>browser.contentHandlers.types.3.type|application/vnd.mozilla.maybe.feed</l>
<l>browser.contentHandlers.types.3.uri|http://r.hatena.ne.jp/append/%s</l>
<l>browser.contentHandlers.types.4.title|livedoor Reader</l>
<l>browser.contentHandlers.types.4.type|application/vnd.mozilla.maybe.feed</l>
<l>browser.contentHandlers.types.4.uri|http://reader.livedoor.com/subscribe/?url=%s</l>
<l>browser.contentHandlers.types.5.title|goo RSS リーダー</l>
<l>browser.contentHandlers.types.5.type|application/vnd.mozilla.maybe.feed</l>
<l>browser.contentHandlers.types.5.uri|http://reader.goo.ne.jp/web/bookmarklet.html?,,%s</l>
<l>browser.startup.homepage|http://ja.start2.mozilla.com/firefox?client=firefox-a&amp;rls=org.mozilla:ja:official</l>
<l>browser.startup.page|null</l>
<l>general.startup.browser|true</l>
<l>startup.homepage_override_url|http://%LOCALE%.www.mozilla.com/%LOCALE%/%APP%/%VERSION%/whatsnew/</l>
<l>startup.homepage_welcome_url|http://%LOCALE%.www.mozilla.com/%LOCALE%/%APP%/%VERSION%/firstrun/</l>
</section>
<section id="extensions">
</section>
</testrun>
