<?xml version="1.0"?>
<testrun>
<section id="searchengine">
<l>1|Google|Google Search|false|null|data:image/x-icon;base64,R0lGODlhEAAQAPfLAAATVikwdA8SnxUfgAsWpAAilholjxw4jBc7kwAlvQQ2sRMsoBUqqhMzuhY/vxw4tSgmiyM1mSUztiQ6sTE3sQ4qyxMxxRoyxiAuxR1CtBxJsBxasSJuuTFguBte0Rlf2xVc9h9W9xVjzxVr0gdj6BRh4R1o5yBcyiZbyydT1i9b2Ddb1iFY6CJg2Vpor1dzvEJu20Z0yi23QDy1REi2OUy0O1WzOVC4PU+tVUe5Sk2xQU2zRUO4UE21Ula2SmKEqWWF2HyPx2+a6X6e6Xqk1m+s78sUDs4UGdEQB9YfDdwaANEfHd0YEscjAM4mAM0qANIoD9IkGdslGswuItYgL4aP0ImP2YGZ36Opzaq2wq/S+rzX/7/e8MrS1MLO/sTb48rT8snX/83c89PZ+crq+cH1/9Dl/9Ln/93r/9fy/+Hf7P/42eDm/O7u/+T29uX2/eT2/+f4/+f5/+j/9u//8+3/9u7/9ur5/+j//+n//+v//u3//+7//e7//+////b66/T/6vX/6/f/7f/07fj/4fv/4Pj/5v/45v7/4/r+7/3/6fDw+Pfx//D/9/X/8fT/8/f/8ff/8/D///H///L8/fL///P///X7//b6/ff/+/T///b9//f///v19//w9v/09P/29v/x+f/y///z///1+v/1///2///3//j79P/58/z/8/z99/z/9v7/9P7/9vn7//v6//j9//n9//j///n///v//vv////4+v/5+//6+P/4///6/P/6/v/6///7///9+P/8+v/9+v7/+Pz////8/f/9/f79///8///9//7//////////wAAAAAAAAAAAAAAAAAAAAAAAAAAAAAAAAAAAAAAAAAAAAAAAAAAAAAAAAAAAAAAAAAAAAAAAAAAAAAAAAAAAAAAAAAAAAAAAAAAAAAAAAAAAAAAAAAAAAAAAAAAAAAAAAAAAAAAAAAAAAAAAAAAAAAAAAAAAAAAAAAAAAAAAAAAAAAAAAAAAAAAAAAAAAAAAAAAAAAAAAAAAAAAACH5BAEAAMsALAAAAAAQABAAAAj/AEn4oIFjBw8bOnrMuJGjhowZM1T8UdYJUZ5ZcNRYWjSrVK5QU0DMmtUnzRAXEy4o6FCEy6NDTkQIq1MmRgM0eZTlCXMgQJtRSE4gmgUkwh1EiZTNUiamy6NUUExcuoJgDCdDjQg9KgVL2SNFT1hwEvKglLBWuixZ+jSrlSBdRlL04bBBkTBdpZTpIqWsFaBcTEr0QaEhl6dWlswKW6poDRUPlmAUQKWMkTJLc76QMQNGUZMWgIgkCFJnlq5WXigwkFClVZQQyuRgELAlk7JBymCZGYAF0ZEPrQixgUDAihxVdPpoAZAFUZIRfThxgvPCwAILDipk+OFG2ZIVoxApERtPfvwlvZ+kQFzPvv0MJQEBADs=</l>
<l>1|Google|http://www.google.com/search?q=foo&amp;ie=utf-8&amp;oe=utf-8&amp;aq=t&amp;rls=org.mozilla:nb-NO:official&amp;client=firefox-a</l>
<l>1|Google|http://www.google.com/firefox</l>
<l>1|Google|http://suggestqueries.google.com/complete/search?output=firefox&amp;client=firefox&amp;hl=nb-NO&amp;q=foo</l>
<l>2|Yahoo|Yahoo Søk|false|null|data:image/x-icon;base64,R0lGODlhEAAQAJECAP8AAAAAAP///wAAACH5BAEAAAIALAAAAAAQABAAAAIplI+py+0NogQuyBDEnEd2kHkfFWUamEzmpZSfmaIHPHrRguUm/fT+UwAAOw==</l>
<l>2|Yahoo|http://no.search.yahoo.com/search?p=foo&amp;ei=UTF-8&amp;fr=moz2</l>
<l>2|Yahoo|http://no.search.yahoo.com/</l>
<l>2|Yahoo|http://ff.search.yahoo.com/gossip?output=fxjson&amp;command=foo</l>
<l>3|Amazon.co.uk|Amazon.co.uk Search|false|null|data:image/x-icon;base64,iVBORw0KGgoAAAANSUhEUgAAABAAAAAQCAYAAAAf8/9hAAAABmJLR0QA/wD/AP+gvaeTAAAACXBIWXMAAAsQAAALEAGtI711AAAAB3RJTUUH0wESEi0MqTATXwAAAjVJREFUeJyFUlGLElEU/mbVHd2aaaRgWGyJgmXRINiXfJCeRgaiLEiKgYXoRQrqRejNH7D1uNBDPvbWtGxvS64IG2IIQQhxScpYMpt1l1qdptVVZ+z2oM6qu9KBC4dzv/Od73z3AmPROmjeVlWVKopCRVGkHMdRURSpoig0lUrRcfxI6LoelWV5GwCddOLx+PEklmVej0QiI80Oh4OyLHuE5Fgl/aJ9gsEgzefzm4SQzVgs9n8VqqqO7EwIsUGEkEscx9kEsizbd85BEo3eenzzRkRstTsfAVwRBOH+EP/DSb4x4wVN0wq5XE7MZDKz5XIZlUoFtVoNu7u7NkaWZaTTaWZEQV8qDYfDKBaLkwZOVkAI8UuS9GkwiWVZNBr7sLZeo1V6hb/GFrxGwW6s84twzYbgGBRM0/yZzWZtQCKRQGhuD80PT0DbdUzxF9DmA2jzAbiNIjztHUzvvT+UIoqi7TLHcVTX9QeWZVLLMikh5Nzwf2h9USlNgtIk6NSAoNlsYjgXBOG50+liAGCe3/72ayOGP28f9fZ2ewEAv89GYRMEAgGboNvtYjBtf0PB9BsZJz8/Q7dR7d3Xeia75+/0XsGyTEqNrzC/p9HVSzCr7w4N+7GGOr+IE6GnOH3+KgCgo2XhAeCak+DU16PUWL0Mr1EYfdO+027/PZxaWIKJmY4kSaX1lysXnat+HARXMOM5wzA0iSP/etDILixhp9aGz+djAEDTtLt8aflFt1GFcG2NAYB/rN8dqx12fbIAAAAASUVORK5CYII=</l>
<l>3|Amazon.co.uk|http://www.amazon.co.uk/exec/obidos/external-search/?field-keywords=foo&amp;mode=blended&amp;tag=firefox-uk-21&amp;sourceid=Mozilla-search</l>
<l>3|Amazon.co.uk|http://www.amazon.co.uk/</l>
<l>3|Amazon.co.uk|none</l>
<l>4|Ordbok|Norske ordbøker.|false|null|data:image/x-icon;base64,AAABAAEAEBAQAAAAAAAoAQAAFgAAACgAAAAQAAAAIAAAAAEABAAAAAAAwAAAAAAAAAAAAAAAAAAAAAAAAAAAAAAAAACAAACAAAAAgIAAgAAAAIAAgACAgAAAgICAAMDAwAAAAP8AAP8AAAD//wD/AAAA/wD/AP//AAD///8AAAAAAACAAAAAAAAAAABwAAAACIiABwgAAAcAAACAcAAAAAAABwcAcABwAAAAAIcAcAAAAAAIAAcHAHCHAHAAcAcAgAAHAHcABwBwBwAAgACACACAAIAHAABwAAAABwgAAAcHAAAAcAcAgICIiIAAAAAIAAAAdwcAAAAIAAAAgAD/zwAA/+cAAPhjAADgEwAAz4kAAJhhAAAzJAAAJJQAACSSAAAkkgAAJBIAAJPiAADIBAAAxBkAAOPDAAD4BwAA</l>
<l>4|Ordbok|http://www.dokpro.uio.no/perl/ordboksoek/ordbok.cgi?OPP=foo&amp;sourceid=Mozilla-search</l>
<l>4|Ordbok|http://www.dokpro.uio.no/ordboksoek.html</l>
<l>4|Ordbok|none</l>
<l>5|QXL|QXL.no søk.|false|null|data:image/bmp;base64,iVBORw0KGgoAAAANSUhEUgAAABAAAAAQBAMAAADt3eJSAAAAAXNSR0IArs4c6QAAAARnQU1BAACxjwv8YQUAAAAgY0hSTQAAeiYAAICEAAD6AAAAgOgAAHUwAADqYAAAOpgAABdwnLpRPAAAADBQTFRFQHyqVYu0mpudrsXU/4w5/5pS/7iF/+TOy9vk3unv6+/v9Pn8/+/n//fr///3////rVDOoQAAAAlwSFlzAAAOxAAADsQBlSsOGwAAAJFJREFUGNNj+H81BARyGP4/Ly83Ly8PZbj3/6ehsMX/Iwzp7xcafDDcf4Qh/P3CiRsWSEAYHzYatjCE75g48eOGh0CGoeD7/58XAhncBv//7540hSHceOb///+NlzCEb+z+//+3MlDXD+n//19zg7Xv+/9xPojx2fr/h/XPGVLPnJhz5sS5/wxPXVxcXF3c/wMAZLFOv8v0e5QAAAAASUVORK5CYII=</l>
<l>5|QXL|http://www.qxl.no/search/SearchElse.asp?txtSearch=foo&amp;sourceid=Mozilla-search</l>
<l>5|QXL|http://www.qxl.no/</l>
<l>5|QXL|none</l>
<l>6|Telefonkatalogen|telefonkatalogen.no|false|null|data:image/x-icon;base64,iVBORw0KGgoAAAANSUhEUgAAABAAAAAQCAYAAAAf8/9hAAAACXBIWXMAAAsTAAALEwEAmpwYAAAAB3RJTUUH1AsHEgUSPhAPIgAAAaFJREFUeNqlkU1rE1EUhp9752aSmDG2kdavQPzAihGk2CLoRlwU3FcQdem2IHEjFH+CcdV/4EJBu9NNdSMWBBdCKa1F8QNbiLYUK04zk8zHcWXNkCFRfFeX98Bz3vNe+E+pNPP58qx82FyiUqpy6dRl1QtgUgEfHzP/5QkZneXZ21mZODmp/gmQzxQo2EUA5t4/7HnCDuBdY1G+uas4tsP9hTpaWRht+Ly1wtzSIxksDNEOfQ7vPcGhwSOqCxBGAfWXNdxwi3zGwbayALRij3uvbgFCM3Cpnb+bSKB/P6rlM+r2hRnyloMQd7SssE0W2+SwTY5IonQAwLljE+rG2B3iOEKQHT+I2rRCn1bo87250f8bp59elzeNF9gmh0Zz7fRN9u+u0Ao9KqXjjOwb7e6gU05mgJgYREDBePkiR4erqct0mhkT/YkmJM75K4DqvEzBhttg/cdXWdv81EUy9JBSGkGoz9dQaLxgmwevZ+Tq2aneHcSSXORHTQTBi1z27Cr1T2C0Ybv9sxsUemht9QdcGZ3iYLGCpZJjP/A4UCwnvF+61ZCMFsm/SAAAAABJRU5ErkJggg==</l>
<l>6|Telefonkatalogen|http://www.gulesider.no/tk/index.c?q=foo&amp;sourceid=Mozilla-search</l>
<l>6|Telefonkatalogen|http://www.telefonkatalogen.no/</l>
<l>6|Telefonkatalogen|none</l>
<l>7|Wikipedia|Wikipedia, den frie encyklopedi|false|null|data:image/x-icon;base64,AAABAAEAEBAQAAEABAAoAQAAFgAAACgAAAAQAAAAIAAAAAEABAAAAAAAAAAAAAAAAAAAAAAAEAAAAAAAAAAEAgQAhIOEAMjHyABIR0gA6ejpAGlqaQCpqKkAKCgoAPz9/AAZGBkAmJiYANjZ2ABXWFcAent6ALm6uQA8OjwAiIiIiIiIiIiIiI4oiL6IiIiIgzuIV4iIiIhndo53KIiIiB/WvXoYiIiIfEZfWBSIiIEGi/foqoiIgzuL84i9iIjpGIoMiEHoiMkos3FojmiLlUipYliEWIF+iDe0GoRa7D6GPbjcu1yIiIiIiIiIiIiIiIiIiIiIiIiIiIiIiIgAAAAAAAAAAAAAAAAAAAAAAAAAAAAAAAAAAAAAAAAAAAAAAAAAAAAAAAAAAAAAAAAAAAAAAAAAAAAAAAAAAAAA</l>
<l>7|Wikipedia|http://no.wikipedia.org/w/wiki.phtml?search=foo&amp;sourceid=Mozilla-search</l>
<l>7|Wikipedia|http://no.wikipedia.org/</l>
<l>7|Wikipedia|none</l>
</section>
<section id="preferences">
<l>app.update.channel|beta</l>
<l>browser.contentHandlers.types.0.title|Bloglines</l>
<l>browser.contentHandlers.types.0.type|application/vnd.mozilla.maybe.feed</l>
<l>browser.contentHandlers.types.0.uri|http://www.bloglines.com/login?r=/sub/%s</l>
<l>browser.contentHandlers.types.1.title|My Yahoo</l>
<l>browser.contentHandlers.types.1.type|application/vnd.mozilla.maybe.feed</l>
<l>browser.contentHandlers.types.1.uri|http://add.my.yahoo.com/rss?url=%s</l>
<l>browser.contentHandlers.types.2.title|Google</l>
<l>browser.contentHandlers.types.2.type|application/vnd.mozilla.maybe.feed</l>
<l>browser.contentHandlers.types.2.uri|http://fusion.google.com/add?feedurl=%s</l>
<l>browser.contentHandlers.types.3.title|chrome://browser-region/locale/region.properties</l>
<l>browser.contentHandlers.types.3.type|application/vnd.mozilla.maybe.feed</l>
<l>browser.contentHandlers.types.3.uri|chrome://browser-region/locale/region.properties</l>
<l>browser.contentHandlers.types.4.title|chrome://browser-region/locale/region.properties</l>
<l>browser.contentHandlers.types.4.type|application/vnd.mozilla.maybe.feed</l>
<l>browser.contentHandlers.types.4.uri|chrome://browser-region/locale/region.properties</l>
<l>browser.contentHandlers.types.5.title|chrome://browser-region/locale/region.properties</l>
<l>browser.contentHandlers.types.5.type|application/vnd.mozilla.maybe.feed</l>
<l>browser.contentHandlers.types.5.uri|chrome://browser-region/locale/region.properties</l>
<l>browser.startup.homepage|http://nb-NO.start2.mozilla.com/firefox?client=firefox-a&amp;rls=org.mozilla:nb-NO:official</l>
<l>browser.startup.page|null</l>
<l>general.startup.browser|true</l>
<l>startup.homepage_override_url|http://%LOCALE%.www.mozilla.com/%LOCALE%/%APP%/%VERSION%/whatsnew/</l>
<l>startup.homepage_welcome_url|http://%LOCALE%.www.mozilla.com/%LOCALE%/%APP%/%VERSION%/firstrun/</l>
</section>
<section id="extensions">
</section>
</testrun>
