<?xml version="1.0"?>
<testrun>
<section id="searchengine">
<l>1|Google|Google Search|false|null|data:image/x-icon;base64,R0lGODlhEAAQAPfLAAATVikwdA8SnxUfgAsWpAAilholjxw4jBc7kwAlvQQ2sRMsoBUqqhMzuhY/vxw4tSgmiyM1mSUztiQ6sTE3sQ4qyxMxxRoyxiAuxR1CtBxJsBxasSJuuTFguBte0Rlf2xVc9h9W9xVjzxVr0gdj6BRh4R1o5yBcyiZbyydT1i9b2Ddb1iFY6CJg2Vpor1dzvEJu20Z0yi23QDy1REi2OUy0O1WzOVC4PU+tVUe5Sk2xQU2zRUO4UE21Ula2SmKEqWWF2HyPx2+a6X6e6Xqk1m+s78sUDs4UGdEQB9YfDdwaANEfHd0YEscjAM4mAM0qANIoD9IkGdslGswuItYgL4aP0ImP2YGZ36Opzaq2wq/S+rzX/7/e8MrS1MLO/sTb48rT8snX/83c89PZ+crq+cH1/9Dl/9Ln/93r/9fy/+Hf7P/42eDm/O7u/+T29uX2/eT2/+f4/+f5/+j/9u//8+3/9u7/9ur5/+j//+n//+v//u3//+7//e7//+////b66/T/6vX/6/f/7f/07fj/4fv/4Pj/5v/45v7/4/r+7/3/6fDw+Pfx//D/9/X/8fT/8/f/8ff/8/D///H///L8/fL///P///X7//b6/ff/+/T///b9//f///v19//w9v/09P/29v/x+f/y///z///1+v/1///2///3//j79P/58/z/8/z99/z/9v7/9P7/9vn7//v6//j9//n9//j///n///v//vv////4+v/5+//6+P/4///6/P/6/v/6///7///9+P/8+v/9+v7/+Pz////8/f/9/f79///8///9//7//////////wAAAAAAAAAAAAAAAAAAAAAAAAAAAAAAAAAAAAAAAAAAAAAAAAAAAAAAAAAAAAAAAAAAAAAAAAAAAAAAAAAAAAAAAAAAAAAAAAAAAAAAAAAAAAAAAAAAAAAAAAAAAAAAAAAAAAAAAAAAAAAAAAAAAAAAAAAAAAAAAAAAAAAAAAAAAAAAAAAAAAAAAAAAAAAAAAAAAAAAAAAAAAAAACH5BAEAAMsALAAAAAAQABAAAAj/AEn4oIFjBw8bOnrMuJGjhowZM1T8UdYJUZ5ZcNRYWjSrVK5QU0DMmtUnzRAXEy4o6FCEy6NDTkQIq1MmRgM0eZTlCXMgQJtRSE4gmgUkwh1EiZTNUiamy6NUUExcuoJgDCdDjQg9KgVL2SNFT1hwEvKglLBWuixZ+jSrlSBdRlL04bBBkTBdpZTpIqWsFaBcTEr0QaEhl6dWlswKW6poDRUPlmAUQKWMkTJLc76QMQNGUZMWgIgkCFJnlq5WXigwkFClVZQQyuRgELAlk7JBymCZGYAF0ZEPrQixgUDAihxVdPpoAZAFUZIRfThxgvPCwAILDipk+OFG2ZIVoxApERtPfvwlvZ+kQFzPvv0MJQEBADs=</l>
<l>1|Google|http://www.google.com/search?q=foo&amp;ie=utf-8&amp;oe=utf-8&amp;aq=t&amp;rls=org.mozilla:ko:official&amp;client=firefox-a</l>
<l>1|Google|http://www.google.com/firefox</l>
<l>1|Google|http://suggestqueries.google.com/complete/search?output=firefox&amp;client=firefox&amp;hl=ko&amp;q=foo</l>
<l>2|Yahoo|Yahoo Search|false|null|data:image/x-icon;base64,R0lGODlhEAAQAJECAP8AAAAAAP///wAAACH5BAEAAAIALAAAAAAQABAAAAIplI+py+0NogQuyBDEnEd2kHkfFWUamEzmpZSfmaIHPHrRguUm/fT+UwAAOw==</l>
<l>2|Yahoo|http://kr.search.yahoo.com/search?p=foo&amp;ei=UTF-8&amp;fr=moz2</l>
<l>2|Yahoo|http://kr.search.yahoo.com/</l>
<l>2|Yahoo|http://kr.ff.search.yahoo.com/gossip?output=fxjson&amp;command=foo</l>
<l>3|Amazon.com|Amazon.com Search|false|null|data:image/x-icon;base64,iVBORw0KGgoAAAANSUhEUgAAABAAAAAQCAYAAAAf8/9hAAAABmJLR0QA/wD/AP+gvaeTAAAACXBIWXMAAAsQAAALEAGtI711AAAAB3RJTUUH0wESEi0MqTATXwAAAjVJREFUeJyFUlGLElEU/mbVHd2aaaRgWGyJgmXRINiXfJCeRgaiLEiKgYXoRQrqRejNH7D1uNBDPvbWtGxvS64IG2IIQQhxScpYMpt1l1qdptVVZ+z2oM6qu9KBC4dzv/Od73z3AmPROmjeVlWVKopCRVGkHMdRURSpoig0lUrRcfxI6LoelWV5GwCddOLx+PEklmVej0QiI80Oh4OyLHuE5Fgl/aJ9gsEgzefzm4SQzVgs9n8VqqqO7EwIsUGEkEscx9kEsizbd85BEo3eenzzRkRstTsfAVwRBOH+EP/DSb4x4wVN0wq5XE7MZDKz5XIZlUoFtVoNu7u7NkaWZaTTaWZEQV8qDYfDKBaLkwZOVkAI8UuS9GkwiWVZNBr7sLZeo1V6hb/GFrxGwW6s84twzYbgGBRM0/yZzWZtQCKRQGhuD80PT0DbdUzxF9DmA2jzAbiNIjztHUzvvT+UIoqi7TLHcVTX9QeWZVLLMikh5Nzwf2h9USlNgtIk6NSAoNlsYjgXBOG50+liAGCe3/72ayOGP28f9fZ2ewEAv89GYRMEAgGboNvtYjBtf0PB9BsZJz8/Q7dR7d3Xeia75+/0XsGyTEqNrzC/p9HVSzCr7w4N+7GGOr+IE6GnOH3+KgCgo2XhAeCak+DU16PUWL0Mr1EYfdO+027/PZxaWIKJmY4kSaX1lysXnat+HARXMOM5wzA0iSP/etDILixhp9aGz+djAEDTtLt8aflFt1GFcG2NAYB/rN8dqx12fbIAAAAASUVORK5CYII=</l>
<l>3|Amazon.com|http://www.amazon.com/exec/obidos/external-search/?field-keywords=foo&amp;mode=blended&amp;tag=mozilla-20&amp;sourceid=Mozilla-search</l>
<l>3|Amazon.com|http://www.amazon.com/</l>
<l>3|Amazon.com|none</l>
<l>4|Creative Commons|Find photos, movies, music, and text to rip, sample, mash, and share.|false|null|data:image/x-icon;base64,iVBORw0KGgoAAAANSUhEUgAAABAAAAAQCAMAAAAoLQ9TAAAABGdBTUEAANbY1E9YMgAAABl0RVh0U29mdHdhcmUAQWRvYmUgSW1hZ2VSZWFkeXHJZTwAAAA2UExURf///wAAAD8/P+/v7y8vL19fX9/f37+/vw8PD8/Pz09PT5+fn4+Pj6+vr29vbx8fH39/f////3TGU44AAAASdFJOU///////////////////////AOK/vxIAAACWSURBVHjaNI8LEsQgCEMJIvi3vf9lN3bbN6MD0USUm3QFaVNYc7kBuvLZ0xG8oLkQV1iiYBjyktFE+tk+FCEGl3oFT0aSQBaoVDAmAyWkmOCitVfHTvV4BEsWxqyleE+PYLQAi5b9WJShPnh7MnQytDP1IxmfvZXq22dkTkpZ4/TT/qPfiX/dqoXJz+dItE0tx6l/AgwA0e4FeJjn5bsAAAAASUVORK5CYII=</l>
<l>4|Creative Commons|http://search.creativecommons.org/?q=foo&amp;sourceid=Mozilla-search</l>
<l>4|Creative Commons|http://search.creativecommons.org/</l>
<l>4|Creative Commons|none</l>
<l>5|Daum|Daum Search|false|null|data:image/x-icon,%00%00%01%00%04%00%10%10%00%00%01%00%18%00h%03%00%00F%00%00%00%18%18%00%00%01%00%18%00H%07%00%00%AE%03%00%00%20%20%00%00%01%00%18%00%A8%0C%00%00%F6%0A%00%0000%00%00%01%00%18%00%A8%1C%00%00%9E%17%00%00(%00%00%00%10%00%00%00%20%00%00%00%01%00%18%00%00%00%00%00%40%03%00%00%00%00%00%00%00%00%00%00%00%00%00%00%00%00%00%00%00%00%00%00%00%00%00%00%00%00%00%00%00%00%00%00%00%00%00%00%00%00%00%00%00%00%00%00%00%00%00%00%00R%85y%7C%A2o%C2%AAN%00%00%00%00%00%00%00%00%00%00%00%00%00%00%00%00%00%00%00%00%00%00%00%00%00%00%00%00%00%00%00%00%00%00%00%00%0B%99%B8%15%CD%C9)%E4%C5Y%DE%A1%C0%B9U%00%00%00%00%00%00%00%00%007%8F(3~U%2CgU%00%00%00%00%00%00%00%00%00%00%00%00%00%A5%DB%00%E2%F5%00%FD%FE%04%FF%F9%25%F6%D1%7C%D1%84%00%00%00%00%00%002%A5%13%2C%A9m%26%A7%A0%23%9A%AC%23w%83%00%00%00%00%00%00%00%9D%E3%00%DB%FD%00%FC%FF%00%FF%FF%00%FF%FF%14%FD%E5V%E0%A2%00%00%00%00%00%00.%AAL%22%B0%A4%1C%B1%C7%16%B1%E2%16%A3%DD%17~%A8%06%82%CB%00%BD%FF%00%DE%FF%00%F6%FF%00%FF%FF%00%FF%FF%0B%FF%EE%00%00%00%00%00%00%00%00%00%00%00%00%0D%B3%CE%13%B4%E2%10%B1%F4%0C%B1%FF%0F%A7%F2%13%92%CB%09%AD%E0%00%DA%FF%00%F0%FF%00%FF%FF%00%00%00%00%00%00%00%00%00%00%00%00%00%00%00%00%00%00%5B%9A%97%06%B3%F8%08%B1%FF%0B%B2%FF%0A%BB%FF%0A%9C%F9%0Bf%DA%02%9F%F3%00%F5%F3%00%C2t%00%00%00%00%00%00%00%00%00%00%00%00%00%00%00%F4%81%19%F2%AD(y%B8%96%01%B2%FF%07%BA%FF%06%8D%FE%00N%FB%00M%FC%00E%FF%00%8C%9A%00%A1%00%00%87%00%00%00%00%00%00%00%00%00%00%D3%5E%19%E1%C0%3F%E8%D5E%FB%D10%91%C7%82%02%82%FE%00L%FB%00m%F9%00%80%F9%00h%FF%00F%E0%00%A4%17%00%AC%00%00%92%00%00%00%00%00%00%00%D1f%17%DE%B34%E8%CC5%EF%C3%24y%94%8D%00j%FF%00_%FA%00%89%F9%00%98%F9%00%80%FF%00T%E4%00%A5%19%00%B7%00%00%AB%00%00%95%00%00%00%00%00%00%00%DB%8E%0C%DE%A3%0E%5B%7D%9A%00%87%FF%00%C3%FF%00%9E%FE%00o%FA%00%83%FC%00e%FA%00zb%00%B1%00%00%B6%00%00%B8%00%00%AF%00%00%95%00%00%00%00%00%00%009c%AF%00%8D%FF%00%BE%FF%00%C7%FF%00%CD%FF%00%AD%FF%00%90%FF%00%00%00%00%8A%05%00%A3%00%00%B0%00%00%B9%00%00%B9%00%00%9B%00%00%00%00%05U%F5%00%93%FF%00%C0%FF%00%C8%FF%00%C5%FF%00%C5%FF%00%CA%FF%00%00%00%00%00%00%00%00%00%00%8D%00%00%9E%00%00%AD%00%00%A5%00%00%00%00%00%00%00%00w%FF%00%BC%FF%00%C8%FF%00%C5%FF%00%C5%FF%00%C4%FF%00%00%00%00%00%00%00%00%00%00%00%00%00%00%00%00%00%00%00%90%00%00%00%00%00%00%00%00%00%00%00n%FF%00%A9%FF%00%C3%FF%00%C6%FF%00%C4%FF%00%00%00%00%00%00%00%00%00%00%00%00%00%00%00%00%00%00%00%00%00%00%00%00%00%00%00%00%00%00%00%00%00%00%00%00%00q%FF%00%A0%FF%00%BF%FF%00%00%00%00%00%00%00%00%00%00%00%00%00%00%00%00%00%00%00%00%00%00%00%00%00%00%00%00%00%00%00%00%00%FF%E3%00%00%FF%C1%00%00%C7%81%00%00%83%01%00%00%80%03%00%00%C0%0F%00%00%C0%0F%00%00%80%07%00%00%00%03%00%00%00%01%00%00%80%00%00%00%C0%40%00%00%80%E1%00%00%81%FB%00%00%83%FF%00%00%C7%FF%00%00(%00%00%00%18%00%00%000%00%00%00%01%00%18%00%00%00%00%00%20%07%00%00%00%00%00%00%00%00%00%00%00%00%00%00%00%00%00%00%00%00%00%00%00%00%00%00%00%00%00%00%00%00%00%00%00%00%00%00%00%00%00%00%00%00%00%00%00%00%00%00%00%00%00%00%00%00%00%00%00%00%00%00%00%00%00%00%00%00%00%60xj%7D%8Ed%A2%9DW%DD%A0%3C%00%00%00%00%00%00%00%00%00%00%00%00%00%00%00%00%00%00%00%00%00%00%00%00%00%00%00%00%00%00%00%00%00%00%00%00%00%00%00%00%00%00%00%00%00%00%00%00%00%00%00%00%00%00%00%00%00%22%87%9A1%A8%A2A%BF%A2%5D%CA%94%8A%C7y%CF%B3K%00%00%00%00%00%00%00%00%00%00%00%00%00%00%00%00%00%00%00%00%00%00%00%00%00%00%00%00%00%00%00%00%00%00%00%00%00%00%00%00%00%00%00%00%00%00%00%00%00%00%00%04%8D%BA%08%B9%CC%0E%D7%D5%19%E7%D4.%EC%C7R%E2%A7%8E%CDy%E9%A9%3A%00%00%00%00%00%00%00%00%00%00%00%00%00%00%00%00%00%008%7D%3C3lI%2C%5CG%00%00%00%00%00%00%00%00%00%00%00%00%00%00%00%00%00%00%00%92%CF%00%C0%E6%00%E5%F4%00%F8%F9%04%FF%F8%12%FE%E83%F1%C5e%DB%98%BF%B9U%00%00%00%00%00%00%00%00%00%00%00%006%9E%093%9EE.%9Ds%2B%95%86*%84%7F'ig%00%00%00%00%00%00%00%00%00%00%00%00%00%90%D5%00%C0%EE%00%E7%FD%00%FC%FF%00%FF%FF%00%FF%FF%06%FF%F8!%F9%D6N%E4%AB%00%00%00%00%00%00%00%00%00%00%00%00%00%00%00%2F%A70)%ACz%26%AB%98%22%A7%B2%20%A0%B9%20%8C%A6!q~%00%00%00%00%00%00%00%88%D9%00%B5%F0%00%D9%FF%00%F3%FF%00%FF%FF%00%FF%FF%00%FF%FF%03%FF%FD%19%FD%E19%EC%BC%00%00%00%00%00%00%00%00%00%00%00%00%00%00%00%2B%ADe%24%B0%99%1F%B0%B2%1C%B0%CA%18%AD%DB%17%A4%DA%1A%91%BD%19s%93%05x%C3%00%A3%F7%00%C2%FF%00%DB%FF%00%EE%FF%00%FD%FF%00%FF%FF%00%FF%FF%01%FF%FE%11%FD%E7%00%00%00%00%00%00%00%00%00%00%00%00%00%00%00%00%00%00%26%AD%8B%1F%B0%AE%1A%B2%C8%16%B2%DC%12%B1%EA%10%AF%F6%10%A7%EF%15%93%CE%13%81%B2%04%9D%E8%00%C4%FF%00%D4%FF%00%E4%FF%00%F8%FF%00%FF%FF%00%FF%FF%00%FF%FF%00%00%00%00%00%00%00%00%00%00%00%00%00%00%00%00%00%00%00%00%00%0F%B6%AA%0F%B4%CE%15%B4%DB%12%B3%EB%0E%B0%F7%0D%B1%FF%0B%B1%FF%0D%AB%FA%12%99%DB%13%8D%C1%07%B1%E6%00%D5%FF%00%E0%FF%00%F7%FF%00%FF%FF%00%FF%FF%00%00%00%00%00%00%00%00%00%00%00%00%00%00%00%00%00%00%00%00%00%00%00%00%00%00%002%A5%B6%08%B5%F2%0D%B3%F8%0C%B1%FE%0B%B1%FF%0A%B1%FF%0A%B3%FF%0C%B4%FE%0F%95%E4%10x%CA%03%B3%EF%00%EA%FF%00%FA%FD%00%D3%9D%00%00%00%00%00%00%00%00%00%00%00%00%00%00%00%00%00%00%00%00%00%00%00%00%00%00%00%EFl%12%D7%89%2CV%AB%AB%00%B1%FF%09%B1%FF%0A%B1%FF%0A%B5%FF%09%B8%FF%05%7F%FE%00Q%FB%01%3F%F5%01F%F3%00%B6%FE%00%DC%91%00%94%07%00~%00%00%00%00%00%00%00%00%00%00%00%00%00%00%00%00%00%00%00%00%00%00%D9q%1F%E3%AC5%F0%BA2%E4%BC%3BU%BA%B6%00%B0%FF%07%B5%FF%0A%B4%FF%04p%FD%00C%F9%00V%F9%00_%FB%00I%FD%00G%FB%00%8F7%00%A8%00%00%9D%00%00%8E%00%00%00%00%00%00%00%00%00%00%00%00%00%00%00%00%CFD%0F%DE%98%2F%E4%C9B%E3%D2G%F1%CF%3B%EA%CC%3Dd%BF%AB%07%B3%FB%02n%FE%00C%F9%00d%F9%00x%F9%00y%F9%00n%F9%00I%FF%00S%B2%00%B1%00%00%AC%00%00%9D%00%00%8C%00%00%00%00%00%00%00%00%00%00%00%00%00%D0U%14%DE%9F0%E3%C6%3F%E4%CFB%E1%CCB%F8%D0)%D5%C2%40%18u%E7%00%40%FD%00h%F8%00%7F%F9%00%88%F9%00%89%F9%00%7D%F8%00b%FF%00I%E4%00%AA%0C%00%B6%00%00%AA%00%00%9E%00%00%8E%00%00%00%00%00%00%00%00%00%00%CCT%11%D9%92%25%DF%B83%DF%C37%EF%C5%25%D2%B27%40z%BE%00%80%FF%00o%FD%00%5D%F8%00%86%F9%00%97%F9%00%95%F9%00%87%F9%00a%FF%00%5B%B1%00%B4%00%00%B6%00%00%B3%00%00%AE%00%00%A1%00%00%90%00%00%00%00%00%00%00%00%00%00%CEx%16%D6%9E%1E%E8%B0%12%CA%A2*.p%CA%00~%FF%00%B2%FF%00%C2%FF%00%7D%FD%00e%F9%00%8D%F8%00%94%F8%00%7C%FF%00T%E8%00%8C3%00%B3%00%00%B3%00%00%B6%00%00%B6%00%00%B0%00%00%A2%00%00%8D%00%00%00%00%00%00%00%00%00%00%DB%86%00%B1%82%263k%BD%00%82%FF%00%AE%FF%00%C1%FF%00%CC%FF%00%C9%FF%00%86%FE%00i%FA%00j%FE%00K%FA%00mT%00%A1%00%00%A8%00%00%B1%00%00%B7%00%00%B8%00%00%B8%00%00%AF%00%00%94%00%00%00%00%00%00%00%00%00%00%00%00%00%12X%DE%00%83%FF%00%AF%FF%00%C1%FF%00%C5%FF%00%C4%FF%00%C9%FF%00%C9%FF%00%B2%FF%00%A8%FF%00%00%00%00%00%00%00%93%00%00%9D%00%00%A9%00%00%B2%00%00%B7%00%00%BA%00%00%B0%00%00%94%00%00%00%00%00%00%00%00%00%00%04S%F8%00%87%FF%00%AF%FF%00%C2%FF%00%C6%FF%00%C5%FF%00%C5%FF%00%C5%FF%00%C7%FF%00%CC%FF%00%00%00%00%00%00%00%00%00%00%00%00%00%8E%00%00%9D%00%00%AB%00%00%B1%00%00%B0%00%00%A1%00%00%00%00%00%00%00%00%00%00%00%00%00%00%7C%FF%00%AF%FF%00%C2%FF%00%C6%FF%00%C5%FF%00%C5%FF%00%C5%FF%00%C5%FF%00%C4%FF%00%00%00%00%00%00%00%00%00%00%00%00%00%00%00%00%00%00%00%8E%00%00%98%00%00%9E%00%00%98%00%00%8C%00%00%00%00%00%00%00%00%00%00%00%5E%FF%00%8E%FF%00%BA%FF%00%C6%FF%00%C5%FF%00%C5%FF%00%C5%FF%00%C5%FF%00%C3%FF%00%00%00%00%00%00%00%00%00%00%00%00%00%00%00%00%00%00%00%00%00%00%00%00%00%00%00%00%00%00%00%00%00%00%00%00%00%00%00%00%00%00%00%00%00%00%00%00%00%83%FF%00%AF%FF%00%C1%FF%00%C6%FF%00%C5%FF%00%C5%FF%00%C4%FF%00%00%00%00%00%00%00%00%00%00%00%00%00%00%00%00%00%00%00%00%00%00%00%00%00%00%00%00%00%00%00%00%00%00%00%00%00%00%00%00%00%00%00%00%00%00%00%00%00%00%00%00d%FF%00%8C%FF%00%AB%FF%00%BE%FF%00%C5%FF%00%C4%FF%00%00%00%00%00%00%00%00%00%00%00%00%00%00%00%00%00%00%00%00%00%00%00%00%00%00%00%00%00%00%00%00%00%00%00%00%00%00%00%00%00%00%00%00%00%00%00%00%00%00%00%00%00%00%00%00%00%00%00%00%00%87%FF%00%A6%FF%00%BD%FF%00%00%00%00%00%00%00%00%00%00%00%00%00%00%00%00%00%00%00%00%00%00%00%00%00%00%00%00%00%00%00%00%00%00%00%00%00%00%00%00%00%00%00%00%00%00%00%00%FF%FF%87%00%FF%FF%03%00%FF%FE%01%00%F8%FC%01%00%E0x%03%00%E00%03%00%E0%00%07%00%E0%00%0F%00%E0%00%1F%00%F0%00%3F%00%E0%00%1F%00%C0%00%0F%00%80%00%07%00%80%00%03%00%80%00%01%00%C0%00%00%00%E0%00%00%00%F0%03%00%00%E0%07%81%00%E0%0F%C1%00%C0%1F%FF%00%E0%3F%FF%00%E0%7F%FF%00%F8%FF%FF%00(%00%00%00%20%00%00%00%40%00%00%00%01%00%18%00%00%00%00%00%80%0C%00%00%00%00%00%00%00%00%00%00%00%00%00%00%00%00%00%00%00%00%00%00%00%00%00%00%00%00%00%00%00%00%00%00%00%00%00%00%00%00%00%00%00%00%00%00%00%00%00%00%00%00%00%00%00%00%00%00%00%00%00%00%00%00%00%00%00%00%00%00%00%00%00%00%00%00%00%00%00%00%00%00%00%00%00%00%00%7B~%5D%91%8EZ%B6%98K%E6%9A5%00%00%00%00%00%00%00%00%00%00%00%00%00%00%00%00%00%00%00%00%00%00%00%00%00%00%00%00%00%00%00%00%00%00%00%00%00%00%00%00%00%00%00%00%00%00%00%00%00%00%00%00%00%00%00%00%00%00%00%00%00%00%00%00%00%00%00%00%00%00%00%00%00%00%00%00%00%00%00%00%00%3F%8D%89K%A5%8E%5D%B3%89z%BB%7C%A1%BAg%D8%AFF%00%00%00%00%00%00%00%00%00%00%00%00%00%00%00%00%00%00%00%00%00%00%00%00%00%00%00%00%00%00%00%00%00%00%00%00%00%00%00%00%00%00%00%00%00%00%00%00%00%00%00%00%00%00%00%00%00%00%00%00%00%00%00%00%00%00%00%00%00%00%00%00%0E%7B%A6%18%9A%AD%1E%B6%B7)%C8%B86%D3%B4M%D8%A6m%D4%90%9C%C7n%DE%AFB%00%00%00%00%00%00%00%00%00%00%00%00%00%00%00%00%00%00%00%00%00%00%00%00%00%00%00%00%00%00%00%00%00%00%00%00%00%00%00%00%00%00%00%00%00%00%00%00%00%00%00%00%00%00%00%00%00%00%00%00%00%00%00%00%00%00%00%7C%B8%04%9D%C4%06%BF%D2%0B%D4%D8%12%E4%D9%1C%ED%D5%2F%ED%C7L%E5%ACw%D5%8A%B4%BF_%00%00%00%00%00%00%00%00%00%00%00%00%00%00%00%00%00%00%00%00%00%00%00%00%00%00%00%00%00%00%3Ay16k%402_B%00%00%00%00%00%00%00%00%00%00%00%00%00%00%00%00%00%00%00%00%00%00%00%00%00%00%00%00%9E%D4%00%C2%E4%00%DE%EF%00%F1%F5%03%FB%F6%09%FE%F1%19%FC%E05%F0%C4%5B%DF%A0%91%CBw%00%00%00%00%00%00%00%00%00%00%00%00%00%00%00%00%00%00%00%00%00%00%00%007%99%0A5%9762%95%5C0%8Eo.%83n%2Bpd(%5DU%00%00%00%00%00%00%00%00%00%00%00%00%00%00%00%00%00%00%00%9C%D9%00%C3%EC%00%DF%F9%00%F6%FF%00%FF%FF%00%FF%FF%01%FF%FF%0C%FF%EF%26%F8%D3H%E7%B1%7B%D3%88%00%00%00%00%00%00%00%00%00%00%00%00%00%00%00%00%00%00%00%00%00%00%00%003%A4%25.%A5a%2C%A4%7F(%9F%93'%98%9C%26%8C%92%26w%7D!bh%00%00%00%00%00%00%00%00%00%00%00%00%00%97%DA%00%BD%EF%00%D9%FB%00%F2%FF%00%FF%FF%00%FF%FF%00%FF%FF%00%FF%FF%06%FF%F9%1C%FB%DC%3A%ED%BCf%D9%96%00%00%00%00%00%00%00%00%00%00%00%00%00%00%00%00%00%00%00%00%003%A5%0B-%ABS(%AD%82%26%AB%95%22%A9%AD%20%A6%BD%1F%9E%BC%1F%90%AD%1F%7B%91%20gr%00%00%00%00%00%00%00%8B%DA%00%B1%EF%00%CC%FD%00%E3%FF%00%F5%FF%00%FF%FF%00%FF%FF%00%FF%FF%00%FF%FF%04%FF%FB%16%FE%E41%F0%C5%00%00%00%00%00%00%00%00%00%00%00%00%00%00%00%00%00%00%00%00%00%00%00%000%A8%2C*%AEx%25%AF%93!%B0%AB%1E%AF%BF%1B%AE%CE%19%AA%D9%18%A0%D3%19%92%BF%1D%7D%9A%11j%97%00~%DC%00%A0%F0%00%BB%FD%00%CF%FF%00%E3%FF%00%F1%FF%00%FD%FF%00%FF%FF%00%FF%FF%00%FF%FF%02%FF%FD%10%FF%E9%00%00%00%00%00%00%00%00%00%00%00%00%00%00%00%00%00%00%00%00%00%00%00%00%00%00%00%2C%ABU%26%AF%8E!%B0%A7%1D%B1%BC%19%B1%CF%16%B0%DC%14%B0%E7%12%AC%EE%13%A2%E2%15%92%CB%18~%A8%0A%82%C0%00%A8%FF%00%BE%FF%00%CE%FF%00%DD%FF%00%EA%FF%00%FA%FF%00%FF%FF%00%FF%FF%00%FF%FF%00%FF%FD%00%00%00%00%00%00%00%00%00%00%00%00%00%00%00%00%00%00%00%00%00%00%00%00%00%00%00%00%00%00'%ACw%23%AF%9D%1D%B0%B7%19%B2%CC%16%B3%DC%13%B2%E8%11%B0%F1%0F%B0%FA%0E%AE%FA%10%A5%ED%13%96%D5%16%82%B2%08%91%D3%00%BD%FF%00%CA%FF%00%D7%FF%00%E5%FF%00%F7%FF%00%FF%FF%00%FF%FF%00%FF%FF%00%00%00%00%00%00%00%00%00%00%00%00%00%00%00%00%00%00%00%00%00%00%00%00%00%00%00%00%00%00%00%00%00%00%00%00%17%B2%B2%19%B3%CA%17%B4%D9%11%B4%E8%0F%B2%F3%0E%B0%FA%0C%B1%FF%0B%B1%FF%0B%AF%FF%0E%A8%F5%10%9A%DF%15%85%BB%09%9C%D9%00%C9%FF%00%D3%FF%00%E3%FF%00%F7%FF%00%FF%FF%00%FF%FF%00%00%00%00%00%00%00%00%00%00%00%00%00%00%00%00%00%00%00%00%00%00%00%00%00%00%00%00%00%00%00%00%00%00%00%00%00%00%00%00%00%00%0B%B4%DA%0E%B6%EA%10%B4%F1%0D%B2%FA%0C%B1%FF%0B%B1%FF%0A%B1%FF%0A%B1%FF%0B%AF%FF%0D%AE%F9%10%A4%E5%17%88%BB%0A%A6%DB%00%DB%FF%00%E3%FF%00%F8%FF%00%F7%EA%00%00%00%00%00%00%00%00%00%00%00%00%00%00%00%00%00%00%00%00%00%00%00%00%00%00%00%00%00%00%00%00%00%00%00%00%00%00%00%00%00%00%00%00%00%A5%83K%25%AD%D4%04%B3%FF%0C%B1%FF%0B%B1%FF%0A%B1%FF%0A%B1%FF%0A%B1%FF%0B%B9%FF%08%9F%FF%02l%FA%04K%F2%04F%E0%00%97%F6%00%EF%FF%00%F2%EF%00%B1%3D%00%81%00%00%00%00%00%00%00%00%00%00%00%00%00%00%00%00%00%00%00%00%00%00%00%00%00%00%00%00%00%00%00%00%00%00%00%00%00%DCq%1D%E7%8D%25%F5%9A!%BC%A7O%14%B2%ED%04%B1%FF%0B%B1%FF%0A%B1%FF%0A%B2%FF%0A%BB%FF%05%91%FF%00D%FA%00A%F9%00J%FB%00B%FD%007%FD%00%A0%F5%00%C3E%00%97%00%00%96%00%00%8E%00%00%00%00%00%00%00%00%00%00%00%00%00%00%00%00%00%00%00%00%00%00%00%00%00%00%00%00%00%00%00%D7%5E%17%E1%9A%2F%E4%B7%3A%E3%C0%3F%F3%C12%B0%C0h%17%B4%EB%00%B0%FF%0A%B1%FF%0A%BA%FF%06%87%FE%00B%FA%00N%F8%00b%F9%00f%F9%00%5E%F9%00M%FB%00%3B%F4%00%883%00%AF%00%00%A2%00%00%9A%00%00%8D%00%00%00%00%00%00%00%00%00%00%00%00%00%00%00%00%00%00%00%00%00%00%00%00%00%CD%3B%0B%DB%7C%24%E1%B29%E4%CBC%E4%CFD%E4%CED%F7%CE5%B4%C6g%14%B2%EF%04%BB%FF%05%8C%FE%00%3F%FA%00Q%F9%00h%F9%00t%F9%00w%F9%00p%F9%00c%F9%00F%FF%00N%BC%00%AB%07%00%AE%00%00%A5%00%00%9A%00%00%8C%00%00%00%00%00%00%00%00%00%00%00%00%00%00%00%00%00%00%00%00%00%00%CEJ%11%DB%88(%E1%B7%3A%E4%CAB%E4%D1D%E4%CEC%E2%CCB%F6%CC1%B5%C8a%10%93%ED%00G%FE%00U%F8%00k%F9%00x%F9%00%82%F9%00%84%F9%00%7D%F9%00o%F9%00X%FE%00B%EF%00%9C%22%00%B5%00%00%AC%00%00%A4%00%00%99%00%00%8C%00%00%00%00%00%00%00%00%00%00%00%00%00%00%00%00%00%00%00%CEP%11%DA%88%26%E0%B25%E2%C5%3C%E3%CB%3E%E1%C9%3C%E3%C6%3A%F4%CA%26%8C%9Cy%04_%F9%00F%FC%00c%F9%00w%F9%00%85%F9%00%8D%F9%00%8E%F9%00%87%F9%00x%F9%00%60%FF%00E%EB%00%9D%1E%00%B7%00%00%B1%00%00%AE%00%00%A6%00%00%99%00%00%8D%00%00%00%00%00%00%00%00%00%00%00%00%00%00%00%00%CAN%0F%D4%7D%1E%DC%A5%2B%DF%B91%E0%C14%E1%C01%EF%BE%1F%82%92z%00g%FD%00%93%FF%00%84%FF%00R%F9%00r%F8%00%8A%F9%00%94%F9%00%95%F9%00%8C%F9%00%7C%F9%00%5C%FF%00V%B5%00%AE%08%00%B5%00%00%B5%00%00%B3%00%00%AF%00%00%A7%00%00%9A%00%00%8D%00%00%00%00%00%00%00%00%00%00%00%00%00%00%00%00%CDk%13%D5%91%1C%D8%A6%23%D9%B0%24%EC%B3%10z%86x%00f%FD%00%8C%FF%00%AC%FF%00%C6%FF%00%93%FF%00V%F9%00~%F9%00%97%F9%00%98%F9%00%8D%F9%00u%FE%00L%F5%00%887%00%B3%00%00%B2%00%00%B5%00%00%B6%00%00%B5%00%00%B0%00%00%A8%00%00%9A%00%00%00%00%00%00%00%00%00%00%00%00%00%00%00%00%00%00%00%CC%7D%11%D6%91%0E%E8%9E%00%8A%82X%00e%FE%00%8C%FF%00%AA%FF%00%BC%FF%00%C6%FF%00%D0%FF%00%93%FF%00V%FA%00r%F8%00%82%F8%00q%FC%00R%F7%00jg%00%A3%00%00%A9%00%00%AE%00%00%B4%00%00%B7%00%00%B8%00%00%B6%00%00%B1%00%00%A5%00%00%8F%00%00%00%00%00%00%00%00%00%00%00%00%00%00%00%00%00%00%00%00%00%00iik%05b%F3%00%8A%FF%00%A8%FF%00%BB%FF%00%C4%FF%00%C5%FF%00%C6%FF%00%CE%FF%00%A2%FF%00l%FD%00c%FC%00T%FF%00%00%00%00%8D%00%00%9A%00%00%A2%00%00%AB%00%00%B1%00%00%B6%00%00%B8%00%00%B8%00%00%B6%00%00%AA%00%00%92%00%00%00%00%00%00%00%00%00%00%00%00%00%00%00%00%00%00%00%00%00%00%00Y%FF%00%86%FF%00%A8%FF%00%BA%FF%00%C4%FF%00%C5%FF%00%C5%FF%00%C5%FF%00%C6%FF%00%CB%FF%00%C7%FF%00%C1%FF%00%00%00%00%00%00%00%00%00%00%8F%00%00%98%00%00%A2%00%00%AC%00%00%B2%00%00%B6%00%00%B8%00%00%B6%00%00%A8%00%00%90%00%00%00%00%00%00%00%00%00%00%00%00%00%00%00%00%00%00%00%00Z%FF%00%89%FF%00%A5%FF%00%BA%FF%00%C4%FF%00%C5%FF%00%C5%FF%00%C5%FF%00%C5%FF%00%C5%FF%00%C5%FF%00%C4%FF%00%00%00%00%00%00%00%00%00%00%00%00%00%00%00%00%8D%00%00%99%00%00%A4%00%00%AE%00%00%B2%00%00%B3%00%00%AE%00%00%9D%00%00%00%00%00%00%00%00%00%00%00%00%00%00%00%00%00%00%00%00U%FF%00%83%FF%00%A7%FF%00%B9%FF%00%C5%FF%00%C5%FF%00%C5%FF%00%C5%FF%00%C5%FF%00%C5%FF%00%C5%FF%00%C4%FF%00%00%00%00%00%00%00%00%00%00%00%00%00%00%00%00%00%00%00%00%00%00%8D%00%00%98%00%00%A2%00%00%A7%00%00%A5%00%00%9B%00%00%8D%00%00%00%00%00%00%00%00%00%00%00%00%00%00%00%00%00%00%00%00h%FF%00%95%FF%00%B6%FF%00%C3%FF%00%C5%FF%00%C5%FF%00%C5%FF%00%C5%FF%00%C5%FF%00%C5%FF%00%C5%FF%00%00%00%00%00%00%00%00%00%00%00%00%00%00%00%00%00%00%00%00%00%00%00%00%00%00%00%00%8C%00%00%91%00%00%96%00%00%92%00%00%8A%00%00%00%00%00%00%00%00%00%00%00%00%00%00%00%00%00%00%00%00%00%00%00q%FF%00%9C%FF%00%BC%FF%00%C5%FF%00%C5%FF%00%C5%FF%00%C5%FF%00%C5%FF%00%C5%FF%00%C4%FF%00%00%00%00%00%00%00%00%00%00%00%00%00%00%00%00%00%00%00%00%00%00%00%00%00%00%00%00%00%00%00%00%00%00%00%00%00%00%00%00%00%00%00%00%00%00%00%00%00%00%00%00%00%00%00%00%00%00%00%00%00%00%00%00%00%00%00k%FF%00%95%FF%00%B3%FF%00%C0%FF%00%C5%FF%00%C5%FF%00%C5%FF%00%C5%FF%00%C4%FF%00%00%00%00%00%00%00%00%00%00%00%00%00%00%00%00%00%00%00%00%00%00%00%00%00%00%00%00%00%00%00%00%00%00%00%00%00%00%00%00%00%00%00%00%00%00%00%00%00%00%00%00%00%00%00%00%00%00%00%00%00%00%00%00%00%00%00%00%00%00%00%00%00%7D%FF%00%9E%FF%00%B2%FF%00%C0%FF%00%C5%FF%00%C5%FF%00%C5%FF%00%00%00%00%00%00%00%00%00%00%00%00%00%00%00%00%00%00%00%00%00%00%00%00%00%00%00%00%00%00%00%00%00%00%00%00%00%00%00%00%00%00%00%00%00%00%00%00%00%00%00%00%00%00%00%00%00%00%00%00%00%00%00%00%00%00%00%00%00%00%00%00%00%00%00%00%60%FF%00%80%FF%00%9A%FF%00%B1%FF%00%BD%FF%00%C3%FF%00%00%00%00%00%00%00%00%00%00%00%00%00%00%00%00%00%00%00%00%00%00%00%00%00%00%00%00%00%00%00%00%00%00%00%00%00%00%00%00%00%00%00%00%00%00%00%00%00%00%00%00%00%00%00%00%00%00%00%00%00%00%00%00%00%00%00%00%00%00%00%00%00%00%00%00%00%00%00%00%00%00%00%00%00%7D%FF%00%98%FF%00%AE%FF%00%00%00%00%00%00%00%00%00%00%00%00%00%00%00%00%00%00%00%00%00%00%00%00%00%00%00%00%00%00%00%00%00%00%00%00%00%00%00%00%00%00%00%00%00%00%00%00%00%00%00%00%00%00%00%00%00%00%00%00%00%00%00%00%00%00%FF%FF%FE%1F%FF%FF%FC%0F%FF%FF%F0%07%FF%FF%E0%07%FE%3F%E0%07%F8%0F%C0%07%F8%07%80%07%F0%03%00%0F%F0%00%00%1F%F0%00%00%3F%F0%00%00%7F%F8%00%00%FF%FC%00%01%FF%FC%00%00%FF%F0%00%00%7F%E0%00%00%3F%C0%00%00%1F%C0%00%00%0F%C0%00%00%07%C0%00%00%03%E0%00%00%03%F0%00%00%01%FC%00%10%01%FC%008%01%F8%00%7C%03%F0%00%FE%03%F0%01%FF%07%F0%03%FF%FF%F0%07%FF%FF%F8%0F%FF%FF%F8%1F%FF%FF%FE%3F%FF%FF(%00%00%000%00%00%00%60%00%00%00%01%00%18%00%00%00%00%00%80%1C%00%00%00%00%00%00%00%00%00%00%00%00%00%00%00%00%00%00%00%00%00%00%00%00%00%00%00%00%00%00%00%00%00%00%00%00%00%00%00%00%00%00%00%00%00%00%00%00%00%00%00%00%00%00%00%00%00%00%00%00%00%00%00%00%00%00%00%00%00%00%00%00%00%00%00%00%00%00%00%00%00%00%00%00%00%00%00%00%00%00%00%00%00%00%00%00%00%00%00%00%00%00%00%00%00%00%00%00%00%00%00%00%00%00%00%00%00%00%00%00%00%00%00%00%00%00%00%00%00%00%00%00%00%00%00%00%00%00%00%00%00%00%00%00%00%00%00%00%00%00%00%00%00%00%00%00%00%00%00%00%00%00%00%00%00%00%00%00%00%00%00%00%00%00%00%00%00%00%00%00%00%00%00%00%00%00%00%00%00%00%00%00%00%00%00%00%00%00%00%00%00%00%00%00%00%00%00%00%00%00%00%00%00%00%00%00%00%00%00%00%00%00%00%00%00%00%00%00%00%00%00%00%00%00%00%00%00%00%00%00%00%00%00%00%00%00%00%00%00%00%00%00%00%00%00%00%00%00%00%00%00%00%00%00%7DtX%8E~S%9D%8AP%B5%92H%D7%949%F7%96%2B%00%00%00%00%00%00%00%00%00%00%00%00%00%00%00%00%00%00%00%00%00%00%00%00%00%00%00%00%00%00%00%00%00%00%00%00%00%00%00%00%00%00%00%00%00%00%00%00%00%00%00%00%00%00%00%00%00%00%00%00%00%00%00%00%00%00%00%00%00%00%00%00%00%00%00%00%00%00%00%00%00%00%00%00%00%00%00%00%00%00%00%00%00%00%00%00%00%00%00%00%00%00%00%00%00%00%00%00%00%00%00%00%00%00%00%00%00%00%00%00%00%00%00Q~u%5B%8Eyf%9Byu%A4s%89%AAk%A5%AD%5E%C3%ADO%E9%A7%3B%FF%A0)%00%00%00%00%00%00%00%00%00%00%00%00%00%00%00%00%00%00%00%00%00%00%00%00%00%00%00%00%00%00%00%00%00%00%00%00%00%00%00%00%00%00%00%00%00%00%00%00%00%00%00%00%00%00%00%00%00%00%00%00%00%00%00%00%00%00%00%00%00%00%00%00%00%00%00%00%00%00%00%00%00%00%00%00%00%00%00%00%00%00%00%00%00%00%00%00%00%00%00%00%00%00%00%00%00%00%00%00%00%00%00%00%00%00%2F%88%926%9C%98%3D%AA%99H%B5%97U%BC%93f%C2%8B~%C3~%98%C0n%B9%B9Z%E3%AEA%FF%A0(%00%00%00%00%00%00%00%00%00%00%00%00%00%00%00%00%00%00%00%00%00%00%00%00%00%00%00%00%00%00%00%00%00%00%00%00%00%00%00%00%00%00%00%00%00%00%00%00%00%00%00%00%00%00%00%00%00%00%00%00%00%00%00%00%00%00%00%00%00%00%00%00%00%00%00%00%00%00%00%00%00%00%00%00%00%00%00%00%00%00%00%00%00%00%00%00%00%00%00%00%00%00%00%00%00%0Fz%A3%17%8F%A8%1C%A5%B0!%B5%B5(%C2%B50%CB%B5%3A%D2%AFI%D5%A7%5D%D6%9Bv%D0%89%94%CAs%B9%BCZ%ED%AC%3A%00%00%00%00%00%00%00%00%00%00%00%00%00%00%00%00%00%00%00%00%00%00%00%00%00%00%00%00%00%00%00%00%00%00%00%00%00%00%00%00%00%00%00%00%00%00%00%00%00%00%00%00%00%00%00%00%00%00%00%00%00%00%00%00%00%00%00%00%00%00%00%00%00%00%00%00%00%00%00%00%00%00%00%00%00%00%00%00%00%00%00%00%00%00%00%00%00%00%00%00%00%00%03%7B%B3%08%91%B8%0A%AA%C3%0E%BC%CA%13%CA%CC%18%D6%CD%1E%DE%CC'%E3%C73%E7%C0G%E3%B0%5C%DE%9E%7B%D3%89%9D%C7n%CC%B7O%00%00%00%00%00%00%00%00%00%00%00%00%00%00%00%00%00%00%00%00%00%00%00%00%00%00%00%00%00%00%00%00%00%00%00%00%00%00%00%00%00%00%00%00%00%00%00%00%00%00%00%00%00%00%00%00%00%00%00%00%00%00%00%00%00%00%00%00%00%00%00%00%00%00%00%00%00%00%00%00%00%00%00%00%00%00%00%00%00%00%00%00%00%00%00%00%00%00%00%00%7C%BD%00%93%C5%01%AD%D0%02%C2%D8%05%D3%DF%08%DF%E2%0A%E8%E2%10%F0%E2%17%F4%DD!%F3%D53%EE%C4I%E8%B0d%DC%99%84%CF%80%AE%C0b%F7%A63%00%00%00%00%00%00%00%00%00%00%00%00%00%00%00%00%00%00%00%00%00%00%00%00%00%00%00%00%00%00%00%00%00%00%00%00%00%00%00%00%00%00%3A%7F(9v56n%404fC0%5BC%00%00%00%00%00%00%00%00%00%00%00%00%00%00%00%00%00%00%00%00%00%00%00%00%00%00%00%00%00%00%00%00%00%00%00%00%00~%C3%00%94%CF%00%AF%DC%00%C4%E4%00%D6%EB%00%E7%F3%00%F1%F5%02%F9%F6%05%FE%F4%0A%FF%F0%14%FE%E4%24%F8%D59%ED%BFR%E3%A7p%D7%8F%97%C9r%E2%AE%40%00%00%00%00%00%00%00%00%00%00%00%00%00%00%00%00%00%00%00%00%00%00%00%00%00%00%00%00%00%00%00%00%00%00%00%008%97%0E7%93(5%92A4%8EU3%89b1%80d%2Fw%60%2CjZ*%5BQ%00%00%00%00%00%00%00%00%00%00%00%00%00%00%00%00%00%00%00%00%00%00%00%00%00%00%00%00%7C%C9%00%93%D3%00%AF%E2%00%C7%EB%00%D7%F4%00%EA%FD%00%F6%FF%00%FF%FF%00%FF%FF%00%FF%FF%04%FF%FD%0B%FF%F1%1B%FD%DF%2F%F3%CAE%E8%B4a%DD%9C%88%CD%7F%00%00%00%00%00%00%00%00%00%00%00%00%00%00%00%00%00%00%00%00%00%00%00%00%00%00%00%00%00%00%00%00%00%00%00%005%9D%015%9E%1F3%9E%400%9C%5D%2F%9Bs%2C%95~%2C%8F%80%2B%89%7F*~w)pl%25%60%5D%00%00%00%00%00%00%00%00%00%00%00%00%00%00%00%00%00%00%00%00%00%00z%CA%00%92%D5%00%AE%E4%00%C4%EE%00%D7%F8%00%E9%FF%00%F8%FF%00%FF%FF%00%FF%FF%00%FF%FF%00%FF%FF%00%FF%FF%05%FF%F9%14%FF%E7%26%F6%D2%3B%ED%BCT%E2%A6%7B%D2%87%00%00%00%00%00%00%00%00%00%00%00%00%00%00%00%00%00%00%00%00%00%00%00%00%00%00%00%00%00%00%00%00%00%00%00%004%A4%0E1%A5%3A-%A6a%2C%A5w*%A4%87(%A1%95'%9D%9E%26%97%A0%25%8F%98%25%84%8D%24u~%22fl%00%00%00%00%00%00%00%00%00%00%00%00%00%00%00%00u%CA%00%8F%D7%00%AC%E7%00%C0%F1%00%D3%F9%00%E4%FF%00%F3%FF%00%FF%FF%00%FF%FF%00%FF%FF%00%FF%FF%00%FF%FF%00%FF%FF%03%FF%FF%0F%FF%EB%1E%F9%D93%F0%C4J%E7%AE%00%00%00%00%00%00%00%00%00%00%00%00%00%00%00%00%00%00%00%00%00%00%00%00%00%00%00%00%00%00%00%00%00%00%00%004%A4%001%A7(%2C%AAY*%ACy(%AA%88%26%A8%95%24%A7%A6!%A6%B4!%A2%B7%20%9B%B4%20%92%AC%20%87%9E%20w%8A%1Fgt%00%00%00%00%00%00%00%00%00%00%00%00%00%86%D7%00%A4%E7%00%B7%F1%00%CA%FB%00%DC%FF%00%E9%FF%00%F5%FF%00%FF%FF%00%FF%FF%00%FF%FF%00%FF%FF%00%FF%FF%00%FF%FF%01%FF%FF%0C%FF%F0%1B%FD%DF%2C%F3%CBC%E8%B5%00%00%00%00%00%00%00%00%00%00%00%00%00%00%00%00%00%00%00%00%00%00%00%00%00%00%00%00%00%00%00%00%00%00%00%003%A5%0A%2F%ACJ*%ADt'%AE%86%25%AE%95%22%AE%A6%20%AD%B5%1E%AC%BF%1C%A8%C9%1C%A5%CC%1C%9D%C5%1C%94%BB%1C%89%AA%1Dy%94%1Ek%7D%00%00%00%00%00%00%00%80%D6%00%97%E7%00%AE%F1%00%BE%FB%00%CF%FF%00%DD%FF%00%E9%FF%00%F4%FF%00%FD%FF%00%FF%FF%00%FF%FF%00%FF%FF%00%FF%FF%00%FF%FF%00%FF%FF%0A%FF%F3%16%FE%E2%25%F4%D0%00%00%00%00%00%00%00%00%00%00%00%00%00%00%00%00%00%00%00%00%00%00%00%00%00%00%00%00%00%00%00%00%00%00%00%00%00%00%000%A7%24%2C%ADj(%AE%81%25%AF%93%22%AF%A4%1F%B0%B4%1D%B0%C0%1B%AF%CA%19%AE%D5%18%AC%DC%17%A7%DD%18%A0%D5%18%97%C7%1A%8A%B5%1C%7C%9C%13m%93%00v%CE%00%8F%E8%00%A1%F0%00%B4%FD%00%C3%FF%00%CF%FF%00%DC%FF%00%E8%FF%00%F0%FF%00%F9%FF%00%FF%FF%00%FF%FF%00%FF%FF%00%FF%FF%00%FF%FF%00%FF%FF%08%FF%F6%12%FF%E6%00%00%00%00%00%00%00%00%00%00%00%00%00%00%00%00%00%00%00%00%00%00%00%00%00%00%00%00%00%00%00%00%00%00%00%00%00%00%00%00%00%00.%ABB)%AE%7C%26%AF%8E%22%B0%A2%1F%B1%B1%1C%B1%BE%1A%B1%CB%18%B1%D6%16%B0%DD%14%AF%E4%14%AE%EA%13%A8%E9%14%A1%DF%15%97%CF%16%8B%BF%19~%A5%0Fw%A5%00%93%E8%00%A7%FE%00%B7%FF%00%C3%FF%00%CF%FF%00%D8%FF%00%E2%FF%00%EB%FF%00%F5%FF%00%FF%FF%00%FF%FF%00%FF%FF%00%FF%FF%00%FF%FF%00%FF%FF%04%FF%F8%00%00%00%00%00%00%00%00%00%00%00%00%00%00%00%00%00%00%00%00%00%00%00%00%00%00%00%00%00%00%00%00%00%00%00%00%00%00%00%00%00%00%00%00%00*%AB%60'%AE%87%23%B0%9C%20%B0%AE%1C%B1%BC%1A%B1%C9%18%B1%D5%15%B1%DE%14%B1%E4%13%B0%EB%11%AF%F3%10%AF%F5%10%AA%F1%11%A2%E8%13%99%D8%15%8F%C7%18%80%AC%0E~%B0%00%A4%F9%00%B8%FF%00%C2%FF%00%CC%FF%00%D6%FF%00%DF%FF%00%E8%FF%00%F3%FF%00%FE%FF%00%FF%FF%00%FF%FF%00%FF%FF%00%FF%FF%00%FF%FF%00%00%00%00%00%00%00%00%00%00%00%00%00%00%00%00%00%00%00%00%00%00%00%00%00%00%00%00%00%00%00%00%00%00%00%00%00%00%00%00%00%00%00%00%00%00%00%00%00%00%00%24%AE%91%20%B0%A8%1D%B1%B9%1A%B1%C7%17%B4%D5%15%B4%DE%13%B4%E7%11%B1%EE%10%B0%F4%0E%B0%F8%0E%B0%FE%0D%B0%FF%0E%AC%F9%0F%A5%EE%10%9C%E0%11%93%D0%17%84%B5%0E%84%B8%00%AF%FF%00%C2%FF%00%C7%FF%00%D2%FF%00%DC%FF%00%E4%FF%00%F1%FF%00%FD%FF%00%FF%FF%00%FF%FF%00%FF%FF%00%FF%FF%00%00%00%00%00%00%00%00%00%00%00%00%00%00%00%00%00%00%00%00%00%00%00%00%00%00%00%00%00%00%00%00%00%00%00%00%00%00%00%00%00%00%00%00%00%00%00%00%00%00%00%00%00%00%00%00%00%1E%B0%B4%1C%B1%C3%18%B4%D2%16%B4%DD%11%B4%E7%10%B4%EE%0F%B1%F5%0E%B0%F9%0D%B1%FE%0B%B1%FF%0B%B1%FF%0B%B0%FF%0C%AD%FE%0E%A7%F4%0E%A0%E8%11%95%D8%16%87%BB%0E%87%BF%00%B6%FF%00%C9%FF%00%CD%FF%00%D8%FF%00%E4%FF%00%F1%FF%00%FD%FF%00%FF%FF%00%FF%FF%00%FF%FF%00%00%00%00%00%00%00%00%00%00%00%00%00%00%00%00%00%00%00%00%00%00%00%00%00%00%00%00%00%00%00%00%00%00%00%00%00%00%00%00%00%00%00%00%00%00%00%00%00%00%00%00%00%00%00%00%00%00%00%00%12%B5%C6%14%B5%D3%16%B4%D9%14%B4%E2%10%B4%ED%0E%B4%F5%0E%B1%F9%0D%B1%FE%0B%B1%FF%0B%B1%FF%0A%B1%FF%0A%B1%FF%0A%B0%FF%0C%AE%FF%0D%A8%F8%0E%A1%EB%10%99%DD%19%87%B9%11%8B%BC%00%BE%FF%00%D2%FF%00%D8%FF%00%E3%FF%00%F0%FF%00%FD%FF%00%FF%FF%00%FF%FF%00%00%00%00%00%00%00%00%00%00%00%00%00%00%00%00%00%00%00%00%00%00%00%00%00%00%00%00%00%00%00%00%00%00%00%00%00%00%00%00%00%00%00%00%00%00%00%00%00%00%00%00%00%00%00%00%00%00%00%00%00%00%00%00%00%000%A3%AF%0E%B5%E8%11%B4%EB%0F%B4%F4%0E%B1%F9%0D%B1%FE%0C%B1%FF%0B%B1%FF%0B%B1%FF%0A%B1%FF%0A%B1%FF%0A%B1%FF%0A%B0%FF%0B%AF%FF%0D%AF%FB%0E%A7%F0%0E%92%DE%17~%BF%11%87%BF%00%C9%FF%00%DE%FF%00%E2%FF%00%EE%FF%00%FF%FF%00%E8%C5%00%98%08%00%00%00%00%00%00%00%00%00%00%00%00%00%00%00%00%00%00%00%00%00%00%00%00%00%00%00%00%00%00%00%00%00%00%00%00%00%00%00%00%00%00%00%00%00%00%00%00%00%00%00%00%00%00%00%00%00%00%00%00%00%00%00%EBc%10%DBq%1Cf%99%84%0A%B5%FB%0D%B1%FB%0D%B1%FE%0C%B1%FF%0B%B1%FF%0B%B1%FF%0A%B1%FF%0A%B1%FF%0A%B1%FF%0A%B1%FF%0A%B5%FF%0B%B5%FF%05%8E%FF%00b%F9%00B%F8%00%3D%F9%00%3C%E7%00b%E8%00%CA%FF%00%EA%FF%00%F3%FF%00%E2%C4%00%9C%02%00%8B%00%00%87%00%00%00%00%00%00%00%00%00%00%00%00%00%00%00%00%00%00%00%00%00%00%00%00%00%00%00%00%00%00%00%00%00%00%00%00%00%00%00%00%00%00%00%00%00%00%00%00%00%00%00%00%00%00%00%DC%60%16%DFy%20%E2%89'%E8%92'%EA%95%26e%AA%94%07%B1%FF%0A%B1%FF%0B%B1%FF%0B%B1%FF%0A%B1%FF%0A%B1%FF%0A%B1%FF%0A%B1%FF%0A%B6%FF%0A%B1%FF%00k%FF%00%3A%F9%00%3F%F9%00G%F9%00F%F9%00B%FD%003%FB%00Y%FF%00%D6%FF%00%E3%C7%00%A5%02%00%98%00%00%97%00%00%91%00%00%8C%00%00%00%00%00%00%00%00%00%00%00%00%00%00%00%00%00%00%00%00%00%00%00%00%00%00%00%00%00%00%00%00%00%00%00%00%00%00%00%00%00%00%00%00%00%00%00%00%00%D6X%14%DE%7F%24%E2%98%2C%E3%A74%E3%AF6%E9%B04%E9%B44J%B5%B7%05%B1%FF%0A%B1%FF%0A%B1%FF%0A%B1%FF%0A%B1%FF%0A%B1%FF%0A%B6%FF%09%AE%FF%00%60%FF%00%3A%F8%00I%F9%00T%F9%00Y%F9%00W%F9%00R%F9%00I%F9%007%FB%00%5C%FF%00%A7)%00%A6%00%00%A2%00%00%9E%00%00%99%00%00%93%00%00%8A%00%00%00%00%00%00%00%00%00%00%00%00%00%00%00%00%00%00%00%00%00%00%00%00%00%00%00%00%00%00%00%00%00%00%00%00%00%00%00%00%00%00%00%D1E%0D%DCt%20%DF%98%2F%E3%B08%E4%BF%3D%E4%C3%3F%E4%C4%40%E9%C5%3C%EA%C7%3Cb%BC%A6%04%B1%FF%08%B1%FF%0A%B1%FF%0A%B1%FF%0A%B7%FF%08%A6%FF%00R%FD%00%3F%F9%00Q%F9%00%5C%F9%00e%F9%00j%F9%00g%F9%00a%F9%00X%F9%00M%F9%008%FF%00Z%88%00%AE%00%00%AA%00%00%A6%00%00%A1%00%00%9B%00%00%93%00%00%8A%00%00%00%00%00%00%00%00%00%00%00%00%00%00%00%00%00%00%00%00%00%00%00%00%00%00%00%00%00%00%00%00%00%00%00%00%00%CA%2F%07%D3X%16%DD%86'%E0%A74%E3%BF%3D%E4%CBC%E4%CDC%E4%CDC%E4%CCC%EA%CC%40%EE%CC%3Ca%BE%A7%04%B0%FF%08%B1%FF%0A%B7%FF%08%A6%FF%00Q%FD%00%3F%F9%00R%F9%00%5D%F9%00i%F9%00p%F9%00t%F9%00r%F9%00l%F9%00d%F9%00Y%F9%00K%FD%00%3B%FF%00%7F%3B%00%B4%00%00%AC%00%00%A7%00%00%A2%00%00%9B%00%00%92%00%00%89%00%00%00%00%00%00%00%00%00%00%00%00%00%00%00%00%00%00%00%00%00%00%00%00%00%00%00%00%00%00%00%00%00%00%CC%3A%0B%D5e%1C%DD%91%2C%E0%B08%E3%C4%40%E4%CDD%E4%D0D%E4%D0D%E4%CFD%E4%CDC%E8%CC%3F%ED%CB%3Aa%BC%A6%06%B5%FF%09%B1%FF%00%5B%FE%00%3F%F8%00S%F9%00a%F9%00k%F9%00t%F9%00%7C%F9%00%7F%F9%00%7C%F9%00v%F9%00n%F9%00b%F9%00U%F9%00%40%FF%00X%A2%00%B0%00%00%B0%00%00%AD%00%00%A8%00%00%A2%00%00%99%00%00%92%00%00%8A%00%00%00%00%00%00%00%00%00%00%00%00%00%00%00%00%00%00%00%00%00%00%00%00%00%00%00%00%00%00%00%CCC%0D%D5m%1E%DD%93%2C%E0%B17%E2%C2%3D%E4%CBA%E4%CFC%E4%CFB%E4%CCA%E3%CB%40%E2%C9%3F%E7%C7%3A%F4%C9%2FU%B1%AC%00%5C%FF%00B%F9%00W%F9%00b%F9%00n%F9%00w%F9%00%7F%F9%00%84%F9%00%88%F9%00%84%F9%00%80%F9%00v%F9%00k%F9%00%5C%F9%00H%FF%00O%C0%00%AD%00%00%B4%00%00%B0%00%00%AE%00%00%AA%00%00%A2%00%00%9B%00%00%92%00%00%8A%00%00%00%00%00%00%00%00%00%00%00%00%00%00%00%00%00%00%00%00%00%00%00%00%00%00%00%00%CCF%0E%D5m%1D%DC%92*%DF%AD4%E2%BE%3A%E3%C7%3D%E3%CB%40%E3%CA%3D%E2%C9%3C%E2%C5%3B%E0%C49%F1%C9%2C%B0%AAT%13o%E4%00O%FF%00F%F8%00%5C%F9%00k%F9%00v%F9%00%7F%F9%00%88%F9%00%8B%F9%00%8E%F9%00%8B%F9%00%86%F9%00%7C%F9%00o%F9%00a%F9%00I%FF%00S%AF%00%AF%00%00%B4%00%00%B1%00%00%B0%00%00%AF%00%00%AA%00%00%A4%00%00%9B%00%00%93%00%00%8A%00%00%00%00%00%00%00%00%00%00%00%00%00%00%00%00%00%00%00%00%00%00%00%00%00%CBF%0D%D2j%1A%D8%8B%25%DD%A5-%DF%B63%E0%C07%E2%C48%E2%C48%DF%C26%E0%BF4%F3%C3%25%AD%A6R%07f%F4%00p%FF%00%8F%FF%00a%FF%00I%F8%00g%F9%00v%F9%00%81%F9%00%8B%F9%00%91%F9%00%93%F9%00%91%F9%00%8A%F9%00%80%F9%00s%F9%00d%F9%00E%FF%00a%88%00%B5%00%00%B4%00%00%B4%00%00%B4%00%00%B1%00%00%AF%00%00%AC%00%00%A4%00%00%9C%00%00%93%00%00%8C%00%00%00%00%00%00%00%00%00%00%00%00%00%00%00%00%00%00%00%00%00%00%00%00%00%CFa%15%D5%80%1D%D8%99%25%DC%AC*%DE%B7-%DE%BB0%DE%BB%2F%DE%B8%2C%ED%B9%1F%95%98%5C%07f%F3%00p%FF%00%8D%FF%00%A5%FF%00%AC%FF%00l%FF%00P%F8%00p%F9%00%82%F9%00%8D%F9%00%94%F9%00%97%F9%00%93%F9%00%8B%F9%00%80%F9%00p%F9%00%5C%FF%00H%EA%00%92%17%00%B5%00%00%B1%00%00%B4%00%00%B5%00%00%B5%00%00%B4%00%00%B0%00%00%AD%00%00%A5%00%00%9D%00%00%94%00%00%00%00%00%00%00%00%00%00%00%00%00%00%00%00%00%00%00%00%00%00%00%00%00%CAZ%12%CFs%15%D5%8B%1B%D7%9D%20%D9%A8%22%D8%AE%23%D8%AF%23%E8%B0%18%8E%8EX%00%5E%FF%00r%FF%00%8F%FF%00%A1%FF%00%B1%FF%00%C2%FF%00%C5%FF%00o%FF%00S%F8%00v%F9%00%8A%F9%00%94%F9%00%98%F9%00%94%F9%00%8B%F9%00~%F9%00j%FB%00H%FF%00mb%00%AF%00%00%AD%00%00%B0%00%00%B4%00%00%B5%00%00%B6%00%00%B6%00%00%B5%00%00%B1%00%00%AE%00%00%A6%00%00%9E%00%00%92%00%00%00%00%00%00%00%00%00%00%00%00%00%00%00%00%00%00%00%00%00%00%00%00%00%CBk%13%CF%7F%13%D3%8E%15%D5%99%18%D6%A1%18%E4%A5%0C%A4%8F%3A%00%5D%FF%00s%FF%00%8E%FF%00%A1%FF%00%B0%FF%00%BC%FF%00%C3%FF%00%CA%FF%00%C7%FF%00p%FF%00P%F8%00s%F9%00%89%F9%00%8E%F9%00%8B%F9%00%80%F9%00n%F9%00P%FF%00T%A4%00%99%00%00%A7%00%00%AA%00%00%AE%00%00%B1%00%00%B5%00%00%B6%00%00%B7%00%00%B6%00%00%B6%00%00%B1%00%00%AE%00%00%A6%00%00%98%00%00%89%00%00%00%00%00%00%00%00%00%00%00%00%00%00%00%00%00%00%00%00%00%00%00%00%00%C9u%0E%CC%80%0C%D5%8A%07%E2%92%00%9F%81.%05%5D%EE%00s%FF%00%8D%FF%00%A1%FF%00%B0%FF%00%BC%FF%00%C3%FF%00%C5%FF%00%C5%FF%00%CA%FF%00%C7%FF%00y%FF%00M%F9%00%5E%F8%00p%F8%00m%F9%00%5D%F8%00I%FF%00K%AE%00%8E%00%00%9C%00%00%A0%00%00%A6%00%00%AC%00%00%AF%00%00%B4%00%00%B6%00%00%B7%00%00%B8%00%00%B8%00%00%B5%00%00%B1%00%00%AC%00%00%9D%00%00%8E%00%00%00%00%00%00%00%00%00%00%00%00%00%00%00%00%00%00%00%00%00%00%00%00%00%00%00%00%00%00%00%00%00%00%60h%60%00W%F8%00o%FF%00%8D%FF%00%A1%FF%00%AF%FF%00%BB%FF%00%C2%FF%00%C5%FF%00%C5%FF%00%C5%FF%00%C5%FF%00%C9%FF%00%CC%FF%00%A0%FF%00l%FF%00%5E%FE%00W%FD%00U%FF%008%FF%00%00%00%00%92%00%00%94%00%00%9B%00%00%A1%00%00%A8%00%00%AD%00%00%B0%00%00%B4%00%00%B6%00%00%B8%00%00%B8%00%00%B7%00%00%B5%00%00%AD%00%00%A0%00%00%8E%00%00%00%00%00%00%00%00%00%00%00%00%00%00%00%00%00%00%00%00%00%00%00%00%00%00%00%00%00%00%00%00%00%00%00P%FF%00o%FF%00%89%FF%00%A1%FF%00%AF%FF%00%BB%FF%00%C2%FF%00%C5%FF%00%C5%FF%00%C5%FF%00%C5%FF%00%C5%FF%00%C5%FF%00%C5%FF%00%CB%FF%00%C9%FF%00%BF%FF%00%BE%FF%00%BE%FF%00%00%00%00%00%00%00%00%00%00%8D%00%00%94%00%00%9B%00%00%A1%00%00%A8%00%00%AE%00%00%B1%00%00%B6%00%00%B6%00%00%B8%00%00%B8%00%00%B5%00%00%AD%00%00%9E%00%00%8C%00%00%00%00%00%00%00%00%00%00%00%00%00%00%00%00%00%00%00%00%00%00%00%00%00%00%00%00%00%00%00%00O%FF%00p%FF%00%89%FF%00%9D%FF%00%AF%FF%00%BB%FF%00%C2%FF%00%C5%FF%00%C5%FF%00%C5%FF%00%C5%FF%00%C5%FF%00%C5%FF%00%C5%FF%00%C5%FF%00%C5%FF%00%C7%FF%00%C6%FF%00%00%00%00%00%00%00%00%00%00%00%00%00%00%00%00%00%00%00%8C%00%00%94%00%00%9C%00%00%A2%00%00%AA%00%00%AF%00%00%B1%00%00%B5%00%00%B7%00%00%B6%00%00%B1%00%00%A7%00%00%98%00%00%00%00%00%00%00%00%00%00%00%00%00%00%00%00%00%00%00%00%00%00%00%00%00%00%00%00%00%00%00%00R%FF%00s%FF%00%8B%FF%00%A0%FF%00%AF%FF%00%BC%FF%00%C3%FF%00%C5%FF%00%C5%FF%00%C5%FF%00%C5%FF%00%C5%FF%00%C5%FF%00%C5%FF%00%C5%FF%00%C5%FF%00%C5%FF%00%C5%FF%00%00%00%00%00%00%00%00%00%00%00%00%00%00%00%00%00%00%00%00%00%00%00%00%00%8B%00%00%94%00%00%9C%00%00%A2%00%00%AA%00%00%AF%00%00%B1%00%00%B1%00%00%B0%00%00%A8%00%00%9E%00%00%90%00%00%00%00%00%00%00%00%00%00%00%00%00%00%00%00%00%00%00%00%00%00%00%00%00%00%00%00%00M%FF%00k%FF%00%89%FF%00%A0%FF%00%AF%FF%00%BB%FF%00%C3%FF%00%C5%FF%00%C5%FF%00%C5%FF%00%C5%FF%00%C5%FF%00%C5%FF%00%C5%FF%00%C5%FF%00%C5%FF%00%C5%FF%00%C5%FF%00%00%00%00%00%00%00%00%00%00%00%00%00%00%00%00%00%00%00%00%00%00%00%00%00%00%00%00%00%00%00%8B%00%00%93%00%00%9C%00%00%A1%00%00%A6%00%00%A8%00%00%A8%00%00%A4%00%00%9C%00%00%91%00%00%00%00%00%00%00%00%00%00%00%00%00%00%00%00%00%00%00%00%00%00%00%00%00%00%00%00%00%00%00%00%5B%FF%00%7B%FF%00%98%FF%00%AD%FF%00%B9%FF%00%C2%FF%00%C5%FF%00%C5%FF%00%C5%FF%00%C5%FF%00%C5%FF%00%C5%FF%00%C5%FF%00%C5%FF%00%C5%FF%00%C5%FF%00%C5%FF%00%00%00%00%00%00%00%00%00%00%00%00%00%00%00%00%00%00%00%00%00%00%00%00%00%00%00%00%00%00%00%00%00%00%00%00%00%8C%00%00%92%00%00%97%00%00%9C%00%00%9E%00%00%9C%00%00%95%00%00%8E%00%00%00%00%00%00%00%00%00%00%00%00%00%00%00%00%00%00%00%00%00%00%00%00%00%00%00%00%00%00%00%00%00%00%00d%FF%00%84%FF%00%A1%FF%00%B6%FF%00%C0%FF%00%C5%FF%00%C5%FF%00%C5%FF%00%C5%FF%00%C5%FF%00%C5%FF%00%C5%FF%00%C5%FF%00%C5%FF%00%C5%FF%00%C5%FF%00%00%00%00%00%00%00%00%00%00%00%00%00%00%00%00%00%00%00%00%00%00%00%00%00%00%00%00%00%00%00%00%00%00%00%00%00%00%00%00%00%00%00%00%00%00%8C%00%00%8E%00%00%90%00%00%8E%00%00%00%00%00%00%00%00%00%00%00%00%00%00%00%00%00%00%00%00%00%00%00%00%00%00%00%00%00%00%00%00%00%00%00%00%00%00%00%00%00i%FF%00%87%FF%00%A4%FF%00%B7%FF%00%C2%FF%00%C5%FF%00%C5%FF%00%C5%FF%00%C5%FF%00%C5%FF%00%C5%FF%00%C5%FF%00%C5%FF%00%C5%FF%00%C4%FF%00%00%00%00%00%00%00%00%00%00%00%00%00%00%00%00%00%00%00%00%00%00%00%00%00%00%00%00%00%00%00%00%00%00%00%00%00%00%00%00%00%00%00%00%00%00%00%00%00%00%00%00%00%00%00%00%00%00%00%00%00%00%00%00%00%00%00%00%00%00%00%00%00%00%00%00%00%00%00%00%00%00%00%00%00%00%00%00%00%00%00%00%00%00%00%00%00%00%00%00h%FF%00%87%FF%00%A1%FF%00%B4%FF%00%BF%FF%00%C3%FF%00%C5%FF%00%C5%FF%00%C5%FF%00%C5%FF%00%C5%FF%00%C5%FF%00%C5%FF%00%C4%FF%00%00%00%00%00%00%00%00%00%00%00%00%00%00%00%00%00%00%00%00%00%00%00%00%00%00%00%00%00%00%00%00%00%00%00%00%00%00%00%00%00%00%00%00%00%00%00%00%00%00%00%00%00%00%00%00%00%00%00%00%00%00%00%00%00%00%00%00%00%00%00%00%00%00%00%00%00%00%00%00%00%00%00%00%00%00%00%00%00%00%00%00%00%00%00%00%00%00%00%00%00%00%00%60%FF%00%7C%FF%00%95%FF%00%A8%FF%00%B6%FF%00%BE%FF%00%C4%FF%00%C5%FF%00%C5%FF%00%C5%FF%00%C5%FF%00%C5%FF%00%C4%FF%00%00%00%00%00%00%00%00%00%00%00%00%00%00%00%00%00%00%00%00%00%00%00%00%00%00%00%00%00%00%00%00%00%00%00%00%00%00%00%00%00%00%00%00%00%00%00%00%00%00%00%00%00%00%00%00%00%00%00%00%00%00%00%00%00%00%00%00%00%00%00%00%00%00%00%00%00%00%00%00%00%00%00%00%00%00%00%00%00%00%00%00%00%00%00%00%00%00%00%00%00%00%00%00%00%00%00%00%00j%FF%00%84%FF%00%97%FF%00%A7%FF%00%B4%FF%00%BE%FF%00%C4%FF%00%C5%FF%00%C5%FF%00%C5%FF%00%C4%FF%00%00%00%00%00%00%00%00%00%00%00%00%00%00%00%00%00%00%00%00%00%00%00%00%00%00%00%00%00%00%00%00%00%00%00%00%00%00%00%00%00%00%00%00%00%00%00%00%00%00%00%00%00%00%00%00%00%00%00%00%00%00%00%00%00%00%00%00%00%00%00%00%00%00%00%00%00%00%00%00%00%00%00%00%00%00%00%00%00%00%00%00%00%00%00%00%00%00%00%00%00%00%00%00%00%00%00%00%00%00%00%00%00%00%00n%FF%00%86%FF%00%97%FF%00%A6%FF%00%B4%FF%00%BC%FF%00%C2%FF%00%C5%FF%00%C4%FF%00%00%00%00%00%00%00%00%00%00%00%00%00%00%00%00%00%00%00%00%00%00%00%00%00%00%00%00%00%00%00%00%00%00%00%00%00%00%00%00%00%00%00%00%00%00%00%00%00%00%00%00%00%00%00%00%00%00%00%00%00%00%00%00%00%00%00%00%00%00%00%00%00%00%00%00%00%00%00%00%00%00%00%00%00%00%00%00%00%00%00%00%00%00%00%00%00%00%00%00%00%00%00%00%00%00%00%00%00%00%00%00%00%00%00%00%00%00%00%00%00m%FF%00%81%FF%00%94%FF%00%A6%FF%00%B0%FF%00%B9%FF%00%C1%FF%00%00%00%00%00%00%00%00%00%00%00%00%00%00%00%00%00%00%00%00%00%00%00%00%00%00%00%00%00%00%00%00%00%00%00%00%00%00%00%00%00%00%00%00%00%00%00%00%00%00%00%00%00%00%00%00%00%00%00%00%00%00%00%00%00%00%00%00%00%00%00%00%00%00%00%00%00%00%00%00%00%00%00%00%00%00%00%00%00%00%00%00%00%00%00%00%00%00%00%00%00%00%00%00%00%00%00%00%00%00%00%00%00%00%00%00%00%00%00%00%00%00%00%00%00%00%00n%FF%00~%FF%00%92%FF%00%A3%FF%00%00%00%00%00%00%00%00%00%00%00%00%00%00%00%00%00%00%00%00%00%00%00%00%00%00%00%00%00%00%00%00%00%00%00%00%00%00%00%00%00%00%00%00%00%00%00%00%00%00%00%00%00%00%00%00%00%00%00%00%00%00%00%00%00%00%00%00%00%00%00%00%00%00%00%00%00%00%00%00%00%00%00%00%00%00%00%00%00%00%00%00%00%00%00%00%00%00%00%00%00%00%00%00%00%00%00%00%00%00%00%00%00%00%00%00%00%00%00%00%00%00%00%00%00%00%00%00%00%00%00%00%00%00%00%00%00%00%00%00%00%00%00%00%00%00%00%00%00%00%00%00%00%00%00%00%00%00%00%00%00%00%00%00%00%00%00%00%00%00%00%00%00%00%00%00%00%00%00%00%00%00%00%00%00%00%00%00%00%00%00%00%00%00%00%00%00%00%00%00%00%00%00%00%00%00%00%00%00%00%00%00%00%00%00%00%00%00%00%00%00%00%00%00%00%00%00%00%00%00%00%00%00%00%00%00%00%00%00%00%00%00%00%00%00%00%FF%FF%FF%FF%FF%FF%FC%0F%FF%FF%FF%FF%C0%FF%E0%07%FF%FF%FF%FF%80%3F%C0%07%FF%FF%FF%FF%00%1F%00%0F%FF%FF%FF%FC%00%1F%00%3F%FF%FF%FF%F8%00%1F%00%FF%FF%FF%FF%F0%00%0F%00%FF%FF%C1%FF%E0%00%0F%00%3F%FF%00%7F%C0%00%1F%00%0F%FE%00%3F%80%00%1F%00%03%FE%00%1F%00%00%3F%00%01%FC%00%0F%00%00%3F8%01%FC%00%06%00%00%7F%FE%03%FC%00%00%00%00%FF%FF%FF%FC%00%00%00%01%FF%FF%FF%FC%00%00%00%03%FF%FF%FF%FE%00%00%00%07%FF%00%00%FF%00%00%00%0F%FF%00%00%FF%00%00%00%1F%FF%00%00%FF%80%00%00%1F%FF%00%00%FF%00%00%00%0F%FF%00%00%FC%00%00%00%07%FF%00%00%F8%00%00%00%03%FF%00%00%F0%00%00%00%01%FF%00%00%E0%00%00%00%00%FF%00%00%E0%00%00%00%00%7F%00%00%E0%00%00%00%00%3F%00%00%E0%00%00%00%00%1F%00%00%E0%00%00%00%00%0F%00%00%F0%00%00%00%00%07%00%00%F0%00%00%00%00%07%00%00%F8%00%00%00%00%03%00%00%FC%00%00%00%00%03%00%00%FF%80%00%04%00%03%00%00%FF%80%00%0E%00%03%00%00%FF%00%00%3F%00%07%00%00%FE%00%00%7F%80%07%00%00%FC%00%00%FF%C0%0F%00%00%FC%00%01%FF%E0%1F%00%00%FC%00%03%FF%F8%7F%00%00%FC%00%07%FF%FF%FF%00%00%FC%00%0F%FF%FF%FF%00%00%FC%00%1F%FF%FF%FF%00%00%FE%00%3F%FF%FF%FF%00%00%FF%00%7F%FF%FF%FF%00%00%FF%80%FF%FF%FF%FF%00%00%FF%C3%FF%FF%FF%FF%00%00%FF%FF%FF%FF%FF%FF%00%00</l>
<l>5|Daum|http://search.daum.net/cgi-bin/nsp/search.cgi?q=foo&amp;w=tot&amp;nil_ch=ffsr</l>
<l>5|Daum|http://search.daum.net</l>
<l>5|Daum|none</l>
<l>6|Naver|Naver Search|false|null|data:image/gif;base64,R0lGODlhEAAQAPcAAAAAAIAAAACAAICAAAAAgIAAgACAgICAgMDAwP8AAAD%2FAP%2F%2FAAAA%2F%2F8A%2FwD%2F%2F%2F%2F%2F%2FwAAAAAAAAAAAAAAAAAAAAAAAAAAAAAAAAAAAAAAAAAAAAAAAAAAAAAAAAAAAAAAAAAAAAAAAAAAAAAAAAAAAAAAAAAAAAAAAAAAAAAAMwAAZgAAmQAAzAAA%2FwAzAAAzMwAzZgAzmQAzzAAz%2FwBmAABmMwBmZgBmmQBmzABm%2FwCZAACZMwCZZgCZmQCZzACZ%2FwDMAADMMwDMZgDMmQDMzADM%2FwD%2FAAD%2FMwD%2FZgD%2FmQD%2FzAD%2F%2FzMAADMAMzMAZjMAmTMAzDMA%2FzMzADMzMzMzZjMzmTMzzDMz%2FzNmADNmMzNmZjNmmTNmzDNm%2FzOZADOZMzOZZjOZmTOZzDOZ%2FzPMADPMMzPMZjPMmTPMzDPM%2FzP%2FADP%2FMzP%2FZjP%2FmTP%2FzDP%2F%2F2YAAGYAM2YAZmYAmWYAzGYA%2F2YzAGYzM2YzZmYzmWYzzGYz%2F2ZmAGZmM2ZmZmZmmWZmzGZm%2F2aZAGaZM2aZZmaZmWaZzGaZ%2F2bMAGbMM2bMZmbMmWbMzGbM%2F2b%2FAGb%2FM2b%2FZmb%2FmWb%2FzGb%2F%2F5kAAJkAM5kAZpkAmZkAzJkA%2F5kzAJkzM5kzZpkzmZkzzJkz%2F5lmAJlmM5lmZplmmZlmzJlm%2F5mZAJmZM5mZZpmZmZmZzJmZ%2F5nMAJnMM5nMZpnMmZnMzJnM%2F5n%2FAJn%2FM5n%2FZpn%2FmZn%2FzJn%2F%2F8wAAMwAM8wAZswAmcwAzMwA%2F8wzAMwzM8wzZswzmcwzzMwz%2F8xmAMxmM8xmZsxmmcxmzMxm%2F8yZAMyZM8yZZsyZmcyZzMyZ%2F8zMAMzMM8zMZszMmczMzMzM%2F8z%2FAMz%2FM8z%2FZsz%2Fmcz%2FzMz%2F%2F%2F8AAP8AM%2F8AZv8Amf8AzP8A%2F%2F8zAP8zM%2F8zZv8zmf8zzP8z%2F%2F9mAP9mM%2F9mZv9mmf9mzP9m%2F%2F%2BZAP%2BZM%2F%2BZZv%2BZmf%2BZzP%2BZ%2F%2F%2FMAP%2FMM%2F%2FMZv%2FMmf%2FMzP%2FM%2F%2F%2F%2FAP%2F%2FM%2F%2F%2FZv%2F%2Fmf%2F%2FzP%2F%2F%2FyH5BAEAABAALAAAAAAQABAAAAiiAB8IHPgv1cCDCAWmKpjwwT9qA6np66fPIMKFEKlB67cRmsWI1B7q8zdx4j8%2FCKmFlMix3z9TpmgcnOInpCl9Nk3xQTlwCgo%2FfqaYggaTjykUFlOZ8ulTJ8ylU3IZ9KMTxU%2BjRq2iyOXxgdCjWsNyhYZyClZTQVFMqTSWrEA%2F0OLG1dWWKM8HNamxrSQ37hSEfirp6kt0yseBqYBOoQl0YEAAADs%3D</l>
<l>6|Naver|http://search.naver.com/search.naver?query=foo&amp;where=j&amp;frm=ff</l>
<l>6|Naver|http://search.naver.com</l>
<l>6|Naver|none</l>
</section>
<section id="preferences">
<l>app.update.channel|beta</l>
<l>browser.contentHandlers.types.0.title|HanRSS</l>
<l>browser.contentHandlers.types.0.type|application/vnd.mozilla.maybe.feed</l>
<l>browser.contentHandlers.types.0.uri|http://www.hanrss.com/add_sub.qst?url=%s</l>
<l>browser.contentHandlers.types.1.title|Daum RSS</l>
<l>browser.contentHandlers.types.1.type|application/vnd.mozilla.maybe.feed</l>
<l>browser.contentHandlers.types.1.uri|http://rss.daum.net/rssplus/myhome/ShowInsertUserChannelForm.do?channelUrl=%s</l>
<l>browser.contentHandlers.types.2.title|Bloglines</l>
<l>browser.contentHandlers.types.2.type|application/vnd.mozilla.maybe.feed</l>
<l>browser.contentHandlers.types.2.uri|http://www.bloglines.com/login?r=/sub/%s</l>
<l>browser.contentHandlers.types.3.title|Google Reader</l>
<l>browser.contentHandlers.types.3.type|application/vnd.mozilla.maybe.feed</l>
<l>browser.contentHandlers.types.3.uri|http://fusion.google.com/add?feedurl=%s</l>
<l>browser.contentHandlers.types.4.title|My Yahoo</l>
<l>browser.contentHandlers.types.4.type|application/vnd.mozilla.maybe.feed</l>
<l>browser.contentHandlers.types.4.uri|http://add.my.yahoo.com/rss?url=%s</l>
<l>browser.contentHandlers.types.5.title|chrome://browser-region/locale/region.properties</l>
<l>browser.contentHandlers.types.5.type|application/vnd.mozilla.maybe.feed</l>
<l>browser.contentHandlers.types.5.uri|chrome://browser-region/locale/region.properties</l>
<l>browser.startup.homepage|http://ko.start2.mozilla.com/firefox?client=firefox-a&amp;rls=org.mozilla:ko:official</l>
<l>browser.startup.page|null</l>
<l>general.startup.browser|true</l>
<l>startup.homepage_override_url|http://%LOCALE%.www.mozilla.com/%LOCALE%/%APP%/%VERSION%/whatsnew/</l>
<l>startup.homepage_welcome_url|http://%LOCALE%.www.mozilla.com/%LOCALE%/%APP%/%VERSION%/firstrun/</l>
</section>
<section id="extensions">
</section>
</testrun>
